Epoch 0
question retrieval loss 0.04939332604408264

{"loss": 0.09182875390563693, "mrr": 0.6047778652763258, "map": 0.4284977018113379, "p@1": 0.4340659340659341, "p@5": 0.39560439560439575, "mode": "dev", "roc": 0.6326899716260926, "roc@5": 0.06337172708146634}
{"loss": 0.0890836411431515, "mrr": 0.606442755193123, "map": 0.40900624520887824, "p@1": 0.441340782122905, "p@5": 0.3608938547486034, "mode": "test", "roc": 0.6084349260510468, "roc@5": 0.08152704628689579}
{"loss": 1.091507445100093, "mrr": 0.8934497816593886, "map": 0.9731976527120797, "p@1": 0.7868995633187773, "p@5": 0.913886462882088, "mode": "android.dev", "roc": 0.25197545706087604, "roc@5": 0.002161103827964817}
{"loss": 1.0976297674434525, "mrr": 0.8764518002322881, "map": 0.9725565584233496, "p@1": 0.7534843205574913, "p@5": 0.9111498257839636, "mode": "android.test", "roc": 0.24601946981431044, "roc@5": 0.001320870943046876}
question retrieval loss 0.04236669838428497
question retrieval loss 0.05163269117474556

{"loss": 0.09438911669856899, "mrr": 0.6435262615894484, "map": 0.45733161979085374, "p@1": 0.489010989010989, "p@5": 0.40659340659340665, "mode": "dev", "roc": 0.6480557445955653, "roc@5": 0.06597239073230167}
{"loss": 0.0932821438299211, "mrr": 0.6683604415447991, "map": 0.45933028728088776, "p@1": 0.5307262569832403, "p@5": 0.382122905027933, "mode": "test", "roc": 0.6376432695396168, "roc@5": 0.08543311344219748}
{"loss": 1.1433914054949732, "mrr": 0.8812227074235809, "map": 0.9728442639895621, "p@1": 0.7633187772925765, "p@5": 0.9135371179039214, "mode": "android.dev", "roc": 0.21989313207203778, "roc@5": 0.005150021754647389}
{"loss": 1.1580376068474107, "mrr": 0.8686120789779327, "map": 0.9715925512660017, "p@1": 0.7378048780487805, "p@5": 0.9071428571428489, "mode": "android.test", "roc": 0.2067057416012391, "roc@5": 0.0031590379034698857}
question retrieval loss 0.04576253890991211

{"loss": 0.0952145746489475, "mrr": 0.6463634878986747, "map": 0.4600906348130296, "p@1": 0.4945054945054945, "p@5": 0.4098901098901101, "mode": "dev", "roc": 0.6489789431451211, "roc@5": 0.07465608816472054}
{"loss": 0.09365568736661746, "mrr": 0.6804399250003486, "map": 0.484999077177951, "p@1": 0.547486033519553, "p@5": 0.387709497206704, "mode": "test", "roc": 0.6469254247848031, "roc@5": 0.08697455729893842}
{"loss": 1.167022359319129, "mrr": 0.8822416302765649, "map": 0.9723014405190415, "p@1": 0.7650655021834061, "p@5": 0.9102183406113447, "mode": "android.dev", "roc": 0.20444197196636418, "roc@5": 0.004723744415596234}
{"loss": 1.1792995131441526, "mrr": 0.8630952380952381, "map": 0.9710642584491329, "p@1": 0.7273519163763066, "p@5": 0.9047038327526048, "mode": "android.test", "roc": 0.1953969271306237, "roc@5": 0.003040538375260374}
question retrieval loss 0.03121042810380459
question retrieval loss 0.03091280721127987
question retrieval loss 0.04922564700245857

{"loss": 0.09508606021875864, "mrr": 0.6391222655790323, "map": 0.4582788806494631, "p@1": 0.4945054945054945, "p@5": 0.4131868131868134, "mode": "dev", "roc": 0.6578849195220557, "roc@5": 0.07235179643990633}
{"loss": 0.09334069837987756, "mrr": 0.6737681827140809, "map": 0.47042132647998286, "p@1": 0.5363128491620112, "p@5": 0.39329608938547495, "mode": "test", "roc": 0.6511087097227176, "roc@5": 0.0839643030656171}
{"loss": 1.1754368852319677, "mrr": 0.8818049490538574, "map": 0.9724226788429586, "p@1": 0.7641921397379913, "p@5": 0.909519650655013, "mode": "android.dev", "roc": 0.21297400959479484, "roc@5": 0.00423277188332684}
{"loss": 1.1880463590968777, "mrr": 0.8636759581881535, "map": 0.9712599901249983, "p@1": 0.7282229965156795, "p@5": 0.9059233449477266, "mode": "android.test", "roc": 0.20044088376150554, "roc@5": 0.002652993644180953}
question retrieval loss 0.04073456674814224
question retrieval loss 0.030003607273101807

{"loss": 0.09451570951349132, "mrr": 0.6588299388581342, "map": 0.469926492152253, "p@1": 0.5054945054945055, "p@5": 0.4263736263736266, "mode": "dev", "roc": 0.6656583846766823, "roc@5": 0.07750866795267383}
{"loss": 0.09327198675308147, "mrr": 0.6914462991352142, "map": 0.4938080787126842, "p@1": 0.5698324022346368, "p@5": 0.4055865921787713, "mode": "test", "roc": 0.654507553074898, "roc@5": 0.08594154780332146}
{"loss": 1.1695606179632996, "mrr": 0.8812227074235808, "map": 0.9726186264654719, "p@1": 0.7633187772925765, "p@5": 0.9119650655021747, "mode": "android.dev", "roc": 0.2096412189427526, "roc@5": 0.004357754465390204}
{"loss": 1.1894219368436612, "mrr": 0.8580139372822301, "map": 0.9707250585944242, "p@1": 0.7168989547038328, "p@5": 0.9033101045296084, "mode": "android.test", "roc": 0.18794790008723677, "roc@5": 0.0024997418504869233}
question retrieval loss 0.042387038469314575
question retrieval loss 0.04150243476033211

{"loss": 0.09489317316111627, "mrr": 0.663811708894084, "map": 0.4725198336706293, "p@1": 0.5274725274725275, "p@5": 0.4142857142857145, "mode": "dev", "roc": 0.6585821344780205, "roc@5": 0.07985741546639123}
{"loss": 0.09287949381968495, "mrr": 0.6886642270793991, "map": 0.4903827083807585, "p@1": 0.5642458100558659, "p@5": 0.39888268156424606, "mode": "test", "roc": 0.6567035052917526, "roc@5": 0.08106703424587886}
{"loss": 1.1793754689818385, "mrr": 0.878311499272198, "map": 0.9721285215626757, "p@1": 0.7572052401746725, "p@5": 0.9081222707423491, "mode": "android.dev", "roc": 0.2050513935771181, "roc@5": 0.003856828826471852}
{"loss": 1.1958052564269575, "mrr": 0.8584494773519165, "map": 0.9706142757354127, "p@1": 0.7177700348432056, "p@5": 0.9013937282229879, "mode": "android.test", "roc": 0.18789714611262442, "roc@5": 0.002247503071089034}
Epoch 1
question retrieval loss 0.0559043288230896

{"loss": 0.09537597023114398, "mrr": 0.661625184293209, "map": 0.47581016601269543, "p@1": 0.521978021978022, "p@5": 0.42967032967032986, "mode": "dev", "roc": 0.6553779834928246, "roc@5": 0.08505874276806193}
{"loss": 0.09330004778321228, "mrr": 0.6756536343202033, "map": 0.4766226582147431, "p@1": 0.5363128491620112, "p@5": 0.4000000000000002, "mode": "test", "roc": 0.6592521334067201, "roc@5": 0.08544118382888198}
{"loss": 1.18838355853568, "mrr": 0.8743813682678311, "map": 0.9716099535200292, "p@1": 0.7493449781659388, "p@5": 0.9070742358078514, "mode": "android.dev", "roc": 0.19557306433403762, "roc@5": 0.0036495198336978073}
{"loss": 1.2030823061482832, "mrr": 0.8623693379790942, "map": 0.9705267131915422, "p@1": 0.725609756097561, "p@5": 0.9005226480836154, "mode": "android.test", "roc": 0.1843263864409194, "roc@5": 0.002032865103526856}
question retrieval loss 0.024404723197221756
question retrieval loss 0.028592264279723167

{"loss": 0.0952525226870081, "mrr": 0.6766549503402243, "map": 0.4758089303350237, "p@1": 0.532967032967033, "p@5": 0.42197802197802226, "mode": "dev", "roc": 0.6639779558561425, "roc@5": 0.08279890683215087}
{"loss": 0.09328098546234923, "mrr": 0.6826881833692114, "map": 0.490409799020037, "p@1": 0.5418994413407822, "p@5": 0.4089385474860339, "mode": "test", "roc": 0.6653598020495554, "roc@5": 0.08084913380539717}
{"loss": 1.1898331480515576, "mrr": 0.8703056768558952, "map": 0.9712771701247591, "p@1": 0.7414847161572052, "p@5": 0.9051528384279386, "mode": "android.dev", "roc": 0.18714393471899538, "roc@5": 0.0035269544346777613}
{"loss": 1.2040656213664842, "mrr": 0.8567073170731708, "map": 0.9704205106944102, "p@1": 0.7142857142857143, "p@5": 0.9006968641114897, "mode": "android.test", "roc": 0.18108057469422636, "roc@5": 0.002030586266445904}
question retrieval loss 0.04381176084280014
question retrieval loss 0.03907175734639168

{"loss": 0.09485297060602314, "mrr": 0.6683263566649917, "map": 0.47610351382653054, "p@1": 0.521978021978022, "p@5": 0.4197802197802201, "mode": "dev", "roc": 0.658302433472838, "roc@5": 0.08309527875817198}
{"loss": 0.09304985293712696, "mrr": 0.6865121371931654, "map": 0.4831616874559551, "p@1": 0.553072625698324, "p@5": 0.4122905027932963, "mode": "test", "roc": 0.6670162489165505, "roc@5": 0.08565908426936368}
{"loss": 1.1939802806710573, "mrr": 0.868995633187773, "map": 0.9709440699402947, "p@1": 0.7388646288209607, "p@5": 0.9049781659388552, "mode": "android.dev", "roc": 0.18164062744384313, "roc@5": 0.0029648882834872273}
{"loss": 1.2024009067578183, "mrr": 0.8554006968641116, "map": 0.9703138045875739, "p@1": 0.7116724738675958, "p@5": 0.9010452961672387, "mode": "android.test", "roc": 0.1804843098506294, "roc@5": 0.0018609553312325302}
question retrieval loss 0.011623728089034557

{"loss": 0.09553590449658068, "mrr": 0.671660946613954, "map": 0.4760194895956391, "p@1": 0.532967032967033, "p@5": 0.4164835164835168, "mode": "dev", "roc": 0.6599435930131801, "roc@5": 0.07520437622785962}
{"loss": 0.09298005549226726, "mrr": 0.667636031190868, "map": 0.4761469038925488, "p@1": 0.5195530726256983, "p@5": 0.40893854748603387, "mode": "test", "roc": 0.6712193063018421, "roc@5": 0.0869342053655159}
{"loss": 1.2007414883401195, "mrr": 0.8751091703056768, "map": 0.970984685940119, "p@1": 0.7510917030567685, "p@5": 0.9039301310043579, "mode": "android.dev", "roc": 0.18400982940375205, "roc@5": 0.00241007368142665}
{"loss": 1.2096955878497833, "mrr": 0.8497386759581883, "map": 0.9700096718185118, "p@1": 0.7003484320557491, "p@5": 0.8996515679442417, "mode": "android.test", "roc": 0.18067971300895516, "roc@5": 0.0015837917712617276}
question retrieval loss 0.0445639044046402
question retrieval loss 0.022513631731271744
question retrieval loss 0.04679885134100914
question retrieval loss 0.04381299763917923

{"loss": 0.09544824395369697, "mrr": 0.6608731512479854, "map": 0.4720072850631955, "p@1": 0.5274725274725275, "p@5": 0.41868131868131886, "mode": "dev", "roc": 0.661437677985234, "roc@5": 0.07986482476454175}
{"loss": 0.09301408632091304, "mrr": 0.675751588241643, "map": 0.48411509128520264, "p@1": 0.5251396648044693, "p@5": 0.40893854748603387, "mode": "test", "roc": 0.6686343614467944, "roc@5": 0.08861284579589347}
{"loss": 1.1932777617956354, "mrr": 0.8713245997088791, "map": 0.971206195644669, "p@1": 0.743231441048035, "p@5": 0.9055021834061048, "mode": "android.dev", "roc": 0.18368373008312266, "roc@5": 0.002544298433949763}
{"loss": 1.2058566852832922, "mrr": 0.8549651567944252, "map": 0.9702553420276927, "p@1": 0.710801393728223, "p@5": 0.9005226480836147, "mode": "android.test", "roc": 0.17776051558688957, "roc@5": 0.0016275169577524965}
question retrieval loss 0.015572026371955872

{"loss": 0.0958577228075528, "mrr": 0.6599157094866107, "map": 0.47867959341798894, "p@1": 0.5274725274725275, "p@5": 0.4285714285714288, "mode": "dev", "roc": 0.6579149271795655, "roc@5": 0.08330273910638676}
{"loss": 0.09350374613644025, "mrr": 0.6831844742113348, "map": 0.48238411904782713, "p@1": 0.5418994413407822, "p@5": 0.414525139664805, "mode": "test", "roc": 0.6654171017950153, "roc@5": 0.07872662210737166}
{"loss": 1.2012934667574786, "mrr": 0.8719068413391557, "map": 0.9708499383265203, "p@1": 0.7449781659388647, "p@5": 0.903056768558943, "mode": "android.dev", "roc": 0.18104574447815863, "roc@5": 0.0023473691095382042}
{"loss": 1.2112948523269713, "mrr": 0.8493031358885018, "map": 0.9699677006071069, "p@1": 0.6994773519163763, "p@5": 0.8999999999999914, "mode": "android.test", "roc": 0.17520940732432488, "roc@5": 0.0015508910609054814}
Epoch 2
question retrieval loss 0.04058416932821274
question retrieval loss 0.029013866558670998
question retrieval loss 0.0363469123840332

{"loss": 0.0962692579807161, "mrr": 0.6654153683216726, "map": 0.487348793171925, "p@1": 0.521978021978022, "p@5": 0.43186813186813205, "mode": "dev", "roc": 0.6578563937241763, "roc@5": 0.0773382540952117}
{"loss": 0.09374564395978131, "mrr": 0.6900557591971882, "map": 0.4835617116308082, "p@1": 0.553072625698324, "p@5": 0.40223463687150846, "mode": "test", "roc": 0.6678055327342954, "roc@5": 0.08315726439716634}
{"loss": 1.2039635471121193, "mrr": 0.8726346433770015, "map": 0.9710197582184834, "p@1": 0.7458515283842795, "p@5": 0.9044541484716067, "mode": "android.dev", "roc": 0.17838768203521127, "roc@5": 0.0023642893908414355}
{"loss": 1.212416050949163, "mrr": 0.855836236933798, "map": 0.9700894212011056, "p@1": 0.7125435540069687, "p@5": 0.9019163763066118, "mode": "android.test", "roc": 0.17600294824547352, "roc@5": 0.0014776834196798946}
question retrieval loss 0.033663999289274216
question retrieval loss 0.048990942537784576
question retrieval loss 0.02265634760260582
question retrieval loss 0.03841542825102806
question retrieval loss 0.06805633008480072

{"loss": 0.09599041594908787, "mrr": 0.6731753837497553, "map": 0.47985069422892146, "p@1": 0.5384615384615384, "p@5": 0.41648351648351695, "mode": "dev", "roc": 0.657263649872134, "roc@5": 0.07018828137995213}
{"loss": 0.09378061321818962, "mrr": 0.6844446464705212, "map": 0.4797288207884588, "p@1": 0.5363128491620112, "p@5": 0.40558659217877113, "mode": "test", "roc": 0.669706108798497, "roc@5": 0.07577286058084187}
{"loss": 1.2007189775137923, "mrr": 0.8737991266375545, "map": 0.9709843163606754, "p@1": 0.748471615720524, "p@5": 0.9046288209606898, "mode": "android.dev", "roc": 0.17643474743280946, "roc@5": 0.0021067883031090657}
{"loss": 1.2100891456631002, "mrr": 0.8575783972125437, "map": 0.9701075065765427, "p@1": 0.7160278745644599, "p@5": 0.9001742160278657, "mode": "android.test", "roc": 0.17441562427673626, "roc@5": 0.0014070394701703787}
question retrieval loss 0.03266218304634094
question retrieval loss 0.04119911789894104

{"loss": 0.09562790586234449, "mrr": 0.657937881630385, "map": 0.48015794883016255, "p@1": 0.5164835164835165, "p@5": 0.4208791208791212, "mode": "dev", "roc": 0.6592122952857229, "roc@5": 0.07793840724540446}
{"loss": 0.0936519936788515, "mrr": 0.6733262978275258, "map": 0.474829718238749, "p@1": 0.5307262569832403, "p@5": 0.40893854748603375, "mode": "test", "roc": 0.6738292693556119, "roc@5": 0.08052631833801685}
