Epoch 0
question retrieval loss 0.024877047166228294
question retrieval loss 0.024760905653238297
question retrieval loss 0.024978050962090492
question retrieval loss 0.02586941421031952

[ 0.96582824  0.97197968  0.99034297 ...,  0.97586155  0.97799027
  0.9623065 ] [ 1.  1.  1. ...,  0.  0.  0.]
{"loss": 0.043868792693611686, "mrr": 0.6448903247868988, "map": 0.45263300217022695, "p@1": 0.489010989010989, "p@5": 0.3989010989010992, "mode": "dev", "auc": 0.5931361743793138, "auc@5": 0.05723682821282912, "auc_alt": [0.593520161255965, 0.002822572130443658], "auc_alt@5": [0.593520161255965, 0.002822572130443658]}
[ 0.96150684  0.94938284  0.96360874 ...,  0.96050435  0.95255947
  0.95341837] [ 1.  0.  0. ...,  0.  0.  0.]
{"loss": 0.04165782253960324, "mrr": 0.6699532980332746, "map": 0.4598261009518136, "p@1": 0.5195530726256983, "p@5": 0.38100558659217887, "mode": "test", "auc": 0.5988271307031405, "auc@5": 0.06678244981430041, "auc_alt": [0.5992056318386438, 0.0032559975078645916], "auc_alt@5": [0.5992056318386438, 0.0032559975078645916]}
question retrieval loss 0.025974269956350327
question retrieval loss 0.010673733428120613

[ 0.51339126  0.64117563  0.90657556 ...,  0.72403532  0.78025013
  0.68487608] [ 1.  1.  1. ...,  0.  0.  0.]
{"loss": 0.0508707163057157, "mrr": 0.6516993608169654, "map": 0.4554270882960045, "p@1": 0.5054945054945055, "p@5": 0.3945054945054948, "mode": "dev", "auc": 0.6245593783006107, "auc@5": 0.07501173447594589, "auc_alt": [0.6249435504097156, 0.0037505867237972953], "auc_alt@5": [0.6249435504097156, 0.0037505867237972953]}
[ 0.50975299  0.34261683  0.5186615  ...,  0.51417798  0.28941613
  0.48105496] [ 1.  0.  0. ...,  0.  0.  0.]
{"loss": 0.05045401868956715, "mrr": 0.6295985278354217, "map": 0.4283010379307621, "p@1": 0.4692737430167598, "p@5": 0.37877094972067044, "mode": "test", "auc": 0.6075407272064034, "auc@5": 0.05875241506321534, "auc_alt": [0.6079192283419068, 0.0029376207531607666], "auc_alt@5": [0.6079192283419068, 0.0029376207531607666]}
question retrieval loss 0.02472071349620819
question retrieval loss 0.025615418329834938
question retrieval loss 0.016601767390966415

[ 0.48245257  0.50930154  0.90360522 ...,  0.66646934  0.60925424
  0.62827778] [ 1.  1.  1. ...,  0.  0.  0.]
{"loss": 0.05135043188520185, "mrr": 0.6535280370889613, "map": 0.4587618131415648, "p@1": 0.5164835164835165, "p@5": 0.3934065934065938, "mode": "dev", "auc": 0.6440095268755619, "auc@5": 0.07096625768575758, "auc_alt": [0.6443936989846668, 0.0035483128842878787], "auc_alt@5": [0.6443936989846668, 0.0035483128842878787]}
[ 0.4168157   0.25419071  0.44779161 ...,  0.39686105  0.32578442
  0.44487303] [ 1.  0.  0. ...,  0.  0.  0.]
{"loss": 0.051776888972803865, "mrr": 0.6675043221830932, "map": 0.4600782902635714, "p@1": 0.5251396648044693, "p@5": 0.38212290502793306, "mode": "test", "auc": 0.6380467888738421, "auc@5": 0.0680414301370836, "auc_alt": [0.6384254917690125, 0.0032749629165731843], "auc_alt@5": [0.6384254917690125, 0.0032749629165731843]}
question retrieval loss 0.0289591196924448

[ 0.4974595   0.52582926  0.93426704 ...,  0.68657178  0.67992097
  0.60964793] [ 1.  1.  1. ...,  0.  0.  0.]
{"loss": 0.051972984904321014, "mrr": 0.6310578539287331, "map": 0.4433583369318004, "p@1": 0.47802197802197804, "p@5": 0.3923076923076924, "mode": "dev", "auc": 0.6506686335883489, "auc@5": 0.06580938617299005, "auc_alt": [0.6510528056974538, 0.0032904693086495034], "auc_alt@5": [0.6510528056974538, 0.0032904693086495034]}
[ 0.51354474  0.23944879  0.40555269 ...,  0.39848086  0.36684552
  0.46841294] [ 1.  0.  0. ...,  0.  0.  0.]
{"loss": 0.05171112515365278, "mrr": 0.6877457244150863, "map": 0.47159526594525086, "p@1": 0.5586592178770949, "p@5": 0.39329608938547495, "mode": "test", "auc": 0.6379721377970105, "auc@5": 0.0697765632742527, "auc_alt": [0.6383506389325139, 0.0032588221432041696], "auc_alt@5": [0.6383506389325139, 0.0032588221432041696]}
question retrieval loss 0.0037931129336357117

[ 0.44224143  0.52874017  0.91972554 ...,  0.70012432  0.63622093
  0.55376494] [ 1.  1.  1. ...,  0.  0.  0.]
{"loss": 0.051532248163002205, "mrr": 0.6720138606814433, "map": 0.4664671636445404, "p@1": 0.5494505494505495, "p@5": 0.4032967032967037, "mode": "dev", "auc": 0.6531551940476662, "auc@5": 0.07395961413857091, "auc_alt": [0.6535393661567711, 0.0036979807069285452], "auc_alt@5": [0.6535393661567711, 0.0036979807069285452]}
[ 0.44915736  0.16958593  0.3459031  ...,  0.32255217  0.24225529
  0.37618509] [ 1.  0.  0. ...,  0.  0.  0.]
{"loss": 0.052172959724951055, "mrr": 0.6772547362631163, "map": 0.45848152744662374, "p@1": 0.5418994413407822, "p@5": 0.3921787709497209, "mode": "test", "auc": 0.643332085113526, "auc@5": 0.08125265313962254, "auc_alt": [0.6437105862490294, 0.0037902571063789955], "auc_alt@5": [0.6437105862490294, 0.0037902571063789955]}
question retrieval loss 0.021974759176373482

[ 0.50957149  0.50401556  0.93248552 ...,  0.77564508  0.72062969
  0.67561942] [ 1.  1.  1. ...,  0.  0.  0.]
{"loss": 0.05131204320363455, "mrr": 0.6659627429060202, "map": 0.46940759957302675, "p@1": 0.5384615384615384, "p@5": 0.40219780219780243, "mode": "dev", "auc": 0.6531974270471242, "auc@5": 0.07693815199508316, "auc_alt": [0.6535815991562292, 0.003846907599754159], "auc_alt@5": [0.6535815991562292, 0.003846907599754159]}
[ 0.40096235  0.15169072  0.32601076 ...,  0.41052803  0.35616633
  0.35305816] [ 1.  0.  0. ...,  0.  0.  0.]
{"loss": 0.05165640572762356, "mrr": 0.6646704336927369, "map": 0.45425032270478394, "p@1": 0.5139664804469274, "p@5": 0.38882681564245825, "mode": "test", "auc": 0.6371671167252306, "auc@5": 0.0802519251907436, "auc_alt": [0.6375456178607343, 0.003754343885632936], "auc_alt@5": [0.6375456178607343, 0.003754343885632936]}
[ 0.39354005  0.17806059  0.41785941 ...,  0.32616004  0.33000797
  0.49426743] [ 1.  1.  1. ...,  1.  1.  0.]
{"loss": 0.7078239321448397, "mrr": 0.8596797671033478, "map": 0.9701842081340275, "p@1": 0.719650655021834, "p@5": 0.9006113537117805, "mode": "android.dev", "auc": 0.1684574248753729, "auc@5": 0.0008148750600741079, "auc_alt": [0.1692915272046842, 4.0967697903306986e-05], "auc_alt@5": [0.1692915272046842, 4.0967697903306986e-05]}
[ 0.089701    0.3415443   0.42968479 ...,  0.43967992  0.2818059
  0.55753076] [ 1.  1.  1. ...,  1.  1.  0.]
{"loss": 0.7146734157869209, "mrr": 0.85438443670151, "map": 0.9694170434305321, "p@1": 0.7099303135888502, "p@5": 0.8972125435539983, "mode": "android.test", "auc": 0.16297842582207275, "auc@5": 0.0007135608609731345, "auc_alt": [0.16381489433673377, 3.477362958215386e-05], "auc_alt@5": [0.16381489433673377, 3.477362958215386e-05]}
question retrieval loss 0.020924268290400505
Epoch 1

[ 0.43352288  0.43623757  0.92996496 ...,  0.77838928  0.75296402
  0.64531726] [ 1.  1.  1. ...,  0.  0.  0.]
{"loss": 0.051926500916194454, "mrr": 0.6664371486446471, "map": 0.4677172826469289, "p@1": 0.5439560439560439, "p@5": 0.4032967032967035, "mode": "dev", "auc": 0.6494057187185915, "auc@5": 0.07433007904609731, "auc_alt": [0.6497898908276964, 0.003716503952304866], "auc_alt@5": [0.6497898908276964, 0.003716503952304866]}
[ 0.50131577  0.26285571  0.3609212  ...,  0.3707158   0.32932678
  0.43957466] [ 1.  0.  0. ...,  0.  0.  0.]
{"loss": 0.05237753687207925, "mrr": 0.6987165218835835, "map": 0.4817786465140227, "p@1": 0.5698324022346368, "p@5": 0.38882681564245813, "mode": "test", "auc": 0.6299312080239013, "auc@5": 0.07379561584313751, "auc_alt": [0.6303095073997376, 0.003585672803926727], "auc_alt@5": [0.6303095073997376, 0.003585672803926727]}
question retrieval loss 0.0271855928003788

[ 0.45864829  0.48916087  0.90790987 ...,  0.7165426   0.66707563
  0.56862885] [ 1.  1.  1. ...,  0.  0.  0.]
{"loss": 0.05261597227417751, "mrr": 0.6686895445824018, "map": 0.4603606671677644, "p@1": 0.5494505494505495, "p@5": 0.40439560439560446, "mode": "dev", "auc": 0.6577396972783054, "auc@5": 0.08151709825210951, "auc_alt": [0.6581240546198641, 0.004075854912605476], "auc_alt@5": [0.6581240546198641, 0.004075854912605476]}
[ 0.41510358  0.19647099  0.32361516 ...,  0.27408105  0.23321457
  0.37651789] [ 1.  0.  0. ...,  0.  0.  0.]
{"loss": 0.05218986564383493, "mrr": 0.6880726964352888, "map": 0.46707192901378564, "p@1": 0.553072625698324, "p@5": 0.397765363128492, "mode": "test", "auc": 0.6411712390787492, "auc@5": 0.07558724168709818, "auc_alt": [0.6415497402142527, 0.003724079935566032], "auc_alt@5": [0.6415497402142527, 0.003724079935566032]}
question retrieval loss 0.013162274844944477
question retrieval loss 0.028372470289468765

[ 0.53169769  0.49941587  0.91119921 ...,  0.74292201  0.63665247
  0.60210562] [ 1.  1.  1. ...,  0.  0.  0.]
{"loss": 0.05242288088078027, "mrr": 0.6569926944240132, "map": 0.4615661366390327, "p@1": 0.5274725274725275, "p@5": 0.412087912087912, "mode": "dev", "auc": 0.6624179281305489, "auc@5": 0.0764417290189978, "auc_alt": [0.6628021002396538, 0.003770591828803721], "auc_alt@5": [0.6628021002396538, 0.003770591828803721]}
[ 0.43292269  0.31065205  0.32548591 ...,  0.30585089  0.26598319
  0.36680868] [ 1.  0.  0. ...,  0.  0.  0.]
{"loss": 0.05207805488487529, "mrr": 0.6907434792983161, "map": 0.47321882026465517, "p@1": 0.553072625698324, "p@5": 0.398882681564246, "mode": "test", "auc": 0.6461095086909994, "auc@5": 0.07562759362052074, "auc_alt": [0.6464880098265029, 0.0037260975322371587], "auc_alt@5": [0.6464880098265029, 0.0037260975322371587]}
question retrieval loss 0.01789451576769352
question retrieval loss 0.03487548977136612

[ 0.46419781  0.4617314   0.90562463 ...,  0.77137226  0.65953624  0.648265  ] [ 1.  1.  1. ...,  0.  0.  0.]
{"loss": 0.052602420489375405, "mrr": 0.6621204596236918, "map": 0.4615864954376478, "p@1": 0.532967032967033, "p@5": 0.40219780219780227, "mode": "dev", "auc": 0.658120164738335, "auc@5": 0.07404852571637724, "auc_alt": [0.6585043368474399, 0.0036061054098619986], "auc_alt@5": [0.6585043368474399, 0.0036061054098619986]}
[ 0.44666389  0.24647751  0.34831148 ...,  0.32551575  0.27632645
  0.31849107] [ 1.  0.  0. ...,  0.  0.  0.]
{"loss": 0.05254777635359231, "mrr": 0.6519063749264208, "map": 0.45261558109657674, "p@1": 0.49162011173184356, "p@5": 0.3944134078212292, "mode": "test", "auc": 0.6427183322061694, "auc@5": 0.0705997427160725, "auc_alt": [0.6430968333416727, 0.0034807577770281286], "auc_alt@5": [0.6430968333416727, 0.0034807577770281286]}
question retrieval loss 0.028849119320511818
question retrieval loss 0.02788897231221199
question retrieval loss 0.009008546359837055
question retrieval loss 0.00885580014437437

[ 0.42582402  0.48505971  0.91210014 ...,  0.76292223  0.67107821
  0.59084439] [ 1.  1.  1. ...,  0.  0.  0.]
{"loss": 0.052391540653143935, "mrr": 0.67074615932082, "map": 0.47313584948677323, "p@1": 0.5439560439560439, "p@5": 0.4098901098901099, "mode": "dev", "auc": 0.6612720801715697, "auc@5": 0.08128741000944313, "auc_alt": [0.6616562522806746, 0.004013987273048567], "auc_alt@5": [0.6616562522806746, 0.004013987273048567]}
[ 0.4171752   0.20251206  0.29360244 ...,  0.3428545   0.24342477
  0.43697834] [ 1.  0.  0. ...,  0.  0.  0.]
{"loss": 0.05253079363961793, "mrr": 0.6569506145623464, "map": 0.4531395840110963, "p@1": 0.5027932960893855, "p@5": 0.3865921787709498, "mode": "test", "auc": 0.6428547217411376, "auc@5": 0.0802761363507971, "auc_alt": [0.6432332228766409, 0.004013806817539855], "auc_alt@5": [0.6432332228766409, 0.004013806817539855]}

[ 0.49609414  0.45673549  0.92463315 ...,  0.77583307  0.65724003
  0.60706884] [ 1.  1.  1. ...,  0.  0.  0.]
{"loss": 0.05218664754008117, "mrr": 0.6608349135781263, "map": 0.4608411420930553, "p@1": 0.5274725274725275, "p@5": 0.4054945054945057, "mode": "dev", "auc": 0.6610190526397292, "auc@5": 0.0781606861899203, "auc_alt": [0.6614032247488341, 0.003754661837780085], "auc_alt@5": [0.6614032247488341, 0.003754661837780085]}
[ 0.40127108  0.19345976  0.3061589  ...,  0.27501023  0.31034735
  0.29728609] [ 1.  0.  0. ...,  0.  0.  0.]
{"loss": 0.05246200458297516, "mrr": 0.6605499117124157, "map": 0.4504737235416762, "p@1": 0.5083798882681564, "p@5": 0.3955307262569834, "mode": "test", "auc": 0.6452003796309895, "auc@5": 0.0786701294005801, "auc_alt": [0.6455788807664931, 0.0038762067245690004], "auc_alt@5": [0.6455788807664931, 0.0038762067245690004]}
question retrieval loss 0.01640649139881134
question retrieval loss 0.0008549258345738053
Epoch 2
question retrieval loss 0.011614871211349964
question retrieval loss 0.027214020490646362

[ 0.36680251  0.4590801   0.93118739 ...,  0.76773524  0.69861424
  0.61665201] [ 1.  1.  1. ...,  0.  0.  0.]
{"loss": 0.052154907828790474, "mrr": 0.6730740283382495, "map": 0.47601296564272294, "p@1": 0.5494505494505495, "p@5": 0.4131868131868133, "mode": "dev", "auc": 0.6582768713942186, "auc@5": 0.07873120214751096, "auc_alt": [0.6586610435033237, 0.0037831876356596186], "auc_alt@5": [0.6586610435033237, 0.0037831876356596186]}
[ 0.38086581  0.18157829  0.31010354 ...,  0.31384104  0.3767828
  0.25626674] [ 1.  0.  0. ...,  0.  0.  0.]
{"loss": 0.05278073291830177, "mrr": 0.6703666881813016, "map": 0.4610573489410033, "p@1": 0.5195530726256983, "p@5": 0.39329608938547506, "mode": "test", "auc": 0.6445281164201702, "auc@5": 0.0741103609238333, "auc_alt": [0.6449066175556736, 0.003705518046191665], "auc_alt@5": [0.6449066175556736, 0.003705518046191665]}
[ 0.25152567  0.0311885   0.38372156 ...,  0.19073845  0.1246868
  0.48191926] [ 1.  1.  1. ...,  1.  1.  0.]
{"loss": 0.7334624637292462, "mrr": 0.8570596797671033, "map": 0.9702828250411788, "p@1": 0.714410480349345, "p@5": 0.9028820960698593, "mode": "android.dev", "auc": 0.16876166290818403, "auc@5": 0.0008627921592269564, "auc_alt": [0.16959687074326957, 4.297609263782921e-05], "auc_alt@5": [0.16959687074326957, 4.297609263782921e-05]}
[-0.06177507  0.3094714   0.37187344 ...,  0.35073096  0.14941809
  0.44057173] [ 1.  1.  1. ...,  1.  1.  0.]
{"loss": 0.7424822571697135, "mrr": 0.8494483159117306, "map": 0.9694925448795895, "p@1": 0.6994773519163763, "p@5": 0.8991289198606183, "mode": "android.test", "auc": 0.16292784276024147, "auc@5": 0.0007248126190603357, "auc_alt": [0.16376751945023055, 3.6322526660613506e-05], "auc_alt@5": [0.16376751945023055, 3.6322526660613506e-05]}
question retrieval loss 0.02654389664530754

[ 0.42741448  0.50879067  0.92833537 ...,  0.7386148   0.64382988
  0.5497902 ] [ 1.  1.  1. ...,  0.  0.  0.]
{"loss": 0.0522162615434154, "mrr": 0.6587634175061453, "map": 0.45999452009951064, "p@1": 0.5274725274725275, "p@5": 0.41098901098901097, "mode": "dev", "auc": 0.6593923412307807, "auc@5": 0.08787427606526256, "auc_alt": [0.6597765133398855, 0.004393713803263128], "auc_alt@5": [0.6597765133398855, 0.004393713803263128]}
[ 0.41891143  0.24168287  0.28277376 ...,  0.26530322  0.35749638
  0.35771748] [ 1.  0.  0. ...,  0.  0.  0.]
{"loss": 0.05202603845872693, "mrr": 0.6818161968826996, "map": 0.46372377826941313, "p@1": 0.5418994413407822, "p@5": 0.3944134078212292, "mode": "test", "auc": 0.6468903186027255, "auc@5": 0.07214118657281343, "auc_alt": [0.6472686179785617, 0.0034617923683195355], "auc_alt@5": [0.6472686179785617, 0.0034617923683195355]}

[ 0.48322874  0.51163429  0.91464514 ...,  0.69463974  0.59676081
  0.57307732] [ 1.  1.  1. ...,  0.  0.  0.]
{"loss": 0.052393009911731375, "mrr": 0.6624461381289112, "map": 0.46385098970800115, "p@1": 0.532967032967033, "p@5": 0.41428571428571426, "mode": "dev", "auc": 0.6622123201068717, "auc@5": 0.0793239459995532, "auc_alt": [0.6625964922159766, 0.003811713433539151], "auc_alt@5": [0.6625964922159766, 0.003811713433539151]}
[ 0.43167761  0.20094226  0.3340688  ...,  0.33800837  0.35409853
  0.26837364] [ 1.  0.  0. ...,  0.  0.  0.]
{"loss": 0.051919856655031606, "mrr": 0.6855285310592574, "map": 0.47440394465290414, "p@1": 0.5363128491620112, "p@5": 0.403351955307263, "mode": "test", "auc": 0.6501721413479806, "auc@5": 0.0729320844678952, "auc_alt": [0.6505504407238168, 0.003596971345285038], "auc_alt@5": [0.6505504407238168, 0.003596971345285038]}

[ 0.41234609  0.4521082   0.93361604 ...,  0.77667767  0.66002315
  0.60035038] [ 1.  1.  1. ...,  0.  0.  0.]
{"loss": 0.052302812261936754, "mrr": 0.6615217908931548, "map": 0.464352934686074, "p@1": 0.5384615384615384, "p@5": 0.40989010989011, "mode": "dev", "auc": 0.660464466673162, "auc@5": 0.07693074269693265, "auc_alt": [0.6608486387822671, 0.003797635767053148], "auc_alt@5": [0.6608486387822671, 0.003797635767053148]}
[ 0.40897986  0.2468795   0.40254992 ...,  0.34101728  0.41764116
  0.31400129] [ 1.  0.  0. ...,  0.  0.  0.]
{"loss": 0.052297473671799266, "mrr": 0.6391929138962883, "map": 0.4393749598352561, "p@1": 0.46368715083798884, "p@5": 0.3932960893854749, "mode": "test", "auc": 0.6472522754455258, "auc@5": 0.07896873370790689, "auc_alt": [0.6476307765810291, 0.0038923474979380155], "auc_alt@5": [0.6476307765810291, 0.0038923474979380155]}
question retrieval loss 0.023265842348337173
question retrieval loss 0.02616749331355095
question retrieval loss 0.007702185306698084
question retrieval loss 0.004271212033927441
question retrieval loss 0.044645410031080246

[ 0.44452482  0.44362167  0.92262262 ...,  0.76222485  0.61792213
  0.61186039] [ 1.  1.  1. ...,  0.  0.  0.]
{"loss": 0.05203323100263683, "mrr": 0.6662819673323876, "map": 0.4698670164603592, "p@1": 0.5494505494505495, "p@5": 0.41208791208791207, "mode": "dev", "auc": 0.6665875106647585, "auc@5": 0.08368061331206371, "auc_alt": [0.6669716827738634, 0.004184030665603185], "auc_alt@5": [0.6669716827738634, 0.004184030665603185]}
[ 0.36976638  0.21584666  0.38683832 ...,  0.27995709  0.32067645
  0.24702489] [ 1.  0.  0. ...,  0.  0.  0.]
{"loss": 0.052360948903600595, "mrr": 0.671189450394096, "map": 0.4598984418168351, "p@1": 0.5139664804469274, "p@5": 0.39888268156424594, "mode": "test", "auc": 0.6499219593607608, "auc@5": 0.0765476177025546, "auc_alt": [0.6503006622559313, 0.0037720987363388525], "auc_alt@5": [0.6503006622559313, 0.0037720987363388525]}
question retrieval loss 0.014306886121630669
question retrieval loss 0.028871512040495872
question retrieval loss 0.02147846296429634
question retrieval loss 0.0023058727383613586
question retrieval loss 0.03499557450413704

[ 0.46891457  0.42201772  0.92737031 ...,  0.75955313  0.63138455
  0.59891468] [ 1.  1.  1. ...,  0.  0.  0.]
{"loss": 0.0521731561735518, "mrr": 0.6639243715237576, "map": 0.4647590721177258, "p@1": 0.5384615384615384, "p@5": 0.4197802197802199, "mode": "dev", "auc": 0.6662022271609311, "auc@5": 0.08095399159266939, "auc_alt": [0.666586399270036, 0.003993241238227088], "auc_alt@5": [0.666586399270036, 0.003993241238227088]}
[ 0.31135669  0.16724123  0.32626757 ...,  0.22892062  0.37909347
  0.21137215] [ 1.  0.  0. ...,  0.  0.  0.]
{"loss": 0.05225076633583567, "mrr": 0.6640559416849262, "map": 0.45517923474864974, "p@1": 0.5083798882681564, "p@5": 0.39106145251396646, "mode": "test", "auc": 0.6521328417929817, "auc@5": 0.08128493468636057, "auc_alt": [0.652511141168818, 0.004064246734318029], "auc_alt@5": [0.652511141168818, 0.004064246734318029]}
question retrieval loss 0.016281461343169212
Epoch 3
question retrieval loss 0.024114402011036873
question retrieval loss 0.008752385154366493
question retrieval loss 0.019398126751184464

[ 0.41261145  0.47091246  0.93700391 ...,  0.73918927  0.65365052
  0.56018561] [ 1.  1.  1. ...,  0.  0.  0.]
{"loss": 0.051883716841105494, "mrr": 0.6711146835460022, "map": 0.4751653543047574, "p@1": 0.5439560439560439, "p@5": 0.4087912087912089, "mode": "dev", "auc": 0.6596924178058771, "auc@5": 0.0801982431813155, "auc_alt": [0.6600765899149819, 0.004009912159065776], "auc_alt@5": [0.6600765899149819, 0.004009912159065776]}
[ 0.44752905  0.22364621  0.41449809 ...,  0.33221427  0.40707114
  0.26327473] [ 1.  0.  0. ...,  0.  0.  0.]
{"loss": 0.05235791252145554, "mrr": 0.6730072477426196, "map": 0.4620992601755498, "p@1": 0.5251396648044693, "p@5": 0.3932960893854749, "mode": "test", "auc": 0.6434341755050852, "auc@5": 0.08118001965946198, "auc_alt": [0.6438126766405885, 0.004006543469523799], "auc_alt@5": [0.6438126766405885, 0.004006543469523799]}
question retrieval loss 0.003783582244068384
question retrieval loss 0.017366841435432434
question retrieval loss 0.017307404428720474
question retrieval loss 0.002824772847816348
question retrieval loss 0.011572955176234245

[ 0.39245626  0.4539772   0.93771529 ...,  0.7536332   0.62193161
  0.56756884] [ 1.  1.  1. ...,  0.  0.  0.]
{"loss": 0.05217709845817228, "mrr": 0.6669890853956789, "map": 0.46091528703119605, "p@1": 0.5439560439560439, "p@5": 0.40109890109890123, "mode": "dev", "auc": 0.6600388024944144, "auc@5": 0.08382138997692373, "auc_alt": [0.6604229746035192, 0.004191069498846187], "auc_alt@5": [0.6604229746035192, 0.004191069498846187]}
[ 0.38741288  0.26333064  0.41070959 ...,  0.2664406   0.34926647
  0.27860931] [ 1.  0.  0. ...,  0.  0.  0.]
{"loss": 0.05230894375738152, "mrr": 0.6724829013762198, "map": 0.4641374377155047, "p@1": 0.5251396648044693, "p@5": 0.38882681564245813, "mode": "test", "auc": 0.6471590624793195, "auc@5": 0.0744170356178446, "auc_alt": [0.647537563614823, 0.00372085178089223], "auc_alt@5": [0.647537563614823, 0.00372085178089223]}
question retrieval loss 0.008734850212931633
question retrieval loss 0.017716895788908005
question retrieval loss 0.01463331002742052

[ 0.41811359  0.45073894  0.92015183 ...,  0.74503845  0.6129964
  0.55945438] [ 1.  1.  1. ...,  0.  0.  0.]
{"loss": 0.052413716520807084, "mrr": 0.6702953554561506, "map": 0.4633273319468908, "p@1": 0.5494505494505495, "p@5": 0.40989010989010993, "mode": "dev", "auc": 0.6680263963655911, "auc@5": 0.0793758110866069, "auc_alt": [0.6684105684746959, 0.0037702213638961947], "auc_alt@5": [0.6684105684746959, 0.0037702213638961947]}
[ 0.37830514  0.25250784  0.31891051 ...,  0.23197806  0.36029246
  0.23145072] [ 1.  0.  0. ...,  0.  0.  0.]
{"loss": 0.05190095631145565, "mrr": 0.6768768214372449, "map": 0.46465953891260436, "p@1": 0.5251396648044693, "p@5": 0.3944134078212292, "mode": "test", "auc": 0.6567834021199292, "auc@5": 0.07832310277314627, "auc_alt": [0.6571621050150998, 0.003862890586539563], "auc_alt@5": [0.6571621050150998, 0.003862890586539563]}
question retrieval loss 0.03217029571533203

[ 0.42407209  0.49784774  0.94006157 ...,  0.76464331  0.65843493
  0.61477757] [ 1.  1.  1. ...,  0.  0.  0.]
{"loss": 0.052445326056740765, "mrr": 0.6681494558554999, "map": 0.4705247950991563, "p@1": 0.5384615384615384, "p@5": 0.4175824175824176, "mode": "dev", "auc": 0.6623382781754306, "auc@5": 0.08086508001486305, "auc_alt": [0.6627224502845356, 0.0038798789765240095], "auc_alt@5": [0.6627224502845356, 0.0038798789765240095]}
[ 0.40138781  0.24825262  0.43164349 ...,  0.2781691   0.40713397
  0.30961391] [ 1.  0.  0. ...,  0.  0.  0.]
{"loss": 0.052071432057539176, "mrr": 0.6666969895847216, "map": 0.4660246881985619, "p@1": 0.5027932960893855, "p@5": 0.39441340782122924, "mode": "test", "auc": 0.6507354543385592, "auc@5": 0.07429597981757699, "auc_alt": [0.6511137537143955, 0.0037147989908788495], "auc_alt@5": [0.6511137537143955, 0.0037147989908788495]}
question retrieval loss 0.013675341382622719
question retrieval loss 0.018268754705786705
question retrieval loss 0.014087051153182983
question retrieval loss 0.005334111861884594
question retrieval loss 0.0013452157145366073
question retrieval loss 0.02237669751048088

[ 0.40072098  0.43695873  0.92558092 ...,  0.77572644  0.64732999
  0.55987757] [ 1.  1.  1. ...,  0.  0.  0.]
{"loss": 0.05219856438938283, "mrr": 0.6755925415710483, "map": 0.47485949342903094, "p@1": 0.554945054945055, "p@5": 0.41978021978021973, "mode": "dev", "auc": 0.6652975518567514, "auc@5": 0.07783467707129707, "auc_alt": [0.6656817239658565, 0.003793931117977885], "auc_alt@5": [0.6656817239658565, 0.003793931117977885]}
[ 0.42365217  0.24380809  0.39534238 ...,  0.29046634  0.32395604
  0.36113775] [ 1.  0.  0. ...,  0.  0.  0.]
{"loss": 0.05251581997053916, "mrr": 0.6760804444290703, "map": 0.47049691660938653, "p@1": 0.5307262569832403, "p@5": 0.4033519553072628, "mode": "test", "auc": 0.6486488558612797, "auc@5": 0.07693499626341097, "auc_alt": [0.649027356996783, 0.0037934852610527975], "auc_alt@5": [0.649027356996783, 0.0037934852610527975]}
question retrieval loss 0.005567414220422506
question retrieval loss 0.018984928727149963
question retrieval loss 0.031051818281412125
question retrieval loss 0.024513766169548035

[ 0.40679023  0.42832837  0.93369287 ...,  0.77883893  0.68008482
  0.59358186] [ 1.  1.  1. ...,  0.  0.  0.]
{"loss": 0.05228134005837101, "mrr": 0.6807352979743091, "map": 0.4747850149981255, "p@1": 0.5604395604395604, "p@5": 0.3989010989010989, "mode": "dev", "auc": 0.6619904116272634, "auc@5": 0.08231730245236653, "auc_alt": [0.6623745837363683, 0.004063259105749579], "auc_alt@5": [0.6623745837363683, 0.004063259105749579]}
[ 0.41552645  0.18023539  0.36103836 ...,  0.24429418  0.46465379
  0.24289003] [ 1.  0.  0. ...,  0.  0.  0.]
{"loss": 0.05220496245561032, "mrr": 0.664656672670103, "map": 0.4512883000067402, "p@1": 0.5083798882681564, "p@5": 0.38994413407821243, "mode": "test", "auc": 0.6480217868158935, "auc@5": 0.08188214330101413, "auc_alt": [0.6484000861917298, 0.004094107165050705], "auc_alt@5": [0.6484000861917298, 0.004094107165050705]}
question retrieval loss 0.012086324393749237
Epoch 4
question retrieval loss 0.01907690241932869
question retrieval loss 0.025527741760015488
