Epoch 0

{"loss": 0.08768393997880784, "mrr": 0.6335676457242392, "map": 0.4502382545107059, "p@1": 0.47802197802197804, "p@5": 0.3989010989010991, "mode": "dev", "roc": 0.5921329554097323, "roc@5": 0.0519465893333521}
{"loss": 0.08332934024530417, "mrr": 0.6432145699052492, "map": 0.43094788234356457, "p@1": 0.49162011173184356, "p@5": 0.36871508379888285, "mode": "test", "roc": 0.5901462192659499, "roc@5": 0.056492706791553216}
{"loss": 1.0003705512488252, "mrr": 0.8959243085880639, "map": 0.9746737498318906, "p@1": 0.7921397379912664, "p@5": 0.9226200873362365, "mode": "android.dev", "roc": 0.2802566337455816, "roc@5": 0.007681381149953505}
{"loss": 1.0033180908874353, "mrr": 0.8815331010452961, "map": 0.9731270271944206, "p@1": 0.7630662020905923, "p@5": 0.9182926829268214, "mode": "android.test", "roc": 0.26024008260784426, "roc@5": 0.006172799943029072}
question retrieval loss 0.05003054812550545
question retrieval loss 0.03726563602685928

{"loss": 0.09522204127694879, "mrr": 0.6554161622228424, "map": 0.4362919215380892, "p@1": 0.5274725274725275, "p@5": 0.38461538461538486, "mode": "dev", "roc": 0.6374059898989037, "roc@5": 0.0689361099925129}
{"loss": 0.09245830639031347, "mrr": 0.626364236567118, "map": 0.41367051096810753, "p@1": 0.46368715083798884, "p@5": 0.3798882681564245, "mode": "test", "roc": 0.6038759646129684, "roc@5": 0.05524179685545453}
{"loss": 1.1890097279215484, "mrr": 0.8758369723435225, "map": 0.971880544837904, "p@1": 0.7519650655021834, "p@5": 0.9082969432314315, "mode": "android.dev", "roc": 0.20367877485788385, "roc@5": 0.0023297378920457616}
{"loss": 1.1969652646561948, "mrr": 0.8767421602787456, "map": 0.9715940282399225, "p@1": 0.7534843205574913, "p@5": 0.9080139372822211, "mode": "android.test", "roc": 0.19637818013494993, "roc@5": 0.0018659402873471129}

{"loss": 0.09637409745418764, "mrr": 0.6398885074022436, "map": 0.43773448654761266, "p@1": 0.4835164835164835, "p@5": 0.39450549450549466, "mode": "dev", "roc": 0.6469228629083495, "roc@5": 0.06183800236430703}
{"loss": 0.09366460477506648, "mrr": 0.6551190894766314, "map": 0.44717164776087465, "p@1": 0.5027932960893855, "p@5": 0.3776536312849163, "mode": "test", "roc": 0.6430609201209267, "roc@5": 0.0658140034121595}
{"loss": 1.2321665355472065, "mrr": 0.8745269286754003, "map": 0.9713693450475251, "p@1": 0.7493449781659388, "p@5": 0.903930131004357, "mode": "android.dev", "roc": 0.18663712252843034, "roc@5": 0.0016827859598633865}
{"loss": 1.2477425987141058, "mrr": 0.8580139372822301, "map": 0.970300535732506, "p@1": 0.7168989547038328, "p@5": 0.9041811846689815, "mode": "android.test", "roc": 0.17417899553134294, "roc@5": 0.001332265128451637}

{"loss": 0.09586126443285209, "mrr": 0.6548140041101802, "map": 0.4593829122936862, "p@1": 0.5274725274725275, "p@5": 0.41208791208791223, "mode": "dev", "roc": 0.652276821751921, "roc@5": 0.06489063320232458}
{"loss": 0.09358440980564948, "mrr": 0.6476295579474574, "map": 0.44738208028820464, "p@1": 0.4860335195530726, "p@5": 0.3932960893854751, "mode": "test", "roc": 0.6327586679988185, "roc@5": 0.06555575103825523}
{"loss": 1.2239696015697379, "mrr": 0.8732168850072779, "map": 0.9711581938740719, "p@1": 0.7467248908296943, "p@5": 0.90585152838427, "mode": "android.dev", "roc": 0.17784124937082152, "roc@5": 0.0024523032910658067}
{"loss": 1.2331872137477589, "mrr": 0.8577235772357724, "map": 0.9703536041129609, "p@1": 0.7160278745644599, "p@5": 0.9052264808362287, "mode": "android.test", "roc": 0.17201913511011416, "roc@5": 0.0018319001584503904}
question retrieval loss 0.05060497671365738
question retrieval loss 0.03561161831021309

{"loss": 0.09665926851864372, "mrr": 0.6370005571144026, "map": 0.438707631626981, "p@1": 0.4835164835164835, "p@5": 0.40329670329670364, "mode": "dev", "roc": 0.6503048370491581, "roc@5": 0.07169236890450932}
{"loss": 0.09441275913372386, "mrr": 0.6683936950696727, "map": 0.45324416142000323, "p@1": 0.5307262569832403, "p@5": 0.3910614525139666, "mode": "test", "roc": 0.6373325596522631, "roc@5": 0.0677347554430723}
{"loss": 1.2441164373310372, "mrr": 0.8653566229985443, "map": 0.9708416065119309, "p@1": 0.731004366812227, "p@5": 0.9023580786026104, "mode": "android.dev", "roc": 0.18214834252336848, "roc@5": 0.0014538645069373155}
{"loss": 1.2523063518080977, "mrr": 0.8642566782810686, "map": 0.9705369977062491, "p@1": 0.7290940766550522, "p@5": 0.9013937282229879, "mode": "android.test", "roc": 0.17704602182698642, "roc@5": 0.001237550962274564}
question retrieval loss 0.0432329997420311
question retrieval loss 0.04920288175344467

{"loss": 0.0952685988088558, "mrr": 0.6586280980026943, "map": 0.45470082229758646, "p@1": 0.532967032967033, "p@5": 0.40659340659340676, "mode": "dev", "roc": 0.6527821358857873, "roc@5": 0.07605644551517034}
{"loss": 0.09425871711037012, "mrr": 0.6670193239852682, "map": 0.4536744187341145, "p@1": 0.5139664804469274, "p@5": 0.38212290502793317, "mode": "test", "roc": 0.631966559545734, "roc@5": 0.07189907497227822}
{"loss": 1.249177848251626, "mrr": 0.858806404657933, "map": 0.9700228726642555, "p@1": 0.7179039301310044, "p@5": 0.8999126637554489, "mode": "android.dev", "roc": 0.16814270764313277, "roc@5": 0.001773927979320288}
{"loss": 1.2538040793315874, "mrr": 0.8607723577235773, "map": 0.9700461836584088, "p@1": 0.7221254355400697, "p@5": 0.8998257839721168, "mode": "android.test", "roc": 0.1653288539941961, "roc@5": 0.0014754045825989422}
question retrieval loss 0.038059014827013016
Epoch 1
question retrieval loss 0.04060850664973259
question retrieval loss 0.0530368909239769
question retrieval loss 0.05068328231573105

{"loss": 0.095363044701926, "mrr": 0.6545739663701423, "map": 0.4562783603810867, "p@1": 0.521978021978022, "p@5": 0.4065934065934066, "mode": "dev", "roc": 0.6512784188261375, "roc@5": 0.0701290069947479}
{"loss": 0.0946097316522172, "mrr": 0.6607115156071345, "map": 0.44123428434484513, "p@1": 0.5027932960893855, "p@5": 0.38100558659217887, "mode": "test", "roc": 0.6293775794973441, "roc@5": 0.0657171587719454}
{"loss": 1.2580560462703871, "mrr": 0.8540029112081513, "map": 0.9696977288876755, "p@1": 0.7082969432314411, "p@5": 0.8974672489082868, "mode": "android.dev", "roc": 0.16793038655022477, "roc@5": 0.0017224561992213827}
{"loss": 1.2646807805742122, "mrr": 0.8552555168408827, "map": 0.9696594004696848, "p@1": 0.710801393728223, "p@5": 0.8994773519163677, "mode": "android.test", "roc": 0.16425601310331323, "roc@5": 0.0013927967384144279}
question retrieval loss 0.046427227556705475

{"loss": 0.09588935295795346, "mrr": 0.6609154962863755, "map": 0.4543759899351684, "p@1": 0.5384615384615384, "p@5": 0.41428571428571415, "mode": "dev", "roc": 0.6546818799315826, "roc@5": 0.08334719489528994}
{"loss": 0.09356264112381962, "mrr": 0.6760009437457245, "map": 0.4566086452858331, "p@1": 0.5418994413407822, "p@5": 0.3854748603351958, "mode": "test", "roc": 0.6362091618257797, "roc@5": 0.06769440350964977}
{"loss": 1.245193644147773, "mrr": 0.859825327510917, "map": 0.9705700691968389, "p@1": 0.719650655021834, "p@5": 0.9046288209606893, "mode": "android.dev", "roc": 0.17551055171492028, "roc@5": 0.001798099809753476}
{"loss": 1.2556973123851554, "mrr": 0.8511904761904763, "map": 0.9698216101116052, "p@1": 0.7029616724738676, "p@5": 0.901219512195114, "mode": "android.test", "roc": 0.16771646993893433, "roc@5": 0.0014097455892040094}
question retrieval loss 0.03440157696604729

{"loss": 0.09594296553468966, "mrr": 0.6549217288672684, "map": 0.44987791412485423, "p@1": 0.521978021978022, "p@5": 0.4175824175824176, "mode": "dev", "roc": 0.6579604943631912, "roc@5": 0.07714561234329798}
{"loss": 0.0931864091970401, "mrr": 0.6728530386876981, "map": 0.46596956572321274, "p@1": 0.5307262569832403, "p@5": 0.40000000000000013, "mode": "test", "roc": 0.6527187518662769, "roc@5": 0.07370684158960793}
{"loss": 1.2465616337336827, "mrr": 0.8592430858806404, "map": 0.9706264684232196, "p@1": 0.7187772925764192, "p@5": 0.9013100436681127, "mode": "android.dev", "roc": 0.18139200594911403, "roc@5": 0.0015919283148821694}
{"loss": 1.258430590353361, "mrr": 0.8542392566782812, "map": 0.9700565236773337, "p@1": 0.7090592334494773, "p@5": 0.8996515679442423, "mode": "android.test", "roc": 0.175073125745518, "roc@5": 0.0011908348021150454}
question retrieval loss 0.04795065522193909
question retrieval loss 0.02800699695944786

{"loss": 0.09613423667602487, "mrr": 0.6539076841961459, "map": 0.4576634322446084, "p@1": 0.5274725274725275, "p@5": 0.41648351648351645, "mode": "dev", "roc": 0.6554216983519128, "roc@5": 0.06963999331681306}
{"loss": 0.09419489350149085, "mrr": 0.6801004261346807, "map": 0.4770357674802684, "p@1": 0.5363128491620112, "p@5": 0.3910614525139666, "mode": "test", "roc": 0.6395309329851231, "roc@5": 0.0715439779581599}
{"loss": 1.2445512112831965, "mrr": 0.8593886462882097, "map": 0.9699595168612681, "p@1": 0.7187772925764192, "p@5": 0.899563318777283, "mode": "android.dev", "roc": 0.17164081228725236, "roc@5": 0.0015448643391563748}
{"loss": 1.2509698763697406, "mrr": 0.8529326364692219, "map": 0.9697875038173415, "p@1": 0.7064459930313589, "p@5": 0.9005226480836149, "mode": "android.test", "roc": 0.16811751677971834, "roc@5": 0.0011664797308123696}
question retrieval loss 0.044681351631879807

{"loss": 0.09653087226407868, "mrr": 0.6478440407900655, "map": 0.44817375738401033, "p@1": 0.510989010989011, "p@5": 0.41428571428571437, "mode": "dev", "roc": 0.6591845104176584, "roc@5": 0.06678741352885977}
{"loss": 0.09450399290832727, "mrr": 0.6675908531502472, "map": 0.4521163859044144, "p@1": 0.5195530726256983, "p@5": 0.38435754189944155, "mode": "test", "roc": 0.6451233074381526, "roc@5": 0.07348087076244171}
{"loss": 1.2533135722818334, "mrr": 0.8572052401746725, "map": 0.9702164836096168, "p@1": 0.714410480349345, "p@5": 0.8999126637554491, "mode": "android.dev", "roc": 0.17260890831482528, "roc@5": 0.001488700380208674}
{"loss": 1.26334670214599, "mrr": 0.857288037166086, "map": 0.9697389606567963, "p@1": 0.7151567944250871, "p@5": 0.8980836236933709, "mode": "android.test", "roc": 0.1685891149922556, "roc@5": 0.0011961046128647471}
question retrieval loss 0.04558698832988739
question retrieval loss 0.02962113916873932

{"loss": 0.09571848676673003, "mrr": 0.655165791886057, "map": 0.445735033484284, "p@1": 0.5384615384615384, "p@5": 0.40000000000000013, "mode": "dev", "roc": 0.6549115681742489, "roc@5": 0.070944029791306}
{"loss": 0.09343851930019575, "mrr": 0.6574089648957334, "map": 0.4486696433108899, "p@1": 0.4972067039106145, "p@5": 0.3843575418994415, "mode": "test", "roc": 0.6506838038637783, "roc@5": 0.07041412382232883}
{"loss": 1.2507896508712435, "mrr": 0.8601164483260554, "map": 0.969932945984228, "p@1": 0.7205240174672489, "p@5": 0.900436681222698, "mode": "android.dev", "roc": 0.1672885107024334, "roc@5": 0.0016310298052887966}
{"loss": 1.2567136839084094, "mrr": 0.853658536585366, "map": 0.9696692356447887, "p@1": 0.7081881533101045, "p@5": 0.9005226480836147, "mode": "android.test", "roc": 0.1640152397229789, "roc@5": 0.0012845519770692017}
question retrieval loss 0.040287233889102936
question retrieval loss 0.05101587623357773
Epoch 2
question retrieval loss 0.06469111144542694
question retrieval loss 0.03982134908437729
question retrieval loss 0.05287177115678787

{"loss": 0.09575138918564215, "mrr": 0.6431730814972574, "map": 0.45041144467937544, "p@1": 0.5, "p@5": 0.40879120879120884, "mode": "dev", "roc": 0.6528814204810042, "roc@5": 0.06782471526993368}
{"loss": 0.09373633365807586, "mrr": 0.6657297642081531, "map": 0.4574633751292295, "p@1": 0.5195530726256983, "p@5": 0.387709497206704, "mode": "test", "roc": 0.6354884762948532, "roc@5": 0.06638700086675951}
{"loss": 1.2615516396849435, "mrr": 0.8563318777292577, "map": 0.9696877615160049, "p@1": 0.7126637554585152, "p@5": 0.897816593886453, "mode": "android.dev", "roc": 0.16532336221630092, "roc@5": 0.002155985087402495}
{"loss": 1.2639137708974633, "mrr": 0.8414634146341463, "map": 0.969265093511273, "p@1": 0.6829268292682927, "p@5": 0.897560975609747, "mode": "android.test", "roc": 0.1671682885577454, "roc@5": 0.0015893464366465485}
question retrieval loss 0.039699848741292953
question retrieval loss 0.033872149884700775
question retrieval loss 0.032234713435173035
question retrieval loss 0.043640103191137314
question retrieval loss 0.04151337593793869

{"loss": 0.09611569308153875, "mrr": 0.6597533006388858, "map": 0.45551058517379195, "p@1": 0.532967032967033, "p@5": 0.4043956043956046, "mode": "dev", "roc": 0.6538131397234331, "roc@5": 0.07994632704419756}
{"loss": 0.09372837616744654, "mrr": 0.659927248908431, "map": 0.45416907173642246, "p@1": 0.5139664804469274, "p@5": 0.3955307262569834, "mode": "test", "roc": 0.6399255748939954, "roc@5": 0.06851758295146954}
{"loss": 1.250852255425599, "mrr": 0.8540029112081513, "map": 0.9697547759992641, "p@1": 0.7082969432314411, "p@5": 0.9004366812226979, "mode": "android.dev", "roc": 0.1670401451447324, "roc@5": 0.0015407409092589484}
{"loss": 1.2537299128774981, "mrr": 0.8462543554006969, "map": 0.969496295561859, "p@1": 0.6933797909407665, "p@5": 0.8993031358884935, "mode": "android.test", "roc": 0.16649433673378555, "roc@5": 0.0011767344976766543}

{"loss": 0.09611494255835538, "mrr": 0.657051250990284, "map": 0.4583825413737543, "p@1": 0.5274725274725275, "p@5": 0.4010989010989011, "mode": "dev", "roc": 0.6615225144490575, "roc@5": 0.07843483022148985}
{"loss": 0.0934089671757967, "mrr": 0.663068020058611, "map": 0.4537986868722904, "p@1": 0.5139664804469274, "p@5": 0.39217877094972087, "mode": "test", "roc": 0.6512467133350228, "roc@5": 0.06219847017750008}
{"loss": 1.2637369269366867, "mrr": 0.8534206695778749, "map": 0.9699171115451052, "p@1": 0.7074235807860262, "p@5": 0.8976419213973703, "mode": "android.dev", "roc": 0.1723961890976514, "roc@5": 0.0013895958754326049}
{"loss": 1.269506871233003, "mrr": 0.8429152148664344, "map": 0.9694192443453548, "p@1": 0.686411149825784, "p@5": 0.8989547038327435, "mode": "android.test", "roc": 0.16838042336520145, "roc@5": 0.0011162028877138635}
question retrieval loss 0.03644690662622452

{"loss": 0.09578467247455003, "mrr": 0.6598209733956343, "map": 0.4585676161894429, "p@1": 0.5439560439560439, "p@5": 0.4175824175824178, "mode": "dev", "roc": 0.6588966591845105, "roc@5": 0.07402629782192566}
{"loss": 0.09420218616307781, "mrr": 0.6693163700293955, "map": 0.46517888289128195, "p@1": 0.5195530726256983, "p@5": 0.38212290502793306, "mode": "test", "roc": 0.6344804849979582, "roc@5": 0.06084264521450281}
{"loss": 1.2582267307298152, "mrr": 0.8588064046579331, "map": 0.9696682211306151, "p@1": 0.7179039301310044, "p@5": 0.8978165938864532, "mode": "android.dev", "roc": 0.16523282449260485, "roc@5": 0.0015895111318388506}
{"loss": 1.2624838253554567, "mrr": 0.8500290360046457, "map": 0.9693936283821091, "p@1": 0.7003484320557491, "p@5": 0.8982578397212455, "mode": "android.test", "roc": 0.16030411080845305, "roc@5": 0.0012270113407751606}
question retrieval loss 0.040881671011447906
question retrieval loss 0.03921837359666824

{"loss": 0.0957113025853267, "mrr": 0.6516610673033973, "map": 0.45500433149664665, "p@1": 0.521978021978022, "p@5": 0.4197802197802199, "mode": "dev", "roc": 0.6620693206525665, "roc@5": 0.07395220484042038}
{"loss": 0.09397794177245827, "mrr": 0.6769251459720957, "map": 0.46830324718927074, "p@1": 0.5363128491620112, "p@5": 0.3865921787709498, "mode": "test", "roc": 0.6433922094943257, "roc@5": 0.06384482906113963}
{"loss": 1.2591296677506125, "mrr": 0.8551673944687046, "map": 0.9697827200769267, "p@1": 0.7109170305676856, "p@5": 0.8993886462882003, "mode": "android.dev", "roc": 0.16453635585484389, "roc@5": 0.001427844242412178}
{"loss": 1.2678658353223202, "mrr": 0.8501742160278747, "map": 0.9692830121166718, "p@1": 0.7012195121951219, "p@5": 0.897212543553998, "mode": "android.test", "roc": 0.15544347237800216, "roc@5": 0.001126457654578148}
question retrieval loss 0.013432350941002369

{"loss": 0.09507475975532453, "mrr": 0.6509973009286197, "map": 0.45182881954969933, "p@1": 0.5164835164835165, "p@5": 0.40659340659340665, "mode": "dev", "roc": 0.6573614526077209, "roc@5": 0.07547852025942915}
{"loss": 0.09361379516607556, "mrr": 0.6716822846858129, "map": 0.4590007640977943, "p@1": 0.5307262569832403, "p@5": 0.37765363128491625, "mode": "test", "roc": 0.6413528227791507, "roc@5": 0.06997832294136541}
{"loss": 1.2558427651376183, "mrr": 0.8510917030567685, "map": 0.969550370285861, "p@1": 0.7021834061135371, "p@5": 0.8983406113537026, "mode": "android.dev", "roc": 0.1643334333383573, "roc@5": 0.0016368594820403302}
{"loss": 1.2610020396601447, "mrr": 0.848432055749129, "map": 0.9694975681344958, "p@1": 0.6977351916376306, "p@5": 0.9001742160278662, "mode": "android.test", "roc": 0.15866262173084802, "roc@5": 0.0012987947088251527}
Epoch 3
question retrieval loss 0.04807876795530319
question retrieval loss 0.04188748449087143
question retrieval loss 0.04155327007174492
question retrieval loss 0.038030028343200684

{"loss": 0.09503408050635359, "mrr": 0.6582698284621362, "map": 0.46278644685688053, "p@1": 0.532967032967033, "p@5": 0.4164835164835167, "mode": "dev", "roc": 0.6532055772750898, "roc@5": 0.06907688665737294}
{"loss": 0.09412398778276737, "mrr": 0.6705099467816313, "map": 0.4597135284092053, "p@1": 0.5251396648044693, "p@5": 0.3843575418994415, "mode": "test", "roc": 0.6328696358157304, "roc@5": 0.06552346949151723}
{"loss": 1.2577112477419157, "mrr": 0.8478893740902473, "map": 0.969621570394651, "p@1": 0.6960698689956332, "p@5": 0.898689956331868, "mode": "android.dev", "roc": 0.16647351478320713, "roc@5": 0.0016259110647264745}
{"loss": 1.262058623524493, "mrr": 0.8448025551684089, "map": 0.9694739379136545, "p@1": 0.6898954703832753, "p@5": 0.8986062717769949, "mode": "android.test", "roc": 0.1658397051754527, "roc@5": 0.0013053463654328899}
question retrieval loss 0.0307802502065897
question retrieval loss 0.03776507452130318
question retrieval loss 0.05087772756814957

{"loss": 0.09540129760996653, "mrr": 0.6577601580348833, "map": 0.45356767248294966, "p@1": 0.5274725274725275, "p@5": 0.40659340659340665, "mode": "dev", "roc": 0.6589218507982222, "roc@5": 0.08165046561881902}
{"loss": 0.09399751798567159, "mrr": 0.6847450650350316, "map": 0.47201614821586746, "p@1": 0.5418994413407822, "p@5": 0.3932960893854749, "mode": "test", "roc": 0.6361324931522769, "roc@5": 0.06915514349954563}
{"loss": 1.2483679261270049, "mrr": 0.8524017467248908, "map": 0.9699373643083391, "p@1": 0.7048034934497817, "p@5": 0.8974672489082873, "mode": "android.dev", "roc": 0.17226745988187087, "roc@5": 0.0013711115345131082}
{"loss": 1.2554980463474885, "mrr": 0.8487224157955866, "map": 0.9695930202021004, "p@1": 0.6977351916376306, "p@5": 0.8994773519163677, "mode": "android.test", "roc": 0.16141455963253754, "roc@5": 0.0011801527532980824}
question retrieval loss 0.017400339245796204
question retrieval loss 0.05306107550859451
question retrieval loss 0.04350460693240166
question retrieval loss 0.04762493818998337
question retrieval loss 0.030451040714979172

{"loss": 0.09589411137154796, "mrr": 0.6457058401628537, "map": 0.45416747165091303, "p@1": 0.5164835164835165, "p@5": 0.4131868131868131, "mode": "dev", "roc": 0.663570814922771, "roc@5": 0.07538960868162281}
{"loss": 0.09351224127594986, "mrr": 0.6809886575249703, "map": 0.4812394342379015, "p@1": 0.5363128491620112, "p@5": 0.38770949720670395, "mode": "test", "roc": 0.6492791530613398, "roc@5": 0.06892110228569492}
{"loss": 1.2636232977871291, "mrr": 0.8502183406113537, "map": 0.9694936475566611, "p@1": 0.7004366812227074, "p@5": 0.8962445414847064, "mode": "android.dev", "roc": 0.16613017525998938, "roc@5": 0.0014342426681150807}
{"loss": 1.2701150003677877, "mrr": 0.8453832752613241, "map": 0.9692056457671275, "p@1": 0.6907665505226481, "p@5": 0.8977351916376218, "mode": "android.test", "roc": 0.15947318271644506, "roc@5": 0.0011812921718385584}
question retrieval loss 0.05342983081936836
question retrieval loss 0.03712286427617073
question retrieval loss 0.04445170983672142
question retrieval loss 0.025903984904289246

{"loss": 0.09622678861717929, "mrr": 0.6720374854263026, "map": 0.4756293311685595, "p@1": 0.5604395604395604, "p@5": 0.41208791208791207, "mode": "dev", "roc": 0.6534104443689519, "roc@5": 0.07301863327345383}
{"loss": 0.09439081881798846, "mrr": 0.6798548926489237, "map": 0.4853208486842991, "p@1": 0.5363128491620112, "p@5": 0.39664804469273757, "mode": "test", "roc": 0.635962611512568, "roc@5": 0.07184258226548668}
{"loss": 1.2507793479350977, "mrr": 0.8537117903930131, "map": 0.9696468992847794, "p@1": 0.7074235807860262, "p@5": 0.8972925764192041, "mode": "android.dev", "roc": 0.1661661983966967, "roc@5": 0.001697715619836826}
{"loss": 1.2569266827420076, "mrr": 0.8478513356562137, "map": 0.9692155490642946, "p@1": 0.695993031358885, "p@5": 0.897212543553998, "mode": "android.test", "roc": 0.15763468105182574, "roc@5": 0.0013314105645462796}
question retrieval loss 0.033860236406326294
question retrieval loss 0.05061124637722969
question retrieval loss 0.03828805685043335
question retrieval loss 0.05492124706506729
question retrieval loss 0.046792808920145035

{"loss": 0.09601170575798867, "mrr": 0.6441744474985808, "map": 0.4554330349640171, "p@1": 0.510989010989011, "p@5": 0.40989010989011, "mode": "dev", "roc": 0.6566953567039885, "roc@5": 0.07072175084679017}
{"loss": 0.09435656533560939, "mrr": 0.6620538495612003, "map": 0.455784472083278, "p@1": 0.5139664804469274, "p@5": 0.3910614525139666, "mode": "test", "roc": 0.6353327178318422, "roc@5": 0.07561952323383624}
{"loss": 1.256261932953997, "mrr": 0.8531295487627365, "map": 0.9697746428939594, "p@1": 0.7065502183406114, "p@5": 0.8967685589519553, "mode": "android.dev", "roc": 0.17087622885320308, "roc@5": 0.0012900648089430086}
{"loss": 1.2649404257276333, "mrr": 0.849157955865273, "map": 0.9693424948661514, "p@1": 0.6986062717770035, "p@5": 0.8966898954703743, "mode": "android.test", "roc": 0.15965783973366096, "roc@5": 0.001120333279923089}
question retrieval loss 0.05977052450180054
question retrieval loss 0.051228366792201996
question retrieval loss 0.06223290041089058

{"loss": 0.0958683545609097, "mrr": 0.6548289034997182, "map": 0.45907044181357776, "p@1": 0.532967032967033, "p@5": 0.4131868131868131, "mode": "dev", "roc": 0.6541243302457552, "roc@5": 0.07646395691344939}
{"loss": 0.09410402226631202, "mrr": 0.6648757144714216, "map": 0.4707962825948181, "p@1": 0.5195530726256983, "p@5": 0.3877094972067041, "mode": "test", "roc": 0.6367748959323637, "roc@5": 0.07289980292115716}
{"loss": 1.2506584628180124, "mrr": 0.8532751091703057, "map": 0.9694937086012525, "p@1": 0.7065502183406114, "p@5": 0.8962445414847064, "mode": "android.dev", "roc": 0.1655611916996778, "roc@5": 0.001477183213943449}
{"loss": 1.253924184559945, "mrr": 0.8426248548199768, "map": 0.9693596279375846, "p@1": 0.6855400696864111, "p@5": 0.8993031358884929, "mode": "android.test", "roc": 0.163686958998736, "roc@5": 0.0012233082305186133}
Epoch 4
question retrieval loss 0.04028275981545448
question retrieval loss 0.043950922787189484

{"loss": 0.09582832989866262, "mrr": 0.6473111442891661, "map": 0.4525963834532895, "p@1": 0.510989010989011, "p@5": 0.40989010989011, "mode": "dev", "roc": 0.6490622977493146, "roc@5": 0.07197392223422938}
{"loss": 0.09432582247107389, "mrr": 0.6782724385451523, "map": 0.4713407023932149, "p@1": 0.5363128491620112, "p@5": 0.387709497206704, "mode": "test", "roc": 0.635651094586546, "roc@5": 0.07214925695949796}
{"loss": 1.2565371628671755, "mrr": 0.8497816593886462, "map": 0.9697784262644207, "p@1": 0.6995633187772926, "p@5": 0.8981659388646192, "mode": "android.dev", "roc": 0.1692545407494405, "roc@5": 0.0016173798304559377}
{"loss": 1.264077267268809, "mrr": 0.8423344947735192, "map": 0.969284843342798, "p@1": 0.6846689895470384, "p@5": 0.8968641114982489, "mode": "android.test", "roc": 0.1648429204721466, "roc@5": 0.0012577756413680143}
question retrieval loss 0.03259136900305748
question retrieval loss 0.04554840922355652
question retrieval loss 0.034300290048122406
question retrieval loss 0.022481631487607956
question retrieval loss 0.03939914330840111

{"loss": 0.0956832982886296, "mrr": 0.6454967270214523, "map": 0.45433169036561744, "p@1": 0.521978021978022, "p@5": 0.4000000000000001, "mode": "dev", "roc": 0.6577737800497979, "roc@5": 0.08293227419886037}
{"loss": 0.09398996053710997, "mrr": 0.6889083498095553, "map": 0.4757227719257468, "p@1": 0.547486033519553, "p@5": 0.3955307262569833, "mode": "test", "roc": 0.638884495011694, "roc@5": 0.07754027526474903}
{"loss": 1.253945468008258, "mrr": 0.8496360989810771, "map": 0.9695783692898763, "p@1": 0.6995633187772926, "p@5": 0.8967685589519553, "mode": "android.dev", "roc": 0.16760655511603903, "roc@5": 0.0014160427016712688}
{"loss": 1.25950273648164, "mrr": 0.8452380952380952, "map": 0.9692868936437569, "p@1": 0.6907665505226481, "p@5": 0.8982578397212457, "mode": "android.test", "roc": 0.15995265003827738, "roc@5": 0.0011362851394897538}
question retrieval loss 0.053382761776447296
question retrieval loss 0.013273951597511768
question retrieval loss 0.041660092771053314

{"loss": 0.09646434447431303, "mrr": 0.6487252620251973, "map": 0.4538117043031946, "p@1": 0.510989010989011, "p@5": 0.41098901098901097, "mode": "dev", "roc": 0.6594957009399806, "roc@5": 0.07735307269151276}
{"loss": 0.09391091293629321, "mrr": 0.6945309340387779, "map": 0.4886604084550944, "p@1": 0.553072625698324, "p@5": 0.3910614525139666, "mode": "test", "roc": 0.6438574672866876, "roc@5": 0.07521600389961083}
{"loss": 1.2549617500804917, "mrr": 0.8518195050946142, "map": 0.9697741856376821, "p@1": 0.7039301310043669, "p@5": 0.8964192139737894, "mode": "android.dev", "roc": 0.1743372155188839, "roc@5": 0.0013220569374575214}
{"loss": 1.2605610848874995, "mrr": 0.8400116144018583, "map": 0.9693513944186237, "p@1": 0.6803135888501742, "p@5": 0.8982578397212453, "mode": "android.test", "roc": 0.1700156598835657, "roc@5": 0.0010895689793302354}
question retrieval loss 0.051457762718200684
question retrieval loss 0.03948725759983063
question retrieval loss 0.03915811702609062

{"loss": 0.09605751892776934, "mrr": 0.6578117547897768, "map": 0.4629715923486893, "p@1": 0.5274725274725275, "p@5": 0.4076923076923078, "mode": "dev", "roc": 0.6564534431193738, "roc@5": 0.0793239459995532}
{"loss": 0.09461848175558964, "mrr": 0.6657228218055916, "map": 0.46223933713116855, "p@1": 0.5195530726256983, "p@5": 0.3977653631284918, "mode": "test", "roc": 0.6314524759139309, "roc@5": 0.07418299440399387}
{"loss": 1.2471212903485027, "mrr": 0.8519650655021834, "map": 0.9691123642863992, "p@1": 0.7039301310043669, "p@5": 0.8962445414847062, "mode": "android.dev", "roc": 0.16154827683286463, "roc@5": 0.0016483766483055544}
{"loss": 1.2505584125007903, "mrr": 0.8459639953542393, "map": 0.9691802040399506, "p@1": 0.6925087108013938, "p@5": 0.8986062717769949, "mode": "android.test", "roc": 0.15952734070394703, "roc@5": 0.0012730153643468816}
question retrieval loss 0.031614888459444046

{"loss": 0.0959569885712731, "mrr": 0.6389717778526338, "map": 0.4483512498069389, "p@1": 0.5054945054945055, "p@5": 0.4109890109890112, "mode": "dev", "roc": 0.6622878949480071, "roc@5": 0.07730120760445905}
{"loss": 0.09462536186729063, "mrr": 0.68585330715219, "map": 0.48124907559665725, "p@1": 0.5418994413407822, "p@5": 0.38882681564245825, "mode": "test", "roc": 0.642173581104965, "roc@5": 0.07504652577923619}
{"loss": 1.2561852521250862, "mrr": 0.8519650655021834, "map": 0.9696760879817417, "p@1": 0.7039301310043669, "p@5": 0.8967685589519555, "mode": "android.dev", "roc": 0.16710626931969097, "roc@5": 0.0014882738184951471}
{"loss": 1.2667601174489962, "mrr": 0.843931475029036, "map": 0.9691482898145851, "p@1": 0.6881533101045296, "p@5": 0.8991289198606185, "mode": "android.test", "roc": 0.15843014474176154, "roc@5": 0.0011271697911659456}
question retrieval loss 0.05942609906196594
question retrieval loss 0.0375819206237793

{"loss": 0.09623127104202797, "mrr": 0.6586768740130083, "map": 0.46403046708655515, "p@1": 0.5274725274725275, "p@5": 0.40549450549450555, "mode": "dev", "roc": 0.6528980914018429, "roc@5": 0.07847928601039302}
{"loss": 0.09431484653796564, "mrr": 0.6679387335638958, "map": 0.4602992052928442, "p@1": 0.5195530726256983, "p@5": 0.3899441340782124, "mode": "test", "roc": 0.637346682828961, "roc@5": 0.07244786126682475}
{"loss": 1.2515421875179074, "mrr": 0.8513828238719068, "map": 0.969328459930556, "p@1": 0.7030567685589519, "p@5": 0.8979912663755364, "mode": "android.dev", "roc": 0.16098263467264234, "roc@5": 0.0017166265224698492}
{"loss": 1.2561175531159294, "mrr": 0.8408826945412312, "map": 0.9690282256573154, "p@1": 0.6820557491289199, "p@5": 0.897560975609747, "mode": "android.test", "roc": 0.15688780644127548, "roc@5": 0.0013375349392013387}
question retrieval loss 0.061818867921829224
Epoch 5
question retrieval loss 0.031402554363012314

{"loss": 0.09602436784572982, "mrr": 0.6355261976585506, "map": 0.447423249000361, "p@1": 0.4945054945054945, "p@5": 0.40439560439560435, "mode": "dev", "roc": 0.652577268791925, "roc@5": 0.07427821395904362}
{"loss": 0.09458601358216569, "mrr": 0.6587851466170127, "map": 0.456351499393255, "p@1": 0.4972067039106145, "p@5": 0.39106145251396657, "mode": "test", "roc": 0.6411244308359791, "roc@5": 0.06608839655943274}
{"loss": 1.2629980409249468, "mrr": 0.8558951965065502, "map": 0.9697341610162242, "p@1": 0.7117903930131004, "p@5": 0.8953711790392914, "mode": "android.dev", "roc": 0.16862330761640162, "roc@5": 0.0016806531512957522}
{"loss": 1.2701094691034809, "mrr": 0.8448025551684089, "map": 0.9693019484552853, "p@1": 0.6898954703832753, "p@5": 0.8980836236933707, "mode": "android.test", "roc": 0.16388612223824536, "roc@5": 0.0013066282112909253}
question retrieval loss 0.04624802991747856
question retrieval loss 0.02988944947719574

{"loss": 0.0955274286628752, "mrr": 0.651603359202745, "map": 0.45426443841744946, "p@1": 0.521978021978022, "p@5": 0.4087912087912089, "mode": "dev", "roc": 0.6588851747723771, "roc@5": 0.08314714384522567}
{"loss": 0.0942100358700286, "mrr": 0.6884723045862935, "map": 0.48230338306566034, "p@1": 0.5363128491620112, "p@5": 0.398882681564246, "mode": "test", "roc": 0.6355542499463319, "roc@5": 0.0719878492258078}
{"loss": 1.2455267030078772, "mrr": 0.8518195050946142, "map": 0.9698574312602215, "p@1": 0.7039301310043669, "p@5": 0.8986899563318678, "mode": "android.dev", "roc": 0.1706952529368774, "roc@5": 0.0015849611402278978}
{"loss": 1.2525874501425214, "mrr": 0.840301974448316, "map": 0.9694312043462628, "p@1": 0.681184668989547, "p@5": 0.9001742160278662, "mode": "android.test", "roc": 0.1648713916929267, "roc@5": 0.0013052039381153304}
question retrieval loss 0.023427922278642654

{"loss": 0.09599116251159173, "mrr": 0.6560263931974458, "map": 0.45689379457607054, "p@1": 0.532967032967033, "p@5": 0.4076923076923078, "mode": "dev", "roc": 0.6584980389440119, "roc@5": 0.07777540268609284}
{"loss": 0.09355974542861545, "mrr": 0.6734881810127844, "map": 0.479972468270552, "p@1": 0.5139664804469274, "p@5": 0.3877094972067041, "mode": "test", "roc": 0.6462842325627189, "roc@5": 0.07217346811955148}
{"loss": 1.2606873363646878, "mrr": 0.849490538573508, "map": 0.9695114065332192, "p@1": 0.6995633187772926, "p@5": 0.8971179039301214, "mode": "android.dev", "roc": 0.16620572644881687, "roc@5": 0.0016237782561588404}
{"loss": 1.2680860814161417, "mrr": 0.8448025551684089, "map": 0.9693244547196321, "p@1": 0.6898954703832753, "p@5": 0.8970383275261229, "mode": "android.test", "roc": 0.1610211397746088, "roc@5": 0.0012681728355498584}
question retrieval loss 0.038867466151714325

{"loss": 0.09596381353848911, "mrr": 0.6488498573178602, "map": 0.4586120906424997, "p@1": 0.5274725274725275, "p@5": 0.4131868131868131, "mode": "dev", "roc": 0.661584752553522, "roc@5": 0.0796129086274238}
{"loss": 0.09437672273573262, "mrr": 0.6691864355172723, "map": 0.47697181111122205, "p@1": 0.5251396648044693, "p@5": 0.39329608938547506, "mode": "test", "roc": 0.6397835360883481, "roc@5": 0.06881618725879632}
{"loss": 1.2504407484458524, "mrr": 0.8508005822416302, "map": 0.9694038917738499, "p@1": 0.7021834061135371, "p@5": 0.8955458515283746, "mode": "android.dev", "roc": 0.16814120045841163, "roc@5": 0.0013696896621346855}
{"loss": 1.256942723270908, "mrr": 0.8421893147502904, "map": 0.9691553221436768, "p@1": 0.6846689895470384, "p@5": 0.8989547038327437, "mode": "android.test", "roc": 0.1596461108440599, "roc@5": 0.0010588046787373816}
question retrieval loss 0.051122117787599564
question retrieval loss 0.04319296032190323
question retrieval loss 0.031771108508110046
question retrieval loss 0.05706162378191948
question retrieval loss 0.044725410640239716
question retrieval loss 0.04476036876440048

{"loss": 0.09565403400459788, "mrr": 0.656454950637239, "map": 0.46436441022137287, "p@1": 0.5274725274725275, "p@5": 0.4285714285714288, "mode": "dev", "roc": 0.6672776867874801, "roc@5": 0.07627131516153565}
{"loss": 0.09449044500566062, "mrr": 0.6589405312696041, "map": 0.4627468734277133, "p@1": 0.5083798882681564, "p@5": 0.38435754189944155, "mode": "test", "roc": 0.6401801955938916, "roc@5": 0.07143099254457677}
{"loss": 1.2543304506087407, "mrr": 0.8522561863173217, "map": 0.969588780742314, "p@1": 0.7048034934497817, "p@5": 0.8948471615720424, "mode": "android.dev", "roc": 0.17298458832529026, "roc@5": 0.0010335590318755348}
{"loss": 1.2610555106079537, "mrr": 0.8461091753774681, "map": 0.9694712022567927, "p@1": 0.6925087108013938, "p@5": 0.8987804878048691, "mode": "android.test", "roc": 0.1673146041410743, "roc@5": 0.0008870373337606152}
question retrieval loss 0.04612908512353897

{"loss": 0.0960632774487629, "mrr": 0.6505279742060184, "map": 0.4634301376679494, "p@1": 0.5274725274725275, "p@5": 0.41098901098901097, "mode": "dev", "roc": 0.6565912560649736, "roc@5": 0.07379660957925929}
{"loss": 0.09434479591566756, "mrr": 0.6549096330667926, "map": 0.4430411271403494, "p@1": 0.5027932960893855, "p@5": 0.38100558659217887, "mode": "test", "roc": 0.6411276589906528, "roc@5": 0.0731499849083769}
{"loss": 1.2597691606225925, "mrr": 0.8509461426491994, "map": 0.9695896532075912, "p@1": 0.7021834061135371, "p@5": 0.8974672489082873, "mode": "android.dev", "roc": 0.16493928604944136, "roc@5": 0.001431825485071762}
{"loss": 1.264048310366657, "mrr": 0.8469802555168409, "map": 0.9694922490204007, "p@1": 0.6942508710801394, "p@5": 0.8994773519163675, "mode": "android.test", "roc": 0.16065255211949656, "roc@5": 0.0010317434884010751}
Epoch 6
question retrieval loss 0.04484526440501213
question retrieval loss 0.05337278172373772
question retrieval loss 0.03716028109192848

{"loss": 0.09583804187375111, "mrr": 0.6475853550748084, "map": 0.46291395504505334, "p@1": 0.5164835164835165, "p@5": 0.41758241758241765, "mode": "dev", "roc": 0.6587414343882567, "roc@5": 0.07517473903525751}
{"loss": 0.09446598810024101, "mrr": 0.6706077275563758, "map": 0.4625632646617894, "p@1": 0.5251396648044693, "p@5": 0.38659217877094987, "mode": "test", "roc": 0.6379862609737083, "roc@5": 0.07384403816324454}
{"loss": 1.2621854582207692, "mrr": 0.8519650655021834, "map": 0.9696596154313794, "p@1": 0.7039301310043669, "p@5": 0.8960698689956232, "mode": "android.dev", "roc": 0.168432179531294, "roc@5": 0.0017476233403194664}
{"loss": 1.2686956522252917, "mrr": 0.8404471544715447, "map": 0.9691954327405781, "p@1": 0.681184668989547, "p@5": 0.8961672473867506, "mode": "android.test", "roc": 0.16408216631950012, "roc@5": 0.001286973241467713}
question retrieval loss 0.06161641329526901
question retrieval loss 0.03447771072387695
question retrieval loss 0.021904682740569115

{"loss": 0.0954602018182913, "mrr": 0.6505803480051177, "map": 0.46160083828535325, "p@1": 0.5164835164835165, "p@5": 0.410989010989011, "mode": "dev", "roc": 0.6653923908730783, "roc@5": 0.08123554492238944}
{"loss": 0.09413436677452572, "mrr": 0.6790497754883229, "map": 0.47644018532407506, "p@1": 0.5363128491620112, "p@5": 0.38100558659217887, "mode": "test", "roc": 0.6424544305615859, "roc@5": 0.07499003307244463}
{"loss": 1.2574409879451236, "mrr": 0.8483260553129548, "map": 0.9695514279853004, "p@1": 0.6969432314410481, "p@5": 0.8965938864628725, "mode": "android.dev", "roc": 0.1675933530310054, "roc@5": 0.0013486459509340278}
{"loss": 1.2633069381637025, "mrr": 0.8446573751451801, "map": 0.9693275584369162, "p@1": 0.6898954703832753, "p@5": 0.8968641114982489, "mode": "android.test", "roc": 0.16124512097420285, "roc@5": 0.0010850113051683312}
question retrieval loss 0.056163132190704346

{"loss": 0.09594387443388229, "mrr": 0.644654421629169, "map": 0.45747586611326596, "p@1": 0.510989010989011, "p@5": 0.4164835164835166, "mode": "dev", "roc": 0.6607026756087016, "roc@5": 0.07653804989495466}
{"loss": 0.09377882962619792, "mrr": 0.6704581731118043, "map": 0.4697152836867734, "p@1": 0.5251396648044693, "p@5": 0.3854748603351958, "mode": "test", "roc": 0.6455744420538165, "roc@5": 0.07641849151560247}
{"loss": 1.2574696764935573, "mrr": 0.851673944687045, "map": 0.9699161932138337, "p@1": 0.7039301310043669, "p@5": 0.8958951965065403, "mode": "android.dev", "roc": 0.17700048912409821, "roc@5": 0.0016175220176937797}
{"loss": 1.2663665415154517, "mrr": 0.843931475029036, "map": 0.9695727173942977, "p@1": 0.6881533101045296, "p@5": 0.8998257839721165, "mode": "android.test", "roc": 0.16479495095159258, "roc@5": 0.0012163292919581974}
question retrieval loss 0.04680691286921501

{"loss": 0.09619274791739471, "mrr": 0.6477863984934122, "map": 0.461173273472764, "p@1": 0.5164835164835165, "p@5": 0.4054945054945056, "mode": "dev", "roc": 0.6590715186208629, "roc@5": 0.07564152481874077}
{"loss": 0.09414057535582415, "mrr": 0.6655936862640772, "map": 0.46315657890427087, "p@1": 0.5083798882681564, "p@5": 0.3877094972067041, "mode": "test", "roc": 0.6385043797988537, "roc@5": 0.0708176431565542}
{"loss": 1.253782091494731, "mrr": 0.8538573508005822, "map": 0.9697840516945709, "p@1": 0.7082969432314411, "p@5": 0.896069868995623, "mode": "android.dev", "roc": 0.17099073934519932, "roc@5": 0.0014871363205924088}
{"loss": 1.2621555709724643, "mrr": 0.841753774680604, "map": 0.9691242832280735, "p@1": 0.6837979094076655, "p@5": 0.8968641114982489, "mode": "android.test", "roc": 0.16024333707205046, "roc@5": 0.0011291637736117787}
question retrieval loss 0.04031165689229965

{"loss": 0.09602463833864901, "mrr": 0.6505164065805632, "map": 0.46082593921052695, "p@1": 0.521978021978022, "p@5": 0.42197802197802214, "mode": "dev", "roc": 0.6617759124458056, "roc@5": 0.07630095235413775}
{"loss": 0.09412614145841679, "mrr": 0.676786610592844, "map": 0.4827427490131184, "p@1": 0.5307262569832403, "p@5": 0.397765363128492, "mode": "test", "roc": 0.6442993209576644, "roc@5": 0.07756448642480256}
{"loss": 1.2536470943663318, "mrr": 0.8499272197962154, "map": 0.9695458749280974, "p@1": 0.7004366812227074, "p@5": 0.8948471615720426, "mode": "android.dev", "roc": 0.16924490045471477, "roc@5": 0.0013143788266140384}
{"loss": 1.2632486281546567, "mrr": 0.8461091753774681, "map": 0.9691625256606471, "p@1": 0.6925087108013938, "p@5": 0.8949477351916288, "mode": "android.test", "roc": 0.15807421887518028, "roc@5": 0.0010610835158183336}
question retrieval loss 0.032186806201934814
question retrieval loss 0.03325949236750603
question retrieval loss 0.04376119747757912

{"loss": 0.09541248974318688, "mrr": 0.6671208164097627, "map": 0.4706499809461596, "p@1": 0.5384615384615384, "p@5": 0.42087912087912077, "mode": "dev", "roc": 0.6603555499903494, "roc@5": 0.07740493777856644}
{"loss": 0.09357471206334717, "mrr": 0.6595468079406627, "map": 0.45586164619911607, "p@1": 0.5083798882681564, "p@5": 0.38994413407821243, "mode": "test", "roc": 0.6475637923715476, "roc@5": 0.07532898931319396}
{"loss": 1.2498669739373387, "mrr": 0.8496360989810771, "map": 0.9691678224188084, "p@1": 0.6995633187772926, "p@5": 0.8957205240174574, "mode": "android.dev", "roc": 0.15969593259187428, "roc@5": 0.0015957673703039111}
{"loss": 1.253280955817849, "mrr": 0.8450929152148665, "map": 0.9691322644484984, "p@1": 0.6907665505226481, "p@5": 0.8959930313588759, "mode": "android.test", "roc": 0.15674294361658572, "roc@5": 0.0012426783457067066}
Epoch 7
question retrieval loss 0.023723309859633446
question retrieval loss 0.041545700281858444
question retrieval loss 0.03892664611339569

{"loss": 0.09547808083736307, "mrr": 0.6641636266021749, "map": 0.46412377958551254, "p@1": 0.532967032967033, "p@5": 0.41868131868131875, "mode": "dev", "roc": 0.6594756958349741, "roc@5": 0.07433007904609731}
{"loss": 0.0943210359933323, "mrr": 0.6710207694671605, "map": 0.4730586028551399, "p@1": 0.5251396648044693, "p@5": 0.3899441340782125, "mode": "test", "roc": 0.6379818222610318, "roc@5": 0.07131800713099368}
{"loss": 1.2549816973865293, "mrr": 0.8493449781659389, "map": 0.9697006481253556, "p@1": 0.6986899563318777, "p@5": 0.8964192139737897, "mode": "android.dev", "roc": 0.17121181917195843, "roc@5": 0.0017489030254600468}
{"loss": 1.264520214357858, "mrr": 0.8434959349593496, "map": 0.9690192086955275, "p@1": 0.6872822299651568, "p@5": 0.8952961672473776, "mode": "android.test", "roc": 0.16199930922750988, "roc@5": 0.0012811337214477735}
question retrieval loss 0.05223488807678223

{"loss": 0.09529988177038812, "mrr": 0.6548893916540975, "map": 0.4589508551845662, "p@1": 0.5164835164835165, "p@5": 0.4120879120879122, "mode": "dev", "roc": 0.6584691426812249, "roc@5": 0.08136891228909894}
{"loss": 0.09386705763263409, "mrr": 0.6663456189992499, "map": 0.46282784204231653, "p@1": 0.5083798882681564, "p@5": 0.3877094972067039, "mode": "test", "roc": 0.6375379509933838, "roc@5": 0.07026885686200769}
{"loss": 1.252456051189306, "mrr": 0.850509461426492, "map": 0.9696398782472818, "p@1": 0.7013100436681222, "p@5": 0.8958951965065403, "mode": "android.dev", "roc": 0.16621989540706789, "roc@5": 0.0016229251327317864}
{"loss": 1.2612955814246931, "mrr": 0.8427700348432057, "map": 0.9690887158491437, "p@1": 0.686411149825784, "p@5": 0.8968641114982491, "mode": "android.test", "roc": 0.15499434207481, "roc@5": 0.0012476633018212893}
question retrieval loss 0.04842608794569969

{"loss": 0.09583963850861067, "mrr": 0.6616839859486918, "map": 0.4652826530431716, "p@1": 0.532967032967033, "p@5": 0.4131868131868133, "mode": "dev", "roc": 0.6663719000885782, "roc@5": 0.0791905786328437}
{"loss": 0.09344113193577229, "mrr": 0.6793629244746562, "map": 0.4778443494632059, "p@1": 0.5363128491620112, "p@5": 0.3899441340782124, "mode": "test", "roc": 0.6493110310887436, "roc@5": 0.07553881936699115}
{"loss": 1.2595695610389959, "mrr": 0.8465793304221252, "map": 0.9695111934915195, "p@1": 0.6934497816593886, "p@5": 0.8965938864628725, "mode": "android.dev", "roc": 0.16641726551191674, "roc@5": 0.0015269487471882474}
{"loss": 1.2657447353213092, "mrr": 0.842479674796748, "map": 0.9693381246353467, "p@1": 0.6855400696864111, "p@5": 0.8986062717769947, "mode": "android.test", "roc": 0.1613559365486301, "roc@5": 0.0011452580604960029}
question retrieval loss 0.020213225856423378
question retrieval loss 0.04608510807156563
question retrieval loss 0.04561885446310043

{"loss": 0.09623057945825897, "mrr": 0.6607502585039754, "map": 0.468844650016641, "p@1": 0.532967032967033, "p@5": 0.41758241758241765, "mode": "dev", "roc": 0.6569024465872958, "roc@5": 0.07744939356746962}
{"loss": 0.09469584835557965, "mrr": 0.659325458836632, "map": 0.46768508917882745, "p@1": 0.5083798882681564, "p@5": 0.38435754189944155, "mode": "test", "roc": 0.63440139520845, "roc@5": 0.0716650337584275}
{"loss": 1.2481979047627427, "mrr": 0.846433770014556, "map": 0.9697892878577616, "p@1": 0.6934497816593886, "p@5": 0.8972925764192046, "mode": "android.dev", "roc": 0.1796923352547569, "roc@5": 0.001449030140850678}
{"loss": 1.2547362049853346, "mrr": 0.8421893147502904, "map": 0.9695012275603927, "p@1": 0.6846689895470384, "p@5": 0.9001742160278657, "mode": "android.test", "roc": 0.17117530310313522, "roc@5": 0.0011011055920525556}
question retrieval loss 0.0213802270591259

{"loss": 0.0958608749967355, "mrr": 0.6481320255705314, "map": 0.46796863871009314, "p@1": 0.510989010989011, "p@5": 0.4153846153846156, "mode": "dev", "roc": 0.6628443332391118, "roc@5": 0.08016860598871342}
{"loss": 0.0945637804461258, "mrr": 0.665500617431278, "map": 0.4695559154921294, "p@1": 0.5139664804469274, "p@5": 0.39106145251396646, "mode": "test", "roc": 0.6419290483884246, "roc@5": 0.07821818774624768}
{"loss": 1.254820665964393, "mrr": 0.8503639010189228, "map": 0.9697989180689598, "p@1": 0.7013100436681222, "p@5": 0.8981659388646192, "mode": "android.dev", "roc": 0.17479557740815416, "roc@5": 0.0011494416307169934}
{"loss": 1.2681673224171695, "mrr": 0.8420441347270616, "map": 0.96910282697734, "p@1": 0.6846689895470384, "p@5": 0.8952961672473778, "mode": "android.test", "roc": 0.1598711103989746, "roc@5": 0.0009166622158129927}
question retrieval loss 0.039986707270145416
question retrieval loss 0.03128033131361008
question retrieval loss 0.04957015439867973

{"loss": 0.0956825790108069, "mrr": 0.6660041646822088, "map": 0.4703347633422093, "p@1": 0.5274725274725275, "p@5": 0.41868131868131875, "mode": "dev", "roc": 0.6569217107624871, "roc@5": 0.07753830514527595}
{"loss": 0.0941713475023901, "mrr": 0.6566436405895388, "map": 0.46171710195447885, "p@1": 0.49162011173184356, "p@5": 0.38770949720670417, "mode": "test", "roc": 0.6425569244724791, "roc@5": 0.07450580987137416}
{"loss": 1.2498199564661001, "mrr": 0.843377001455604, "map": 0.9694464844263346, "p@1": 0.6873362445414847, "p@5": 0.8972925764192041, "mode": "android.dev", "roc": 0.16356363163267917, "roc@5": 0.0014837238268841943}
{"loss": 1.2568773063425402, "mrr": 0.8429152148664344, "map": 0.9691349982986672, "p@1": 0.686411149825784, "p@5": 0.8970383275261237, "mode": "android.test", "roc": 0.15681523260161304, "roc@5": 0.0011830012996492723}
question retrieval loss 0.03794337064027786
Epoch 8
question retrieval loss 0.0535246841609478
question retrieval loss 0.030545931309461594
question retrieval loss 0.027987103909254074
question retrieval loss 0.05172180384397507

{"loss": 0.0958765510797173, "mrr": 0.6528049681411028, "map": 0.46460670368160656, "p@1": 0.5164835164835165, "p@5": 0.4175824175824176, "mode": "dev", "roc": 0.6526847036151077, "roc@5": 0.07574525499284816}
{"loss": 0.09422818136365053, "mrr": 0.6753491126469662, "map": 0.47288112662007836, "p@1": 0.5251396648044693, "p@5": 0.3854748603351956, "mode": "test", "roc": 0.6407067883250559, "roc@5": 0.07373912313634595}
{"loss": 1.2578805053858777, "mrr": 0.8465793304221252, "map": 0.969291494879075, "p@1": 0.6934497816593886, "p@5": 0.8936244541484615, "mode": "android.dev", "roc": 0.1707261928798319, "roc@5": 0.001349214699885397}
{"loss": 1.2654674030606754, "mrr": 0.8373983739837398, "map": 0.9688873291155026, "p@1": 0.6750871080139372, "p@5": 0.8961672473867505, "mode": "android.test", "roc": 0.15973833965354559, "roc@5": 0.0010721928465879753}
question retrieval loss 0.034133654087781906
question retrieval loss 0.03787945955991745
question retrieval loss 0.023921582847833633

{"loss": 0.09596248964809782, "mrr": 0.6457338367195731, "map": 0.45386835160499894, "p@1": 0.4945054945054945, "p@5": 0.4175824175824176, "mode": "dev", "roc": 0.6572595747581512, "roc@5": 0.07876083934011308}
{"loss": 0.09427414751252648, "mrr": 0.6729546467123648, "map": 0.4816319756194431, "p@1": 0.5251396648044693, "p@5": 0.39776536312849187, "mode": "test", "roc": 0.6410630958971768, "roc@5": 0.07604725372811513}
{"loss": 1.2582037472568746, "mrr": 0.850509461426492, "map": 0.9695727503011151, "p@1": 0.7013100436681222, "p@5": 0.8960698689956235, "mode": "android.dev", "roc": 0.1718737007641142, "roc@5": 0.001186694687031671}
{"loss": 1.2656806988790892, "mrr": 0.8442218350754936, "map": 0.9691315347690347, "p@1": 0.6890243902439024, "p@5": 0.8963414634146251, "mode": "android.test", "roc": 0.16067195072014814, "roc@5": 0.000982036354572807}
question retrieval loss 0.03691446781158447
question retrieval loss 0.03917648270726204

{"loss": 0.09657182007168348, "mrr": 0.6471255688935069, "map": 0.4564301483235117, "p@1": 0.4945054945054945, "p@5": 0.4197802197802199, "mode": "dev", "roc": 0.6631395937704103, "roc@5": 0.07948695055886483}
{"loss": 0.09396996411531332, "mrr": 0.6764635088032617, "map": 0.48391037071776266, "p@1": 0.5307262569832403, "p@5": 0.3899441340782124, "mode": "test", "roc": 0.6459307496259376, "roc@5": 0.07523214467297987}
{"loss": 1.2612223819093413, "mrr": 0.8455604075691412, "map": 0.9694896104576712, "p@1": 0.6917030567685589, "p@5": 0.8962445414847069, "mode": "android.dev", "roc": 0.17109811203785594, "roc@5": 0.001419597382617326}
{"loss": 1.2690458422338506, "mrr": 0.8448025551684089, "map": 0.9692724650682427, "p@1": 0.6898954703832753, "p@5": 0.8959930313588754, "mode": "android.test", "roc": 0.1604513236838826, "roc@5": 0.0010761808114796417}
question retrieval loss 0.04575086385011673
question retrieval loss 0.07313033938407898
question retrieval loss 0.035486623644828796

{"loss": 0.09662096855322738, "mrr": 0.6466337637798532, "map": 0.4566221139794337, "p@1": 0.5, "p@5": 0.41538461538461535, "mode": "dev", "roc": 0.6567672268960486, "roc@5": 0.07887197881237099}
{"loss": 0.09426934051447075, "mrr": 0.6745314790081034, "map": 0.4773179472233652, "p@1": 0.5307262569832403, "p@5": 0.394413407821229, "mode": "test", "roc": 0.6396350409733533, "roc@5": 0.07490932920559956}
{"loss": 1.254244902144353, "mrr": 0.8459970887918485, "map": 0.9693542780786849, "p@1": 0.6925764192139738, "p@5": 0.8946724890829596, "mode": "android.dev", "roc": 0.1668305256093434, "roc@5": 0.0013860411944865475}
{"loss": 1.2626503227531702, "mrr": 0.8378339140534263, "map": 0.9688862553982808, "p@1": 0.6759581881533101, "p@5": 0.8975609756097467, "mode": "android.test", "roc": 0.15571168438106434, "roc@5": 0.0010355890259751818}
question retrieval loss 0.053301431238651276
question retrieval loss 0.02898653782904148

{"loss": 0.09665261600985305, "mrr": 0.639493361447143, "map": 0.448048191588115, "p@1": 0.4945054945054945, "p@5": 0.4131868131868132, "mode": "dev", "roc": 0.6603514748763666, "roc@5": 0.0750710088611501}
{"loss": 0.09435151633936599, "mrr": 0.6651718281507097, "map": 0.4679175968880082, "p@1": 0.5195530726256983, "p@5": 0.3955307262569835, "mode": "test", "roc": 0.6421497734642457, "roc@5": 0.07871048133400264}
{"loss": 1.2561352755825592, "mrr": 0.8422125181950509, "map": 0.9692874660129714, "p@1": 0.6847161572052402, "p@5": 0.8965938864628725, "mode": "android.dev", "roc": 0.16393363126299237, "roc@5": 0.001294899175029646}
{"loss": 1.264518907235267, "mrr": 0.8404471544715447, "map": 0.9687954507659174, "p@1": 0.681184668989547, "p@5": 0.8954703832752519, "mode": "android.test", "roc": 0.15668692695258957, "roc@5": 0.0009720664423436414}

{"loss": 0.0964035685430025, "mrr": 0.6565991189375158, "map": 0.4597051874307676, "p@1": 0.5164835164835165, "p@5": 0.4131868131868132, "mode": "dev", "roc": 0.6547907966143953, "roc@5": 0.0788201137253173}
{"loss": 0.09383925410539078, "mrr": 0.6640001568673066, "map": 0.4670435030868976, "p@1": 0.5139664804469274, "p@5": 0.3910614525139668, "mode": "test", "roc": 0.6385148713015436, "roc@5": 0.07310963297495436}
{"loss": 1.2480141597543741, "mrr": 0.8435225618631732, "map": 0.9691718509067414, "p@1": 0.6873362445414847, "p@5": 0.8955458515283746, "mode": "android.dev", "roc": 0.16500412342989743, "roc@5": 0.0015664767993084014}
{"loss": 1.2534069605820686, "mrr": 0.8426248548199768, "map": 0.9690834972909417, "p@1": 0.6855400696864111, "p@5": 0.8970383275261232, "mode": "android.test", "roc": 0.1580281365165839, "roc@5": 0.0011968167494525448}
question retrieval loss 0.04241412878036499
Epoch 9

{"loss": 0.0962817743522944, "mrr": 0.6494403484617991, "map": 0.46505053334249885, "p@1": 0.5164835164835165, "p@5": 0.4109890109890112, "mode": "dev", "roc": 0.6534604571314679, "roc@5": 0.07401147922562461}
{"loss": 0.09476554042050958, "mrr": 0.6854522566640109, "map": 0.48040774548414383, "p@1": 0.5418994413407822, "p@5": 0.39106145251396673, "mode": "test", "roc": 0.6379120134162108, "roc@5": 0.0752805669930869}
{"loss": 1.256099291529718, "mrr": 0.8468704512372635, "map": 0.9692607122282083, "p@1": 0.6943231441048034, "p@5": 0.8948471615720424, "mode": "android.dev", "roc": 0.1674887814269342, "roc@5": 0.001526664372712563}
{"loss": 1.2624336721485916, "mrr": 0.839576074332172, "map": 0.9690372231901031, "p@1": 0.6794425087108014, "p@5": 0.8977351916376215, "mode": "android.test", "roc": 0.1605951539105201, "roc@5": 0.0011404155316989796}
question retrieval loss 0.04111091047525406

{"loss": 0.09590209563068308, "mrr": 0.6468862176109652, "map": 0.4629670775042504, "p@1": 0.5054945054945055, "p@5": 0.41758241758241776, "mode": "dev", "roc": 0.6593423284682647, "roc@5": 0.08166528421512008}
{"loss": 0.09443014985023264, "mrr": 0.6763737242861029, "map": 0.4662273970888083, "p@1": 0.5195530726256983, "p@5": 0.3877094972067041, "mode": "test", "roc": 0.6460489807908656, "roc@5": 0.0717699487853261}
{"loss": 1.259099943018376, "mrr": 0.8468704512372635, "map": 0.9691722874831221, "p@1": 0.6943231441048034, "p@5": 0.8967685589519553, "mode": "android.dev", "roc": 0.1615725268662786, "roc@5": 0.00148471913754909}
{"loss": 1.2659843923842036, "mrr": 0.8434959349593496, "map": 0.9688821290479072, "p@1": 0.6872822299651568, "p@5": 0.897560975609747, "mode": "android.test", "roc": 0.15114987982695083, "roc@5": 0.001116345315031423}
question retrieval loss 0.04182029888033867

{"loss": 0.09630663074798636, "mrr": 0.6591569929926426, "map": 0.4611959970108359, "p@1": 0.521978021978022, "p@5": 0.41098901098901114, "mode": "dev", "roc": 0.6637986508408997, "roc@5": 0.08115404264273363}
{"loss": 0.09424094959843758, "mrr": 0.6748095479939055, "map": 0.47949081007512157, "p@1": 0.5195530726256983, "p@5": 0.39441340782122924, "mode": "test", "roc": 0.647807921568754, "roc@5": 0.0742072055640474}
{"loss": 1.2595579454992536, "mrr": 0.8443959243085881, "map": 0.9694971039074465, "p@1": 0.6890829694323144, "p@5": 0.8971179039301214, "mode": "android.dev", "roc": 0.17129651300017917, "roc@5": 0.0014440535875261979}
{"loss": 1.2693791657893916, "mrr": 0.8474157955865274, "map": 0.9692784123861063, "p@1": 0.6951219512195121, "p@5": 0.8961672473867505, "mode": "android.test", "roc": 0.1586320639498656, "roc@5": 0.001095978208620413}
question retrieval loss 0.053083132952451706
question retrieval loss 0.05242480710148811
question retrieval loss 0.050190962851047516
question retrieval loss 0.033803485333919525
question retrieval loss 0.05626491829752922

{"loss": 0.09606533434119198, "mrr": 0.6542718369399041, "map": 0.46715691526713277, "p@1": 0.510989010989011, "p@5": 0.4164835164835166, "mode": "dev", "roc": 0.6580860819668426, "roc@5": 0.08070948475370196}
{"loss": 0.09418767996590231, "mrr": 0.6689027656978258, "map": 0.47955315998565534, "p@1": 0.5139664804469274, "p@5": 0.39664804469273757, "mode": "test", "roc": 0.646977075259584, "roc@5": 0.07341630766896565}
{"loss": 1.2532941065240635, "mrr": 0.848471615720524, "map": 0.9693342539717702, "p@1": 0.6978165938864629, "p@5": 0.8976419213973701, "mode": "android.dev", "roc": 0.1656754249265603, "roc@5": 0.0014433426513369865}
{"loss": 1.2595796942814717, "mrr": 0.8452380952380952, "map": 0.9689944659771269, "p@1": 0.6907665505226481, "p@5": 0.8961672473867505, "mode": "android.test", "roc": 0.1544165999038616, "roc@5": 0.001080168776371308}
question retrieval loss 0.040761690586805344
question retrieval loss 0.025959527119994164
question retrieval loss 0.048940252512693405

{"loss": 0.0960726724671466, "mrr": 0.6480162488161842, "map": 0.4604114669328152, "p@1": 0.510989010989011, "p@5": 0.4120879120879122, "mode": "dev", "roc": 0.6626061243035722, "roc@5": 0.07964995511817644}
{"loss": 0.09436945789935869, "mrr": 0.6707437293783004, "map": 0.47384952952339787, "p@1": 0.5083798882681564, "p@5": 0.3899441340782125, "mode": "test", "roc": 0.6478494840601792, "roc@5": 0.08019543248395204}
{"loss": 1.2601220088234115, "mrr": 0.8459970887918485, "map": 0.9696904510379147, "p@1": 0.6925764192139738, "p@5": 0.8976419213973705, "mode": "android.dev", "roc": 0.1716582870987832, "roc@5": 0.0013030038475866559}
{"loss": 1.2688653344736283, "mrr": 0.8452380952380952, "map": 0.969227814565877, "p@1": 0.6907665505226481, "p@5": 0.8972125435539978, "mode": "android.test", "roc": 0.15838757321654298, "roc@5": 0.0010320283430361942}
question retrieval loss 0.042487602680921555
question retrieval loss 0.0387309268116951
question retrieval loss 0.05621854215860367

{"loss": 0.09581395340981064, "mrr": 0.6677589781370868, "map": 0.4756739146956818, "p@1": 0.521978021978022, "p@5": 0.41538461538461535, "mode": "dev", "roc": 0.6603385086046032, "roc@5": 0.07741234707671697}
{"loss": 0.094023837369747, "mrr": 0.6761986349875725, "map": 0.47847423817400525, "p@1": 0.5307262569832403, "p@5": 0.3944134078212292, "mode": "test", "roc": 0.6413269975417601, "roc@5": 0.0789929448679604}
{"loss": 1.2586612453627275, "mrr": 0.8451237263464337, "map": 0.9688842148402876, "p@1": 0.6908296943231441, "p@5": 0.8958951965065405, "mode": "android.dev", "roc": 0.15897286072191308, "roc@5": 0.0014965206782899994}
{"loss": 1.2601939168229752, "mrr": 0.8404471544715447, "map": 0.9690089824269373, "p@1": 0.681184668989547, "p@5": 0.8973867595818724, "mode": "android.test", "roc": 0.15660687567875523, "roc@5": 0.0011865619825882604}
Epoch 10
question retrieval loss 0.08179272711277008

{"loss": 0.09527216334878416, "mrr": 0.6490122051765131, "map": 0.46621419909640477, "p@1": 0.510989010989011, "p@5": 0.42197802197802203, "mode": "dev", "roc": 0.6565782897932102, "roc@5": 0.07545629236497757}
{"loss": 0.09425720976218165, "mrr": 0.6676320053562042, "map": 0.47299775352684226, "p@1": 0.5195530726256983, "p@5": 0.3843575418994414, "mode": "test", "roc": 0.6384212548160033, "roc@5": 0.07297243640131772}
{"loss": 1.2546994391747437, "mrr": 0.8477438136826783, "map": 0.9694632312898444, "p@1": 0.6960698689956332, "p@5": 0.8962445414847067, "mode": "android.dev", "roc": 0.16709706980540256, "roc@5": 0.0015401721603075795}
{"loss": 1.2606039360840562, "mrr": 0.841753774680604, "map": 0.9691750766959378, "p@1": 0.6837979094076655, "p@5": 0.8965156794424994, "mode": "android.test", "roc": 0.16127076501272947, "roc@5": 0.0011498157346579072}
question retrieval loss 0.025242241099476814

{"loss": 0.09591876919084526, "mrr": 0.6535372975620228, "map": 0.46222280495126045, "p@1": 0.5164835164835165, "p@5": 0.40769230769230796, "mode": "dev", "roc": 0.6601295663967583, "roc@5": 0.08130963790389471}
{"loss": 0.09450327311564424, "mrr": 0.6855747237179167, "map": 0.49301864625264974, "p@1": 0.553072625698324, "p@5": 0.38994413407821243, "mode": "test", "roc": 0.6429297763373034, "roc@5": 0.07342437805565016}
{"loss": 1.257422910507069, "mrr": 0.8512372634643377, "map": 0.9693914062297444, "p@1": 0.7030567685589519, "p@5": 0.8943231441047934, "mode": "android.dev", "roc": 0.1652894007945423, "roc@5": 0.0014198817570930103}
{"loss": 1.2618357927022494, "mrr": 0.8426248548199768, "map": 0.968991197267479, "p@1": 0.6855400696864111, "p@5": 0.8965156794424992, "mode": "android.test", "roc": 0.1579053570474817, "roc@5": 0.0010955509266677348}
question retrieval loss 0.03478636220097542
question retrieval loss 0.03784826770424843
question retrieval loss 0.019278237596154213

{"loss": 0.0960746596741316, "mrr": 0.6508996977847981, "map": 0.46494346598032116, "p@1": 0.510989010989011, "p@5": 0.41758241758241776, "mode": "dev", "roc": 0.6676840867910366, "roc@5": 0.07845705811594143}
{"loss": 0.09385294912580672, "mrr": 0.6769072585865222, "map": 0.47451913426962605, "p@1": 0.5307262569832403, "p@5": 0.4011173184357543, "mode": "test", "roc": 0.6508109124540593, "roc@5": 0.07204434193259936}
{"loss": 1.2540814964011247, "mrr": 0.8493449781659389, "map": 0.969386513576376, "p@1": 0.6995633187772926, "p@5": 0.8955458515283742, "mode": "android.dev", "roc": 0.16966239773182917, "roc@5": 0.0011642291034525906}
{"loss": 1.2588615422932112, "mrr": 0.8430603948896632, "map": 0.9692482699987333, "p@1": 0.686411149825784, "p@5": 0.8987804878048689, "mode": "android.test", "roc": 0.16159725115277118, "roc@5": 0.0008995709377058518}
question retrieval loss 0.02186523750424385

{"loss": 0.0961507336738018, "mrr": 0.642275176942232, "map": 0.4535552825954314, "p@1": 0.4945054945054945, "p@5": 0.41428571428571453, "mode": "dev", "roc": 0.659573498570561, "roc@5": 0.07831628145108141}
{"loss": 0.09457520395517349, "mrr": 0.6640375241080915, "map": 0.47153780199720957, "p@1": 0.5083798882681564, "p@5": 0.38994413407821243, "mode": "test", "roc": 0.6412297493822119, "roc@5": 0.07130993674430916}
{"loss": 1.2563872228283028, "mrr": 0.8462882096069869, "map": 0.9692963648527899, "p@1": 0.6934497816593886, "p@5": 0.8972925764192043, "mode": "android.dev", "roc": 0.1693696839746452, "roc@5": 0.0011990649767239492}
{"loss": 1.2628475353121758, "mrr": 0.8389953542392568, "map": 0.9689066789512804, "p@1": 0.6785714285714286, "p@5": 0.895470383275252, "mode": "android.test", "roc": 0.15845402980291626, "roc@5": 0.0009226441631504922}
question retrieval loss 0.04914602264761925
question retrieval loss 0.028302034363150597
question retrieval loss 0.05414070934057236
question retrieval loss 0.0461328849196434

{"loss": 0.09598654840182472, "mrr": 0.6341412905488538, "map": 0.4521432018580158, "p@1": 0.4835164835164835, "p@5": 0.4164835164835166, "mode": "dev", "roc": 0.6611731660412601, "roc@5": 0.07613053849667563}
{"loss": 0.09447051551421927, "mrr": 0.6706790981684179, "map": 0.4821269940659071, "p@1": 0.5307262569832403, "p@5": 0.39664804469273773, "mode": "test", "roc": 0.6415755654516431, "roc@5": 0.08007437668368443}
{"loss": 1.25276535359012, "mrr": 0.8487627365356624, "map": 0.9697270705915709, "p@1": 0.6978165938864629, "p@5": 0.8990393013100342, "mode": "android.dev", "roc": 0.1705136087405339, "roc@5": 0.001466945732818805}
{"loss": 1.2632858920647707, "mrr": 0.842479674796748, "map": 0.969078768580932, "p@1": 0.6855400696864111, "p@5": 0.8963414634146253, "mode": "android.test", "roc": 0.15534863002723928, "roc@5": 0.0011642008937314174}
question retrieval loss 0.02956736460328102

{"loss": 0.09611980656960181, "mrr": 0.6449624088190243, "map": 0.4649876220394078, "p@1": 0.4945054945054945, "p@5": 0.4153846153846156, "mode": "dev", "roc": 0.6534093329742293, "roc@5": 0.0744338092202047}
{"loss": 0.09447295674481872, "mrr": 0.676355989072837, "map": 0.4853442648817046, "p@1": 0.5307262569832403, "p@5": 0.39217877094972087, "mode": "test", "roc": 0.6427828952996454, "roc@5": 0.07618445030175176}
{"loss": 1.2529320107537065, "mrr": 0.8497816593886462, "map": 0.9697508644949282, "p@1": 0.7004366812227074, "p@5": 0.8983406113537021, "mode": "android.dev", "roc": 0.16863119189873996, "roc@5": 0.0017061046668695203}
{"loss": 1.2587390817727777, "mrr": 0.842479674796748, "map": 0.9692605104671835, "p@1": 0.6855400696864111, "p@5": 0.8977351916376217, "mode": "android.test", "roc": 0.1611970944827218, "roc@5": 0.0012670334170093822}
question retrieval loss 0.026127979159355164
question retrieval loss 0.060634516179561615
Epoch 11
question retrieval loss 0.04278666526079178
question retrieval loss 0.04010798782110214

{"loss": 0.09578002220695163, "mrr": 0.6471969467363777, "map": 0.4650520381856839, "p@1": 0.5, "p@5": 0.41648351648351645, "mode": "dev", "roc": 0.6579119634603052, "roc@5": 0.07724934251740535}
{"loss": 0.09452320893383559, "mrr": 0.6912431448571337, "map": 0.49577000801143156, "p@1": 0.547486033519553, "p@5": 0.398882681564246, "mode": "test", "roc": 0.6387920890841563, "roc@5": 0.07771782377180819}
{"loss": 1.2626923974684752, "mrr": 0.8441048034934497, "map": 0.9692319480858563, "p@1": 0.6882096069868996, "p@5": 0.8944978165938764, "mode": "android.dev", "roc": 0.16683259443365406, "roc@5": 0.0015895111318388506}
{"loss": 1.268939278812151, "mrr": 0.839576074332172, "map": 0.9690344828234473, "p@1": 0.6794425087108014, "p@5": 0.8956445993031266, "mode": "android.test", "roc": 0.15763161174313237, "roc@5": 0.0011538036995495733}
question retrieval loss 0.027883656322956085
question retrieval loss 0.051184605807065964

{"loss": 0.09546524019154547, "mrr": 0.6437746466422511, "map": 0.45160819563706184, "p@1": 0.5, "p@5": 0.41758241758241776, "mode": "dev", "roc": 0.6613380229251093, "roc@5": 0.08366579471576263}
{"loss": 0.09397103953794395, "mrr": 0.6770115767469487, "map": 0.4927608066837078, "p@1": 0.5195530726256983, "p@5": 0.3910614525139664, "mode": "test", "roc": 0.6428531076638007, "roc@5": 0.07567601594062778}
{"loss": 1.2628077004153655, "mrr": 0.8446870451237263, "map": 0.9689309606559136, "p@1": 0.6899563318777293, "p@5": 0.8941484716157106, "mode": "android.dev", "roc": 0.15517280015014973, "roc@5": 0.0016212188858776792}
{"loss": 1.268443388494465, "mrr": 0.8376887340301975, "map": 0.9684993141765629, "p@1": 0.6759581881533101, "p@5": 0.895818815331001, "mode": "android.test", "roc": 0.1483555057059944, "roc@5": 0.0012438177642471822}
question retrieval loss 0.03594017028808594
question retrieval loss 0.028942758217453957
question retrieval loss 0.033287521451711655

{"loss": 0.096120329655625, "mrr": 0.6564387072458722, "map": 0.46079801401834897, "p@1": 0.5164835164835165, "p@5": 0.4120879120879124, "mode": "dev", "roc": 0.6669846490456268, "roc@5": 0.08102067527602413}
{"loss": 0.09410194748773255, "mrr": 0.6768533917975259, "map": 0.4892688516919973, "p@1": 0.5251396648044693, "p@5": 0.3910614525139664, "mode": "test", "roc": 0.6460945784756331, "roc@5": 0.08024385480405907}
{"loss": 1.2633422158951322, "mrr": 0.8452692867540029, "map": 0.9689510393414966, "p@1": 0.6917030567685589, "p@5": 0.8937991266375446, "mode": "android.dev", "roc": 0.15972309035430216, "roc@5": 0.001632878239380746}
{"loss": 1.26950715365414, "mrr": 0.841753774680604, "map": 0.9688827351511221, "p@1": 0.6837979094076655, "p@5": 0.8956445993031266, "mode": "android.test", "roc": 0.15175647777243678, "roc@5": 0.0012570635047802166}
question retrieval loss 0.04315602779388428
question retrieval loss 0.058051444590091705

{"loss": 0.09616883420436592, "mrr": 0.6525476301332798, "map": 0.45962719518021306, "p@1": 0.510989010989011, "p@5": 0.4153846153846155, "mode": "dev", "roc": 0.6594642114228408, "roc@5": 0.07617499428557879}
{"loss": 0.09449831034218133, "mrr": 0.6697279747386118, "map": 0.4805497531895809, "p@1": 0.5251396648044693, "p@5": 0.3944134078212291, "mode": "test", "roc": 0.644685488960518, "roc@5": 0.08147862396678876}
{"loss": 1.2547594115463407, "mrr": 0.8429403202328967, "map": 0.9690820499440838, "p@1": 0.6864628820960699, "p@5": 0.8936244541484616, "mode": "android.dev", "roc": 0.16534867865399874, "roc@5": 0.001517706576728499}
{"loss": 1.262624626868901, "mrr": 0.839576074332172, "map": 0.9687981300166707, "p@1": 0.6794425087108014, "p@5": 0.8942508710801298, "mode": "android.test", "roc": 0.15468537449482814, "roc@5": 0.0011008207374174363}
question retrieval loss 0.04702688008546829
question retrieval loss 0.037192631512880325

{"loss": 0.09626177697350363, "mrr": 0.6512075401256074, "map": 0.4597695144154893, "p@1": 0.510989010989011, "p@5": 0.41208791208791234, "mode": "dev", "roc": 0.6596587054992922, "roc@5": 0.07621945007448196}
{"loss": 0.0946214211345052, "mrr": 0.6694644585706038, "map": 0.4776544918909506, "p@1": 0.5251396648044693, "p@5": 0.39106145251396657, "mode": "test", "roc": 0.6442900400129772, "roc@5": 0.08474713057401433}
{"loss": 1.255169539836817, "mrr": 0.843377001455604, "map": 0.9693483912921981, "p@1": 0.6873362445414847, "p@5": 0.8939737991266276, "mode": "android.dev", "roc": 0.17342617922985706, "roc@5": 0.001258499242142022}
{"loss": 1.2683032924237982, "mrr": 0.8407375145180024, "map": 0.9688061038178186, "p@1": 0.6820557491289199, "p@5": 0.8930313588850077, "mode": "android.test", "roc": 0.15612604817604017, "roc@5": 0.0010125158005305415}
question retrieval loss 0.03437810391187668
question retrieval loss 0.043471913784742355

{"loss": 0.09608239240453138, "mrr": 0.6653846557450308, "map": 0.46806993796655927, "p@1": 0.532967032967033, "p@5": 0.42087912087912094, "mode": "dev", "roc": 0.6588651696673706, "roc@5": 0.07922762512359635}
{"loss": 0.09379343607322464, "mrr": 0.6822987582837625, "map": 0.4922062320378476, "p@1": 0.5418994413407822, "p@5": 0.40000000000000013, "mode": "test", "roc": 0.6484353941334745, "roc@5": 0.08019543248395204}
{"loss": 1.2491140157374752, "mrr": 0.8496360989810771, "map": 0.9695254316724383, "p@1": 0.6995633187772926, "p@5": 0.8976419213973703, "mode": "android.dev", "roc": 0.16408592090408333, "roc@5": 0.001635295422424065}
{"loss": 1.2584289400627389, "mrr": 0.8426248548199768, "map": 0.9689954886641425, "p@1": 0.6855400696864111, "p@5": 0.8979094076654963, "mode": "android.test", "roc": 0.1537815307375955, "roc@5": 0.0012626181701650375}
question retrieval loss 0.027763888239860535
Epoch 12
question retrieval loss 0.03982844203710556
question retrieval loss 0.03854842856526375

{"loss": 0.09588259233386962, "mrr": 0.6581053937339872, "map": 0.4652447086282452, "p@1": 0.5274725274725275, "p@5": 0.4153846153846155, "mode": "dev", "roc": 0.655917380398183, "roc@5": 0.07719747743035167}
{"loss": 0.09468999713159806, "mrr": 0.6807587557661064, "map": 0.4796938739836497, "p@1": 0.5363128491620112, "p@5": 0.3944134078212291, "mode": "test", "roc": 0.6375597410374321, "roc@5": 0.07574864942078835}
{"loss": 1.2513867728054264, "mrr": 0.8470160116448325, "map": 0.9697849151884026, "p@1": 0.6943231441048034, "p@5": 0.8953711790392914, "mode": "android.dev", "roc": 0.1795263885294712, "roc@5": 0.001702692173161306}
{"loss": 1.2590086606269515, "mrr": 0.841753774680604, "map": 0.9694466837041293, "p@1": 0.6837979094076655, "p@5": 0.8973867595818724, "mode": "android.test", "roc": 0.16963521515426663, "roc@5": 0.001281845858035571}
question retrieval loss 0.03461400792002678
question retrieval loss 0.037221480160951614
question retrieval loss 0.036457665264606476

{"loss": 0.09571872343524145, "mrr": 0.6544802594697552, "map": 0.45846398854429266, "p@1": 0.521978021978022, "p@5": 0.4109890109890112, "mode": "dev", "roc": 0.6601962500801131, "roc@5": 0.08324346472118255}
{"loss": 0.09419914913577074, "mrr": 0.6764269299259008, "map": 0.4857317213579876, "p@1": 0.5307262569832403, "p@5": 0.3966480446927375, "mode": "test", "roc": 0.6416857262298866, "roc@5": 0.07428790943089247}
{"loss": 1.257299162727256, "mrr": 0.8420669577874818, "map": 0.9690300759031671, "p@1": 0.6847161572052402, "p@5": 0.8937991266375446, "mode": "android.dev", "roc": 0.16272393779023972, "roc@5": 0.0014915441249655197}
{"loss": 1.2639952644653851, "mrr": 0.8407375145180024, "map": 0.9687805561226338, "p@1": 0.6820557491289199, "p@5": 0.8951219512195028, "mode": "android.test", "roc": 0.1533873275294202, "roc@5": 0.00117217682351475}
question retrieval loss 0.03698772192001343
question retrieval loss 0.04145102575421333
question retrieval loss 0.03672151640057564
question retrieval loss 0.05026322603225708

{"loss": 0.09592560031911829, "mrr": 0.6464372462271623, "map": 0.4576399570566786, "p@1": 0.5, "p@5": 0.40439560439560446, "mode": "dev", "roc": 0.6626765126360024, "roc@5": 0.07796063513985604}
{"loss": 0.09409156060834836, "mrr": 0.67597294077741, "map": 0.48834837994788405, "p@1": 0.5251396648044693, "p@5": 0.40111731843575443, "mode": "test", "roc": 0.6478922571096072, "roc@5": 0.07353736346923326}
{"loss": 1.2565417815243833, "mrr": 0.8458515283842795, "map": 0.969636036657225, "p@1": 0.6925764192139738, "p@5": 0.8964192139737894, "mode": "android.dev", "roc": 0.17263980560160846, "roc@5": 0.0016817906491984904}
{"loss": 1.2651313816680725, "mrr": 0.842479674796748, "map": 0.9692159974966578, "p@1": 0.6855400696864111, "p@5": 0.8965156794424997, "mode": "android.test", "roc": 0.16152431412344892, "roc@5": 0.00129665829906176}

{"loss": 0.0959797541068478, "mrr": 0.6401859527820641, "map": 0.45694360101490866, "p@1": 0.4835164835164835, "p@5": 0.4153846153846155, "mode": "dev", "roc": 0.6534849078153646, "roc@5": 0.07386329326261404}
{"loss": 0.09435233178251949, "mrr": 0.6747302560225227, "map": 0.48185012928946996, "p@1": 0.5363128491620112, "p@5": 0.3932960893854749, "mode": "test", "roc": 0.6376678842190044, "roc@5": 0.0759100571544785}
{"loss": 1.2492424697074307, "mrr": 0.8425036390101892, "map": 0.9694395680491577, "p@1": 0.6855895196506551, "p@5": 0.8965938864628725, "mode": "android.dev", "roc": 0.17347130945914824, "roc@5": 0.001499364423046845}
{"loss": 1.2562392219797245, "mrr": 0.840301974448316, "map": 0.9692804063840438, "p@1": 0.681184668989547, "p@5": 0.8973867595818724, "mode": "android.test", "roc": 0.16338468550267946, "roc@5": 0.001104666274991543}
question retrieval loss 0.04523193836212158

{"loss": 0.09605018822169238, "mrr": 0.6456886666881395, "map": 0.4582068589924634, "p@1": 0.5, "p@5": 0.4087912087912089, "mode": "dev", "roc": 0.6602425581935538, "roc@5": 0.07933135529770374}
{"loss": 0.09444280376647438, "mrr": 0.6711208871823396, "map": 0.47426358906000887, "p@1": 0.5195530726256983, "p@5": 0.39329608938547495, "mode": "test", "roc": 0.6446140660383601, "roc@5": 0.07172959685190357}
{"loss": 1.2543056201206024, "mrr": 0.8435225618631732, "map": 0.9693020354667118, "p@1": 0.6873362445414847, "p@5": 0.8967685589519553, "mode": "android.dev", "roc": 0.164673680289152, "roc@5": 0.0014723488478568117}
{"loss": 1.262230910464654, "mrr": 0.8416085946573753, "map": 0.9688946833847621, "p@1": 0.6837979094076655, "p@5": 0.8968641114982489, "mode": "android.test", "roc": 0.15635462265662556, "roc@5": 0.0011103633676939233}
question retrieval loss 0.025071168318390846

{"loss": 0.09622813747929675, "mrr": 0.6466000848070983, "map": 0.45702448996656075, "p@1": 0.5054945054945055, "p@5": 0.41538461538461535, "mode": "dev", "roc": 0.6592682354867594, "roc@5": 0.07481909272403216}
{"loss": 0.09390850870885663, "mrr": 0.6697339022831524, "map": 0.47673925641968407, "p@1": 0.5251396648044693, "p@5": 0.3944134078212291, "mode": "test", "roc": 0.6468991960280785, "roc@5": 0.07513530003276578}
{"loss": 1.2507123938033675, "mrr": 0.8448326055312955, "map": 0.969434651655294, "p@1": 0.6899563318777293, "p@5": 0.8967685589519553, "mode": "android.dev", "roc": 0.16552226083395657, "roc@5": 0.0016893265728041315}
{"loss": 1.258012565741971, "mrr": 0.8430603948896632, "map": 0.9692193322862285, "p@1": 0.686411149825784, "p@5": 0.8973867595818724, "mode": "android.test", "roc": 0.15561681354483795, "roc@5": 0.0012942370346632483}
Epoch 13
question retrieval loss 0.046437062323093414

{"loss": 0.09566516542786753, "mrr": 0.657845099998419, "map": 0.46108187096927117, "p@1": 0.5164835164835165, "p@5": 0.4120879120879122, "mode": "dev", "roc": 0.6608271518176304, "roc@5": 0.07399666062932354}
{"loss": 0.094496367259898, "mrr": 0.668177301392878, "map": 0.4755557964269363, "p@1": 0.5139664804469274, "p@5": 0.39106145251396657, "mode": "test", "roc": 0.6432065906005819, "roc@5": 0.07423948711078543}
{"loss": 1.2551177729946037, "mrr": 0.841193595342067, "map": 0.9693000791369447, "p@1": 0.6829694323144104, "p@5": 0.8953711790392912, "mode": "android.dev", "roc": 0.1688567932796624, "roc@5": 0.0015300768664207776}
{"loss": 1.262715063937242, "mrr": 0.8389953542392568, "map": 0.9690208466770828, "p@1": 0.6785714285714286, "p@5": 0.8965156794424997, "mode": "android.test", "roc": 0.16244297744307362, "roc@5": 0.001144973205860884}
question retrieval loss 0.04773508757352829
question retrieval loss 0.04912913590669632
question retrieval loss 0.03597103804349899

{"loss": 0.09568006168682497, "mrr": 0.6602407812402542, "map": 0.4639109304293105, "p@1": 0.521978021978022, "p@5": 0.4054945054945056, "mode": "dev", "roc": 0.6639772149263274, "roc@5": 0.08267294876359188}
{"loss": 0.09390760437902791, "mrr": 0.6829466361662773, "map": 0.48577691697190006, "p@1": 0.5363128491620112, "p@5": 0.39776536312849164, "mode": "test", "roc": 0.6462927064687377, "roc@5": 0.07620866146180527}
{"loss": 1.2534986704718079, "mrr": 0.8422125181950508, "map": 0.9690220932420021, "p@1": 0.6847161572052402, "p@5": 0.8944978165938762, "mode": "android.dev", "roc": 0.16038787256610998, "roc@5": 0.0014127723952008964}
{"loss": 1.260522316089906, "mrr": 0.8368176538908247, "map": 0.9686191948855308, "p@1": 0.6742160278745645, "p@5": 0.895121951219503, "mode": "android.test", "roc": 0.15260570777475121, "roc@5": 0.0011136391959977923}
question retrieval loss 0.04381420463323593
question retrieval loss 0.030507434159517288

{"loss": 0.09633384928475697, "mrr": 0.6557051487440952, "map": 0.4630807254701785, "p@1": 0.5164835164835165, "p@5": 0.41648351648351656, "mode": "dev", "roc": 0.6644254774644344, "roc@5": 0.07598976183181558}
{"loss": 0.09382505850169245, "mrr": 0.6718612703249573, "map": 0.47577215987202587, "p@1": 0.5251396648044693, "p@5": 0.39329608938547495, "mode": "test", "roc": 0.6528724927326167, "roc@5": 0.07562759362052074}
{"loss": 1.257576046213833, "mrr": 0.846433770014556, "map": 0.9695939924265938, "p@1": 0.6934497816593886, "p@5": 0.8951965065502084, "mode": "android.dev", "roc": 0.16891066091471896, "roc@5": 0.001418744259190272}
{"loss": 1.265642180130249, "mrr": 0.8368176538908247, "map": 0.9690811859445941, "p@1": 0.6742160278745645, "p@5": 0.8970383275261234, "mode": "android.test", "roc": 0.16016562160622413, "roc@5": 0.001065356335345119}
question retrieval loss 0.04237921163439751
question retrieval loss 0.057388462126255035

{"loss": 0.09631885284209972, "mrr": 0.6452823651142554, "map": 0.45552134733290717, "p@1": 0.5054945054945055, "p@5": 0.41318681318681305, "mode": "dev", "roc": 0.6550427127515133, "roc@5": 0.077945816543555}
{"loss": 0.0944698408204417, "mrr": 0.6659570250179413, "map": 0.47226116052384143, "p@1": 0.5195530726256983, "p@5": 0.3966480446927375, "mode": "test", "roc": 0.6397048498181742, "roc@5": 0.07662832156939967}
{"loss": 1.250123295174936, "mrr": 0.8445414847161572, "map": 0.96932001617057, "p@1": 0.6899563318777293, "p@5": 0.8964192139737894, "mode": "android.dev", "roc": 0.16518558989219365, "roc@5": 0.001495240993149419}
{"loss": 1.255617153561489, "mrr": 0.840301974448316, "map": 0.9689356941131942, "p@1": 0.681184668989547, "p@5": 0.8942508710801298, "mode": "android.test", "roc": 0.1589364240061244, "roc@5": 0.0011062329754846978}
question retrieval loss 0.037844255566596985
question retrieval loss 0.026354575529694557
question retrieval loss 0.05258963257074356

{"loss": 0.09652163134376099, "mrr": 0.6425519764118666, "map": 0.4571147094881314, "p@1": 0.4945054945054945, "p@5": 0.4142857142857143, "mode": "dev", "roc": 0.660282197938659, "roc@5": 0.07742716567301802}
{"loss": 0.0946133161515164, "mrr": 0.685374009092379, "map": 0.4939276935428343, "p@1": 0.553072625698324, "p@5": 0.40223463687150857, "mode": "test", "roc": 0.6439046790487919, "roc@5": 0.07718517825063069}
{"loss": 1.254216978669687, "mrr": 0.8442503639010189, "map": 0.9692880426468855, "p@1": 0.6890829694323144, "p@5": 0.8958951965065403, "mode": "android.dev", "roc": 0.16618132000944127, "roc@5": 0.001334142852674115}
{"loss": 1.259323892070026, "mrr": 0.8407375145180024, "map": 0.9689790910083762, "p@1": 0.6820557491289199, "p@5": 0.8935540069686315, "mode": "android.test", "roc": 0.16059718349979532, "roc@5": 0.0010690594456016663}
question retrieval loss 0.0355786494910717

{"loss": 0.09619836547094715, "mrr": 0.663302549816771, "map": 0.46509938633649717, "p@1": 0.5274725274725275, "p@5": 0.41868131868131864, "mode": "dev", "roc": 0.6574292476857982, "roc@5": 0.07457458588506473}
{"loss": 0.09430248444306784, "mrr": 0.6701259579504732, "map": 0.48544309664839735, "p@1": 0.5307262569832403, "p@5": 0.40111731843575416, "mode": "test", "roc": 0.6419782777472, "roc@5": 0.07886381868100828}
{"loss": 1.2536588602971823, "mrr": 0.846433770014556, "map": 0.9693188357832565, "p@1": 0.6934497816593886, "p@5": 0.8953711790392914, "mode": "android.dev", "roc": 0.163817741554789, "roc@5": 0.001690179696231185}
{"loss": 1.2586607903709395, "mrr": 0.8434959349593496, "map": 0.969051101254612, "p@1": 0.6872822299651568, "p@5": 0.8980836236933709, "mode": "android.test", "roc": 0.1579432284712208, "roc@5": 0.0013013584005412237}
question retrieval loss 0.02621685341000557
question retrieval loss 0.016978135332465172
Epoch 14
question retrieval loss 0.02126632258296013

{"loss": 0.0958609650894017, "mrr": 0.6550388942559273, "map": 0.4612698821801772, "p@1": 0.510989010989011, "p@5": 0.41538461538461535, "mode": "dev", "roc": 0.657185481776646, "roc@5": 0.08070948475370196}
{"loss": 0.09478110549503199, "mrr": 0.6704201645442975, "map": 0.4771213802414393, "p@1": 0.5251396648044693, "p@5": 0.3854748603351955, "mode": "test", "roc": 0.6368156513851204, "roc@5": 0.07174573762527257}
{"loss": 1.256229561280996, "mrr": 0.8470160116448325, "map": 0.9694243101783305, "p@1": 0.6943231441048034, "p@5": 0.8964192139737893, "mode": "android.dev", "roc": 0.16900427699211432, "roc@5": 0.0017951138777587876}
{"loss": 1.2650423930756722, "mrr": 0.8404471544715447, "map": 0.9689048373813683, "p@1": 0.681184668989547, "p@5": 0.8958188153310014, "mode": "android.test", "roc": 0.15857458740586447, "roc@5": 0.0013231497801278282}

{"loss": 0.09589549621751348, "mrr": 0.6535273001691452, "map": 0.4634796131267132, "p@1": 0.510989010989011, "p@5": 0.408791208791209, "mode": "dev", "roc": 0.6599739711355972, "roc@5": 0.08118367983533575}
{"loss": 0.09462030943712042, "mrr": 0.6785128787822631, "map": 0.47800682166019043, "p@1": 0.5363128491620112, "p@5": 0.38994413407821243, "mode": "test", "roc": 0.6435411081286548, "roc@5": 0.0717780191720106}
{"loss": 1.252680468325011, "mrr": 0.840320232896652, "map": 0.9693284808558996, "p@1": 0.6812227074235808, "p@5": 0.8967685589519553, "mode": "android.dev", "roc": 0.16843178851638996, "roc@5": 0.0016628797465654671}
{"loss": 1.2600733705565905, "mrr": 0.842479674796748, "map": 0.9690008606063164, "p@1": 0.6855400696864111, "p@5": 0.8970383275261234, "mode": "android.test", "roc": 0.1578482721786039, "roc@5": 0.0012789973116843808}
question retrieval loss 0.03885796666145325

{"loss": 0.09589978222540774, "mrr": 0.6502217638893464, "map": 0.4555460982717177, "p@1": 0.5054945054945055, "p@5": 0.4087912087912089, "mode": "dev", "roc": 0.662875452291344, "roc@5": 0.08059834528144402}
{"loss": 0.09413029975648032, "mrr": 0.6825489532193442, "map": 0.49224739791154, "p@1": 0.5363128491620112, "p@5": 0.3955307262569835, "mode": "test", "roc": 0.6507507880732597, "roc@5": 0.07839573625330686}
{"loss": 1.2547923321026382, "mrr": 0.8503639010189228, "map": 0.9695683105497913, "p@1": 0.7013100436681222, "p@5": 0.8960698689956232, "mode": "android.dev", "roc": 0.17062145776043727, "roc@5": 0.0015967626809688072}
{"loss": 1.261839937769162, "mrr": 0.8429152148664344, "map": 0.9693303880766264, "p@1": 0.686411149825784, "p@5": 0.898083623693371, "mode": "android.test", "roc": 0.16347152343819543, "roc@5": 0.0012238779397888513}
question retrieval loss 0.029721027240157127
question retrieval loss 0.040949881076812744

{"loss": 0.09616699793304388, "mrr": 0.6515529692242685, "map": 0.45557337823133426, "p@1": 0.5, "p@5": 0.4098901098901101, "mode": "dev", "roc": 0.6532622584059413, "roc@5": 0.07584157586880504}
{"loss": 0.09442560191594022, "mrr": 0.6718277216707609, "map": 0.48796186109136547, "p@1": 0.5195530726256983, "p@5": 0.39217877094972076, "mode": "test", "roc": 0.641088517615233, "roc@5": 0.07401351628361921}
{"loss": 1.253469847904022, "mrr": 0.8451237263464337, "map": 0.9696568900758161, "p@1": 0.6908296943231441, "p@5": 0.8993886462882003, "mode": "android.dev", "roc": 0.1695692864191282, "roc@5": 0.0015088909679822776}
{"loss": 1.2626833300713047, "mrr": 0.8407375145180024, "map": 0.9689818022184922, "p@1": 0.6820557491289199, "p@5": 0.8952961672473778, "mode": "android.test", "roc": 0.15509057309191907, "roc@5": 0.0011446883512257649}
question retrieval loss 0.061276208609342575
question retrieval loss 0.0473332405090332

{"loss": 0.09644589788065507, "mrr": 0.6558832721437339, "map": 0.4646211648453118, "p@1": 0.510989010989011, "p@5": 0.4153846153846154, "mode": "dev", "roc": 0.6578034172424, "roc@5": 0.07573784569469764}
{"loss": 0.09458616642312631, "mrr": 0.6718102606124295, "map": 0.4855993818786152, "p@1": 0.5251396648044693, "p@5": 0.3977653631284918, "mode": "test", "roc": 0.645947697437975, "roc@5": 0.07946102729566185}
{"loss": 1.2528999006644086, "mrr": 0.844395924308588, "map": 0.9692583462356997, "p@1": 0.6890829694323144, "p@5": 0.8962445414847062, "mode": "android.dev", "roc": 0.1666401368978726, "roc@5": 0.0013780787091673802}
{"loss": 1.25970292997381, "mrr": 0.8385598141695704, "map": 0.9688065649575848, "p@1": 0.6777003484320557, "p@5": 0.8963414634146254, "mode": "android.test", "roc": 0.15686825117057454, "roc@5": 0.0010382951450088125}
question retrieval loss 0.02815157175064087
question retrieval loss 0.05674843117594719
question retrieval loss 0.04197661206126213
question retrieval loss 0.05399166792631149
question retrieval loss 0.04352764040231705

{"loss": 0.09582070471043443, "mrr": 0.6555116304187087, "map": 0.4607686099492425, "p@1": 0.5164835164835165, "p@5": 0.4131868131868134, "mode": "dev", "roc": 0.6574759262641466, "roc@5": 0.0768640590135779}
{"loss": 0.09428327844878814, "mrr": 0.6749106877425537, "map": 0.47676247425954393, "p@1": 0.5307262569832403, "p@5": 0.40111731843575427, "mode": "test", "roc": 0.6435354588579758, "roc@5": 0.07401351628361921}
{"loss": 1.2517408728078985, "mrr": 0.8477438136826783, "map": 0.9695892381128778, "p@1": 0.6960698689956332, "p@5": 0.8976419213973703, "mode": "android.dev", "roc": 0.16811857135950903, "roc@5": 0.0016426891587918637}
{"loss": 1.2586457418595873, "mrr": 0.8459639953542393, "map": 0.969285704794049, "p@1": 0.6925087108013938, "p@5": 0.8970383275261234, "mode": "android.test", "roc": 0.1588971069451121, "roc@5": 0.0012344175612882548}
question retrieval loss 0.035287246108055115
Epoch 15
question retrieval loss 0.05149799585342407
question retrieval loss 0.03487907350063324
question retrieval loss 0.0493435338139534
question retrieval loss 0.02025848627090454

{"loss": 0.09579080683025686, "mrr": 0.6520826189539828, "map": 0.4723132594081426, "p@1": 0.510989010989011, "p@5": 0.42197802197802214, "mode": "dev", "roc": 0.6625616685146691, "roc@5": 0.07649359410605149}
{"loss": 0.09461443332237238, "mrr": 0.6855157334905937, "map": 0.47779789264550915, "p@1": 0.553072625698324, "p@5": 0.3843575418994414, "mode": "test", "roc": 0.6405570826520582, "roc@5": 0.07262540977388392}
{"loss": 1.2607200605900528, "mrr": 0.8439592430858806, "map": 0.9691685862488085, "p@1": 0.6882096069868996, "p@5": 0.8925764192139638, "mode": "android.dev", "roc": 0.16820443112308012, "roc@5": 0.0014604051198780605}
{"loss": 1.266611325849847, "mrr": 0.8416085946573753, "map": 0.9689798927271509, "p@1": 0.6837979094076655, "p@5": 0.8963414634146251, "mode": "android.test", "roc": 0.15984736064377147, "roc@5": 0.001046271074792145}
question retrieval loss 0.03369949012994766
question retrieval loss 0.014324027113616467

{"loss": 0.09603822875031076, "mrr": 0.6519354446996658, "map": 0.465666135919965, "p@1": 0.5054945054945055, "p@5": 0.41208791208791223, "mode": "dev", "roc": 0.6632896320579584, "roc@5": 0.08402144102698798}
{"loss": 0.09439727224867438, "mrr": 0.6842662142768511, "map": 0.4766550357098381, "p@1": 0.5418994413407822, "p@5": 0.3921787709497207, "mode": "test", "roc": 0.6433599279475877, "roc@5": 0.07313384413500788}
{"loss": 1.2543874493072127, "mrr": 0.8441048034934497, "map": 0.9693797491588644, "p@1": 0.6890829694323144, "p@5": 0.8979912663755362, "mode": "android.dev", "roc": 0.16692751863363753, "roc@5": 0.0016274751243427394}
{"loss": 1.2611332472920003, "mrr": 0.8429152148664344, "map": 0.9689699363126275, "p@1": 0.686411149825784, "p@5": 0.8966898954703746, "mode": "android.test", "roc": 0.15605355267140245, "roc@5": 0.0012186081290391495}
question retrieval loss 0.027131065726280212
question retrieval loss 0.025118857622146606

{"loss": 0.09574129235940976, "mrr": 0.6591847325880515, "map": 0.4638529230086552, "p@1": 0.521978021978022, "p@5": 0.4153846153846154, "mode": "dev", "roc": 0.6666830906109003, "roc@5": 0.08107254036307782}
{"loss": 0.0940797741852659, "mrr": 0.6723730335462178, "map": 0.47469434820003703, "p@1": 0.5251396648044693, "p@5": 0.39888268156424583, "mode": "test", "roc": 0.6496649175448592, "roc@5": 0.07636199880881094}
{"loss": 1.2578715783019254, "mrr": 0.8462882096069869, "map": 0.9693949628045636, "p@1": 0.6934497816593886, "p@5": 0.8957205240174578, "mode": "android.dev", "roc": 0.16775521187320316, "roc@5": 0.0016448219673594977}
{"loss": 1.2632221316574759, "mrr": 0.8459639953542393, "map": 0.9691737806429656, "p@1": 0.6925087108013938, "p@5": 0.8973867595818726, "mode": "android.test", "roc": 0.15779939112321745, "roc@5": 0.0012008047143442111}
question retrieval loss 0.04674703627824783
question retrieval loss 0.024724861606955528
question retrieval loss 0.0418771393597126
question retrieval loss 0.03734660893678665

{"loss": 0.09551776698944005, "mrr": 0.6480502426001779, "map": 0.4566099484191462, "p@1": 0.5054945054945055, "p@5": 0.4252747252747253, "mode": "dev", "roc": 0.6589181461491469, "roc@5": 0.0769455612932337}
{"loss": 0.09417055890630077, "mrr": 0.6832430860117352, "map": 0.48606587951067104, "p@1": 0.547486033519553, "p@5": 0.40111731843575427, "mode": "test", "roc": 0.6428910384812178, "roc@5": 0.07454616180479673}
{"loss": 1.2459804155420529, "mrr": 0.8442503639010189, "map": 0.9693680985397167, "p@1": 0.6890829694323144, "p@5": 0.8974672489082873, "mode": "android.dev", "roc": 0.16534895591911256, "roc@5": 0.0016213610731155216}
{"loss": 1.251741962721539, "mrr": 0.8455284552845529, "map": 0.9691731635139619, "p@1": 0.6916376306620209, "p@5": 0.8966898954703746, "mode": "android.test", "roc": 0.15779278961704857, "roc@5": 0.0012104897719382576}

{"loss": 0.0957235269719264, "mrr": 0.651327472326945, "map": 0.45925819194433326, "p@1": 0.5164835164835165, "p@5": 0.41978021978021995, "mode": "dev", "roc": 0.6635011675201561, "roc@5": 0.07781244917684549}
{"loss": 0.09445027193293891, "mrr": 0.675768711669917, "map": 0.4865671108857942, "p@1": 0.5418994413407822, "p@5": 0.3944134078212292, "mode": "test", "roc": 0.6418548008309269, "roc@5": 0.07849258089352093}
{"loss": 1.2570644467678653, "mrr": 0.8422125181950509, "map": 0.9689711764434682, "p@1": 0.6847161572052402, "p@5": 0.8932751091702957, "mode": "android.dev", "roc": 0.161606175476114, "roc@5": 0.0011022354677533565}
{"loss": 1.2615717334302876, "mrr": 0.8416085946573753, "map": 0.9689160716489088, "p@1": 0.6837979094076655, "p@5": 0.8949477351916284, "mode": "android.test", "roc": 0.15773056312200684, "roc@5": 0.0009153803699549573}
question retrieval loss 0.03520923852920532
question retrieval loss 0.04471179097890854

{"loss": 0.09576911100565078, "mrr": 0.6418196190690919, "map": 0.45684201436468685, "p@1": 0.489010989010989, "p@5": 0.42197802197802214, "mode": "dev", "roc": 0.6596209180787245, "roc@5": 0.08143559597245369}
{"loss": 0.09418399194931851, "mrr": 0.6615429722798662, "map": 0.46503082393743783, "p@1": 0.5139664804469274, "p@5": 0.4000000000000002, "mode": "test", "roc": 0.6487105943194162, "roc@5": 0.07536127085993198}
{"loss": 1.2562931439241467, "mrr": 0.8486171761280932, "map": 0.9693349330559404, "p@1": 0.6978165938864629, "p@5": 0.8950218340611255, "mode": "android.dev", "roc": 0.16455500371108692, "roc@5": 0.0013759459005997458}
{"loss": 1.2626878851537922, "mrr": 0.8407375145180024, "map": 0.9690523768035734, "p@1": 0.6820557491289199, "p@5": 0.8959930313588759, "mode": "android.test", "roc": 0.15787266285673596, "roc@5": 0.0010522530221296442}
