Epoch 0
question retrieval loss 0.05004216358065605
question retrieval loss 0.05004044249653816
question retrieval loss 0.04969130828976631

{"loss": 0.0885058814802995, "mrr": 0.627323500108687, "map": 0.4433583758128235, "p@1": 0.4725274725274725, "p@5": 0.39450549450549455, "mode": "dev", "roc": 0.6026652727307079, "roc@5": 0.05440647631932741}
{"loss": 0.08397161088592513, "mrr": 0.6694269234147212, "map": 0.4544371607176502, "p@1": 0.5251396648044693, "p@5": 0.37988826815642474, "mode": "test", "roc": 0.6034090927432697, "roc@5": 0.06290059381905225}
{"loss": 1.0111421099656535, "mrr": 0.8874818049490538, "map": 0.9740964667000706, "p@1": 0.7755458515283843, "p@5": 0.9210480349344898, "mode": "android.dev", "roc": 0.27253056314677426, "roc@5": 0.008071258556117037}
{"loss": 1.014486738639634, "mrr": 0.8723867595818815, "map": 0.9728136283419905, "p@1": 0.7447735191637631, "p@5": 0.9144599303135806, "mode": "android.test", "roc": 0.2527193647741637, "roc@5": 0.0065291530915629606}

{"loss": 0.09466276420177994, "mrr": 0.6408332936007468, "map": 0.43953061380947817, "p@1": 0.5, "p@5": 0.3890109890109893, "mode": "dev", "roc": 0.6372155709364353, "roc@5": 0.07667882655981469}
{"loss": 0.09235511584904607, "mrr": 0.660802635069719, "map": 0.44869025943088997, "p@1": 0.5027932960893855, "p@5": 0.3798882681564247, "mode": "test", "roc": 0.6204602057302973, "roc@5": 0.05882504854337591}
{"loss": 1.1815415434701995, "mrr": 0.8854439592430858, "map": 0.9726559588867517, "p@1": 0.77117903930131, "p@5": 0.9140611353711701, "mode": "android.dev", "roc": 0.20837502737104333, "roc@5": 0.002806207326055243}
{"loss": 1.1919909513162819, "mrr": 0.8809523809523809, "map": 0.9719221849054106, "p@1": 0.7621951219512195, "p@5": 0.9085365853658457, "mode": "android.test", "roc": 0.1966119532126262, "roc@5": 0.0021885381616193983}
question retrieval loss 0.033765457570552826
question retrieval loss 0.04844921454787254
question retrieval loss 0.030820902436971664

{"loss": 0.09607631009031128, "mrr": 0.6546001029961922, "map": 0.4519770482026907, "p@1": 0.521978021978022, "p@5": 0.3989010989010991, "mode": "dev", "roc": 0.6507253147192005, "roc@5": 0.06772098509582629}
{"loss": 0.09367990046323345, "mrr": 0.6506335300329711, "map": 0.45074295499451783, "p@1": 0.4860335195530726, "p@5": 0.3877094972067039, "mode": "test", "roc": 0.642189721878334, "roc@5": 0.0715601187315289}
{"loss": 1.2315484102376164, "mrr": 0.877292576419214, "map": 0.9718695073826046, "p@1": 0.7554585152838428, "p@5": 0.9096943231440958, "mode": "android.dev", "roc": 0.1929878159755893, "roc@5": 0.0018174372741000258}
{"loss": 1.244558429884163, "mrr": 0.8687572590011615, "map": 0.9712757966065778, "p@1": 0.7378048780487805, "p@5": 0.9067944250870997, "mode": "android.test", "roc": 0.18553302355391768, "roc@5": 0.001365165838807883}
question retrieval loss 0.05100031569600105
question retrieval loss 0.03804873302578926

{"loss": 0.0964202014217665, "mrr": 0.6538675784999314, "map": 0.46011872349586647, "p@1": 0.5164835164835165, "p@5": 0.3934065934065937, "mode": "dev", "roc": 0.6512799006857676, "roc@5": 0.05902246906710637}
{"loss": 0.093525453944113, "mrr": 0.6552116975448349, "map": 0.44693974933474406, "p@1": 0.5027932960893855, "p@5": 0.38100558659217887, "mode": "test", "roc": 0.6343299722862921, "roc@5": 0.0716650337584275}
{"loss": 1.2265733972647304, "mrr": 0.8705967976710335, "map": 0.9711142235065161, "p@1": 0.7414847161572052, "p@5": 0.9051528384279381, "mode": "android.dev", "roc": 0.1796521033758094, "roc@5": 0.0021474538531319584}
{"loss": 1.2304320407817173, "mrr": 0.8700638792102207, "map": 0.970919267063927, "p@1": 0.740418118466899, "p@5": 0.9071428571428483, "mode": "android.test", "roc": 0.18121625095693356, "roc@5": 0.0014580284498566824}
question retrieval loss 0.03678740933537483

{"loss": 0.09570025957629576, "mrr": 0.6543543932724606, "map": 0.46559915582256683, "p@1": 0.5164835164835165, "p@5": 0.40769230769230796, "mode": "dev", "roc": 0.6603837053233215, "roc@5": 0.060237593963792975}
{"loss": 0.09365416289041828, "mrr": 0.646014118762186, "map": 0.4469300892513848, "p@1": 0.4748603351955307, "p@5": 0.3955307262569833, "mode": "test", "roc": 0.6451943268409762, "roc@5": 0.06782352969660188}
{"loss": 1.2426682304086643, "mrr": 0.8694323144104803, "map": 0.9709330021703144, "p@1": 0.7388646288209607, "p@5": 0.9032314410480252, "mode": "android.dev", "roc": 0.1782973007174768, "roc@5": 0.002380640923193298}
{"loss": 1.249628261822026, "mrr": 0.8668699186991871, "map": 0.9706838427134649, "p@1": 0.7343205574912892, "p@5": 0.9050522648083537, "mode": "android.test", "roc": 0.17218057647456783, "roc@5": 0.0017797717602236107}
question retrieval loss 0.0543203167617321
question retrieval loss 0.03722553327679634
question retrieval loss 0.03946659341454506

{"loss": 0.09517367175974689, "mrr": 0.669087996055514, "map": 0.4676983390058445, "p@1": 0.5439560439560439, "p@5": 0.40989010989010993, "mode": "dev", "roc": 0.6543740235934281, "roc@5": 0.06470540074856139}
{"loss": 0.09394798388278018, "mrr": 0.6523533206641116, "map": 0.45345295002555863, "p@1": 0.5027932960893855, "p@5": 0.382122905027933, "mode": "test", "roc": 0.6363685519627987, "roc@5": 0.07914628221496606}
{"loss": 1.2483541637528932, "mrr": 0.8666666666666666, "map": 0.9705489580779592, "p@1": 0.7336244541484717, "p@5": 0.9023580786026106, "mode": "android.dev", "roc": 0.17733388265002886, "roc@5": 0.002103517996638694}
{"loss": 1.2500783396099502, "mrr": 0.863966318234611, "map": 0.9707390373772986, "p@1": 0.7290940766550522, "p@5": 0.9043554006968554, "mode": "android.test", "roc": 0.17587036977692325, "roc@5": 0.0014932079972938808}
Epoch 1
question retrieval loss 0.03376491740345955
question retrieval loss 0.060419388115406036

{"loss": 0.0950541860618434, "mrr": 0.662400971236621, "map": 0.4622535512768342, "p@1": 0.5274725274725275, "p@5": 0.4131868131868134, "mode": "dev", "roc": 0.6578771397589978, "roc@5": 0.06370514549824009}
{"loss": 0.09428993774858933, "mrr": 0.6667062192275364, "map": 0.44985973919796923, "p@1": 0.5307262569832403, "p@5": 0.37877094972067055, "mode": "test", "roc": 0.6355441619629763, "roc@5": 0.06918742504628367}
{"loss": 1.2508532637071401, "mrr": 0.858806404657933, "map": 0.9705214619875445, "p@1": 0.7179039301310044, "p@5": 0.9027074235807764, "mode": "android.dev", "roc": 0.17818708428006338, "roc@5": 0.002395428395928895}
{"loss": 1.258821583349738, "mrr": 0.8584494773519163, "map": 0.9702054078368472, "p@1": 0.7168989547038328, "p@5": 0.9031358885017334, "mode": "android.test", "roc": 0.17171259591589672, "roc@5": 0.0017014367355658814}
question retrieval loss 0.022415921092033386
question retrieval loss 0.04310237616300583
question retrieval loss 0.03972458839416504

{"loss": 0.09554499354991285, "mrr": 0.6558749906349676, "map": 0.453868625916586, "p@1": 0.521978021978022, "p@5": 0.4043956043956046, "mode": "dev", "roc": 0.6622634442641104, "roc@5": 0.07527846920936489}
{"loss": 0.09416478331195575, "mrr": 0.6681981320322983, "map": 0.4560629012275406, "p@1": 0.5251396648044693, "p@5": 0.38659217877094976, "mode": "test", "roc": 0.643890555872094, "roc@5": 0.07116466978398803}
{"loss": 1.2566577197682909, "mrr": 0.8657933042212518, "map": 0.9705515917497117, "p@1": 0.7318777292576419, "p@5": 0.9014847161571959, "mode": "android.dev", "roc": 0.17353193098800224, "roc@5": 0.001957491703374672}
{"loss": 1.2631504035421781, "mrr": 0.857288037166086, "map": 0.9702640825472617, "p@1": 0.7151567944250871, "p@5": 0.902090592334486, "mode": "android.test", "roc": 0.16863987608823378, "roc@5": 0.0015189873417721517}
question retrieval loss 0.05862700566649437

{"loss": 0.09497795452537773, "mrr": 0.6533147605464997, "map": 0.44853560466099573, "p@1": 0.510989010989011, "p@5": 0.40769230769230796, "mode": "dev", "roc": 0.6729143103554944, "roc@5": 0.07052910909487642}
{"loss": 0.09351819655831965, "mrr": 0.6791394664126731, "map": 0.4692038389198688, "p@1": 0.547486033519553, "p@5": 0.3854748603351955, "mode": "test", "roc": 0.6486165743145417, "roc@5": 0.07423948711078543}
{"loss": 1.2497922509778534, "mrr": 0.8605531295487627, "map": 0.9706721710816454, "p@1": 0.7213973799126637, "p@5": 0.9009606986899469, "mode": "android.dev", "roc": 0.1816645859934196, "roc@5": 0.002145889793515693}
{"loss": 1.260138256910163, "mrr": 0.8574332171893148, "map": 0.9703032893999848, "p@1": 0.7151567944250871, "p@5": 0.9019163763066114, "mode": "android.test", "roc": 0.1745484804785558, "roc@5": 0.0015840766258968467}
