Epoch 0
question retrieval loss 0.026677142828702927
question retrieval loss 0.025149857625365257

{"loss": 0.04412043966598563, "mrr": 0.6223984213269503, "map": 0.42929494107032884, "p@1": 0.46153846153846156, "p@5": 0.3824175824175826, "mode": "dev", "roc": 0.6091228465338006, "roc@5": 0.06315685743510102}
{"loss": 0.042116618481095276, "mrr": 0.5952876697888979, "map": 0.3994217124971831, "p@1": 0.41899441340782123, "p@5": 0.3564245810055866, "mode": "test", "roc": 0.5864193146950443, "roc@5": 0.06420799646194247}
question retrieval loss 0.025300879031419754
question retrieval loss 0.02520623989403248
question retrieval loss 0.02509518526494503

{"loss": 0.04447531528197802, "mrr": 0.6377473022607492, "map": 0.44041665633625005, "p@1": 0.4835164835164835, "p@5": 0.39120879120879176, "mode": "dev", "roc": 0.622219521944674, "roc@5": 0.06735052018829989}
{"loss": 0.04264815023699619, "mrr": 0.6471985101002087, "map": 0.4337054620185922, "p@1": 0.49162011173184356, "p@5": 0.36089385474860347, "mode": "test", "roc": 0.6049206761692779, "roc@5": 0.07069658735628659}
question retrieval loss 0.024244090542197227
question retrieval loss 0.02355467900633812
question retrieval loss 0.024797752499580383

{"loss": 0.044990390447060484, "mrr": 0.6456657449933912, "map": 0.45795966956258133, "p@1": 0.489010989010989, "p@5": 0.395604395604396, "mode": "dev", "roc": 0.6267547533426122, "roc@5": 0.06906947735922239}
{"loss": 0.043336222052324416, "mrr": 0.6369297773906282, "map": 0.4208525773462028, "p@1": 0.4860335195530726, "p@5": 0.375418994413408, "mode": "test", "roc": 0.6221465130280253, "roc@5": 0.07526442621971789}
{"loss": 0.5470656377112891, "mrr": 0.8832605531295487, "map": 0.9717529875251762, "p@1": 0.7668122270742358, "p@5": 0.9096943231440962, "mode": "android.dev", "roc": 0.24104518994793106, "roc@5": 0.0006716925115669318}
{"loss": 0.5464430757966996, "mrr": 0.877322880371661, "map": 0.9713294045318834, "p@1": 0.7552264808362369, "p@5": 0.9022648083623596, "mode": "android.test", "roc": 0.24364348306005096, "roc@5": 0.0005541846926240452}
question retrieval loss 0.022271206602454185
question retrieval loss 0.024342656135559082
question retrieval loss 0.022877946496009827
question retrieval loss 0.023111414164304733
question retrieval loss 0.025501320138573647

{"loss": 0.045556238893378564, "mrr": 0.6392996087953222, "map": 0.4611806913097723, "p@1": 0.4945054945054945, "p@5": 0.40659340659340665, "mode": "dev", "roc": 0.6287482250100118, "roc@5": 0.06717269703268722}
{"loss": 0.04392437852253128, "mrr": 0.6458065665820306, "map": 0.433748532914231, "p@1": 0.49162011173184356, "p@5": 0.3910614525139664, "mode": "test", "roc": 0.6291754163108971, "roc@5": 0.08082492264534363}
question retrieval loss 0.026870563626289368

{"loss": 0.0459460908096734, "mrr": 0.65215273327983, "map": 0.46218237885913954, "p@1": 0.5054945054945055, "p@5": 0.3978021978021982, "mode": "dev", "roc": 0.6357070378329877, "roc@5": 0.06990672805023207}
{"loss": 0.04442677612536113, "mrr": 0.6774249668949759, "map": 0.4543546608461809, "p@1": 0.547486033519553, "p@5": 0.38994413407821243, "mode": "test", "roc": 0.6352273992856093, "roc@5": 0.08649840448455247}
question retrieval loss 0.020888863131403923
question retrieval loss 0.026275748386979103
question retrieval loss 0.02626940980553627
question retrieval loss 0.029259849339723587

{"loss": 0.04630824844711102, "mrr": 0.6629112970603719, "map": 0.47291642994851524, "p@1": 0.5164835164835165, "p@5": 0.40000000000000024, "mode": "dev", "roc": 0.636278665185301, "roc@5": 0.07015864418735002}
{"loss": 0.045134068284620785, "mrr": 0.6739597891034752, "map": 0.4574164273687037, "p@1": 0.5363128491620112, "p@5": 0.3899441340782124, "mode": "test", "roc": 0.6356878148459605, "roc@5": 0.08158353899368735}
question retrieval loss 0.016786735504865646
Epoch 1

{"loss": 0.047113031844843875, "mrr": 0.6540054056125059, "map": 0.45991777740133144, "p@1": 0.5164835164835165, "p@5": 0.4010989010989012, "mode": "dev", "roc": 0.6382073054938834, "roc@5": 0.0687286496442981}
{"loss": 0.04590092795021707, "mrr": 0.6631000256073765, "map": 0.4521181807688481, "p@1": 0.5139664804469274, "p@5": 0.39329608938547483, "mode": "test", "roc": 0.6366998413361977, "roc@5": 0.08565908426936368}
question retrieval loss 0.02037585712969303
question retrieval loss 0.018012817949056625

{"loss": 0.047514228631261285, "mrr": 0.6459481034375567, "map": 0.45690077294333614, "p@1": 0.47802197802197804, "p@5": 0.40989010989011015, "mode": "dev", "roc": 0.641085447360456, "roc@5": 0.07558965973168708}
{"loss": 0.04646237920865666, "mrr": 0.6695685332457388, "map": 0.4549762753323784, "p@1": 0.5139664804469274, "p@5": 0.3944134078212292, "mode": "test", "roc": 0.6448807923182831, "roc@5": 0.08873390159616108}
question retrieval loss 0.020226186141371727
question retrieval loss 0.028671201318502426

{"loss": 0.04791235380325016, "mrr": 0.6629778259415843, "map": 0.46884660754243945, "p@1": 0.521978021978022, "p@5": 0.40219780219780227, "mode": "dev", "roc": 0.6425291491050864, "roc@5": 0.07267039626037902}
{"loss": 0.046938553660608534, "mrr": 0.6770000891656288, "map": 0.4595058568089695, "p@1": 0.5363128491620112, "p@5": 0.3854748603351957, "mode": "test", "roc": 0.6478055004527488, "roc@5": 0.08770896248722862}
question retrieval loss 0.02170427143573761
question retrieval loss 0.015320119448006153
question retrieval loss 0.021313900128006935

{"loss": 0.0481833595639238, "mrr": 0.6753700478190577, "map": 0.4700534260616079, "p@1": 0.532967032967033, "p@5": 0.40989010989011015, "mode": "dev", "roc": 0.6436801835727709, "roc@5": 0.07109221575431655}
{"loss": 0.04722102573297543, "mrr": 0.6853629194484826, "map": 0.46420606217594074, "p@1": 0.547486033519553, "p@5": 0.3955307262569835, "mode": "test", "roc": 0.6459989443934216, "roc@5": 0.09418948299488822}
question retrieval loss 0.029672974720597267

{"loss": 0.048262190053259935, "mrr": 0.6712271875191194, "map": 0.47850194333330875, "p@1": 0.5164835164835165, "p@5": 0.4241758241758243, "mode": "dev", "roc": 0.6485788410449925, "roc@5": 0.07819032338252242}
{"loss": 0.047401181822798774, "mrr": 0.6814377888227275, "map": 0.46542893029451293, "p@1": 0.5418994413407822, "p@5": 0.39441340782122924, "mode": "test", "roc": 0.6482804427091319, "roc@5": 0.09414106067478116}
question retrieval loss 0.016286637634038925
question retrieval loss 0.030753428116440773

{"loss": 0.04843438596843363, "mrr": 0.672522636004375, "map": 0.4721245963230738, "p@1": 0.521978021978022, "p@5": 0.4274725274725277, "mode": "dev", "roc": 0.6490045052237404, "roc@5": 0.08104290317047572}
{"loss": 0.04758699159215948, "mrr": 0.6965775760993863, "map": 0.47933252307122554, "p@1": 0.5698324022346368, "p@5": 0.39888268156424594, "mode": "test", "roc": 0.6507709640399709, "roc@5": 0.0869342053655159}
question retrieval loss 0.023894207552075386
question retrieval loss 0.014589500613510609
Epoch 2
question retrieval loss 0.01445066649466753
question retrieval loss 0.016464272513985634
question retrieval loss 0.027074679732322693
question retrieval loss 0.017107337713241577

{"loss": 0.04864672252110073, "mrr": 0.6677511003504862, "map": 0.47093402885399394, "p@1": 0.5164835164835165, "p@5": 0.41868131868131886, "mode": "dev", "roc": 0.6501399801653088, "roc@5": 0.07265557766407797}
{"loss": 0.04781553111762308, "mrr": 0.6909503123017313, "map": 0.4750879059617631, "p@1": 0.5586592178770949, "p@5": 0.39329608938547495, "mode": "test", "roc": 0.6507677358852972, "roc@5": 0.08674858647177222}
question retrieval loss 0.017794758081436157

{"loss": 0.04853481027696814, "mrr": 0.6879128878271957, "map": 0.48210328707906636, "p@1": 0.5384615384615384, "p@5": 0.42417582417582433, "mode": "dev", "roc": 0.6495490886378041, "roc@5": 0.07371510729960348}
{"loss": 0.04770317523839088, "mrr": 0.6889630331118128, "map": 0.46514610231578046, "p@1": 0.5586592178770949, "p@5": 0.38770949720670395, "mode": "test", "roc": 0.6566591181649878, "roc@5": 0.09264803913814727}
question retrieval loss 0.00850802194327116
question retrieval loss 0.02534753456711769
question retrieval loss 0.012536060996353626
question retrieval loss 0.013266950845718384

{"loss": 0.04863152600783896, "mrr": 0.6573842688127978, "map": 0.46648392214349826, "p@1": 0.4945054945054945, "p@5": 0.420879120879121, "mode": "dev", "roc": 0.6522286613139427, "roc@5": 0.07430044185349519}
{"loss": 0.047625051592814854, "mrr": 0.6862617668310629, "map": 0.47398163648275116, "p@1": 0.547486033519553, "p@5": 0.39664804469273746, "mode": "test", "roc": 0.6619290806699711, "roc@5": 0.09291436189873603}
question retrieval loss 0.02036910317838192
question retrieval loss 0.01456026453524828
question retrieval loss 0.017598679289221764

{"loss": 0.048773414424651274, "mrr": 0.6753076486108159, "map": 0.4768795771264714, "p@1": 0.5384615384615384, "p@5": 0.4263736263736266, "mode": "dev", "roc": 0.6498169347659458, "roc@5": 0.07656027778940624}
{"loss": 0.04781669535408806, "mrr": 0.6790874877745952, "map": 0.4597613108348353, "p@1": 0.5363128491620112, "p@5": 0.3955307262569833, "mode": "test", "roc": 0.6561321219144894, "roc@5": 0.0934308666465445}
question retrieval loss 0.023840993642807007
question retrieval loss 0.015840668231248856

{"loss": 0.04883058930000106, "mrr": 0.6680171041879187, "map": 0.4665176924881678, "p@1": 0.5164835164835165, "p@5": 0.42307692307692313, "mode": "dev", "roc": 0.6521201150960375, "roc@5": 0.08074653124445458}
{"loss": 0.04784345310493555, "mrr": 0.6853689422897009, "map": 0.4660164908942244, "p@1": 0.547486033519553, "p@5": 0.40670391061452543, "mode": "test", "roc": 0.655805674773101, "roc@5": 0.09675586596056164}
{"loss": 0.6631950021310664, "mrr": 0.8631732168850074, "map": 0.9704448688610011, "p@1": 0.7275109170305677, "p@5": 0.9006113537117807, "mode": "android.dev", "roc": 0.1961006287519657, "roc@5": 0.0020709571191728114}
{"loss": 0.6655572824446219, "mrr": 0.8540940766550523, "map": 0.970020304393826, "p@1": 0.7090592334494773, "p@5": 0.8993031358884923, "mode": "android.test", "roc": 0.19556119567733093, "roc@5": 0.0012728729370293222}
question retrieval loss 0.020161528140306473

{"loss": 0.04891595847208749, "mrr": 0.675203298881343, "map": 0.46988676984533456, "p@1": 0.532967032967033, "p@5": 0.41868131868131886, "mode": "dev", "roc": 0.650893876252125, "roc@5": 0.07924985301804793}
{"loss": 0.04789944646578261, "mrr": 0.6866746321634157, "map": 0.4699706963627534, "p@1": 0.5586592178770949, "p@5": 0.4055865921787711, "mode": "test", "roc": 0.6546354687038475, "roc@5": 0.09290629151205151}
question retrieval loss 0.024391423910856247
Epoch 3

{"loss": 0.04897200821765831, "mrr": 0.6769297193505338, "map": 0.4765487542073004, "p@1": 0.5384615384615384, "p@5": 0.42307692307692313, "mode": "dev", "roc": 0.6537386762770203, "roc@5": 0.07774576549349074}
{"loss": 0.048196626525351456, "mrr": 0.7001426950276335, "map": 0.48886254257572687, "p@1": 0.5810055865921788, "p@5": 0.4078212290502794, "mode": "test", "roc": 0.6559662754681227, "roc@5": 0.09206697129686273}
{"loss": 0.668930783412342, "mrr": 0.859825327510917, "map": 0.9700909937260571, "p@1": 0.7205240174672489, "p@5": 0.8999126637554489, "mode": "android.dev", "roc": 0.1898675881347594, "roc@5": 0.0021882615903926926}
{"loss": 0.670063402146776, "mrr": 0.8514808362369339, "map": 0.9696680840044577, "p@1": 0.7038327526132404, "p@5": 0.897038327526123, "mode": "android.test", "roc": 0.19154712385835607, "roc@5": 0.001371005358827823}
question retrieval loss 0.023717785254120827

{"loss": 0.04893619164947297, "mrr": 0.6588619126151447, "map": 0.45794963309950043, "p@1": 0.5054945054945055, "p@5": 0.4208791208791211, "mode": "dev", "roc": 0.65419101392911, "roc@5": 0.07698260778398633}
{"loss": 0.04815827872000593, "mrr": 0.6883642965173917, "map": 0.47481722780511876, "p@1": 0.5586592178770949, "p@5": 0.39888268156424594, "mode": "test", "roc": 0.6584144272688681, "roc@5": 0.09122765108167392}

{"loss": 0.04887298082134554, "mrr": 0.6859789477921348, "map": 0.48593488302253257, "p@1": 0.5494505494505495, "p@5": 0.42417582417582445, "mode": "dev", "roc": 0.6525613388009014, "roc@5": 0.0787386114456615}
{"loss": 0.04830462010005, "mrr": 0.7000589459987214, "map": 0.4866591572325358, "p@1": 0.5642458100558659, "p@5": 0.4078212290502795, "mode": "test", "roc": 0.6605034468621529, "roc@5": 0.08778966635407369}
question retrieval loss 0.020550409331917763
question retrieval loss 0.02909858152270317
question retrieval loss 0.013530135154724121
question retrieval loss 0.021144699305295944
question retrieval loss 0.020955583080649376
question retrieval loss 0.027680153027176857

{"loss": 0.04891729408588547, "mrr": 0.6718535280348468, "map": 0.4811548999101067, "p@1": 0.521978021978022, "p@5": 0.42307692307692324, "mode": "dev", "roc": 0.6495305653924278, "roc@5": 0.07746421216377067}
{"loss": 0.04831067406098936, "mrr": 0.6963907905075728, "map": 0.4828202362364641, "p@1": 0.5698324022346368, "p@5": 0.4044692737430169, "mode": "test", "roc": 0.6594869816592392, "roc@5": 0.08748299166006239}
question retrieval loss 0.024010751396417618

{"loss": 0.0489316534783159, "mrr": 0.6718984585944832, "map": 0.4786088837325147, "p@1": 0.5274725274725275, "p@5": 0.42417582417582433, "mode": "dev", "roc": 0.6546370536777718, "roc@5": 0.08277667893769929}
{"loss": 0.04822462123907145, "mrr": 0.6880254642725024, "map": 0.48353876686252323, "p@1": 0.553072625698324, "p@5": 0.41564245810055894, "mode": "test", "roc": 0.6611236560788574, "roc@5": 0.09021078235942596}
question retrieval loss 0.021233627572655678
question retrieval loss 0.006337364204227924
question retrieval loss 0.011372720822691917

{"loss": 0.04889824989528119, "mrr": 0.6754478624872937, "map": 0.48382746000555604, "p@1": 0.532967032967033, "p@5": 0.42307692307692324, "mode": "dev", "roc": 0.6517229767151691, "roc@5": 0.07889420670682258}
{"loss": 0.04822285861484498, "mrr": 0.6924713083758001, "map": 0.4827316198078903, "p@1": 0.5586592178770949, "p@5": 0.40782122905027957, "mode": "test", "roc": 0.6580706287961081, "roc@5": 0.09009779694584286}
Epoch 4
question retrieval loss 0.021056924015283585

{"loss": 0.048927052202378654, "mrr": 0.6719003241425673, "map": 0.4787806269252317, "p@1": 0.5274725274725275, "p@5": 0.42967032967032986, "mode": "dev", "roc": 0.653650505629029, "roc@5": 0.07751607725082436}
{"loss": 0.04840613829814855, "mrr": 0.7054933887163163, "map": 0.4791170529751846, "p@1": 0.5754189944134078, "p@5": 0.40335195530726276, "mode": "test", "roc": 0.6596798639009989, "roc@5": 0.0886451273426315}
question retrieval loss 0.012580794282257557
question retrieval loss 0.018149863928556442
question retrieval loss 0.021005991846323013
question retrieval loss 0.019076261669397354

{"loss": 0.04876450030133128, "mrr": 0.6855829479900265, "map": 0.48212759509697267, "p@1": 0.5439560439560439, "p@5": 0.4274725274725275, "mode": "dev", "roc": 0.6553690923350439, "roc@5": 0.07770130970458757}
{"loss": 0.048285861952261554, "mrr": 0.7125440145140234, "map": 0.4904953810088125, "p@1": 0.5865921787709497, "p@5": 0.4055865921787711, "mode": "test", "roc": 0.6649397384226268, "roc@5": 0.09221223825718386}
question retrieval loss 0.020579662173986435

{"loss": 0.04896505237915195, "mrr": 0.6799200211732535, "map": 0.48184085905192575, "p@1": 0.5274725274725275, "p@5": 0.42857142857142866, "mode": "dev", "roc": 0.6547474522202147, "roc@5": 0.07893866249572573}
{"loss": 0.048270844141614505, "mrr": 0.7117867588438528, "map": 0.49717367974976334, "p@1": 0.5865921787709497, "p@5": 0.40782122905027957, "mode": "test", "roc": 0.6640661190640288, "roc@5": 0.0900332338523668}
question retrieval loss 0.026631850749254227
question retrieval loss 0.008755859918892384
question retrieval loss 0.015233784914016724
question retrieval loss 0.016481444239616394

{"loss": 0.04883544732417379, "mrr": 0.6680793381544837, "map": 0.4804287179225904, "p@1": 0.510989010989011, "p@5": 0.4252747252747254, "mode": "dev", "roc": 0.6551123601541282, "roc@5": 0.07931653670140269}
{"loss": 0.04839628300104061, "mrr": 0.7220085335455814, "map": 0.5071965799457394, "p@1": 0.6033519553072626, "p@5": 0.41117318435754213, "mode": "test", "roc": 0.6638583066069028, "roc@5": 0.0909693987077697}
question retrieval loss 0.015176096931099892
question retrieval loss 0.018104512244462967
question retrieval loss 0.018484432250261307
question retrieval loss 0.01489788293838501

{"loss": 0.04847567426654827, "mrr": 0.6794958040594758, "map": 0.48583191010641313, "p@1": 0.532967032967033, "p@5": 0.43406593406593436, "mode": "dev", "roc": 0.657557058078895, "roc@5": 0.07893866249572574}
{"loss": 0.04836577144789629, "mrr": 0.7210463539973025, "map": 0.5022814663461487, "p@1": 0.6089385474860335, "p@5": 0.4067039106145254, "mode": "test", "roc": 0.6635492107968861, "roc@5": 0.09496424011660096}

{"loss": 0.04887498074958285, "mrr": 0.6857132968841115, "map": 0.48651998836324817, "p@1": 0.5439560439560439, "p@5": 0.42087912087912116, "mode": "dev", "roc": 0.6558206890573186, "roc@5": 0.079264671614349}
{"loss": 0.048232234577393396, "mrr": 0.7072708632591538, "map": 0.49708251801575987, "p@1": 0.5810055865921788, "p@5": 0.40446927374301694, "mode": "test", "roc": 0.6621611042871508, "roc@5": 0.0944961576888995}
question retrieval loss 0.017341431230306625
Epoch 5

{"loss": 0.048818076663947364, "mrr": 0.6867717568469024, "map": 0.4892542380613002, "p@1": 0.5384615384615384, "p@5": 0.4197802197802201, "mode": "dev", "roc": 0.6570395186030806, "roc@5": 0.07732343549891063}
{"loss": 0.048511334752154085, "mrr": 0.7048969026449697, "map": 0.48660751653470086, "p@1": 0.5754189944134078, "p@5": 0.4078212290502795, "mode": "test", "roc": 0.6626776090349592, "roc@5": 0.09362455592697268}
question retrieval loss 0.00930663663893938

{"loss": 0.04867474194411393, "mrr": 0.6968745889964376, "map": 0.4941824696414109, "p@1": 0.554945054945055, "p@5": 0.4340659340659343, "mode": "dev", "roc": 0.6598620907335241, "roc@5": 0.07813104899731818}
{"loss": 0.04823149874931274, "mrr": 0.7052966060926522, "map": 0.4843392987293186, "p@1": 0.5754189944134078, "p@5": 0.4044692737430169, "mode": "test", "roc": 0.6651661127691271, "roc@5": 0.09447194652884597}
question retrieval loss 0.01815253682434559
question retrieval loss 0.008960507810115814

{"loss": 0.0488213915173169, "mrr": 0.6841627793308467, "map": 0.4836759954563624, "p@1": 0.5274725274725275, "p@5": 0.4285714285714287, "mode": "dev", "roc": 0.6563693475853652, "roc@5": 0.07879788583086572}
{"loss": 0.048371040173832265, "mrr": 0.7062129748409302, "map": 0.494212461625131, "p@1": 0.5754189944134078, "p@5": 0.40000000000000013, "mode": "test", "roc": 0.6645894836405192, "roc@5": 0.09026727506621753}
question retrieval loss 0.008863183669745922
question retrieval loss 0.00034692735061980784
question retrieval loss 0.038543760776519775

{"loss": 0.048786569238323106, "mrr": 0.693602688520271, "map": 0.4946095228532936, "p@1": 0.5604395604395604, "p@5": 0.42307692307692324, "mode": "dev", "roc": 0.6570710081202202, "roc@5": 0.07804954671766239}
{"loss": 0.04834660403846695, "mrr": 0.703808494091845, "map": 0.4914419328937386, "p@1": 0.5698324022346368, "p@5": 0.41005586592178805, "mode": "test", "roc": 0.6618193234110619, "roc@5": 0.0892584767306541}
question retrieval loss 0.010069129057228565

{"loss": 0.04880238901619073, "mrr": 0.684047776811998, "map": 0.4975372500741265, "p@1": 0.5439560439560439, "p@5": 0.4351648351648354, "mode": "dev", "roc": 0.6591622825232069, "roc@5": 0.08137632158724949}
{"loss": 0.048482830578971174, "mrr": 0.7018959231775098, "map": 0.4886224086401757, "p@1": 0.5698324022346368, "p@5": 0.4033519553072628, "mode": "test", "roc": 0.6615747906945214, "roc@5": 0.08979919263851606}
question retrieval loss 0.02579471468925476
question retrieval loss 0.021343711763620377

{"loss": 0.04864766717898649, "mrr": 0.6884782669567739, "map": 0.48967052072156014, "p@1": 0.554945054945055, "p@5": 0.431868131868132, "mode": "dev", "roc": 0.6574336932646886, "roc@5": 0.07812363969916766}
{"loss": 0.048418335689429465, "mrr": 0.6941053664344391, "map": 0.4916410271750608, "p@1": 0.553072625698324, "p@5": 0.4134078212290505, "mode": "test", "roc": 0.6612104127357158, "roc@5": 0.09152625538900071}
Epoch 6
question retrieval loss 0.010073485784232616
question retrieval loss 0.00997346080839634
question retrieval loss 0.020621219649910927
question retrieval loss 0.0073863789439201355
question retrieval loss 0.022471126168966293

{"loss": 0.04867106379306579, "mrr": 0.6911552755403759, "map": 0.49606327437003406, "p@1": 0.5494505494505495, "p@5": 0.4307692307692311, "mode": "dev", "roc": 0.6620589476351557, "roc@5": 0.07926467161434897}
{"loss": 0.048476090404990665, "mrr": 0.6924364867874129, "map": 0.48299515231745144, "p@1": 0.553072625698324, "p@5": 0.4078212290502795, "mode": "test", "roc": 0.6634890864160865, "roc@5": 0.0931080511791642}
question retrieval loss 0.018880149349570274
question retrieval loss 0.017615310847759247
question retrieval loss 0.0223381407558918

{"loss": 0.048575632606766055, "mrr": 0.6801711795530478, "map": 0.4904578442911369, "p@1": 0.532967032967033, "p@5": 0.43186813186813205, "mode": "dev", "roc": 0.6648707762832811, "roc@5": 0.07870897425305938}
{"loss": 0.04842686901836755, "mrr": 0.7025452916094943, "map": 0.4935332055928616, "p@1": 0.5698324022346368, "p@5": 0.410055865921788, "mode": "test", "roc": 0.6640854879920717, "roc@5": 0.09129221417514997}
question retrieval loss 0.019367670640349388

{"loss": 0.048684360479915534, "mrr": 0.6865209545356604, "map": 0.4908635101690969, "p@1": 0.5494505494505495, "p@5": 0.4340659340659343, "mode": "dev", "roc": 0.6632236893044188, "roc@5": 0.0780273188232108}
{"loss": 0.048429924588879396, "mrr": 0.6949039215872499, "map": 0.4822746370151907, "p@1": 0.5586592178770949, "p@5": 0.4033519553072628, "mode": "test", "roc": 0.6640318199206197, "roc@5": 0.09029955661295555}
question retrieval loss 0.004968523979187012
question retrieval loss 0.01767965778708458
question retrieval loss 0.005349393002688885
question retrieval loss 0.007598125841468573

{"loss": 0.04863874055445194, "mrr": 0.6875823374894159, "map": 0.49271466561670746, "p@1": 0.5604395604395604, "p@5": 0.43076923076923096, "mode": "dev", "roc": 0.663213316287008, "roc@5": 0.08045015931843348}
{"loss": 0.048479112416672306, "mrr": 0.70419507270801, "map": 0.4871248728448051, "p@1": 0.5754189944134078, "p@5": 0.40782122905027957, "mode": "test", "roc": 0.6632308340421823, "roc@5": 0.09472212851606572}
question retrieval loss 0.01852181740105152
question retrieval loss 0.023643068969249725

{"loss": 0.04866638460841317, "mrr": 0.6841633358561284, "map": 0.49459435911729904, "p@1": 0.554945054945055, "p@5": 0.4263736263736264, "mode": "dev", "roc": 0.664714440092305, "roc@5": 0.08245807911722657}
{"loss": 0.04848015748547109, "mrr": 0.6972739677422125, "map": 0.48241638811722987, "p@1": 0.5586592178770949, "p@5": 0.4078212290502795, "mode": "test", "roc": 0.6622288955353007, "roc@5": 0.0928901507386825}
question retrieval loss 0.0040433346293866634
question retrieval loss 0.03670288994908333

{"loss": 0.04868752272431176, "mrr": 0.6696087871225234, "map": 0.48453758878119474, "p@1": 0.532967032967033, "p@5": 0.4252747252747254, "mode": "dev", "roc": 0.6618314821819345, "roc@5": 0.0804279314239819}
{"loss": 0.04862524181937372, "mrr": 0.6816306308771759, "map": 0.480158572032246, "p@1": 0.5418994413407822, "p@5": 0.4022346368715087, "mode": "test", "roc": 0.6623882856723197, "roc@5": 0.09244627947103458}
question retrieval loss 0.01941082254052162
question retrieval loss 0.024242553859949112
Epoch 7
question retrieval loss 0.01782510057091713

{"loss": 0.04853752854658843, "mrr": 0.6773156025903281, "map": 0.49068609079276543, "p@1": 0.5494505494505495, "p@5": 0.4285714285714288, "mode": "dev", "roc": 0.661508066317664, "roc@5": 0.08052425229993875}
{"loss": 0.048680818686521916, "mrr": 0.6969740814088063, "map": 0.4885465559212387, "p@1": 0.553072625698324, "p@5": 0.40558659217877124, "mode": "test", "roc": 0.6613661711987269, "roc@5": 0.09319682543269378}
question retrieval loss 0.0160159170627594
question retrieval loss 0.017392542213201523

{"loss": 0.04843085849719061, "mrr": 0.6641781622995262, "map": 0.4799173778694045, "p@1": 0.521978021978022, "p@5": 0.42857142857142894, "mode": "dev", "roc": 0.6619270621280763, "roc@5": 0.07812363969916768}
{"loss": 0.04855835641729099, "mrr": 0.6914201349536111, "map": 0.48333194352833087, "p@1": 0.553072625698324, "p@5": 0.39776536312849187, "mode": "test", "roc": 0.6645164466410244, "roc@5": 0.09113887682814434}
question retrieval loss 0.009874138049781322

{"loss": 0.04841111614215341, "mrr": 0.6894727700117165, "map": 0.4931562971236188, "p@1": 0.5604395604395604, "p@5": 0.4329670329670332, "mode": "dev", "roc": 0.6645132776475182, "roc@5": 0.07790136075465182}
{"loss": 0.04860922144777948, "mrr": 0.700001462159651, "map": 0.48731880769845703, "p@1": 0.5642458100558659, "p@5": 0.4022346368715087, "mode": "test", "roc": 0.6657217588923556, "roc@5": 0.09087255406755558}
{"loss": 0.6813768485878232, "mrr": 0.8585152838427947, "map": 0.9699168602756327, "p@1": 0.7179039301310044, "p@5": 0.9006113537117811, "mode": "android.dev", "roc": 0.1793731391245248, "roc@5": 0.0024123486772321266}
{"loss": 0.6841763109520389, "mrr": 0.8501742160278747, "map": 0.9692439847414736, "p@1": 0.7012195121951219, "p@5": 0.895470383275252, "mode": "android.test", "roc": 0.17759527141305706, "roc@5": 0.0015803735156402995}
question retrieval loss 0.018123064190149307
question retrieval loss 0.0199824720621109
question retrieval loss 0.019792940467596054
question retrieval loss 0.029258694499731064

{"loss": 0.04849206840946943, "mrr": 0.6851123258161074, "map": 0.4859801170048293, "p@1": 0.5494505494505495, "p@5": 0.43406593406593424, "mode": "dev", "roc": 0.6617547959460766, "roc@5": 0.07671587305056733}
{"loss": 0.048566300900621785, "mrr": 0.6944390543626062, "map": 0.48608313937617603, "p@1": 0.553072625698324, "p@5": 0.40782122905027957, "mode": "test", "roc": 0.6647746990149286, "roc@5": 0.09239785715092752}
question retrieval loss 0.018670761957764626
question retrieval loss 0.0031587928533554077
question retrieval loss 0.014299267902970314

{"loss": 0.04840394422657542, "mrr": 0.6874693552335764, "map": 0.48721102392158183, "p@1": 0.5604395604395604, "p@5": 0.4329670329670332, "mode": "dev", "roc": 0.6634430045296744, "roc@5": 0.08070948475370196}
{"loss": 0.04852192735497179, "mrr": 0.6974216497786554, "map": 0.48756959479878553, "p@1": 0.5586592178770949, "p@5": 0.40893854748603375, "mode": "test", "roc": 0.6631606216780271, "roc@5": 0.09155046654905423}
question retrieval loss 0.01536965649574995
question retrieval loss 0.028810987249016762

{"loss": 0.04855788537495575, "mrr": 0.6752099929984547, "map": 0.487972199771668, "p@1": 0.5494505494505495, "p@5": 0.4340659340659343, "mode": "dev", "roc": 0.6633148236716703, "roc@5": 0.08050202440548718}
{"loss": 0.04848805677624388, "mrr": 0.6917028108894255, "map": 0.4781984857605848, "p@1": 0.547486033519553, "p@5": 0.40670391061452543, "mode": "test", "roc": 0.6621457705524503, "roc@5": 0.09069500556049642}
question retrieval loss 0.0064920992590487
question retrieval loss 0.029881954193115234
Epoch 8
question retrieval loss 0.010974997654557228
question retrieval loss 0.006048724986612797
question retrieval loss 0.01024637185037136
question retrieval loss 0.014784345403313637

{"loss": 0.048689089403334225, "mrr": 0.6836980479837623, "map": 0.49212549512922227, "p@1": 0.5604395604395604, "p@5": 0.43626373626373643, "mode": "dev", "roc": 0.6654186938815128, "roc@5": 0.0799537363423481}
{"loss": 0.04870711697796203, "mrr": 0.6968027931542125, "map": 0.491443695937769, "p@1": 0.5586592178770949, "p@5": 0.410055865921788, "mode": "test", "roc": 0.6631053395292382, "roc@5": 0.09067079440044289}
question retrieval loss 0.00029384641675278544

{"loss": 0.04854560918225856, "mrr": 0.6841128956513572, "map": 0.4898201329172772, "p@1": 0.5494505494505495, "p@5": 0.43516483516483556, "mode": "dev", "roc": 0.666686424795068, "roc@5": 0.082576627887635}
{"loss": 0.04866993786278051, "mrr": 0.7018831150016616, "map": 0.48716511920848826, "p@1": 0.5642458100558659, "p@5": 0.40670391061452543, "mode": "test", "roc": 0.6634321901899608, "roc@5": 0.08595768857669046}
question retrieval loss 0.016387348994612694
question retrieval loss 0.0038198947440832853

{"loss": 0.04881419023437487, "mrr": 0.689085377292391, "map": 0.4979747824140438, "p@1": 0.5659340659340659, "p@5": 0.4285714285714288, "mode": "dev", "roc": 0.6640531602323704, "roc@5": 0.08103549387232518}
{"loss": 0.048719043692563496, "mrr": 0.7068937474038913, "map": 0.4996405732065439, "p@1": 0.5754189944134078, "p@5": 0.4044692737430171, "mode": "test", "roc": 0.6643481790786524, "roc@5": 0.08523942416176929}
{"loss": 0.6804390346379259, "mrr": 0.8589519650655022, "map": 0.9700429755216408, "p@1": 0.7187772925764192, "p@5": 0.9011353711790301, "mode": "android.dev", "roc": 0.1848427551336702, "roc@5": 0.002521832850370682}
{"loss": 0.6840220164728289, "mrr": 0.848432055749129, "map": 0.9693383127204237, "p@1": 0.6977351916376306, "p@5": 0.8979094076654961, "mode": "android.test", "roc": 0.18237543840908688, "roc@5": 0.001628229094340294}
question retrieval loss 0.011406218633055687
question retrieval loss 0.021724531427025795
question retrieval loss 0.020614903420209885
question retrieval loss 0.02142895758152008
question retrieval loss 0.020368259400129318

{"loss": 0.04875910971416058, "mrr": 0.6835750962568999, "map": 0.4922337663762712, "p@1": 0.5494505494505495, "p@5": 0.4285714285714288, "mode": "dev", "roc": 0.6635282114584055, "roc@5": 0.08176901438922747}
{"loss": 0.04866070332598753, "mrr": 0.7094541083194938, "map": 0.501331015258873, "p@1": 0.5754189944134078, "p@5": 0.4033519553072628, "mode": "test", "roc": 0.6639664497884752, "roc@5": 0.09155046654905424}
question retrieval loss 0.02253839001059532
question retrieval loss 0.009211217053234577

{"loss": 0.048638147148457204, "mrr": 0.6761095665628634, "map": 0.486946500736699, "p@1": 0.5439560439560439, "p@5": 0.43186813186813217, "mode": "dev", "roc": 0.6649759883170187, "roc@5": 0.07940544827920902}
{"loss": 0.04859965314370627, "mrr": 0.7044209951406363, "map": 0.49320599421204697, "p@1": 0.5698324022346368, "p@5": 0.4067039106145254, "mode": "test", "roc": 0.6634640682173645, "roc@5": 0.09284979880525995}
{"loss": 0.6816788125506655, "mrr": 0.859825327510917, "map": 0.9698163360216869, "p@1": 0.7205240174672489, "p@5": 0.8990393013100338, "mode": "android.dev", "roc": 0.17976169418937638, "roc@5": 0.0026438295004393582}
{"loss": 0.6849356163552726, "mrr": 0.8479965156794426, "map": 0.9692291582485844, "p@1": 0.6968641114982579, "p@5": 0.8963414634146248, "mode": "android.test", "roc": 0.1777880610301056, "roc@5": 0.001661841941284338}
question retrieval loss 0.02163098379969597
question retrieval loss 0.022693287581205368
question retrieval loss 0.013177255168557167
question retrieval loss 0.0063599348068237305

{"loss": 0.04870248366413372, "mrr": 0.6784579736502814, "map": 0.4875592085963962, "p@1": 0.5494505494505495, "p@5": 0.4307692307692311, "mode": "dev", "roc": 0.6631103270427157, "roc@5": 0.08186533526518432}
{"loss": 0.0486629936615182, "mrr": 0.706699563780526, "map": 0.4910619800938851, "p@1": 0.5754189944134078, "p@5": 0.41117318435754213, "mode": "test", "roc": 0.6617487075275724, "roc@5": 0.09391508984761496}
Epoch 9
question retrieval loss 0.013933842070400715
question retrieval loss 0.008630618453025818

{"loss": 0.048707764580395524, "mrr": 0.667856647320933, "map": 0.47952934635758504, "p@1": 0.532967032967033, "p@5": 0.4307692307692309, "mode": "dev", "roc": 0.6625650026988368, "roc@5": 0.07890161600497311}
{"loss": 0.048827323490264696, "mrr": 0.7207423910011383, "map": 0.49908077748132246, "p@1": 0.5977653631284916, "p@5": 0.4122905027932965, "mode": "test", "roc": 0.6616006159319118, "roc@5": 0.08983147418525413}
question retrieval loss 0.019557373598217964

{"loss": 0.04861743264616682, "mrr": 0.6767282549562771, "map": 0.4874841811046364, "p@1": 0.5439560439560439, "p@5": 0.4351648351648353, "mode": "dev", "roc": 0.6657847132101488, "roc@5": 0.08017601528686392}
{"loss": 0.04869777019338568, "mrr": 0.7017556925205195, "map": 0.4940444258321303, "p@1": 0.5698324022346368, "p@5": 0.410055865921788, "mode": "test", "roc": 0.6632033947274549, "roc@5": 0.09010586733252737}
question retrieval loss 0.01599256508052349
question retrieval loss 0.020480837672948837
question retrieval loss 0.024722373113036156
question retrieval loss 0.016472402960062027

{"loss": 0.04879874776496173, "mrr": 0.6832700038057182, "map": 0.48859524340951, "p@1": 0.5494505494505495, "p@5": 0.4329670329670331, "mode": "dev", "roc": 0.6618429665940679, "roc@5": 0.07907943916058578}
{"loss": 0.04873973006309744, "mrr": 0.7133194368603072, "map": 0.4984340430508998, "p@1": 0.5865921787709497, "p@5": 0.4022346368715086, "mode": "test", "roc": 0.662730873587077, "roc@5": 0.0912034399216204}
question retrieval loss 0.02392609789967537

{"loss": 0.04868632749459901, "mrr": 0.6843362223856729, "map": 0.4920339805163551, "p@1": 0.5494505494505495, "p@5": 0.42417582417582445, "mode": "dev", "roc": 0.6618633421639819, "roc@5": 0.07839037443258669}
{"loss": 0.04883086157952274, "mrr": 0.7067047239360312, "map": 0.5001176192005556, "p@1": 0.5754189944134078, "p@5": 0.40446927374301705, "mode": "test", "roc": 0.6627462073217776, "roc@5": 0.08946830678445125}
question retrieval loss 0.0167998019605875
question retrieval loss 0.02960032783448696

{"loss": 0.04881463745342834, "mrr": 0.6754012036049851, "map": 0.48068480032509336, "p@1": 0.5384615384615384, "p@5": 0.4351648351648354, "mode": "dev", "roc": 0.6647770486616769, "roc@5": 0.08395475734363322}
{"loss": 0.04864517565004985, "mrr": 0.6948984746297819, "map": 0.49272983650940594, "p@1": 0.5586592178770949, "p@5": 0.41005586592178805, "mode": "test", "roc": 0.662297493822119, "roc@5": 0.08916970247712448}
question retrieval loss 0.016369549557566643
question retrieval loss 0.009567081928253174
question retrieval loss 0.006008025724440813
question retrieval loss 0.025581246241927147

{"loss": 0.04875814391218208, "mrr": 0.6766578888144822, "map": 0.4896771112671257, "p@1": 0.5439560439560439, "p@5": 0.42417582417582433, "mode": "dev", "roc": 0.6638686687084222, "roc@5": 0.08099103808342202}
{"loss": 0.04861255287707851, "mrr": 0.7017822953404182, "map": 0.4904389006823355, "p@1": 0.5642458100558659, "p@5": 0.4134078212290506, "mode": "test", "roc": 0.6613221875912962, "roc@5": 0.08848371960894133}
Epoch 10
question retrieval loss 0.029902582988142967

{"loss": 0.048532007390039635, "mrr": 0.6823017260517261, "map": 0.49127989026628716, "p@1": 0.554945054945055, "p@5": 0.4241758241758243, "mode": "dev", "roc": 0.6644102884032259, "roc@5": 0.08326569261563412}
{"loss": 0.04877885385265564, "mrr": 0.7043383619779835, "map": 0.4953729849999678, "p@1": 0.5698324022346368, "p@5": 0.40782122905027957, "mode": "test", "roc": 0.662075558188295, "roc@5": 0.08956515142466537}
question retrieval loss 0.01899663917720318
question retrieval loss 0.023158971220254898
question retrieval loss 0.02395511232316494
question retrieval loss 0.007635563611984253
question retrieval loss 0.010897761210799217

{"loss": 0.04866501788741776, "mrr": 0.6705408472336396, "map": 0.4809364916127112, "p@1": 0.532967032967033, "p@5": 0.43296703296703326, "mode": "dev", "roc": 0.6667045775755369, "roc@5": 0.08511801715326613}
{"loss": 0.04870329840972437, "mrr": 0.7003471222399046, "map": 0.4948028605060421, "p@1": 0.5642458100558659, "p@5": 0.40670391061452543, "mode": "test", "roc": 0.6616825303567595, "roc@5": 0.08669209376498066}
question retrieval loss 0.01977085880935192

{"loss": 0.048605112778534604, "mrr": 0.6720207981883807, "map": 0.48710154627016544, "p@1": 0.532967032967033, "p@5": 0.4252747252747254, "mode": "dev", "roc": 0.6642965556766152, "roc@5": 0.08113181474828204}
{"loss": 0.04866191648030081, "mrr": 0.7073583246348176, "map": 0.49463977752541033, "p@1": 0.5642458100558659, "p@5": 0.40446927374301717, "mode": "test", "roc": 0.6640846809534032, "roc@5": 0.08984761495862313}

{"loss": 0.048698705032590654, "mrr": 0.6781361724356231, "map": 0.4905037319915829, "p@1": 0.5439560439560439, "p@5": 0.4329670329670333, "mode": "dev", "roc": 0.6647907558632554, "roc@5": 0.08334719489528994}
{"loss": 0.04871243486108061, "mrr": 0.709738233767931, "map": 0.4930297463496479, "p@1": 0.5754189944134078, "p@5": 0.40446927374301705, "mode": "test", "roc": 0.6641492440468793, "roc@5": 0.08941988446434422}
{"loss": 0.6830053162887106, "mrr": 0.8576419213973799, "map": 0.9697603171471694, "p@1": 0.7161572052401747, "p@5": 0.8990393013100344, "mode": "android.dev", "roc": 0.17947820127456643, "roc@5": 0.0026041592610813622}
{"loss": 0.6864266177405723, "mrr": 0.8475609756097562, "map": 0.9691082378516552, "p@1": 0.695993031358885, "p@5": 0.895121951219503, "mode": "android.test", "roc": 0.17778775481137285, "roc@5": 0.0016827787569655857}
question retrieval loss 0.007016864605247974
question retrieval loss 0.004972323775291443

{"loss": 0.048642041647786294, "mrr": 0.6740718454317357, "map": 0.480758691441824, "p@1": 0.5439560439560439, "p@5": 0.43186813186813217, "mode": "dev", "roc": 0.6666001064716144, "roc@5": 0.08376211559171949}
{"loss": 0.04861131677789062, "mrr": 0.7047858560255432, "map": 0.505620982269479, "p@1": 0.5698324022346368, "p@5": 0.40893854748603387, "mode": "test", "roc": 0.663595615520322, "roc@5": 0.09030762699964005}
question retrieval loss 0.011996964924037457
question retrieval loss 0.017677048221230507

{"loss": 0.04841999276694688, "mrr": 0.6801459072063468, "map": 0.48474546618232395, "p@1": 0.554945054945055, "p@5": 0.4329670329670331, "mode": "dev", "roc": 0.6676025845113809, "roc@5": 0.0838362085732248}
{"loss": 0.0487568231205867, "mrr": 0.6949548040855529, "map": 0.4939161070297878, "p@1": 0.553072625698324, "p@5": 0.40558659217877124, "mode": "test", "roc": 0.6609929158145683, "roc@5": 0.08993638921215272}
Epoch 11
question retrieval loss 0.012802931480109692

{"loss": 0.04857854391089999, "mrr": 0.6775332802118519, "map": 0.486517098458246, "p@1": 0.5439560439560439, "p@5": 0.43186813186813217, "mode": "dev", "roc": 0.6669342658182031, "roc@5": 0.08140595877985159}
{"loss": 0.048868006053666826, "mrr": 0.7086289293723959, "map": 0.4990015237098809, "p@1": 0.5810055865921788, "p@5": 0.40558659217877124, "mode": "test", "roc": 0.661310889049938, "roc@5": 0.08786229983423426}
question retrieval loss 0.010753968730568886
question retrieval loss 0.012073462828993797

{"loss": 0.04848104216936198, "mrr": 0.6753722086826481, "map": 0.48999666641980527, "p@1": 0.5384615384615384, "p@5": 0.43846153846153874, "mode": "dev", "roc": 0.6666953159528486, "roc@5": 0.08036124774062713}
{"loss": 0.048647109887370185, "mrr": 0.6963410907823885, "map": 0.49328531156270344, "p@1": 0.5586592178770949, "p@5": 0.4067039106145254, "mode": "test", "roc": 0.6632558522409043, "roc@5": 0.08852407154236389}
question retrieval loss 0.013615734875202179
question retrieval loss 0.018641065806150436

{"loss": 0.048629956207350715, "mrr": 0.6789094627451123, "map": 0.49218504468293817, "p@1": 0.554945054945055, "p@5": 0.4340659340659343, "mode": "dev", "roc": 0.6660692302591291, "roc@5": 0.08169492140772217}
{"loss": 0.048603855229539576, "mrr": 0.6975460420366331, "map": 0.49516821584366644, "p@1": 0.553072625698324, "p@5": 0.4044692737430171, "mode": "test", "roc": 0.6657161096216764, "roc@5": 0.08731351353968773}
question retrieval loss 0.02360699139535427
question retrieval loss 0.029749732464551926
question retrieval loss 0.02737743780016899

{"loss": 0.04878410393535927, "mrr": 0.6751656310722246, "map": 0.4855165583505775, "p@1": 0.5384615384615384, "p@5": 0.43186813186813217, "mode": "dev", "roc": 0.6625624094444841, "roc@5": 0.07846446741409195}
{"loss": 0.048575445624619885, "mrr": 0.7007978514788796, "map": 0.5004425025828687, "p@1": 0.5698324022346368, "p@5": 0.40446927374301705, "mode": "test", "roc": 0.6655591406006627, "roc@5": 0.0917360854427979}
question retrieval loss 0.012723389081656933
question retrieval loss 0.011467715725302696
question retrieval loss 0.014967024326324463

{"loss": 0.04868149468265883, "mrr": 0.6802055316478394, "map": 0.4897452359754622, "p@1": 0.5494505494505495, "p@5": 0.43626373626373643, "mode": "dev", "roc": 0.6687869608207427, "roc@5": 0.08295450209331195}
{"loss": 0.04871047960396586, "mrr": 0.7026691412691638, "map": 0.49573496248172333, "p@1": 0.5698324022346368, "p@5": 0.410055865921788, "mode": "test", "roc": 0.6625182188979403, "roc@5": 0.08908092822359492}
question retrieval loss 0.020967960357666016

{"loss": 0.048740496628682364, "mrr": 0.6754412483121274, "map": 0.4844558605022692, "p@1": 0.5439560439560439, "p@5": 0.4318681318681322, "mode": "dev", "roc": 0.6664871146748188, "roc@5": 0.08269517665804346}
{"loss": 0.048859086241469035, "mrr": 0.7138422193868689, "map": 0.5021257682214973, "p@1": 0.5865921787709497, "p@5": 0.41005586592178817, "mode": "test", "roc": 0.6623632674735977, "roc@5": 0.08523135377508478}
Epoch 12

{"loss": 0.04874777330269853, "mrr": 0.6715888888279, "map": 0.4827959532619302, "p@1": 0.5439560439560439, "p@5": 0.4329670329670332, "mode": "dev", "roc": 0.6659191919715808, "roc@5": 0.07959809003112275}
{"loss": 0.048865407518001905, "mrr": 0.7104916392699399, "map": 0.4969090984233433, "p@1": 0.5810055865921788, "p@5": 0.4134078212290506, "mode": "test", "roc": 0.6616910042627782, "roc@5": 0.09096132832108517}
question retrieval loss 0.014173934236168861
question retrieval loss 0.01984817162156105

{"loss": 0.048684363437632286, "mrr": 0.6808318077993256, "map": 0.48912460372351624, "p@1": 0.554945054945055, "p@5": 0.43626373626373643, "mode": "dev", "roc": 0.6678141199735784, "roc@5": 0.08253217209873184}
{"loss": 0.048711995828334846, "mrr": 0.7141035347319833, "map": 0.5033204429847451, "p@1": 0.5865921787709497, "p@5": 0.4089385474860337, "mode": "test", "roc": 0.6643643198520214, "roc@5": 0.08969427761161748}
question retrieval loss 0.007307460997253656
question retrieval loss 0.01481735147535801
question retrieval loss 0.025133032351732254
question retrieval loss 0.017437225207686424

{"loss": 0.048647275378743374, "mrr": 0.6798760991755498, "map": 0.48790964139847676, "p@1": 0.5494505494505495, "p@5": 0.4340659340659343, "mode": "dev", "roc": 0.6669676076598806, "roc@5": 0.08319159963412884}
{"loss": 0.04871437145012051, "mrr": 0.7148472642014767, "map": 0.5014231621101821, "p@1": 0.5865921787709497, "p@5": 0.40893854748603387, "mode": "test", "roc": 0.6646253968612652, "roc@5": 0.08965392567819495}
question retrieval loss 0.008255517110228539
question retrieval loss 0.008022204041481018

{"loss": 0.048572242843335146, "mrr": 0.675435616688849, "map": 0.4825506465109962, "p@1": 0.5439560439560439, "p@5": 0.43296703296703326, "mode": "dev", "roc": 0.6635345093618334, "roc@5": 0.07923503442174687}
{"loss": 0.04869506938913681, "mrr": 0.7107521252147833, "map": 0.50308537868746, "p@1": 0.5754189944134078, "p@5": 0.40446927374301694, "mode": "test", "roc": 0.6632296234841796, "roc@5": 0.08799142602118638}
question retrieval loss 0.009871003217995167
question retrieval loss 0.01763647049665451
question retrieval loss 0.007793784141540527

{"loss": 0.048696324469746796, "mrr": 0.6701177202995239, "map": 0.4796593597749948, "p@1": 0.5384615384615384, "p@5": 0.4329670329670332, "mode": "dev", "roc": 0.6654616678107859, "roc@5": 0.0799833735349502}
{"loss": 0.048687885447753876, "mrr": 0.7103114834087128, "map": 0.4996361586856126, "p@1": 0.5810055865921788, "p@5": 0.40670391061452543, "mode": "test", "roc": 0.6629645112815936, "roc@5": 0.08853214192904839}
question retrieval loss 0.012781670317053795
question retrieval loss 0.030128469690680504
question retrieval loss 0.011966213583946228
question retrieval loss 0.01677022874355316

{"loss": 0.04852495106080404, "mrr": 0.6849220224220225, "map": 0.4901196395409234, "p@1": 0.5604395604395604, "p@5": 0.4285714285714288, "mode": "dev", "roc": 0.6661603646263805, "roc@5": 0.0841844455862996}
{"loss": 0.04872074995876691, "mrr": 0.7088045771080173, "map": 0.4944408419827631, "p@1": 0.5754189944134078, "p@5": 0.4022346368715087, "mode": "test", "roc": 0.6610574789080443, "roc@5": 0.08704719077909898}
{"loss": 0.6816279762306588, "mrr": 0.859825327510917, "map": 0.9700518269820986, "p@1": 0.7205240174672489, "p@5": 0.9011353711790298, "mode": "android.dev", "roc": 0.18424412553426855, "roc@5": 0.002595343652335141}
{"loss": 0.6856682643696718, "mrr": 0.8497386759581883, "map": 0.9693616014681068, "p@1": 0.7003484320557491, "p@5": 0.8966898954703743, "mode": "android.test", "roc": 0.18071879506489347, "roc@5": 0.0016772240915807648}
question retrieval loss 0.01841682754456997
Epoch 13
question retrieval loss 0.00907728262245655
question retrieval loss 0.03093203529715538
question retrieval loss 0.030007699504494667

{"loss": 0.048514817907874076, "mrr": 0.6755780544242083, "map": 0.4850973488741455, "p@1": 0.5494505494505495, "p@5": 0.43076923076923096, "mode": "dev", "roc": 0.6635030198446936, "roc@5": 0.07970922950338066}
{"loss": 0.04886953688783353, "mrr": 0.7105503429352817, "map": 0.4983448534892024, "p@1": 0.5810055865921788, "p@5": 0.40670391061452543, "mode": "test", "roc": 0.6616680036607274, "roc@5": 0.08810441143476949}
question retrieval loss 0.0029903599061071873
question retrieval loss 0.01598641462624073

{"loss": 0.04840596620464227, "mrr": 0.6816834188400124, "map": 0.49003328697848647, "p@1": 0.554945054945055, "p@5": 0.4351648351648354, "mode": "dev", "roc": 0.6656920969832671, "roc@5": 0.07988705265899332}
{"loss": 0.04875761396433721, "mrr": 0.7096414365096153, "map": 0.5062110925752918, "p@1": 0.5754189944134078, "p@5": 0.40335195530726276, "mode": "test", "roc": 0.6632320446001849, "roc@5": 0.08573171774952426}
question retrieval loss 0.0026844143867492676
question retrieval loss 0.018827442079782486
question retrieval loss 0.0006540477043017745
question retrieval loss 0.021911507472395897

{"loss": 0.0485374759473316, "mrr": 0.6681374410083202, "map": 0.47791650844911665, "p@1": 0.5439560439560439, "p@5": 0.4307692307692311, "mode": "dev", "roc": 0.6642813666154066, "roc@5": 0.0823617582412697}
{"loss": 0.04861918965864448, "mrr": 0.7184885694037416, "map": 0.5093225889651798, "p@1": 0.5865921787709497, "p@5": 0.4134078212290505, "mode": "test", "roc": 0.6633018534450059, "roc@5": 0.08729737276631871}
{"loss": 0.681719906075032, "mrr": 0.8563318777292577, "map": 0.9700232264724088, "p@1": 0.7135371179039302, "p@5": 0.9023580786026107, "mode": "android.dev", "roc": 0.18173390938122963, "roc@5": 0.0026414123173960397}
{"loss": 0.6858372211144776, "mrr": 0.8475609756097562, "map": 0.9692351411753098, "p@1": 0.695993031358885, "p@5": 0.8956445993031268, "mode": "android.test", "roc": 0.17800318325054748, "roc@5": 0.001729637344442664}
question retrieval loss 0.020691778510808945
question retrieval loss 0.01985507272183895
question retrieval loss 0.01482884306460619
question retrieval loss 0.02150798961520195

{"loss": 0.04845160686482604, "mrr": 0.68258634680338, "map": 0.4839372017327342, "p@1": 0.5714285714285714, "p@5": 0.43406593406593436, "mode": "dev", "roc": 0.6642465429140991, "roc@5": 0.08205056771894753}
{"loss": 0.0486722373970727, "mrr": 0.7182566574153394, "map": 0.5087426121928809, "p@1": 0.5865921787709497, "p@5": 0.4134078212290505, "mode": "test", "roc": 0.6631436738659896, "roc@5": 0.08603839244353553}
question retrieval loss 0.01260133646428585
question retrieval loss 0.021311720833182335

{"loss": 0.04841329472057603, "mrr": 0.6767299016612205, "map": 0.4885283386372106, "p@1": 0.5494505494505495, "p@5": 0.43296703296703326, "mode": "dev", "roc": 0.6670342913432353, "roc@5": 0.08448081751232073}
{"loss": 0.04859790478588483, "mrr": 0.7176518905642694, "map": 0.5073265311814881, "p@1": 0.5921787709497207, "p@5": 0.4100558659217879, "mode": "test", "roc": 0.6641871748642965, "roc@5": 0.08688578304540884}
question retrieval loss 0.014055485837161541

{"loss": 0.04842951264396146, "mrr": 0.664099972067005, "map": 0.47484453014217315, "p@1": 0.532967032967033, "p@5": 0.43186813186813217, "mode": "dev", "roc": 0.6667690384694465, "roc@5": 0.08517729153847037}
{"loss": 0.048696573355427666, "mrr": 0.7147118316638095, "map": 0.5044178869786788, "p@1": 0.5865921787709497, "p@5": 0.40335195530726276, "mode": "test", "roc": 0.6621736133865118, "roc@5": 0.08655489719134403}
question retrieval loss 0.024908173829317093
Epoch 14
question retrieval loss 0.013321859762072563
question retrieval loss 0.01987116038799286
question retrieval loss 0.005398245062679052

{"loss": 0.04848608170932794, "mrr": 0.664189542142839, "map": 0.47952920654243725, "p@1": 0.532967032967033, "p@5": 0.42527472527472554, "mode": "dev", "roc": 0.6655016780207985, "roc@5": 0.0803242012498745}
{"loss": 0.04873627239536473, "mrr": 0.7239207016268694, "map": 0.5073018725342172, "p@1": 0.5977653631284916, "p@5": 0.4134078212290505, "mode": "test", "roc": 0.662603764996796, "roc@5": 0.08779773674075818}
question retrieval loss 0.02200661599636078

{"loss": 0.04853987680993729, "mrr": 0.6812969387145211, "map": 0.4878086987310362, "p@1": 0.5659340659340659, "p@5": 0.4351648351648354, "mode": "dev", "roc": 0.6678041174210751, "roc@5": 0.08566630521640521}
{"loss": 0.04859433588493803, "mrr": 0.7103872611381217, "map": 0.5026561210295903, "p@1": 0.5754189944134078, "p@5": 0.40782122905027973, "mode": "test", "roc": 0.6654639100377855, "roc@5": 0.08678086801851025}
question retrieval loss 0.013148096390068531
question retrieval loss 0.024864444509148598
question retrieval loss 0.018216947093605995

{"loss": 0.04862680651022346, "mrr": 0.6781367060900029, "map": 0.4922055375284281, "p@1": 0.5604395604395604, "p@5": 0.4351648351648354, "mode": "dev", "roc": 0.665156404726984, "roc@5": 0.08245066981907602}
{"loss": 0.04860225067000482, "mrr": 0.7206541180078376, "map": 0.5053483188694106, "p@1": 0.5977653631284916, "p@5": 0.40670391061452543, "mode": "test", "roc": 0.6649583003120011, "roc@5": 0.089718488771671}
question retrieval loss 0.0180878434330225
question retrieval loss 0.016887983307242393
question retrieval loss 0.010453480295836926
question retrieval loss 0.018872994929552078
question retrieval loss 0.011003030464053154

{"loss": 0.04867190138979272, "mrr": 0.6732660044473232, "map": 0.483670178486386, "p@1": 0.5494505494505495, "p@5": 0.4329670329670332, "mode": "dev", "roc": 0.6646662796543266, "roc@5": 0.08069466615740091}
{"loss": 0.048646644663128104, "mrr": 0.708926462470619, "map": 0.49607927330254215, "p@1": 0.5698324022346368, "p@5": 0.40782122905027957, "mode": "test", "roc": 0.6636016683103354, "roc@5": 0.09293857305878954}

{"loss": 0.048713918238018565, "mrr": 0.6762727199540388, "map": 0.48882445654148177, "p@1": 0.5494505494505495, "p@5": 0.43186813186813217, "mode": "dev", "roc": 0.6645851478395783, "roc@5": 0.08377693418802057}
{"loss": 0.04867305731473688, "mrr": 0.7208850168420883, "map": 0.5000434040161036, "p@1": 0.5977653631284916, "p@5": 0.40558659217877113, "mode": "test", "roc": 0.6638123054028011, "roc@5": 0.09016236003931893}

{"loss": 0.04864577193754715, "mrr": 0.6794798912930784, "map": 0.4881467931054471, "p@1": 0.554945054945055, "p@5": 0.43406593406593447, "mode": "dev", "roc": 0.6660088444792023, "roc@5": 0.08282854402475298}
{"loss": 0.048774689415147184, "mrr": 0.7240264850427084, "map": 0.5083509872698818, "p@1": 0.5977653631284916, "p@5": 0.40670391061452543, "mode": "test", "roc": 0.6644607609729012, "roc@5": 0.08965392567819495}
{"loss": 0.6841405384144928, "mrr": 0.8563318777292577, "map": 0.9697618986010031, "p@1": 0.7135371179039302, "p@5": 0.8990393013100341, "mode": "android.dev", "roc": 0.18182868428461332, "roc@5": 0.002520695352467944}
{"loss": 0.6864843508488262, "mrr": 0.8495934959349595, "map": 0.9694299959606469, "p@1": 0.7003484320557491, "p@5": 0.8989547038327437, "mode": "android.test", "roc": 0.18016691057344802, "roc@5": 0.0016097135430575584}
Epoch 15
question retrieval loss 0.008108917623758316
question retrieval loss 0.00734699796885252
question retrieval loss 0.01794055476784706

{"loss": 0.048564114955837255, "mrr": 0.6786525592844274, "map": 0.4897005206894942, "p@1": 0.5604395604395604, "p@5": 0.43186813186813233, "mode": "dev", "roc": 0.6664230242458168, "roc@5": 0.07946472266441323}
{"loss": 0.04894326993540012, "mrr": 0.723162542234139, "map": 0.5083667395137579, "p@1": 0.5977653631284916, "p@5": 0.40670391061452543, "mode": "test", "roc": 0.6616050546445882, "roc@5": 0.09064658324038939}
question retrieval loss 0.01031411625444889
question retrieval loss 0.007829854264855385
question retrieval loss 0.02027275785803795

{"loss": 0.048623716786176295, "mrr": 0.6702834482367451, "map": 0.4859856785242446, "p@1": 0.5439560439560439, "p@5": 0.43846153846153874, "mode": "dev", "roc": 0.6688599424075254, "roc@5": 0.08007228511275655}
{"loss": 0.048743077611040804, "mrr": 0.7234767996713014, "map": 0.510359123706491, "p@1": 0.5921787709497207, "p@5": 0.4111731843575422, "mode": "test", "roc": 0.6646996444187627, "roc@5": 0.08789458138097228}
question retrieval loss 0.015495466999709606

{"loss": 0.04858936594574006, "mrr": 0.6756269752835686, "map": 0.4847159411752408, "p@1": 0.554945054945055, "p@5": 0.4395604395604399, "mode": "dev", "roc": 0.668847717065577, "roc@5": 0.07866451846415622}
{"loss": 0.048681586314846016, "mrr": 0.7223021828542264, "map": 0.5115754837484673, "p@1": 0.5865921787709497, "p@5": 0.4044692737430171, "mode": "test", "roc": 0.6629830731709679, "roc@5": 0.09187328201643453}
question retrieval loss 0.028945058584213257
question retrieval loss 0.008786598220467567

{"loss": 0.04879921232094313, "mrr": 0.6752356007850513, "map": 0.4840641706584022, "p@1": 0.5494505494505495, "p@5": 0.42967032967033, "mode": "dev", "roc": 0.6665011923413048, "roc@5": 0.07679737533022314}
{"loss": 0.048746012494633985, "mrr": 0.7238885155159779, "map": 0.5124534103435064, "p@1": 0.5921787709497207, "p@5": 0.4000000000000002, "mode": "test", "roc": 0.6621268051437417, "roc@5": 0.08957322181134986}
question retrieval loss 0.013385340571403503
question retrieval loss 0.022758230566978455
question retrieval loss 0.018425263464450836

{"loss": 0.048663194286176464, "mrr": 0.6856127998985143, "map": 0.4945941707067658, "p@1": 0.5659340659340659, "p@5": 0.43626373626373655, "mode": "dev", "roc": 0.6686939741289536, "roc@5": 0.08316937173967726}
{"loss": 0.04866181723981596, "mrr": 0.7257733082527261, "map": 0.5081619825061604, "p@1": 0.6033519553072626, "p@5": 0.40558659217877124, "mode": "test", "roc": 0.6625642201020419, "roc@5": 0.09067886478712742}
question retrieval loss 0.01960008218884468

{"loss": 0.04857109893358998, "mrr": 0.6752311790773329, "map": 0.4898911344456949, "p@1": 0.5494505494505495, "p@5": 0.4329670329670333, "mode": "dev", "roc": 0.667810415324503, "roc@5": 0.0825469906950329}
{"loss": 0.04872839355726815, "mrr": 0.7263846482947266, "map": 0.5179570690893444, "p@1": 0.6033519553072626, "p@5": 0.40558659217877124, "mode": "test", "roc": 0.6620654702049393, "roc@5": 0.0905578089868598}
question retrieval loss 0.01862816885113716
question retrieval loss 0.022555921226739883
Epoch 16

{"loss": 0.04868228682879727, "mrr": 0.6703383155306233, "map": 0.48842591865953144, "p@1": 0.5439560439560439, "p@5": 0.4395604395604397, "mode": "dev", "roc": 0.6677685527899526, "roc@5": 0.08338424138604257}
{"loss": 0.04878455177781968, "mrr": 0.7236175729265999, "map": 0.5098730050412508, "p@1": 0.5977653631284916, "p@5": 0.4122905027932964, "mode": "test", "roc": 0.6624645508264884, "roc@5": 0.09238171637755851}
question retrieval loss 0.000308765476802364

{"loss": 0.04857845338327544, "mrr": 0.6616682942676803, "map": 0.47835301845005945, "p@1": 0.532967032967033, "p@5": 0.43406593406593436, "mode": "dev", "roc": 0.668776587803332, "roc@5": 0.0818282887744317}
{"loss": 0.04867421468334824, "mrr": 0.7134562695463902, "map": 0.4974697922283775, "p@1": 0.5810055865921788, "p@5": 0.4067039106145254, "mode": "test", "roc": 0.6636222477963809, "roc@5": 0.08900022435674983}
question retrieval loss 0.009534299373626709
question retrieval loss 0.024144109338521957

{"loss": 0.04854069188605625, "mrr": 0.6811942811013595, "map": 0.4921099699029051, "p@1": 0.5659340659340659, "p@5": 0.4384615384615386, "mode": "dev", "roc": 0.670122857277283, "roc@5": 0.08087248931301357}
{"loss": 0.048815330927515166, "mrr": 0.7162703135295538, "map": 0.4998832927988766, "p@1": 0.5865921787709497, "p@5": 0.41005586592178805, "mode": "test", "roc": 0.6644256547908236, "roc@5": 0.09106624334798377}
question retrieval loss 0.022142119705677032
question retrieval loss 0.01954449713230133
question retrieval loss 0.026119912043213844

{"loss": 0.04855064833332058, "mrr": 0.6684775999336441, "map": 0.47991923661793623, "p@1": 0.5384615384615384, "p@5": 0.43186813186813217, "mode": "dev", "roc": 0.6671898866043965, "roc@5": 0.08102067527602413}
{"loss": 0.048835533603443115, "mrr": 0.7219609815353716, "map": 0.50862912674832, "p@1": 0.5977653631284916, "p@5": 0.40223463687150857, "mode": "test", "roc": 0.6629330367735239, "roc@5": 0.09026727506621753}

{"loss": 0.048691551569480816, "mrr": 0.6698780179993818, "map": 0.48029334760219355, "p@1": 0.5384615384615384, "p@5": 0.44285714285714306, "mode": "dev", "roc": 0.6685958009284592, "roc@5": 0.08234693964496866}
{"loss": 0.048769952562850945, "mrr": 0.7161640084897951, "map": 0.5062492357220825, "p@1": 0.5921787709497207, "p@5": 0.40670391061452543, "mode": "test", "roc": 0.6618681492505032, "roc@5": 0.08862898656926248}
question retrieval loss 0.014694529585540295
question retrieval loss 0.025372188538312912
question retrieval loss 0.014539641328155994
question retrieval loss 0.017607172951102257
question retrieval loss 0.018202397972345352

{"loss": 0.04853154796656672, "mrr": 0.6736597346487456, "map": 0.4797937261179318, "p@1": 0.5439560439560439, "p@5": 0.44395604395604416, "mode": "dev", "roc": 0.6678270862453418, "roc@5": 0.08095399159266937}
{"loss": 0.04882870974570679, "mrr": 0.7132108445802947, "map": 0.5065398854823867, "p@1": 0.5810055865921788, "p@5": 0.40670391061452543, "mode": "test", "roc": 0.6602330889082219, "roc@5": 0.08869354966273853}
question retrieval loss 0.023310387507081032
Epoch 17
question retrieval loss 0.013055441901087761

{"loss": 0.04864945431024982, "mrr": 0.6787757724570912, "map": 0.4869969558587902, "p@1": 0.5604395604395604, "p@5": 0.4351648351648354, "mode": "dev", "roc": 0.6675214526966325, "roc@5": 0.07954622494406906}
{"loss": 0.048875909714891926, "mrr": 0.7130808641357009, "map": 0.4970178358646591, "p@1": 0.5810055865921788, "p@5": 0.40558659217877124, "mode": "test", "roc": 0.6611853945369939, "roc@5": 0.08976691109177808}
question retrieval loss 0.016060860827565193
question retrieval loss 0.012976163998246193
question retrieval loss 0.026038924232125282
question retrieval loss 0.0053553953766822815
question retrieval loss 0.021991435438394547
question retrieval loss 0.01592209003865719

{"loss": 0.04860690926907809, "mrr": 0.6747820860458222, "map": 0.4904662531449893, "p@1": 0.5494505494505495, "p@5": 0.4461538461538464, "mode": "dev", "roc": 0.6709197272933722, "roc@5": 0.08180606087998009}
{"loss": 0.04877895088710266, "mrr": 0.7207268927519894, "map": 0.5099514576436956, "p@1": 0.5865921787709497, "p@5": 0.40335195530726276, "mode": "test", "roc": 0.663882114247622, "roc@5": 0.0872731616062652}
question retrieval loss 0.015343996696174145
question retrieval loss 0.012469043955206871
question retrieval loss 0.0066300868056714535
question retrieval loss 0.0147931519895792

{"loss": 0.04874041566502426, "mrr": 0.6656448938729159, "map": 0.4817234962425549, "p@1": 0.532967032967033, "p@5": 0.4406593406593409, "mode": "dev", "roc": 0.668411309404511, "roc@5": 0.07809400250656556}
{"loss": 0.048707510412322075, "mrr": 0.7156188361396173, "map": 0.5058549662866295, "p@1": 0.5810055865921788, "p@5": 0.4033519553072628, "mode": "test", "roc": 0.6659666951282304, "roc@5": 0.0881205522081385}
question retrieval loss 0.007523183710873127

{"loss": 0.048886374227579805, "mrr": 0.6685141095168569, "map": 0.4793173683391004, "p@1": 0.5439560439560439, "p@5": 0.42967032967033, "mode": "dev", "roc": 0.6662392736516837, "roc@5": 0.08137632158724949}
{"loss": 0.04879127758133678, "mrr": 0.7246601988295608, "map": 0.5124067882521387, "p@1": 0.6033519553072626, "p@5": 0.40111731843575443, "mode": "test", "roc": 0.6640975935720985, "roc@5": 0.0893956733042907}

{"loss": 0.048725456618550385, "mrr": 0.6661024110199935, "map": 0.48274550338148753, "p@1": 0.532967032967033, "p@5": 0.4450549450549453, "mode": "dev", "roc": 0.6692526352095034, "roc@5": 0.08433263154931016}
{"loss": 0.04874808067591164, "mrr": 0.7219079848475183, "map": 0.5090575499015104, "p@1": 0.5977653631284916, "p@5": 0.40893854748603375, "mode": "test", "roc": 0.6631557794460163, "roc@5": 0.08916970247712448}
question retrieval loss 0.02054557204246521
question retrieval loss 0.0034778013359755278

{"loss": 0.04863292043312238, "mrr": 0.6815564624630559, "map": 0.49216164366820114, "p@1": 0.5604395604395604, "p@5": 0.4406593406593409, "mode": "dev", "roc": 0.668257936932795, "roc@5": 0.08311750665262356}
{"loss": 0.048868751507148395, "mrr": 0.7182751600176406, "map": 0.5047334752039243, "p@1": 0.5921787709497207, "p@5": 0.4022346368715086, "mode": "test", "roc": 0.6622918445514399, "roc@5": 0.0881205522081385}
question retrieval loss 0.014109251089394093
Epoch 18
question retrieval loss 0.011433916166424751
question retrieval loss 0.005914835724979639

{"loss": 0.048780171835160514, "mrr": 0.6800958199309849, "map": 0.4883530131176727, "p@1": 0.5604395604395604, "p@5": 0.4329670329670331, "mode": "dev", "roc": 0.667122091526319, "roc@5": 0.0806650289647988}
{"loss": 0.04883840227468387, "mrr": 0.732128919541791, "map": 0.5130697460198581, "p@1": 0.6089385474860335, "p@5": 0.4022346368715086, "mode": "test", "roc": 0.6626562225102454, "roc@5": 0.08915356170375549}

{"loss": 0.048829099214584615, "mrr": 0.668541501233809, "map": 0.4869536540935715, "p@1": 0.532967032967033, "p@5": 0.4384615384615387, "mode": "dev", "roc": 0.6692626377620066, "roc@5": 0.08351019945460156}
{"loss": 0.0488050626330702, "mrr": 0.7128652145937286, "map": 0.5047294208101407, "p@1": 0.5810055865921788, "p@5": 0.40782122905027957, "mode": "test", "roc": 0.6619988895147921, "roc@5": 0.08781387751412721}
question retrieval loss 0.0004135221242904663
question retrieval loss 0.015589838847517967

{"loss": 0.048608761081205945, "mrr": 0.6774515167372309, "map": 0.4875405894094857, "p@1": 0.5494505494505495, "p@5": 0.43846153846153874, "mode": "dev", "roc": 0.6702725250999235, "roc@5": 0.08222098157640968}
{"loss": 0.04871563554101483, "mrr": 0.7177972371481633, "map": 0.5078525735655932, "p@1": 0.5865921787709497, "p@5": 0.40670391061452543, "mode": "test", "roc": 0.6653848202482773, "roc@5": 0.08997674114557525}
question retrieval loss 0.0038517534267157316
question retrieval loss 0.02083342894911766

{"loss": 0.04882141384859007, "mrr": 0.6656265361622505, "map": 0.4851130501523868, "p@1": 0.5274725274725275, "p@5": 0.4362637362637366, "mode": "dev", "roc": 0.6669350067480183, "roc@5": 0.07921280652729529}
{"loss": 0.04871767937262964, "mrr": 0.7226710512152077, "map": 0.5123135934939529, "p@1": 0.6033519553072626, "p@5": 0.40335195530726276, "mode": "test", "roc": 0.6643191256865881, "roc@5": 0.09226873096397542}
{"loss": 0.6842776119839156, "mrr": 0.8572052401746725, "map": 0.9699522299689999, "p@1": 0.7152838427947599, "p@5": 0.9013100436681125, "mode": "android.dev", "roc": 0.18221210639017887, "roc@5": 0.0028305213437262726}
{"loss": 0.6877458337305004, "mrr": 0.8549651567944252, "map": 0.9693604721364648, "p@1": 0.710801393728223, "p@5": 0.8970383275261232, "mode": "android.test", "roc": 0.1789490786732896, "roc@5": 0.0018165180081539637}
question retrieval loss 0.024312276393175125

{"loss": 0.04877060255711223, "mrr": 0.678742845981857, "map": 0.4851747968514025, "p@1": 0.554945054945055, "p@5": 0.43736263736263764, "mode": "dev", "roc": 0.669877979973408, "roc@5": 0.08160600982991584}
{"loss": 0.048730599813621135, "mrr": 0.7170204146534639, "map": 0.5016222239628443, "p@1": 0.5865921787709497, "p@5": 0.40446927374301705, "mode": "test", "roc": 0.6632538346442332, "roc@5": 0.08820932646166807}
question retrieval loss 0.010707557201385498
question retrieval loss 0.012489507906138897
question retrieval loss 0.01771373488008976

{"loss": 0.04878214498531524, "mrr": 0.6694853881739364, "map": 0.48517711853451384, "p@1": 0.5384615384615384, "p@5": 0.43846153846153874, "mode": "dev", "roc": 0.6678059697456128, "roc@5": 0.08219134438380755}
{"loss": 0.048808677340519496, "mrr": 0.7215602881877508, "map": 0.5101596850151224, "p@1": 0.5977653631284916, "p@5": 0.40782122905027957, "mode": "test", "roc": 0.6603448637638023, "roc@5": 0.08841108612878078}
question retrieval loss 0.0160575732588768
Epoch 19
question retrieval loss 0.019569842144846916
question retrieval loss 0.010459783487021923
question retrieval loss 0.01969279907643795

{"loss": 0.04876688098186975, "mrr": 0.6705005540857188, "map": 0.4844734909613724, "p@1": 0.5384615384615384, "p@5": 0.43736263736263764, "mode": "dev", "roc": 0.6670294752994375, "roc@5": 0.0790275740735321}
{"loss": 0.048807346964431876, "mrr": 0.720704178857274, "map": 0.49935073219372134, "p@1": 0.5921787709497207, "p@5": 0.40893854748603375, "mode": "test", "roc": 0.6618096389470405, "roc@5": 0.09061430169365135}
question retrieval loss 0.004694834351539612

{"loss": 0.04880346058468733, "mrr": 0.6718647042822866, "map": 0.48316198155350776, "p@1": 0.5494505494505495, "p@5": 0.43846153846153874, "mode": "dev", "roc": 0.6703821827125513, "roc@5": 0.08095399159266937}
{"loss": 0.04889968554775475, "mrr": 0.7146150269900639, "map": 0.5087308970224388, "p@1": 0.5865921787709497, "p@5": 0.4122905027932963, "mode": "test", "roc": 0.6615251578164116, "roc@5": 0.08582049200305385}
question retrieval loss 0.014655694365501404

{"loss": 0.0488392327461842, "mrr": 0.6750669583773979, "map": 0.48899446064468205, "p@1": 0.5494505494505495, "p@5": 0.4384615384615386, "mode": "dev", "roc": 0.6695612324774729, "roc@5": 0.0814355959724537}
{"loss": 0.04869527484201852, "mrr": 0.7315816526085567, "map": 0.512252721351828, "p@1": 0.6089385474860335, "p@5": 0.4067039106145254, "mode": "test", "roc": 0.6650434428915227, "roc@5": 0.08858056424915543}
{"loss": 0.6841271749880636, "mrr": 0.8583697234352257, "map": 0.9699710750112178, "p@1": 0.7179039301310044, "p@5": 0.9011353711790298, "mode": "android.dev", "roc": 0.18151835352866072, "roc@5": 0.002765968337745877}
{"loss": 0.6874772175620812, "mrr": 0.8514808362369339, "map": 0.9692608913807049, "p@1": 0.7038327526132404, "p@5": 0.8961672473867505, "mode": "android.test", "roc": 0.17896702451530205, "roc@5": 0.001778774769000694}
question retrieval loss 0.005035801324993372

{"loss": 0.04876007748112737, "mrr": 0.6672960433949446, "map": 0.48687987068610095, "p@1": 0.5384615384615384, "p@5": 0.4406593406593408, "mode": "dev", "roc": 0.6692292959203293, "roc@5": 0.08186533526518432}
{"loss": 0.04871204770144138, "mrr": 0.7309338289858724, "map": 0.5209497102462254, "p@1": 0.6089385474860335, "p@5": 0.4067039106145254, "mode": "test", "roc": 0.6630056702536844, "roc@5": 0.09115501760151336}
