Epoch 0
question retrieval loss 0.04993730038404465
question retrieval loss 0.05019032955169678

{"loss": 0.08696522633289243, "mrr": 0.6414621496796675, "map": 0.44369087575263483, "p@1": 0.4945054945054945, "p@5": 0.3945054945054949, "mode": "dev", "roc": 0.594253867005321, "roc@5": 0.05722200961652807}
{"loss": 0.08245442791025066, "mrr": 0.650068490833318, "map": 0.43284735450497774, "p@1": 0.4972067039106145, "p@5": 0.3787709497206706, "mode": "test", "roc": 0.5940635849626098, "roc@5": 0.06256163757830292}
{"loss": 0.9938857750601123, "mrr": 0.8933042212518194, "map": 0.9739419895966507, "p@1": 0.7868995633187773, "p@5": 0.9213973799126558, "mode": "android.dev", "roc": 0.2710561596933306, "roc@5": 0.007070686963420911}
{"loss": 0.9959871391749548, "mrr": 0.8815331010452961, "map": 0.9730829335805626, "p@1": 0.7630662020905923, "p@5": 0.915853658536578, "mode": "android.test", "roc": 0.25367814986914494, "roc@5": 0.005342021399704462}
question retrieval loss 0.04956304281949997
question retrieval loss 0.050017811357975006

{"loss": 0.0954532615512937, "mrr": 0.6396649389538852, "map": 0.44368411770349364, "p@1": 0.4945054945054945, "p@5": 0.39230769230769247, "mode": "dev", "roc": 0.6343337244207874, "roc@5": 0.07681960322467474}
{"loss": 0.09368596656778672, "mrr": 0.6326081733730002, "map": 0.43538268396361557, "p@1": 0.4860335195530726, "p@5": 0.3664804469273744, "mode": "test", "roc": 0.6102269554143417, "roc@5": 0.06192407703022683}
{"loss": 1.1759912200629972, "mrr": 0.8867540029112081, "map": 0.9736513545370276, "p@1": 0.7737991266375546, "p@5": 0.9166812227074151, "mode": "android.dev", "roc": 0.23005007123580615, "roc@5": 0.00384744446877426}
{"loss": 1.1919144914852202, "mrr": 0.8800813008130082, "map": 0.9725969392235806, "p@1": 0.7604529616724739, "p@5": 0.9135888501742079, "mode": "android.test", "roc": 0.2103833431252114, "roc@5": 0.0029187630187469953}
question retrieval loss 0.04777821898460388
question retrieval loss 0.052435070276260376
question retrieval loss 0.06813453882932663
question retrieval loss 0.0448642373085022

{"loss": 0.09584913456014224, "mrr": 0.6486164247840072, "map": 0.4569033967848618, "p@1": 0.510989010989011, "p@5": 0.40219780219780227, "mode": "dev", "roc": 0.6550304874095648, "roc@5": 0.07055133698932801}
{"loss": 0.0937848529003186, "mrr": 0.6572279957130002, "map": 0.44647538947945015, "p@1": 0.5139664804469274, "p@5": 0.382122905027933, "mode": "test", "roc": 0.6436480407522246, "roc@5": 0.06191600664354231}
{"loss": 1.2332685786303474, "mrr": 0.8733624454148472, "map": 0.971895510772299, "p@1": 0.7467248908296943, "p@5": 0.9096943231440956, "mode": "android.dev", "roc": 0.1903886830333657, "roc@5": 0.00255908590668536}
{"loss": 1.2480926049762902, "mrr": 0.8677409988385599, "map": 0.9708449614587277, "p@1": 0.7360627177700348, "p@5": 0.905226480836228, "mode": "android.test", "roc": 0.17590361943420751, "roc@5": 0.001898271288433121}
question retrieval loss 0.05362923815846443
question retrieval loss 0.026650700718164444

{"loss": 0.0960899207249775, "mrr": 0.6693667031094311, "map": 0.4630912109698419, "p@1": 0.5384615384615384, "p@5": 0.4043956043956046, "mode": "dev", "roc": 0.6483017332941629, "roc@5": 0.0596374408136002}
{"loss": 0.09445905456496351, "mrr": 0.654026326914059, "map": 0.4476703841095772, "p@1": 0.5195530726256983, "p@5": 0.36871508379888274, "mode": "test", "roc": 0.6324588531334889, "roc@5": 0.06578979225210596}
{"loss": 1.2372162042486616, "mrr": 0.8828238719068413, "map": 0.9723239206759013, "p@1": 0.765938864628821, "p@5": 0.9112663755458427, "mode": "android.dev", "roc": 0.19673097321476818, "roc@5": 0.0020101009813763156}
{"loss": 1.2519967261091758, "mrr": 0.8738385598141697, "map": 0.9714886630965367, "p@1": 0.7482578397212544, "p@5": 0.9064459930313506, "mode": "android.test", "roc": 0.18447310794210334, "roc@5": 0.0013781267247057983}
question retrieval loss 0.042633313685655594
question retrieval loss 0.041189610958099365
question retrieval loss 0.034386586397886276

{"loss": 0.09558730876421208, "mrr": 0.6605031616092925, "map": 0.4659274589759776, "p@1": 0.5164835164835165, "p@5": 0.4065934065934069, "mode": "dev", "roc": 0.6532770770022425, "roc@5": 0.06653549739174179}
{"loss": 0.09399144010170878, "mrr": 0.6712482476522463, "map": 0.4673036717454841, "p@1": 0.5363128491620112, "p@5": 0.3832402234636873, "mode": "test", "roc": 0.632935005947875, "roc@5": 0.07218153850623599}
{"loss": 1.2318232449121351, "mrr": 0.8733624454148472, "map": 0.9715522434382162, "p@1": 0.7467248908296943, "p@5": 0.9062008733624358, "mode": "android.dev", "roc": 0.19250122281024548, "roc@5": 0.0019442682902553396}
{"loss": 1.2426905329842186, "mrr": 0.8668699186991871, "map": 0.9710923158591562, "p@1": 0.7343205574912892, "p@5": 0.9052264808362285, "mode": "android.test", "roc": 0.1844922929017786, "roc@5": 0.0014942049885167973}
question retrieval loss 0.050902385264635086
question retrieval loss 0.0457683727145195
question retrieval loss 0.05040257051587105

{"loss": 0.09536760951300244, "mrr": 0.6695458280138307, "map": 0.4693596591246294, "p@1": 0.5439560439560439, "p@5": 0.3989010989010991, "mode": "dev", "roc": 0.6535849333403968, "roc@5": 0.07013641629289843}
{"loss": 0.09383169877962028, "mrr": 0.6701794220024154, "map": 0.4564575841447144, "p@1": 0.5307262569832403, "p@5": 0.37318435754189966, "mode": "test", "roc": 0.6309093388900635, "roc@5": 0.07190714535896273}
{"loss": 1.2369322131554632, "mrr": 0.8688500727802038, "map": 0.9706810826727729, "p@1": 0.7379912663755459, "p@5": 0.9006113537117807, "mode": "android.dev", "roc": 0.1772419230539544, "roc@5": 0.0021299648228773576}
{"loss": 1.2432217823036456, "mrr": 0.8638211382113822, "map": 0.9703643377650936, "p@1": 0.7282229965156795, "p@5": 0.9043554006968558, "mode": "android.test", "roc": 0.17073861382613192, "roc@5": 0.0016745179725471341}
Epoch 1
question retrieval loss 0.032841626554727554
question retrieval loss 0.03416899964213371
question retrieval loss 0.04083061218261719
question retrieval loss 0.05032794922590256
question retrieval loss 0.05929480120539665

{"loss": 0.09522430619204438, "mrr": 0.6673023023984564, "map": 0.47053175818845105, "p@1": 0.532967032967033, "p@5": 0.421978021978022, "mode": "dev", "roc": 0.6540683900447188, "roc@5": 0.06486099600972248}
{"loss": 0.09448322081449312, "mrr": 0.6675199849156039, "map": 0.44968908798081336, "p@1": 0.5195530726256983, "p@5": 0.3754189944134079, "mode": "test", "roc": 0.6296366389099167, "roc@5": 0.07063202426281052}
{"loss": 1.246116625377705, "mrr": 0.8672489082969432, "map": 0.9713682732292405, "p@1": 0.7344978165938865, "p@5": 0.9049781659388554, "mode": "android.dev", "roc": 0.19347751593207999, "roc@5": 0.002454862661346968}
{"loss": 1.2618123637155374, "mrr": 0.8625145180023229, "map": 0.9705620464773258, "p@1": 0.725609756097561, "p@5": 0.9026132404181096, "mode": "android.test", "roc": 0.1768677811604266, "roc@5": 0.0018578219302462212}
question retrieval loss 0.044942546635866165
question retrieval loss 0.03940160945057869
question retrieval loss 0.03177487105131149

{"loss": 0.0944557361468509, "mrr": 0.6743143379819204, "map": 0.4663292331433618, "p@1": 0.5494505494505495, "p@5": 0.41868131868131886, "mode": "dev", "roc": 0.6638386610509126, "roc@5": 0.07764203531938334}
{"loss": 0.09436205739165818, "mrr": 0.6688532675091561, "map": 0.457698049305032, "p@1": 0.5251396648044693, "p@5": 0.3810055865921788, "mode": "test", "roc": 0.6354069653893396, "roc@5": 0.07473985108522489}
{"loss": 1.2508968881123972, "mrr": 0.8590975254730713, "map": 0.9704134553211704, "p@1": 0.7187772925764192, "p@5": 0.9013100436681127, "mode": "android.dev", "roc": 0.17965581446271706, "roc@5": 0.001794118567093892}
{"loss": 1.257348008324045, "mrr": 0.8503193960511034, "map": 0.9698621622596981, "p@1": 0.7012195121951219, "p@5": 0.8999999999999909, "mode": "android.test", "roc": 0.17225433958233194, "roc@5": 0.0014722711816126332}
question retrieval loss 0.0314171239733696
question retrieval loss 0.03623104840517044
question retrieval loss 0.035141803324222565
question retrieval loss 0.024065479636192322

{"loss": 0.09553478985697358, "mrr": 0.6739142214174536, "map": 0.4659295584123622, "p@1": 0.5439560439560439, "p@5": 0.41428571428571453, "mode": "dev", "roc": 0.6686328474192117, "roc@5": 0.07212951749539048}
{"loss": 0.0941759710455074, "mrr": 0.6767737848743434, "map": 0.4760743582431676, "p@1": 0.5307262569832403, "p@5": 0.3832402234636872, "mode": "test", "roc": 0.6489139680638658, "roc@5": 0.07823432851961669}
{"loss": 1.2558573715291168, "mrr": 0.8655021834061135, "map": 0.9707876370987585, "p@1": 0.731004366812227, "p@5": 0.9025327510916938, "mode": "android.dev", "roc": 0.18453545296588356, "roc@5": 0.0016264798136778438}
{"loss": 1.2660431967795103, "mrr": 0.8527874564459931, "map": 0.9700268496988964, "p@1": 0.7064459930313589, "p@5": 0.9005226480836147, "mode": "android.test", "roc": 0.17445810322419844, "roc@5": 0.0011795830440278444}
question retrieval loss 0.0346505269408226
question retrieval loss 0.05697288364171982
question retrieval loss 0.029490511864423752

{"loss": 0.0959278702285591, "mrr": 0.6672664430663784, "map": 0.47252757731861916, "p@1": 0.5384615384615384, "p@5": 0.41428571428571437, "mode": "dev", "roc": 0.6648103905033543, "roc@5": 0.07172200609711143}
{"loss": 0.09404595090107545, "mrr": 0.6654980078237943, "map": 0.4687647761625038, "p@1": 0.5307262569832403, "p@5": 0.3832402234636872, "mode": "test", "roc": 0.6383256207337918, "roc@5": 0.0710274732103514}
{"loss": 1.2455009891997257, "mrr": 0.8634643377001455, "map": 0.9706988679954915, "p@1": 0.7275109170305677, "p@5": 0.9023580786026106, "mode": "android.dev", "roc": 0.17923881484093518, "roc@5": 0.001843741913100848}
{"loss": 1.2558999735771157, "mrr": 0.8571428571428572, "map": 0.9699029123036692, "p@1": 0.7151567944250871, "p@5": 0.9024390243902354, "mode": "android.test", "roc": 0.16659889262760602, "roc@5": 0.0013591838914703838}
question retrieval loss 0.03953928500413895

{"loss": 0.09575792040757752, "mrr": 0.6783923646561009, "map": 0.47127604255808275, "p@1": 0.5494505494505495, "p@5": 0.4142857142857145, "mode": "dev", "roc": 0.6605337436108696, "roc@5": 0.07461163237581739}
{"loss": 0.09453001129310891, "mrr": 0.6664826038576407, "map": 0.46688003036700604, "p@1": 0.5195530726256983, "p@5": 0.37877094972067044, "mode": "test", "roc": 0.6455498273744288, "roc@5": 0.07568408632731229}
{"loss": 1.2581652668626027, "mrr": 0.8676855895196507, "map": 0.970805048080798, "p@1": 0.7353711790393013, "p@5": 0.9028820960698595, "mode": "android.dev", "roc": 0.1768946449442484, "roc@5": 0.002149871036175277}
{"loss": 1.2661446654578534, "mrr": 0.8514808362369339, "map": 0.9699911009820744, "p@1": 0.7038327526132404, "p@5": 0.9008710801393643, "mode": "android.test", "roc": 0.17170560985597044, "roc@5": 0.0014769712830920967}
question retrieval loss 0.024477818980813026
question retrieval loss 0.04323580116033554

{"loss": 0.09564927971543191, "mrr": 0.6823960380279063, "map": 0.4837386317985696, "p@1": 0.554945054945055, "p@5": 0.42637362637362636, "mode": "dev", "roc": 0.6665760262526251, "roc@5": 0.07543406447052599}
{"loss": 0.09364340710323617, "mrr": 0.6680909660106954, "map": 0.4651998878793777, "p@1": 0.5363128491620112, "p@5": 0.3754189944134078, "mode": "test", "roc": 0.6413903500772336, "roc@5": 0.0778146684120223}
{"loss": 1.2582483417082042, "mrr": 0.8625909752547307, "map": 0.970540965666201, "p@1": 0.725764192139738, "p@5": 0.9025327510916938, "mode": "android.dev", "roc": 0.176448482719985, "roc@5": 0.0019509510904339269}
{"loss": 1.2649856450665704, "mrr": 0.8556910569105692, "map": 0.9701185282793967, "p@1": 0.7125435540069687, "p@5": 0.9020905923344864, "mode": "android.test", "roc": 0.16942831811141382, "roc@5": 0.0014862290587334649}
question retrieval loss 0.04370478540658951
Epoch 2
question retrieval loss 0.029418760910630226

{"loss": 0.09532869774029477, "mrr": 0.6600161917914019, "map": 0.4637933669314459, "p@1": 0.5274725274725275, "p@5": 0.40879120879120906, "mode": "dev", "roc": 0.6567453694665045, "roc@5": 0.07358914923104451}
{"loss": 0.09437865370561957, "mrr": 0.6679126682066994, "map": 0.4616794915167541, "p@1": 0.5139664804469274, "p@5": 0.3843575418994414, "mode": "test", "roc": 0.6342989012975567, "roc@5": 0.07413457208388682}
{"loss": 1.2579234089913847, "mrr": 0.8602620087336245, "map": 0.9705889096515797, "p@1": 0.7205240174672489, "p@5": 0.9020087336244443, "mode": "android.dev", "roc": 0.18380412001740376, "roc@5": 0.002269450503200635}
{"loss": 1.2666836357334765, "mrr": 0.8511904761904763, "map": 0.9699530731591542, "p@1": 0.7029616724738676, "p@5": 0.8999999999999914, "mode": "android.test", "roc": 0.17423071801171472, "roc@5": 0.0016080044152468444}
question retrieval loss 0.0294917281717062
question retrieval loss 0.05004541203379631
question retrieval loss 0.046161092817783356

{"loss": 0.09541147869530615, "mrr": 0.6557786634467307, "map": 0.4609637832277301, "p@1": 0.5164835164835165, "p@5": 0.408791208791209, "mode": "dev", "roc": 0.6649078227740337, "roc@5": 0.08316937173967726}
{"loss": 0.09381075956801463, "mrr": 0.6811420908634963, "map": 0.4594372668680496, "p@1": 0.5418994413407822, "p@5": 0.3854748603351956, "mode": "test", "roc": 0.6469318810941508, "roc@5": 0.07953366077582243}
{"loss": 1.2621426289518847, "mrr": 0.8548762736535662, "map": 0.9697021741747147, "p@1": 0.7100436681222707, "p@5": 0.897991266375536, "mode": "android.dev", "roc": 0.16595077762200378, "roc@5": 0.001798099809753476}
{"loss": 1.2668067548125463, "mrr": 0.847706155632985, "map": 0.9693002259439616, "p@1": 0.695993031358885, "p@5": 0.8968641114982491, "mode": "android.test", "roc": 0.1620132386191672, "roc@5": 0.0013883814915700832}
question retrieval loss 0.03978154808282852
question retrieval loss 0.01850851997733116
question retrieval loss 0.05782324820756912
question retrieval loss 0.03637998178601265

{"loss": 0.09527487076491445, "mrr": 0.663407443396939, "map": 0.4678389128071671, "p@1": 0.532967032967033, "p@5": 0.4164835164835168, "mode": "dev", "roc": 0.6655220535907125, "roc@5": 0.07413002799603305}
{"loss": 0.0931160672874757, "mrr": 0.6649782839102155, "map": 0.46452578636018604, "p@1": 0.5139664804469274, "p@5": 0.38212290502793317, "mode": "test", "roc": 0.6534668767119307, "roc@5": 0.07436054291105304}
{"loss": 1.2585245188406982, "mrr": 0.8631732168850074, "map": 0.9708089758321469, "p@1": 0.7266375545851529, "p@5": 0.9006113537117809, "mode": "android.dev", "roc": 0.18568458178467734, "roc@5": 0.00182454663599214}
{"loss": 1.2704385597427548, "mrr": 0.8511904761904763, "map": 0.9700690836314109, "p@1": 0.7029616724738676, "p@5": 0.9005226480836149, "mode": "android.test", "roc": 0.1749552101693105, "roc@5": 0.001326710463066816}
question retrieval loss 0.028378862887620926
question retrieval loss 0.03485595062375069

{"loss": 0.09509600033717495, "mrr": 0.665495434770645, "map": 0.47598249165528184, "p@1": 0.5384615384615384, "p@5": 0.4197802197802198, "mode": "dev", "roc": 0.665354232987603, "roc@5": 0.06856564508498648}
{"loss": 0.09355339982323141, "mrr": 0.6691778136757554, "map": 0.47214871351210935, "p@1": 0.5195530726256983, "p@5": 0.3854748603351955, "mode": "test", "roc": 0.6420367880506627, "roc@5": 0.07756448642480256}
{"loss": 1.2531300226413526, "mrr": 0.8589519650655022, "map": 0.9704752681687534, "p@1": 0.7179039301310044, "p@5": 0.8988646288209509, "mode": "android.dev", "roc": 0.18194827086100057, "roc@5": 0.00170795310096147}
{"loss": 1.2619271867937742, "mrr": 0.8529326364692219, "map": 0.9698634705202313, "p@1": 0.7064459930313589, "p@5": 0.9008710801393646, "mode": "android.test", "roc": 0.1717856611298047, "roc@5": 0.001292812761487653}

{"loss": 0.09506489602582795, "mrr": 0.6665710631571977, "map": 0.4749416088398706, "p@1": 0.5274725274725275, "p@5": 0.42197802197802214, "mode": "dev", "roc": 0.6674140178734499, "roc@5": 0.07049947190227429}
{"loss": 0.09376002662924415, "mrr": 0.6802635291462106, "map": 0.47631805551645645, "p@1": 0.5418994413407822, "p@5": 0.3854748603351956, "mode": "test", "roc": 0.6430161294748276, "roc@5": 0.07654761770255461}
{"loss": 1.2608099833846613, "mrr": 0.8625909752547307, "map": 0.9704050965838896, "p@1": 0.725764192139738, "p@5": 0.9007860262008637, "mode": "android.dev", "roc": 0.17720711561813057, "roc@5": 0.0018645012498258206}
{"loss": 1.2671669284433438, "mrr": 0.8564169570267132, "map": 0.9699638056210069, "p@1": 0.7134146341463414, "p@5": 0.9005226480836147, "mode": "android.test", "roc": 0.1705733269241041, "roc@5": 0.0014487706742153143}
question retrieval loss 0.0744587630033493
question retrieval loss 0.05277558043599129
question retrieval loss 0.036185313016176224
question retrieval loss 0.028447097167372704

{"loss": 0.0950741827242322, "mrr": 0.6813819727281267, "map": 0.48608268101789215, "p@1": 0.554945054945055, "p@5": 0.4153846153846154, "mode": "dev", "roc": 0.6639472072688177, "roc@5": 0.07487836710923639}
{"loss": 0.09369622684973578, "mrr": 0.6760480203044674, "map": 0.4755586443851416, "p@1": 0.5307262569832403, "p@5": 0.38324022346368714, "mode": "test", "roc": 0.6450982892394306, "roc@5": 0.07913014144159704}
