Epoch 0
classifier loss 0.020174389705061913
classifier loss -1.1672929525375366
question retrieval loss 0.9905135631561279
pos [0.9831482172012329]
neg [0.9736617803573608, 0.9732328653335571, 0.9658825397491455, 0.9611924290657043, 0.9594204425811768, 0.9585261940956116, 0.9582071304321289, 0.9562757611274719, 0.9537039995193481, 0.9521549344062805, 0.952019453048706, 0.9519581198692322, 0.9485424757003784, 0.9439243674278259, 0.941292941570282, 0.9406285285949707, 0.9399290680885315, 0.9192109107971191, 0.8976626396179199, 0.8556684255599976]
classifier loss -0.3399953842163086
classifier loss -1.2586601972579956
question retrieval loss 0.9995223879814148
pos [0.9771491289138794, 0.9815953373908997, 0.9800302386283875, 0.9895687699317932, 0.9713138937950134]
neg [0.9794538617134094, 0.9790868759155273, 0.9786532521247864, 0.9776785969734192, 0.9771186113357544, 0.9760741591453552, 0.9760391712188721, 0.9737878441810608, 0.9736835360527039, 0.9725086092948914, 0.9705207347869873, 0.9690032601356506, 0.9678308367729187, 0.9644496440887451, 0.9542485475540161, 0.9522860646247864, 0.9349101781845093, 0.21340206265449524, 0.15849564969539642, -0.26036760210990906]
classifier loss -1.6078128814697266
classifier loss -1.4306244850158691
classifier loss -2.4393393993377686

{"loss": 1.0340730541355008, "mrr": 0.5820465983313006, "map": 0.4041180678603474, "p@1": 0.4175824175824176, "p@5": 0.3516483516483519, "mode": "dev", "roc": 0.5623868461248074, "roc@5": 0.33380221841795926}
{"loss": 1.0515757662623955, "mrr": 0.5873365329124448, "map": 0.4088471394510794, "p@1": 0.4301675977653631, "p@5": 0.33519553072625713, "mode": "test", "roc": 0.5545864814566726, "roc@5": 0.32393483001344525}
{"loss": 1.3419638561890115, "mrr": 0.9262008733624454, "map": 0.9798670734358286, "p@1": 0.8524017467248908, "p@5": 0.9397379912663696, "mode": "android.dev", "roc": 0.3178552761418347, "roc@5": 0.07847221234810847}
{"loss": 1.2965655627202906, "mrr": 0.9242160278745645, "map": 0.9805228529097697, "p@1": 0.8484320557491289, "p@5": 0.9430313588850125, "mode": "android.test", "roc": 0.3382452812049351, "roc@5": 0.0941284623190728}
classifier loss -1.1063319444656372
question retrieval loss 1.0083003044128418
pos [0.9879395365715027, 0.9775628447532654]
neg [0.9910514950752258, 0.9892618060112, 0.9888538718223572, 0.9886907339096069, 0.9880680441856384, 0.9879340529441833, 0.9865233302116394, 0.9861735701560974, 0.9855169653892517, 0.9851983189582825, 0.9842103719711304, 0.983985960483551, 0.9832369685173035, 0.9805629849433899, 0.9801509976387024, 0.9744182825088501, 0.9274047613143921, 0.9147655963897705, 0.8638213872909546, 0.7966839075088501]
question retrieval loss 0.9978751540184021
pos [0.9969587922096252]
neg [0.9948339462280273, 0.9945881366729736, 0.9944883584976196, 0.9944468140602112, 0.9941877126693726, 0.9940919876098633, 0.9940159320831299, 0.9933735132217407, 0.9932109713554382, 0.9926171898841858, 0.9923616647720337, 0.9922966957092285, 0.9912671446800232, 0.9906258583068848, 0.9890686273574829, 0.9882346391677856, 0.9835108518600464, 0.9831884503364563, 0.9687565565109253, 0.9467922449111938]
classifier loss -1.889471411705017
classifier loss -1.9690685272216797
question retrieval loss 1.0048131942749023
pos [0.9897610545158386]
neg [0.994574248790741, 0.9945001006126404, 0.9943069815635681, 0.9927777647972107, 0.9925404787063599, 0.9919459819793701, 0.9916867017745972, 0.9914399981498718, 0.9911583065986633, 0.9901571869850159, 0.9899135828018188, 0.9888857007026672, 0.9885984063148499, 0.9871049523353577, 0.983280599117279, 0.9666834473609924, 0.9473474621772766, 0.9264281392097473, 0.922667920589447, 0.8230428099632263]
question retrieval loss 0.9096336364746094
pos [0.9500327706336975, 0.9381778240203857]
neg [0.8537389039993286, 0.8507865071296692, 0.8338093161582947, 0.8321118950843811, 0.8320916891098022, 0.830309271812439, 0.8265005946159363, 0.8260349631309509, 0.8238014578819275, 0.8232153654098511, 0.8198614716529846, 0.8195134401321411, 0.8174143433570862, 0.8168641924858093, 0.8140648007392883, 0.8123793005943298, 0.8017018437385559, 0.794054388999939, 0.7905148863792419, 0.7131815552711487]
classifier loss -2.7309844493865967

{"loss": 1.0248288466380193, "mrr": 0.6101825824183187, "map": 0.4090683152925336, "p@1": 0.46153846153846156, "p@5": 0.37252747252747265, "mode": "dev", "roc": 0.5649274944606235, "roc@5": 0.3378699231025991}
{"loss": 1.0374421314154256, "mrr": 0.5832871814715389, "map": 0.4019294596698739, "p@1": 0.4245810055865922, "p@5": 0.3374301675977655, "mode": "test", "roc": 0.5528307688334578, "roc@5": 0.3240445872723545}
{"loss": 1.2735387091032804, "mrr": 0.9310043668122271, "map": 0.980745269485726, "p@1": 0.8620087336244542, "p@5": 0.94445414847161, "mode": "android.dev", "roc": 0.3367182545663432, "roc@5": 0.0980979755381076}
{"loss": 1.2139895438291262, "mrr": 0.926829268292683, "map": 0.9814893519470383, "p@1": 0.8536585365853658, "p@5": 0.9480836236933753, "mode": "android.test", "roc": 0.36441880040591784, "roc@5": 0.11519507201481245}
question retrieval loss 1.0036520957946777
pos [0.9814908504486084]
neg [0.9851430058479309, 0.982022762298584, 0.9819878935813904, 0.981866717338562, 0.9817759394645691, 0.9815270900726318, 0.9807512164115906, 0.9803360104560852, 0.9799008369445801, 0.9787436127662659, 0.9782357215881348, 0.9780173897743225, 0.9769558310508728, 0.9763875603675842, 0.9743438959121704, 0.9722943305969238, 0.9616243243217468, 0.9057625532150269, 0.7959040999412537, 0.6853934526443481]
classifier loss -1.325634241104126
classifier loss -2.785616159439087
classifier loss -2.0945839881896973
question retrieval loss 0.9853089451789856
pos [0.9738872647285461]
neg [0.9591962099075317, 0.9570215940475464, 0.9545718431472778, 0.9539080262184143, 0.9490084052085876, 0.9489185214042664, 0.946923017501831, 0.9465354681015015, 0.9455065131187439, 0.9441218972206116, 0.9438070058822632, 0.942401647567749, 0.9417209029197693, 0.9392693638801575, 0.9373744130134583, 0.9352090358734131, 0.9290238618850708, 0.9260386824607849, 0.902151882648468, 0.8513792753219604]
classifier loss -2.235462188720703
classifier loss -1.3899377584457397
classifier loss -2.6625328063964844

{"loss": 1.0156721335190992, "mrr": 0.6212152078869924, "map": 0.4285180451473148, "p@1": 0.4725274725274725, "p@5": 0.3692307692307695, "mode": "dev", "roc": 0.5804384896738464, "roc@5": 0.3534368585168586}
{"loss": 1.0263106879575292, "mrr": 0.6026558166050012, "map": 0.41357075309266494, "p@1": 0.45251396648044695, "p@5": 0.34189944134078243, "mode": "test", "roc": 0.5680567638717842, "roc@5": 0.3258410553483259}
{"loss": 1.2237310867772873, "mrr": 0.9103347889374089, "map": 0.9799458577273386, "p@1": 0.8209606986899564, "p@5": 0.9386899563318717, "mode": "android.dev", "roc": 0.3768243475738592, "roc@5": 0.13087285901566617}
{"loss": 1.1676567816451349, "mrr": 0.9150696864111498, "map": 0.980387739258178, "p@1": 0.8301393728222997, "p@5": 0.9390243902438965, "mode": "android.test", "roc": 0.39620899784578684, "roc@5": 0.13928767825668964}
classifier loss -3.4851913452148438
Epoch 1
classifier loss -2.0679314136505127
question retrieval loss 0.9936639070510864
pos [0.8242542147636414, 0.8307318687438965]
neg [0.821156919002533, 0.8200877904891968, 0.8128651976585388, 0.80701744556427, 0.7981796860694885, 0.7956166863441467, 0.7920606732368469, 0.7767987251281738, 0.7743244767189026, 0.7741438150405884, 0.7719587087631226, 0.7683437466621399, 0.7669174671173096, 0.7661536931991577, 0.7615382075309753, 0.7583401799201965, 0.7532915472984314, 0.7521986365318298, 0.7256929278373718, 0.6807677745819092]
question retrieval loss 1.0226877927780151
pos [0.9500969648361206]
neg [0.9727847576141357, 0.9724981784820557, 0.9720245003700256, 0.9718759655952454, 0.9700948596000671, 0.9698911905288696, 0.9698498249053955, 0.9646029472351074, 0.9643239378929138, 0.962179958820343, 0.9593885540962219, 0.9583306312561035, 0.9568950533866882, 0.9555021524429321, 0.9553672075271606, 0.9520536065101624, 0.9505260586738586, 0.9476146101951599, 0.8718080520629883, 0.6548152565956116]
classifier loss -1.2591899633407593
classifier loss -1.601688265800476
classifier loss -1.2401176691055298
classifier loss -3.4574248790740967
classifier loss -2.869413137435913
question retrieval loss 0.9913595914840698
pos [0.9624522924423218]
neg [0.9538118839263916, 0.9504783153533936, 0.9430745840072632, 0.9408993721008301, 0.9406086206436157, 0.9396138191223145, 0.9385260343551636, 0.9377350211143494, 0.9373316168785095, 0.9365958571434021, 0.9359351992607117, 0.9343189597129822, 0.9299607276916504, 0.9289527535438538, 0.9276279807090759, 0.9226990938186646, 0.9217516779899597, 0.9188089370727539, 0.9123584032058716, 0.9050205945968628]
question retrieval loss 1.0029696226119995
pos [0.9670448899269104, 0.9927247166633606]
neg [0.982854425907135, 0.9821143746376038, 0.9811517000198364, 0.9806259870529175, 0.9793660640716553, 0.9787217974662781, 0.9760797023773193, 0.9745510816574097, 0.9719431400299072, 0.9683050513267517, 0.9665332436561584, 0.9515735507011414, 0.9469056725502014, 0.9380473494529724, 0.9342381358146667, 0.9143967032432556, 0.9134660363197327, 0.8957093358039856, 0.8695524334907532, 0.7982608675956726]

{"loss": 1.019317476959019, "mrr": 0.6014626585230133, "map": 0.4257840918181895, "p@1": 0.46153846153846156, "p@5": 0.376923076923077, "mode": "dev", "roc": 0.5830965753853483, "roc@5": 0.3540807265261394}
{"loss": 1.026910271724509, "mrr": 0.6012047430942392, "map": 0.4229206730714412, "p@1": 0.43575418994413406, "p@5": 0.35083798882681577, "mode": "test", "roc": 0.5767029726462314, "roc@5": 0.3336685233936299}
{"loss": 1.2387153105867221, "mrr": 0.9020378457059679, "map": 0.9788231971789719, "p@1": 0.8043668122270743, "p@5": 0.9311790393013033, "mode": "android.dev", "roc": 0.3544416093889077, "roc@5": 0.11384909384073323}
{"loss": 1.1743995764776285, "mrr": 0.914198606271777, "map": 0.9801186815534727, "p@1": 0.828397212543554, "p@5": 0.9371080139372765, "mode": "android.test", "roc": 0.3828424077338033, "roc@5": 0.12931327956702093}
question retrieval loss 0.9979754686355591
pos [0.9945681691169739]
neg [0.992543637752533, 0.9906107783317566, 0.9878297448158264, 0.987372875213623, 0.9833449721336365, 0.9831781983375549, 0.9824510812759399, 0.9799401760101318, 0.9756367802619934, 0.9750609993934631, 0.9727950692176819, 0.9724498391151428, 0.9667544960975647, 0.9661276936531067, 0.9524600505828857, 0.9508364796638489, 0.9429846405982971, 0.9306784868240356, 0.9287490248680115, 0.916585385799408]
question retrieval loss 0.8231135606765747
pos [0.9697550535202026]
neg [0.7928686141967773, 0.7905510663986206, 0.7867106199264526, 0.7804040312767029, 0.7645642757415771, 0.7611603736877441, 0.7553906440734863, 0.753856360912323, 0.7532153725624084, 0.7497564554214478, 0.7481734156608582, 0.7456721663475037, 0.7426207661628723, 0.7385352849960327, 0.727690577507019, 0.7199665904045105, 0.7009774446487427, 0.6806062459945679, 0.6778649091720581, 0.6500973701477051]
classifier loss -2.7489826679229736
question retrieval loss 0.9882310032844543
pos [0.9911747574806213]
neg [0.9794057607650757, 0.9771234393119812, 0.9764244556427002, 0.9747946262359619, 0.9670015573501587, 0.966193437576294, 0.9635640978813171, 0.9627791047096252, 0.9624565243721008, 0.9623748064041138, 0.9619557857513428, 0.9618099331855774, 0.9611729979515076, 0.9603599905967712, 0.9594641327857971, 0.9583085179328918, 0.9510108232498169, 0.9234118461608887, 0.9143428802490234, 0.7399938106536865]
question retrieval loss 1.0172345638275146
pos [0.9742156267166138]
neg [0.9914501905441284, 0.99043869972229, 0.9893724918365479, 0.9864590167999268, 0.9855714440345764, 0.9855009913444519, 0.9850063323974609, 0.9845879673957825, 0.9839380979537964, 0.9827932119369507, 0.9809244275093079, 0.9808493256568909, 0.9782719612121582, 0.9720630049705505, 0.9665043354034424, 0.9611151218414307, 0.9585933685302734, 0.9311354756355286, 0.9067224860191345, 0.8693743944168091]

{"loss": 1.0231639857475574, "mrr": 0.6269606891245123, "map": 0.43551375816177923, "p@1": 0.4945054945054945, "p@5": 0.38461538461538475, "mode": "dev", "roc": 0.5813850275125763, "roc@5": 0.35474534057024176}
{"loss": 1.0291571810258833, "mrr": 0.5793357262605063, "map": 0.4078256511725208, "p@1": 0.39106145251396646, "p@5": 0.34078212290502813, "mode": "test", "roc": 0.5674147646110316, "roc@5": 0.327430921525174}
{"loss": 1.2321556144666463, "mrr": 0.9016011644832604, "map": 0.9784801815802822, "p@1": 0.8034934497816594, "p@5": 0.9289082969432244, "mode": "android.dev", "roc": 0.3329356901341963, "roc@5": 0.0903653074514644}
{"loss": 1.1684367231739108, "mrr": 0.9176829268292683, "map": 0.9802029470954494, "p@1": 0.8353658536585366, "p@5": 0.9372822299651511, "mode": "android.test", "roc": 0.3672316615926935, "roc@5": 0.11530484074845555}
classifier loss -0.9162805676460266
classifier loss -2.841981887817383
classifier loss -2.615290403366089
classifier loss -3.325993299484253
question retrieval loss 1.0015734434127808
pos [0.99659663438797, 0.992134690284729]
neg [0.9959391355514526, 0.9947445392608643, 0.9940872192382812, 0.9934288859367371, 0.9913141131401062, 0.9878919124603271, 0.9855077266693115, 0.9829333424568176, 0.9825509190559387, 0.9781671166419983, 0.9772036075592041, 0.9762610197067261, 0.975795328617096, 0.9745686650276184, 0.9716331362724304, 0.9707515239715576, 0.9649341106414795, 0.9506889581680298, 0.9395493268966675, -0.39634454250335693]
classifier loss -2.7501189708709717
question retrieval loss 0.9202858209609985
pos [0.918105959892273]
neg [0.8383917808532715, 0.8142260313034058, 0.8032407760620117, 0.8031159043312073, 0.7920271158218384, 0.7878443598747253, 0.7857592701911926, 0.7798018455505371, 0.77456134557724, 0.7694976329803467, 0.7650269865989685, 0.7639599442481995, 0.7585087418556213, 0.7545344233512878, 0.7538930177688599, 0.7482250332832336, 0.7470399141311646, 0.7270762324333191, 0.6222469210624695, 0.6093928813934326]
classifier loss -3.6657702922821045
classifier loss -2.2478387355804443

{"loss": 1.0299457364029936, "mrr": 0.6115542060184493, "map": 0.4342893854710965, "p@1": 0.4725274725274725, "p@5": 0.3835164835164836, "mode": "dev", "roc": 0.5837211792194379, "roc@5": 0.3513933740869429}
{"loss": 1.0332144329001784, "mrr": 0.6020639480908517, "map": 0.4165511860111577, "p@1": 0.43575418994413406, "p@5": 0.34636871508379913, "mode": "test", "roc": 0.5686935173811918, "roc@5": 0.3243544901210397}
{"loss": 1.28152761905084, "mrr": 0.8978165938864628, "map": 0.9778651651450451, "p@1": 0.7956331877729258, "p@5": 0.9303056768558883, "mode": "android.dev", "roc": 0.3106580994116292, "roc@5": 0.07988701802081052}
{"loss": 1.209107966866435, "mrr": 0.9102787456445993, "map": 0.9794692427947408, "p@1": 0.8205574912891986, "p@5": 0.9344947735191574, "mode": "android.test", "roc": 0.35090160764834694, "roc@5": 0.10662856735921952}
Epoch 2
classifier loss -2.7768971920013428
classifier loss -2.3246874809265137
classifier loss -1.7417335510253906
question retrieval loss 1.0001590251922607
pos [0.9928480386734009]
neg [0.9930070042610168, 0.9913060665130615, 0.9890022277832031, 0.987150251865387, 0.9856135845184326, 0.9843488931655884, 0.9843114614486694, 0.9782029390335083, 0.9754865765571594, 0.975396454334259, 0.97528475522995, 0.9747287631034851, 0.9599648118019104, 0.9555467367172241, 0.9551994204521179, 0.9506462812423706, 0.9505048394203186, 0.945259153842926, 0.9180470705032349, 0.7718064188957214]
classifier loss -3.8197731971740723
classifier loss -1.416886568069458
question retrieval loss 1.0064566135406494
pos [0.9764996767044067]
neg [0.9829563498497009, 0.9810710549354553, 0.9788306355476379, 0.9786004424095154, 0.9757669568061829, 0.9752494096755981, 0.9747326374053955, 0.9730590581893921, 0.9728327393531799, 0.9727921485900879, 0.9711828827857971, 0.9676303267478943, 0.9558127522468567, 0.9542596340179443, 0.9540712833404541, 0.9495388269424438, 0.9474507570266724, 0.9397026896476746, 0.8623270392417908, 0.613561749458313]
question retrieval loss 0.9907453656196594
pos [0.9888026714324951]
neg [0.9795480370521545, 0.974628210067749, 0.9745417237281799, 0.9737263917922974, 0.9734737873077393, 0.9726738333702087, 0.9725446105003357, 0.9709326028823853, 0.9703820943832397, 0.9698768258094788, 0.9697548747062683, 0.967369556427002, 0.9655407667160034, 0.9645734429359436, 0.9628841876983643, 0.9611334204673767, 0.9588813781738281, 0.9487642645835876, 0.9457148313522339, 0.9044081568717957]
classifier loss -1.4786852598190308
question retrieval loss 1.0085426568984985
pos [0.9717428684234619]
neg [0.9802855253219604, 0.9766034483909607, 0.9752700924873352, 0.9744707942008972, 0.9739682078361511, 0.9736824035644531, 0.9724912047386169, 0.97247314453125, 0.9693554043769836, 0.968661367893219, 0.9676705002784729, 0.9668026566505432, 0.9658964276313782, 0.9639508724212646, 0.9621505737304688, 0.9609671235084534, 0.9534271955490112, 0.9530738592147827, 0.8852406740188599, 0.5151903033256531]
classifier loss -2.570941686630249
classifier loss -3.4033470153808594

{"loss": 1.033210128218263, "mrr": 0.618462500866262, "map": 0.44243155449596094, "p@1": 0.4835164835164835, "p@5": 0.3912087912087914, "mode": "dev", "roc": 0.5898212543867676, "roc@5": 0.35429707803213484}
{"loss": 1.0341250380324252, "mrr": 0.6035502692772613, "map": 0.4276622960613027, "p@1": 0.4245810055865922, "p@5": 0.3586592178770951, "mode": "test", "roc": 0.5847116208726024, "roc@5": 0.3404549115566323}
{"loss": 1.297623056778481, "mrr": 0.8895196506550218, "map": 0.9769131870167166, "p@1": 0.7790393013100436, "p@5": 0.924890829694316, "mode": "android.dev", "roc": 0.2893544628308342, "roc@5": 0.07079350431822641}
{"loss": 1.229476565190101, "mrr": 0.8966318234610919, "map": 0.9782474360468932, "p@1": 0.7935540069686411, "p@5": 0.9294425087107947, "mode": "android.test", "roc": 0.3271806156420801, "roc@5": 0.08914464562303051}
question retrieval loss 0.9896208047866821
pos [0.9407282471656799]
neg [0.9303490519523621, 0.9247153997421265, 0.9223983287811279, 0.9215781092643738, 0.9196269512176514, 0.9110338091850281, 0.9090636968612671, 0.8976151347160339, 0.8929751515388489, 0.8919459581375122, 0.8914170265197754, 0.8834340572357178, 0.8763847351074219, 0.8665521740913391, 0.8413148522377014, 0.8242663145065308, 0.8181702494621277, 0.7675914168357849, 0.5709381103515625, -0.5317605137825012]
classifier loss -1.851212739944458
question retrieval loss 0.9490846395492554
pos [0.8100281953811646]
neg [0.7591128349304199, 0.7111278176307678, 0.6875437498092651, 0.682519257068634, 0.6767431497573853, 0.6638484597206116, 0.6549749374389648, 0.6513988375663757, 0.6456536054611206, 0.6413264274597168, 0.6343459486961365, 0.633307933807373, 0.6301379203796387, 0.6223312020301819, 0.6172144412994385, 0.5990731716156006, 0.5890663266181946, 0.5413247346878052, 0.5142996311187744, 0.30104219913482666]
classifier loss -1.8637809753417969
classifier loss -3.0935869216918945
question retrieval loss 0.9985882043838501
pos [0.9809554219245911, 0.9826427698135376]
neg [0.980387270450592, 0.9781270623207092, 0.9770824909210205, 0.9763630628585815, 0.9757152199745178, 0.9727383255958557, 0.9668152332305908, 0.9579024910926819, 0.9469920992851257, 0.9433149695396423, 0.9383071660995483, 0.9372316598892212, 0.9323578476905823, 0.9257186055183411, 0.9088544845581055, 0.9070481657981873, 0.9068482518196106, 0.9024093747138977, 0.9006174802780151, 0.8687683939933777]
classifier loss -2.1120846271514893
classifier loss -2.5334441661834717
question retrieval loss 1.0309906005859375
pos [0.9495685696601868]
neg [0.980559229850769, 0.9797284007072449, 0.9761044979095459, 0.9724528193473816, 0.9702736735343933, 0.9683581590652466, 0.9619903564453125, 0.9602565765380859, 0.9412771463394165, 0.9386618137359619, 0.9375509023666382, 0.9310327768325806, 0.9267403483390808, 0.923528790473938, 0.9149425029754639, 0.8729022145271301, 0.8250595331192017, 0.7558512091636658, 0.7556113004684448, 0.6950973272323608]
classifier loss -3.5403122901916504

{"loss": 1.0363849188600267, "mrr": 0.6341169711564025, "map": 0.44921060962758785, "p@1": 0.4835164835164835, "p@5": 0.3912087912087914, "mode": "dev", "roc": 0.596458874134918, "roc@5": 0.36191828210976795}
{"loss": 1.0373076849809573, "mrr": 0.6206413841542783, "map": 0.44090425646372516, "p@1": 0.44692737430167595, "p@5": 0.3541899441340782, "mode": "test", "roc": 0.5886475484586368, "roc@5": 0.3479175981237965}
{"loss": 1.3032048814291517, "mrr": 0.8775836972343521, "map": 0.9745752491154942, "p@1": 0.7554585152838428, "p@5": 0.911790393013092, "mode": "android.dev", "roc": 0.2420103569184044, "roc@5": 0.0443015905064425}
{"loss": 1.2422518003407463, "mrr": 0.8768873403019745, "map": 0.975833248371977, "p@1": 0.7543554006968641, "p@5": 0.9170731707316998, "mode": "android.test", "roc": 0.27795675906638895, "roc@5": 0.055985814239171074}
classifier loss -3.2597599029541016
classifier loss -2.028670072555542

{"loss": 1.0668066209489173, "mrr": 0.6432411040442715, "map": 0.45943751604678057, "p@1": 0.5, "p@5": 0.4021978021978022, "mode": "dev", "roc": 0.6067088971963586, "roc@5": 0.3691742077885801}
{"loss": 1.0675529474652679, "mrr": 0.6344548524543165, "map": 0.43909855073205595, "p@1": 0.48044692737430167, "p@5": 0.36201117318435766, "mode": "test", "roc": 0.5885361771223906, "roc@5": 0.3510666630080913}
{"loss": 1.3877119617691207, "mrr": 0.8497816593886462, "map": 0.9712850912064085, "p@1": 0.6995633187772926, "p@5": 0.8962445414847061, "mode": "android.dev", "roc": 0.17710880736188644, "roc@5": 0.025526704185139158}
{"loss": 1.3321138228637002, "mrr": 0.8625145180023229, "map": 0.9728330632197827, "p@1": 0.725609756097561, "p@5": 0.9033101045296076, "mode": "android.test", "roc": 0.2083405223521871, "roc@5": 0.03235333368940163}
Epoch 3
classifier loss -1.3583250045776367
question retrieval loss 0.9542245268821716
pos [0.8698228001594543]
neg [0.824047327041626, 0.8113878965377808, 0.7926896214485168, 0.7898536324501038, 0.7849645018577576, 0.782581090927124, 0.7681100964546204, 0.7574042081832886, 0.750481367111206, 0.7074201703071594, 0.6538950800895691, 0.649261474609375, 0.6483646035194397, 0.5960121750831604, 0.4965352416038513, 0.44044220447540283, 0.4260721802711487, 0.40536582469940186, 0.23463451862335205, 0.01960485801100731]
classifier loss -1.7104599475860596
question retrieval loss 0.6695604920387268
pos [0.8064247965812683]
neg [0.4759852886199951, 0.472497820854187, 0.4590340256690979, 0.45184221863746643, 0.4265623986721039, 0.3726511001586914, 0.3255993127822876, 0.32204970717430115, 0.281229704618454, 0.2795656621456146, 0.27309301495552063, 0.23543411493301392, 0.22269394993782043, 0.21677131950855255, 0.2119128555059433, 0.16640892624855042, 0.16069279611110687, 0.13645592331886292, 0.09971017390489578, 0.0737176164984703]
classifier loss -1.4549766778945923
question retrieval loss 0.8907318711280823
pos [0.8260419368743896, 0.893464207649231]
neg [0.7504849433898926, 0.7466838955879211, 0.6569620370864868, 0.636726975440979, 0.6251237392425537, 0.5954296588897705, 0.5886434316635132, 0.5671283602714539, 0.45317861437797546, 0.41419169306755066, 0.4044012129306793, 0.33930015563964844, 0.338456928730011, 0.25398123264312744, 0.17632140219211578, 0.027733294293284416, 0.02121937833726406, 0.006586764473468065, -0.13938437402248383, -0.3164035677909851]
classifier loss -3.4042911529541016
question retrieval loss 1.042963981628418
pos [0.806255578994751]
neg [0.8492196202278137, 0.8330444097518921, 0.807441234588623, 0.7773598432540894, 0.6728850603103638, 0.6278959512710571, 0.6048569679260254, 0.5592203736305237, 0.47662338614463806, 0.4689218997955322, 0.4529745280742645, 0.4477759897708893, 0.305100679397583, 0.23122254014015198, 0.08194725960493088, 0.07832933962345123, 0.06212012097239494, -0.07394810765981674, -0.2077798843383789, -0.3099276125431061]
classifier loss -2.37153697013855

{"loss": 1.1343767734674306, "mrr": 0.6584645513216943, "map": 0.46902312388474265, "p@1": 0.521978021978022, "p@5": 0.3956043956043956, "mode": "dev", "roc": 0.6250424645400252, "roc@5": 0.3847722622550717}
{"loss": 1.1400953777675522, "mrr": 0.6513505160053754, "map": 0.4693835979449688, "p@1": 0.5083798882681564, "p@5": 0.3776536312849163, "mode": "test", "roc": 0.6124083809351641, "roc@5": 0.3738768039331836}
{"loss": 1.2961549089465079, "mrr": 0.8090247452692868, "map": 0.9667817254886414, "p@1": 0.6192139737991267, "p@5": 0.8696943231440938, "mode": "android.dev", "roc": 0.14401216127445265, "roc@5": 0.019867453056883425}
{"loss": 1.2784541858301761, "mrr": 0.8066202090592336, "map": 0.9678859878497077, "p@1": 0.6141114982578397, "p@5": 0.8743902439024281, "mode": "android.test", "roc": 0.16450315298474247, "roc@5": 0.023308045363100646}
question retrieval loss 0.4619978666305542
pos [0.818371593952179]
neg [0.28036943078041077, 0.23396842181682587, 0.19358879327774048, 0.18193462491035461, 0.10788099467754364, 0.06082804128527641, 0.060037534683942795, 0.05829279497265816, 0.013025100342929363, -0.015264204703271389, -0.019474314525723457, -0.040152404457330704, -0.06405998766422272, -0.09317176043987274, -0.0966513529419899, -0.14183105528354645, -0.16342313587665558, -0.18202300369739532, -0.1840536892414093, -0.19998584687709808]
classifier loss -1.5467902421951294
classifier loss -2.688368558883667
classifier loss -1.1285728216171265
question retrieval loss 0.7294578552246094
pos [0.6453287601470947]
neg [0.3747866451740265, 0.2237100601196289, 0.17191311717033386, 0.15147972106933594, 0.146772101521492, 0.1457608938217163, 0.08093812316656113, 0.048208918422460556, 0.037411633878946304, 0.02863311395049095, -0.006770416162908077, -0.013761763460934162, -0.022758986800909042, -0.030057355761528015, -0.05355410650372505, -0.06766276806592941, -0.07736722379922867, -0.0922776609659195, -0.10703616589307785, -0.13186709582805634]
question retrieval loss 1.0943915843963623
pos [0.616341233253479, 0.8222900629043579]
neg [0.8137072920799255, 0.6487448811531067, 0.5507227182388306, 0.5422571301460266, 0.43669357895851135, 0.41252899169921875, 0.39567986130714417, 0.2509619891643524, 0.22949659824371338, 0.21871519088745117, 0.19776268303394318, 0.17726224660873413, 0.17123053967952728, 0.09500207751989365, 0.04541782662272453, -0.0232956912368536, -0.04931924119591713, -0.05839809775352478, -0.0754581093788147, -0.11241575330495834]
classifier loss -1.1786361932754517
question retrieval loss 0.7860550284385681
pos [0.8150050044059753]
neg [0.6010600328445435, 0.3833196461200714, 0.2672865688800812, 0.2475411593914032, 0.17207734286785126, 0.16434378921985626, 0.15743032097816467, 0.1453213095664978, 0.12453974038362503, 0.10667134821414948, 0.09526524692773819, 0.044289376586675644, 0.028427641838788986, 0.025506680831313133, 0.02492295205593109, 0.007826532237231731, -0.0582268163561821, -0.07204952090978622, -0.1554819494485855, -0.3152768313884735]
question retrieval loss 1.052381992340088
pos [0.6165791153907776]
neg [0.6689611673355103, 0.5434874892234802, 0.4613252282142639, 0.41735735535621643, 0.3153522312641144, 0.29179129004478455, 0.254863977432251, 0.23354752361774445, 0.21896985173225403, 0.21400205790996552, 0.2124638706445694, 0.20719365775585175, 0.1964111477136612, 0.19200178980827332, 0.18831729888916016, 0.008306837640702724, -0.0646810233592987, -0.10222391784191132, -0.10671838372945786, -0.3536066710948944]
question retrieval loss 0.9553271532058716
pos [0.37400534749031067]
neg [0.32933253049850464, 0.20928122103214264, 0.17315281927585602, 0.16985054314136505, 0.10913550853729248, 0.08194062858819962, 0.03260943293571472, 0.015441217459738255, 0.013779859058558941, -0.018489491194486618, -0.059949830174446106, -0.07141102850437164, -0.07216956466436386, -0.10775700211524963, -0.11889448761940002, -0.1572701632976532, -0.16581036150455475, -0.188041552901268, -0.20280565321445465, -0.2938489317893982]
question retrieval loss 0.8003185987472534
pos [0.5689194202423096, 0.5598556399345398]
neg [0.3647060990333557, 0.23540084064006805, 0.2198823094367981, 0.17018607258796692, 0.14219945669174194, -0.012782590463757515, -0.01959819905459881, -0.03028210811316967, -0.046018242835998535, -0.04751106724143028, -0.07264164090156555, -0.08480554074048996, -0.11055418103933334, -0.11083519458770752, -0.1841852366924286, -0.1901419758796692, -0.21680204570293427, -0.22761192917823792, -0.24507124722003937, -0.25247839093208313]

{"loss": 1.1449805252499632, "mrr": 0.6605750019211557, "map": 0.4768577086504158, "p@1": 0.510989010989011, "p@5": 0.40769230769230796, "mode": "dev", "roc": 0.6542350992531056, "roc@5": 0.42699044311678047}
{"loss": 1.1531310717486802, "mrr": 0.6691713274541422, "map": 0.4881845603892062, "p@1": 0.5363128491620112, "p@5": 0.38659217877094987, "mode": "test", "roc": 0.6300341054541287, "roc@5": 0.3925879954612145}
{"loss": 1.3166973226976186, "mrr": 0.7883551673944688, "map": 0.9650473136778375, "p@1": 0.5781659388646289, "p@5": 0.8585152838427829, "mode": "android.dev", "roc": 0.12369755779200282, "roc@5": 0.016367912321661657}
{"loss": 1.3000023222758794, "mrr": 0.7986353077816494, "map": 0.9666710260715895, "p@1": 0.5984320557491289, "p@5": 0.8677700348431941, "mode": "android.test", "roc": 0.14322507432925638, "roc@5": 0.018292467375242573}
classifier loss -3.4510955810546875
question retrieval loss 1.109155535697937
pos [0.2547304332256317]
neg [0.36388593912124634, 0.32572153210639954, 0.2954044044017792, 0.2820289433002472, 0.15166744589805603, 0.14328022301197052, 0.136966273188591, 0.09348390251398087, 0.08505888283252716, 0.0820080041885376, 0.07704100757837296, 0.05783280357718468, 0.05728713050484657, 0.05522780492901802, 0.04424776881933212, 0.027300996705889702, 0.026005292311310768, -0.0033356116618961096, -0.07491273432970047, -0.0794195756316185]
question retrieval loss 1.257216453552246
pos [0.3034785985946655]
neg [0.5606949925422668, 0.27620580792427063, 0.16639932990074158, 0.1474219709634781, 0.0745098665356636, 0.07280232012271881, 0.062486425042152405, 0.03021824173629284, 0.028697028756141663, -0.009526757523417473, -0.02388596534729004, -0.026473289355635643, -0.08071191608905792, -0.08789323270320892, -0.10051842033863068, -0.10727901756763458, -0.13238166272640228, -0.1565367430448532, -0.1832209974527359, -0.24860279262065887]
classifier loss -2.0818679332733154
classifier loss -1.6230758428573608
question retrieval loss 0.9207806587219238
pos [0.4962768852710724, 0.6803053021430969]
neg [0.5090717673301697, 0.4614066183567047, 0.3922112286090851, 0.23152893781661987, 0.15442687273025513, 0.11731436848640442, 0.1166774332523346, 0.10746288299560547, 0.09529830515384674, 0.04104109853506088, 0.008495462127029896, 0.0007983830291777849, -0.02679688297212124, -0.054284557700157166, -0.10630987584590912, -0.11390293389558792, -0.1208166629076004, -0.1432255506515503, -0.27331048250198364, -0.2852233350276947]
question retrieval loss 0.9773032069206238
pos [0.43434736132621765, 0.5615371465682983]
neg [0.47524550557136536, 0.39968141913414, 0.37840133905410767, 0.3702433705329895, 0.3131157457828522, 0.31013405323028564, 0.29390159249305725, 0.28152167797088623, 0.2607729434967041, 0.23322491347789764, 0.20886610448360443, 0.20037178695201874, 0.14393967390060425, 0.12617787718772888, 0.11840315908193588, 0.107762910425663, 0.03151334077119827, -0.08743506669998169, -0.17522549629211426, -0.31140995025634766]
question retrieval loss 0.7507265210151672
pos [0.6299084424972534]
neg [0.38063496351242065, 0.3069719672203064, 0.2762894332408905, 0.27552443742752075, 0.2514083683490753, 0.21472860872745514, 0.14536137878894806, 0.12733280658721924, 0.10707473754882812, 0.10288728773593903, 0.0920361876487732, 0.09081116318702698, 0.08774188160896301, 0.030656220391392708, -0.02553381398320198, -0.031120629981160164, -0.07339169830083847, -0.12178534269332886, -0.24985048174858093, -0.3545539081096649]
classifier loss -2.0395572185516357
classifier loss -3.7028005123138428

{"loss": 1.1460181563110141, "mrr": 0.6805217724246064, "map": 0.48797373278135336, "p@1": 0.5384615384615384, "p@5": 0.4142857142857145, "mode": "dev", "roc": 0.6541999050868907, "roc@5": 0.42760986044216465}
{"loss": 1.1548780938766523, "mrr": 0.6785160025982362, "map": 0.4909485810654261, "p@1": 0.553072625698324, "p@5": 0.40000000000000013, "mode": "test", "roc": 0.635597426515094, "roc@5": 0.3991459916810454}
{"loss": 1.3283383827022068, "mrr": 0.774235807860262, "map": 0.9647931367178358, "p@1": 0.5493449781659389, "p@5": 0.8571179039301193, "mode": "android.dev", "roc": 0.12339858068699187, "roc@5": 0.016078930979471006}
{"loss": 1.315051982523257, "mrr": 0.7887630662020908, "map": 0.9661837269209791, "p@1": 0.5792682926829268, "p@5": 0.8649825783972015, "mode": "android.test", "roc": 0.1372473998112838, "roc@5": 0.017751542665883316}
Epoch 4
question retrieval loss 0.5496739149093628
pos [0.7564293146133423]
neg [0.30610325932502747, 0.2933420240879059, 0.2687799632549286, 0.2264246940612793, 0.2039189338684082, 0.18367993831634521, 0.1522529423236847, 0.14240731298923492, 0.0980319082736969, 0.0928822010755539, 0.08942555636167526, 0.03331771120429039, 0.0018902451265603304, -0.0025416803546249866, -0.00433488329872489, -0.046364352107048035, -0.05357721075415611, -0.10661479085683823, -0.18007774651050568, -0.19159835577011108]
question retrieval loss 1.0101473331451416
pos [0.48462045192718506, 0.691918134689331]
neg [0.5984166264533997, 0.194427028298378, 0.17869418859481812, 0.1435571163892746, 0.05696290358901024, 0.04042263329029083, 0.023202909156680107, -0.007341646123677492, -0.04416738077998161, -0.052344854921102524, -0.06040613725781441, -0.06590773165225983, -0.06821455806493759, -0.06881134957075119, -0.08971972018480301, -0.10945477336645126, -0.11000241339206696, -0.1609584093093872, -0.25167298316955566, -0.26268431544303894]
question retrieval loss 0.5338667035102844
pos [0.86812824010849, 0.9358911514282227]
neg [0.43587639927864075, 0.3001610338687897, 0.2115340530872345, 0.20928367972373962, 0.19832810759544373, 0.11863537132740021, 0.10602008551359177, 0.09554221481084824, 0.04911258444190025, 0.047213371843099594, 0.044372573494911194, 0.03903641551733017, 0.0332891084253788, -0.02179766818881035, -0.04011564329266548, -0.089340940117836, -0.09456784278154373, -0.1601807177066803, -0.19713184237480164, -0.3594430685043335]
classifier loss -1.7758556604385376
classifier loss -1.3977051973342896
classifier loss -1.1461281776428223
classifier loss -1.8269199132919312
classifier loss -2.5854177474975586

{"loss": 1.1477566695475316, "mrr": 0.6636659967017112, "map": 0.48707609521455547, "p@1": 0.5164835164835165, "p@5": 0.4131868131868133, "mode": "dev", "roc": 0.6488537260063771, "roc@5": 0.4193855394950785}
{"loss": 1.152070135044652, "mrr": 0.6707600819858028, "map": 0.48219139050309334, "p@1": 0.5363128491620112, "p@5": 0.38882681564245813, "mode": "test", "roc": 0.6300288597027838, "roc@5": 0.3949623032237967}
{"loss": 1.3081736175253922, "mrr": 0.7735080058224164, "map": 0.9642109850288479, "p@1": 0.548471615720524, "p@5": 0.8525764192139619, "mode": "android.dev", "roc": 0.11818274045994728, "roc@5": 0.013612735995268008}
{"loss": 1.294414671741504, "mrr": 0.7780197444831592, "map": 0.9657380047421771, "p@1": 0.5574912891986062, "p@5": 0.8632404181184554, "mode": "android.test", "roc": 0.13426967188306718, "roc@5": 0.015862870978653708}
classifier loss -2.432097911834717
question retrieval loss 1.1686679124832153
pos [0.4758323132991791]
neg [0.6445002555847168, 0.4081118106842041, 0.3694356083869934, 0.36427322030067444, 0.30746734142303467, 0.2643936574459076, 0.19856737554073334, 0.1661415994167328, 0.11937186121940613, 0.11532188951969147, 0.08297852426767349, 0.06438006460666656, -0.003826336469501257, -0.010859512723982334, -0.012463930994272232, -0.04184623435139656, -0.0859799012541771, -0.14544226229190826, -0.14943824708461761, -0.20034673810005188]
question retrieval loss 0.6433728933334351
pos [0.6464396715164185]
neg [0.28981253504753113, 0.2402295172214508, 0.20034778118133545, 0.1642417013645172, 0.05918167531490326, 0.05698764696717262, 0.04103519767522812, 0.0328788198530674, 0.0160794947296381, -0.005952243693172932, -0.016563454642891884, -0.019773507490754128, -0.03805811330676079, -0.08362419158220291, -0.10551104694604874, -0.1391642689704895, -0.1970081478357315, -0.20086397230625153, -0.2031250298023224, -0.24931301176548004]
classifier loss -1.7282390594482422
classifier loss -2.825299024581909
classifier loss -1.5181353092193604
question retrieval loss 0.8148136138916016
pos [0.8881561756134033]
neg [0.7029697895050049, 0.22596722841262817, 0.14372237026691437, 0.12214989960193634, 0.1066734567284584, 0.07181137800216675, 0.023708242923021317, -0.014521468430757523, -0.04050225019454956, -0.044565968215465546, -0.049012284725904465, -0.0728798657655716, -0.10924892872571945, -0.13125863671302795, -0.1385892778635025, -0.13946838676929474, -0.19419628381729126, -0.250644713640213, -0.2848750650882721, -0.4266837537288666]
question retrieval loss 1.023646593093872
pos [0.4969848394393921]
neg [0.5206314325332642, 0.2964385151863098, 0.24183662235736847, 0.15093079209327698, 0.11039029061794281, 0.09504643082618713, 0.04546099901199341, 0.04136960208415985, 0.02760842815041542, -0.004594104830175638, -0.007490647025406361, -0.00922104436904192, -0.016810184344649315, -0.044970981776714325, -0.0876774787902832, -0.1631949245929718, -0.16682492196559906, -0.1971379965543747, -0.20062319934368134, -0.2597358226776123]

{"loss": 1.1453193855154646, "mrr": 0.6779159561439781, "map": 0.4975353064690372, "p@1": 0.5384615384615384, "p@5": 0.42417582417582433, "mode": "dev", "roc": 0.6525276264943165, "roc@5": 0.42415638657420357}
{"loss": 1.1512553515380988, "mrr": 0.6855146216080285, "map": 0.49639983356557227, "p@1": 0.5642458100558659, "p@5": 0.3977653631284917, "mode": "test", "roc": 0.6379467160789543, "roc@5": 0.40736325940321105}
{"loss": 1.3284255706587214, "mrr": 0.7692867540029112, "map": 0.964115642909882, "p@1": 0.5397379912663756, "p@5": 0.8555458515283726, "mode": "android.dev", "roc": 0.11438533168016973, "roc@5": 0.014450972418519604}
{"loss": 1.3160149589025185, "mrr": 0.7784552845528457, "map": 0.9655501973697161, "p@1": 0.5583623693379791, "p@5": 0.860801393728211, "mode": "android.test", "roc": 0.12772817746443768, "roc@5": 0.015390026527087897}
classifier loss -2.9120423793792725
classifier loss -2.052691698074341
question retrieval loss 0.6394240856170654
pos [0.7337372899055481]
neg [0.3731613755226135, 0.22746717929840088, 0.21857526898384094, 0.11922215670347214, 0.11002102494239807, 0.08503994345664978, 0.07451970130205154, 0.042589928954839706, 0.014517233707010746, 0.004281159490346909, -0.02572881616652012, -0.03006749041378498, -0.0771099328994751, -0.08106072247028351, -0.0822179839015007, -0.10504072159528732, -0.14067675173282623, -0.14434613287448883, -0.20389056205749512, -0.30316492915153503]
classifier loss -2.558276891708374
classifier loss -1.8189445734024048
question retrieval loss 1.021242618560791
pos [0.35695332288742065]
neg [0.37819594144821167, 0.22420354187488556, 0.13410651683807373, 0.07101646810770035, 0.017183324322104454, -0.006074273958802223, -0.016418829560279846, -0.020673489198088646, -0.022043541073799133, -0.06086556985974312, -0.07036450505256653, -0.09253751486539841, -0.13455082476139069, -0.1350826919078827, -0.13798788189888, -0.15769042074680328, -0.1671563684940338, -0.1971762329339981, -0.23687365651130676, -0.28629791736602783]
classifier loss -2.3376739025115967
question retrieval loss 0.7963957786560059
pos [0.40106749534606934]
neg [0.1974632441997528, 0.17031453549861908, 0.1421780288219452, 0.12459760904312134, 0.10890808701515198, 0.08342746645212173, 0.02331668697297573, 7.425063085975125e-05, 3.6740762880072e-05, -0.04690583795309067, -0.05741790682077408, -0.06442837417125702, -0.09165733307600021, -0.10289017111063004, -0.15529407560825348, -0.15882793068885803, -0.16676050424575806, -0.19621266424655914, -0.23109526932239532, -0.2659299373626709]
classifier loss -1.255310297012329

{"loss": 1.1416822861839127, "mrr": 0.6725034123385772, "map": 0.4972719225384778, "p@1": 0.5274725274725275, "p@5": 0.421978021978022, "mode": "dev", "roc": 0.6561696670002085, "roc@5": 0.4259383227794055}
{"loss": 1.147613386202125, "mrr": 0.6961604785002312, "map": 0.4989336841476555, "p@1": 0.5865921787709497, "p@5": 0.3888268156424581, "mode": "test", "roc": 0.6446289962537264, "roc@5": 0.4131432703466554}
{"loss": 1.3451999954261114, "mrr": 0.7668122270742358, "map": 0.9638790624381706, "p@1": 0.5344978165938865, "p@5": 0.852401746724879, "mode": "android.dev", "roc": 0.10790362691206284, "roc@5": 0.01313589687444014}
{"loss": 1.3311386587623935, "mrr": 0.774535423925668, "map": 0.9652624493924087, "p@1": 0.5505226480836237, "p@5": 0.8599303135888383, "mode": "android.test", "roc": 0.12117377913083732, "roc@5": 0.013942808310633981}
classifier loss -1.7292755842208862
Epoch 5
question retrieval loss 0.716840922832489
pos [0.691838264465332]
neg [0.40867918729782104, 0.29402920603752136, 0.2593845725059509, 0.2504066526889801, 0.23994679749011993, 0.13901500403881073, 0.08317405730485916, 0.08028463274240494, 0.06498655676841736, 0.05798748880624771, 0.033551353961229324, 0.016080133616924286, 0.004880161955952644, 0.0025256939698010683, -0.030017565935850143, -0.05083403363823891, -0.10743129998445511, -0.1365034282207489, -0.14145627617835999, -0.24852439761161804]
classifier loss -1.5693148374557495
classifier loss -2.023574113845825
question retrieval loss 0.7294856309890747
pos [0.7667592763900757]
neg [0.4962449371814728, 0.22227700054645538, 0.17925956845283508, 0.14360283315181732, 0.12727642059326172, 0.09430352598428726, 0.09207800030708313, -0.00022927593090571463, -0.023371269926428795, -0.053624238818883896, -0.05837785452604294, -0.0958307757973671, -0.10053155571222305, -0.12783585488796234, -0.1508210152387619, -0.21763239800930023, -0.22408920526504517, -0.22584398090839386, -0.23920346796512604, -0.3969383239746094]
classifier loss -2.1571125984191895
classifier loss -2.613809585571289
classifier loss -2.0528295040130615
question retrieval loss 0.6457626819610596
pos [0.6794525384902954]
neg [0.32521525025367737, 0.27752724289894104, 0.23189999163150787, 0.2034141719341278, 0.18462398648262024, 0.17160232365131378, 0.13313433527946472, 0.09221750497817993, 0.07476535439491272, 0.06288249790668488, 0.05777914822101593, 0.05195119231939316, 0.043643657118082047, 0.0246021319180727, 0.024117302149534225, -0.010968945920467377, -0.013302602805197239, -0.0314360186457634, -0.13301648199558258, -0.265354186296463]
classifier loss -0.9955111742019653

{"loss": 1.1444617323168031, "mrr": 0.6779836410088508, "map": 0.49656435794328463, "p@1": 0.5439560439560439, "p@5": 0.4153846153846155, "mode": "dev", "roc": 0.6532804111864101, "roc@5": 0.423868905805963}
{"loss": 1.1490969741144659, "mrr": 0.6880056927197042, "map": 0.496584181586145, "p@1": 0.5642458100558659, "p@5": 0.38994413407821227, "mode": "test", "roc": 0.643219099699943, "roc@5": 0.4120295569841933}
{"loss": 1.343427053080896, "mrr": 0.7609898107714702, "map": 0.9637835133914204, "p@1": 0.5231441048034935, "p@5": 0.851004366812215, "mode": "android.dev", "roc": 0.11109024908360327, "roc@5": 0.013305355624500567}
{"loss": 1.3284052224628602, "mrr": 0.772357723577236, "map": 0.9652884197391378, "p@1": 0.5461672473867596, "p@5": 0.8599303135888383, "mode": "android.test", "roc": 0.12398217522120743, "roc@5": 0.014462767718848477}
question retrieval loss 0.7918000221252441
pos [0.46753498911857605, 0.599662721157074]
neg [0.32539892196655273, 0.27510249614715576, 0.2727024257183075, 0.24567702412605286, 0.2394282966852188, 0.1852727085351944, 0.07454504072666168, 0.06984581798315048, 0.06695437431335449, 0.00988665223121643, -0.004800925962626934, -0.05114816129207611, -0.07416298240423203, -0.0896945595741272, -0.10574787110090256, -0.16513092815876007, -0.19693011045455933, -0.23372507095336914, -0.27068910002708435, -0.3087514340877533]
question retrieval loss 0.7955123782157898
pos [0.6821442246437073]
neg [0.47765660285949707, 0.2949258089065552, 0.18585507571697235, 0.1598481833934784, 0.11552510410547256, 0.04365431144833565, 0.025226982310414314, 0.022052468731999397, -0.0018001542193815112, -0.01391396764665842, -0.014511637389659882, -0.01619294099509716, -0.04721714183688164, -0.06744790822267532, -0.09287132322788239, -0.10748711973428726, -0.11108604073524475, -0.15230736136436462, -0.21522118151187897, -0.2333286702632904]
classifier loss -3.7665908336639404
classifier loss -3.492744207382202
classifier loss -3.7385876178741455
question retrieval loss 0.37657248973846436
pos [0.8282754421234131]
neg [0.20484793186187744, 0.1392967402935028, 0.12486249953508377, 0.0862816795706749, 0.0804009810090065, 0.06342443078756332, 0.04841827601194382, 0.02652544528245926, -0.0023353861179202795, -0.03833433613181114, -0.04630338028073311, -0.0492093451321125, -0.07030332833528519, -0.07069512456655502, -0.08935175836086273, -0.10655296593904495, -0.14822545647621155, -0.15898168087005615, -0.18478260934352875, -0.2517922818660736]
classifier loss -2.7210705280303955
classifier loss -1.1283948421478271
question retrieval loss 1.0325100421905518
pos [0.5127337574958801]
neg [0.5452437996864319, 0.10656455159187317, 0.05711096525192261, 0.048239994794130325, 0.04639548063278198, 0.03658531606197357, 0.03186136856675148, -0.0035911567974835634, -0.00873864721506834, -0.054138459265232086, -0.06660760939121246, -0.10983265191316605, -0.13478730618953705, -0.15754817426204681, -0.1760684847831726, -0.21755126118659973, -0.23015131056308746, -0.27202335000038147, -0.3139600455760956, -0.4224606156349182]
question retrieval loss 0.8892287611961365
pos [0.793060302734375]
neg [0.6822890639305115, 0.5203633308410645, 0.30851730704307556, 0.289024293422699, 0.21480871737003326, 0.15352219343185425, 0.09745224565267563, 0.08210736513137817, 0.04997443035244942, 0.049521829932928085, 0.016109388321638107, 0.00400625029578805, -0.016767289489507675, -0.03593459352850914, -0.03666924685239792, -0.05249253287911415, -0.052674151957035065, -0.0695621594786644, -0.07138039171695709, -0.08104613423347473]
question retrieval loss 0.7610803842544556
pos [0.6011439561843872]
neg [0.3622243404388428, 0.2912164032459259, 0.27690786123275757, 0.26659736037254333, 0.21021464467048645, 0.14212925732135773, 0.1318385750055313, 0.10440518707036972, 0.10227185487747192, 0.03364668786525726, 0.028456952422857285, -0.0013500290224328637, -0.020166870206594467, -0.02026321552693844, -0.03236168995499611, -0.08550669252872467, -0.1203814372420311, -0.1298859715461731, -0.2073027342557907, -0.24434521794319153]

{"loss": 1.1390650341143975, "mrr": 0.6727018250369899, "map": 0.4951209904761292, "p@1": 0.5274725274725275, "p@5": 0.4241758241758241, "mode": "dev", "roc": 0.6599813804337477, "roc@5": 0.4353355356237203}
{"loss": 1.1471547521026442, "mrr": 0.6762136316752606, "map": 0.495090574656388, "p@1": 0.547486033519553, "p@5": 0.39888268156424583, "mode": "test", "roc": 0.6422752679771899, "roc@5": 0.41199081912810775}
{"loss": 1.3407258899451344, "mrr": 0.7608442503639011, "map": 0.9636135108672736, "p@1": 0.5231441048034935, "p@5": 0.8511790393012979, "mode": "android.dev", "roc": 0.10798669980577225, "roc@5": 0.013110089890771764}
{"loss": 1.3259686730049214, "mrr": 0.7706155632984903, "map": 0.9652168745733686, "p@1": 0.5426829268292683, "p@5": 0.8594076655052143, "mode": "android.test", "roc": 0.12241508305292956, "roc@5": 0.014333913724652389}
question retrieval loss 0.7546002864837646
pos [0.3049062490463257, 0.7662083506584167]
neg [0.29015758633613586, 0.192665234208107, 0.18828147649765015, 0.1858341246843338, 0.18494364619255066, 0.10756520926952362, 0.1052355021238327, 0.08957212418317795, 0.07691708952188492, 0.06642265617847443, 0.04118124395608902, 0.004004978574812412, -0.017447063699364662, -0.031116973608732224, -0.04555383697152138, -0.058140240609645844, -0.07201679050922394, -0.08943125605583191, -0.13127528131008148, -0.15889069437980652]
classifier loss -1.2784379720687866
question retrieval loss 1.2122135162353516
pos [0.020297635346651077]
neg [0.23251113295555115, 0.16436025500297546, 0.14620976150035858, 0.13510021567344666, 0.09013064205646515, 0.062221135944128036, 0.010000819340348244, 0.0038384851068258286, -0.011320383287966251, -0.037153467535972595, -0.04470767453312874, -0.04945296794176102, -0.0930548757314682, -0.12039972841739655, -0.160879448056221, -0.17688578367233276, -0.18143029510974884, -0.2178758680820465, -0.2676624357700348, -0.35578271746635437]
question retrieval loss 0.5476251840591431
pos [0.7714585065841675]
neg [0.31908369064331055, 0.31901946663856506, 0.27361395955085754, 0.23951108753681183, 0.16562922298908234, 0.09556989371776581, 0.09002953767776489, 0.03764457628130913, 0.02731115184724331, -0.017594605684280396, -0.0224956963211298, -0.051315996795892715, -0.09524489939212799, -0.11374276876449585, -0.1485772579908371, -0.15763090550899506, -0.18176181614398956, -0.18282894790172577, -0.1990039199590683, -0.310593843460083]
classifier loss -2.402127981185913
classifier loss -1.4212572574615479
question retrieval loss 0.5445164442062378
pos [0.8803086876869202]
neg [0.42482510209083557, 0.3871346712112427, 0.20057033002376556, 0.190538689494133, 0.15680885314941406, 0.09797889739274979, 0.09328585863113403, 0.027779871597886086, 0.008082589134573936, -0.0010308444034308195, -0.005529498681426048, -0.023939836770296097, -0.047312181442976, -0.04811688885092735, -0.07439638674259186, -0.12304279208183289, -0.12844957411289215, -0.21342985332012177, -0.22549648582935333, -0.23378868401050568]
question retrieval loss 0.7064429521560669
pos [0.6718593835830688]
neg [0.37830236554145813, 0.23566356301307678, 0.2297728806734085, 0.1704859882593155, 0.15589004755020142, 0.13572032749652863, 0.12853513658046722, 0.08679819852113724, 0.07691817730665207, 0.0766720324754715, 0.07314085960388184, -0.0009376700618304312, -0.010044137015938759, -0.01789482869207859, -0.03768584132194519, -0.07113390415906906, -0.08539687097072601, -0.09008873254060745, -0.12774251401424408, -0.2679712772369385]

{"loss": 1.1356765123514028, "mrr": 0.6874026789306364, "map": 0.4986744936439582, "p@1": 0.5494505494505495, "p@5": 0.4263736263736264, "mode": "dev", "roc": 0.6628054344238214, "roc@5": 0.43820812051668}
{"loss": 1.144116805585403, "mrr": 0.6909801009488383, "map": 0.501599233198879, "p@1": 0.5698324022346368, "p@5": 0.39664804469273757, "mode": "test", "roc": 0.646713980653669, "roc@5": 0.4148146474290169}
{"loss": 1.3775604556221108, "mrr": 0.7656477438136826, "map": 0.9638877335822607, "p@1": 0.5318777292576419, "p@5": 0.8522270742357961, "mode": "android.dev", "roc": 0.10171463590114005, "roc@5": 0.013085918060338576}
{"loss": 1.3623003992884832, "mrr": 0.7688734030197446, "map": 0.965157875197047, "p@1": 0.539198606271777, "p@5": 0.860452961672462, "mode": "android.test", "roc": 0.1130229699656394, "roc@5": 0.012979031138172302}
Epoch 6
classifier loss -1.0947861671447754
question retrieval loss 0.8070042133331299
pos [0.608896017074585]
neg [0.41590020060539246, 0.34142839908599854, 0.2984297573566437, 0.11235267668962479, 0.10413658618927002, 0.09502747654914856, 0.05243787169456482, 0.04875018075108528, 0.0012350602773949504, -0.0004870393022429198, -0.0007857525488361716, -0.01015784963965416, -0.02798004262149334, -0.04637838527560234, -0.05875590443611145, -0.10668164491653442, -0.13546700775623322, -0.18709401786327362, -0.21135826408863068, -0.23504778742790222]
classifier loss -3.6236283779144287
question retrieval loss 0.8510763049125671
pos [0.7908896207809448]
neg [0.641965925693512, 0.39252769947052, 0.33398157358169556, 0.19611531496047974, 0.09929964691400528, 0.06449151039123535, 0.03933713957667351, -0.012794353067874908, -0.013838937506079674, -0.0373239628970623, -0.08106984943151474, -0.09200090169906616, -0.10537660121917725, -0.11654040962457657, -0.13232992589473724, -0.14448153972625732, -0.14682307839393616, -0.17103533446788788, -0.18634212017059326, -0.22774964570999146]

{"loss": 1.1433783419184633, "mrr": 0.6783435934607132, "map": 0.4959062118909332, "p@1": 0.5494505494505495, "p@5": 0.4197802197802199, "mode": "dev", "roc": 0.6531633442756317, "roc@5": 0.4251099632461765}
{"loss": 1.147418585569499, "mrr": 0.6924604202684181, "map": 0.5007789666668782, "p@1": 0.5642458100558659, "p@5": 0.40223463687150857, "mode": "test", "roc": 0.6368592314732167, "roc@5": 0.4056813908181596}
{"loss": 1.3499419359661085, "mrr": 0.7569141193595342, "map": 0.9633177825218141, "p@1": 0.5152838427947598, "p@5": 0.8490829694323021, "mode": "android.dev", "roc": 0.10041692141880112, "roc@5": 0.011236943656885132}
{"loss": 1.3354437641461967, "mrr": 0.7614692218350757, "map": 0.9647686301837244, "p@1": 0.524390243902439, "p@5": 0.8597560975609635, "mode": "android.test", "roc": 0.11403770763232389, "roc@5": 0.012293443002367857}
question retrieval loss 0.7218396067619324
pos [0.5711913704872131]
neg [0.2930309772491455, 0.2580414414405823, 0.20544706284999847, 0.1972232311964035, 0.18298593163490295, 0.16258259117603302, 0.12311464548110962, 0.061214376240968704, 0.047342557460069656, 0.046211421489715576, 0.038092128932476044, 0.02298056334257126, 0.0037274202331900597, -0.004224505741149187, -0.0678923949599266, -0.07531680166721344, -0.08262840658426285, -0.10133267939090729, -0.23248359560966492, -0.28287026286125183]
classifier loss -1.6992634534835815
question retrieval loss 0.8695933818817139
pos [0.6138090491294861]
neg [0.48340243101119995, 0.2413671612739563, 0.17882157862186432, 0.12018419057130814, 0.11171648651361465, 0.08030787110328674, 0.0767233669757843, 0.07275509834289551, 0.05321447178721428, 0.030015600845217705, -0.022057311609387398, -0.02255656197667122, -0.025086283683776855, -0.03685838729143143, -0.04742814227938652, -0.08395805954933167, -0.10962069034576416, -0.15314601361751556, -0.19908390939235687, -0.264432430267334]
question retrieval loss 0.5463864803314209
pos [0.683358907699585]
neg [0.22974538803100586, 0.18353652954101562, 0.15515008568763733, 0.14432144165039062, 0.11129575222730637, 0.10206789523363113, 0.055172305554151535, 0.050909679383039474, 0.010499563068151474, -0.011373581364750862, -0.013915899209678173, -0.016537828370928764, -0.02185067906975746, -0.04670938849449158, -0.07692746073007584, -0.12634161114692688, -0.15513263642787933, -0.1593606173992157, -0.16438235342502594, -0.19311141967773438]
classifier loss -1.5578184127807617
classifier loss -1.554801106452942
classifier loss -1.3493160009384155

{"loss": 1.1434309852647258, "mrr": 0.6777257970324774, "map": 0.4990277513528579, "p@1": 0.5384615384615384, "p@5": 0.41758241758241776, "mode": "dev", "roc": 0.6572995849681641, "roc@5": 0.4298393182556586}
{"loss": 1.1472805601924492, "mrr": 0.6727456711295807, "map": 0.493185785549245, "p@1": 0.5307262569832403, "p@5": 0.4078212290502795, "mode": "test", "roc": 0.6522256512398535, "roc@5": 0.42882080351997987}
{"loss": 1.364106772039655, "mrr": 0.7544395924308589, "map": 0.963318138179652, "p@1": 0.5109170305676856, "p@5": 0.8482096069868876, "mode": "android.dev", "roc": 0.10178975341889214, "roc@5": 0.011938196895199475}
{"loss": 1.350128474187768, "mrr": 0.7601626016260165, "map": 0.9646991028771099, "p@1": 0.5217770034843205, "p@5": 0.8583623693379671, "mode": "android.test", "roc": 0.11235329808257224, "roc@5": 0.012297245811746696}
question retrieval loss 1.1485692262649536
pos [0.22586432099342346]
neg [0.3744335174560547, 0.13760258257389069, 0.1366676241159439, 0.10086102038621902, 0.09582081437110901, 0.08510430157184601, 0.0762481838464737, 0.046734053641557693, 0.024142540991306305, 0.010218585841357708, -0.00037176793557591736, -0.017423786222934723, -0.04030117020010948, -0.05867408961057663, -0.066851906478405, -0.09846889972686768, -0.09881599992513657, -0.11887256801128387, -0.21485188603401184, -0.2852556109428406]
classifier loss -1.4105684757232666
question retrieval loss 0.8018221855163574
pos [0.6085966229438782]
neg [0.4104187786579132, 0.23560640215873718, 0.19840753078460693, 0.19635604321956635, 0.1921800971031189, 0.12147577852010727, 0.08576192706823349, 0.08095591515302658, 0.049826592206954956, 0.03782908618450165, 0.03307598829269409, 0.00015017956320662051, -0.0062123071402311325, -0.05203124135732651, -0.05261197313666344, -0.052777212113142014, -0.0543287917971611, -0.060552988201379776, -0.11925537139177322, -0.1301441192626953]

{"loss": 1.1386453827003857, "mrr": 0.6720382433052118, "map": 0.49690718908527726, "p@1": 0.5274725274725275, "p@5": 0.4142857142857143, "mode": "dev", "roc": 0.6612050260233073, "roc@5": 0.4342108041644701}
{"loss": 1.1451972246836017, "mrr": 0.697054501653495, "map": 0.5073002609356044, "p@1": 0.5698324022346368, "p@5": 0.40893854748603375, "mode": "test", "roc": 0.6489615833453044, "roc@5": 0.4213314846767568}
{"loss": 1.364874439312381, "mrr": 0.7561863173216885, "map": 0.9633855200652159, "p@1": 0.5135371179039301, "p@5": 0.8476855895196386, "mode": "android.dev", "roc": 0.10042749303993471, "roc@5": 0.011774439853376522}
{"loss": 1.3525928297836192, "mrr": 0.7607433217189316, "map": 0.9646091355241824, "p@1": 0.5226480836236934, "p@5": 0.8578397212543433, "mode": "android.test", "roc": 0.10952939877868577, "roc@5": 0.012106820488169634}
Epoch 7
classifier loss -1.6945327520370483
question retrieval loss 0.5283582210540771
pos [0.6313458681106567]
neg [0.1597040593624115, 0.15914422273635864, 0.12530924379825592, 0.10893376916646957, 0.09802089631557465, 0.08887472003698349, 0.06100531667470932, 0.03810027986764908, -0.0009555119904689491, -0.021665681153535843, -0.04656549543142319, -0.05337008088827133, -0.06216094642877579, -0.07266825437545776, -0.08590711653232574, -0.09047152101993561, -0.16576583683490753, -0.19355013966560364, -0.20240291953086853, -0.2797195315361023]
classifier loss -2.6846909523010254
classifier loss -2.553999900817871
classifier loss -1.7879501581192017
classifier loss -2.2853214740753174
question retrieval loss 1.1183204650878906
pos [0.3157336413860321]
neg [0.43405410647392273, 0.37055131793022156, 0.24640783667564392, 0.20848067104816437, 0.15727604925632477, 0.12997408211231232, 0.12274334579706192, 0.120003342628479, 0.10114738345146179, 0.03497137501835823, 0.029331164434552193, 0.02932911552488804, -0.006041018292307854, -0.013703943230211735, -0.01938403770327568, -0.03763951361179352, -0.05261381343007088, -0.076914481818676, -0.08244006335735321, -0.09307601302862167]
classifier loss -1.713927149772644
question retrieval loss 0.662510871887207
pos [0.6607872843742371]
neg [0.3232981860637665, 0.26908624172210693, 0.2049587219953537, 0.1879451870918274, 0.1478705108165741, 0.11012797057628632, 0.09468340873718262, 0.07145587354898453, 0.033034466207027435, -0.011258095502853394, -0.04067331925034523, -0.07106055319309235, -0.11408863216638565, -0.15559107065200806, -0.1846451759338379, -0.19840066134929657, -0.21747156977653503, -0.24753327667713165, -0.26941269636154175, -0.2856023609638214]
question retrieval loss 0.8505436182022095
pos [0.4611155390739441]
neg [0.31165918707847595, 0.2733863294124603, 0.24878861010074615, 0.22519995272159576, 0.11538197845220566, 0.09978169947862625, 0.08837682008743286, 0.06348657608032227, 0.022918228060007095, -0.007737976033240557, -0.03451818227767944, -0.07010063529014587, -0.08381026983261108, -0.0893457904458046, -0.10131574422121048, -0.11529258638620377, -0.12917527556419373, -0.13129206001758575, -0.1521807312965393, -0.17048625648021698]
classifier loss -4.088901996612549
question retrieval loss 0.9807554483413696
pos [0.46894803643226624]
neg [0.44970348477363586, 0.20256690680980682, 0.17554038763046265, 0.1604519933462143, 0.10540816932916641, 0.07368265837430954, 0.06943795830011368, 0.05265611410140991, 0.03835489600896835, -0.03171901777386665, -0.03518446162343025, -0.03565174341201782, -0.041157953441143036, -0.05086797848343849, -0.05231016129255295, -0.05272258445620537, -0.053784891963005066, -0.11183472722768784, -0.12785248458385468, -0.13188377022743225]

{"loss": 1.143097229711302, "mrr": 0.6912597066515517, "map": 0.5034356458396737, "p@1": 0.5659340659340659, "p@5": 0.41098901098901097, "mode": "dev", "roc": 0.6596223999383546, "roc@5": 0.4338195932221222}
{"loss": 1.147328016811243, "mrr": 0.6904033370660835, "map": 0.5050507084186828, "p@1": 0.5586592178770949, "p@5": 0.4078212290502795, "mode": "test", "roc": 0.6465130280252247, "roc@5": 0.41708404016470035}
{"loss": 1.3621242074987254, "mrr": 0.7484716157205241, "map": 0.9629147029996468, "p@1": 0.49868995633187774, "p@5": 0.8468122270742239, "mode": "android.dev", "roc": 0.09596816001182996, "roc@5": 0.010510153590654318}
{"loss": 1.3484176370844192, "mrr": 0.7505807200929154, "map": 0.9643262645128422, "p@1": 0.5026132404181185, "p@5": 0.8576655052264684, "mode": "android.test", "roc": 0.10774931367836352, "roc@5": 0.010808253663052575}
question retrieval loss 0.8143368363380432
pos [0.5249106287956238]
neg [0.339247465133667, 0.2917257845401764, 0.2377760112285614, 0.2030864655971527, 0.18984347581863403, 0.18846271932125092, 0.17921489477157593, 0.1685926914215088, 0.10366043448448181, 0.03581340238451958, -0.019397052004933357, -0.03611017018556595, -0.045947033911943436, -0.04672640562057495, -0.07338801771402359, -0.08503425866365433, -0.0856957733631134, -0.12213084846735, -0.1312001496553421, -0.22097378969192505]
classifier loss -1.0636049509048462
question retrieval loss 0.5874910354614258
pos [0.6511745452880859]
neg [0.2386656105518341, 0.19239896535873413, 0.15553401410579681, 0.12462811172008514, 0.11604010313749313, 0.10691248625516891, 0.1061314269900322, 0.09807981550693512, 0.09474192559719086, 0.04817165806889534, 0.0017691339598968625, -0.004110404755920172, -0.007184962276369333, -0.04185210168361664, -0.05675714835524559, -0.07461756467819214, -0.0868576318025589, -0.17703713476657867, -0.18439900875091553, -0.23503106832504272]
classifier loss -4.0656023025512695
question retrieval loss 1.1542963981628418
pos [0.5727440118789673]
neg [0.7270403504371643, 0.22396241128444672, 0.1626071035861969, 0.10172449052333832, 0.0377047173678875, 0.02646353468298912, -0.024884693324565887, -0.06015641242265701, -0.07045403122901917, -0.07213997840881348, -0.08800013363361359, -0.08896896243095398, -0.09350454807281494, -0.10073437541723251, -0.10357445478439331, -0.10770099610090256, -0.1442975401878357, -0.18772868812084198, -0.19460199773311615, -0.19810816645622253]

{"loss": 1.1371745886383475, "mrr": 0.6816097059228926, "map": 0.5075960457889053, "p@1": 0.5384615384615384, "p@5": 0.42417582417582417, "mode": "dev", "roc": 0.6556502751998565, "roc@5": 0.43150418755008213}
{"loss": 1.1420710559663825, "mrr": 0.7008277745156603, "map": 0.5082816318497204, "p@1": 0.5754189944134078, "p@5": 0.4022346368715084, "mode": "test", "roc": 0.6475028609520797, "roc@5": 0.42023149097165846}
