Epoch 0
classifier loss 0.012322274968028069
classifier loss 0.014817221090197563
question retrieval loss 0.939006507396698
pos [0.9077109098434448]
neg [0.8467174172401428, 0.8458753824234009, 0.8439749479293823, 0.842689037322998, 0.8312578201293945, 0.817909836769104, 0.798223078250885, 0.7961550354957581, 0.7950218915939331, 0.7910323739051819, 0.7821123600006104, 0.7817406058311462, 0.7741849422454834, 0.7670844793319702, 0.764566957950592, 0.7594824433326721, 0.7555519342422485, 0.6867058873176575, 0.629302442073822, 0.6045672297477722]
classifier loss 0.010945658199489117
classifier loss 0.011837906204164028
question retrieval loss 0.8784116506576538
pos [0.712239146232605]
neg [0.5906507968902588, 0.3781309425830841, 0.33930477499961853, 0.31705597043037415, 0.3081204295158386, 0.30647891759872437, 0.2768794596195221, 0.25428125262260437, 0.24412934482097626, 0.2373504787683487, 0.23099948465824127, 0.2152361273765564, 0.2097223550081253, 0.19210302829742432, 0.18880030512809753, 0.16808433830738068, 0.13223427534103394, 0.1277250498533249, 0.08619220554828644, -0.00947430357336998]
question retrieval loss 1.2207611799240112
pos [0.3877623379230499]
neg [0.6085235476493835, 0.5159037709236145, 0.2825230658054352, 0.25810399651527405, 0.23547333478927612, 0.2284630835056305, 0.1606302708387375, 0.1564447283744812, 0.13399241864681244, 0.1081007644534111, 0.09968140721321106, 0.09252618253231049, 0.07959381490945816, 0.07196421176195145, 0.006033619400113821, -0.0016032763523980975, -0.049224406480789185, -0.06529863178730011, -0.116810642182827, -0.14130446314811707]
question retrieval loss 0.6865838766098022
pos [0.8410099744796753]
neg [0.5275938510894775, 0.4990844130516052, 0.48922261595726013, 0.4708485007286072, 0.467642217874527, 0.4333125650882721, 0.4270585775375366, 0.4259352385997772, 0.3816421329975128, 0.29002657532691956, 0.2684280276298523, 0.2611439824104309, 0.24736134707927704, 0.20451682806015015, 0.19487497210502625, 0.1882869452238083, 0.1597139537334442, 0.09873206913471222, -0.0025899806059896946, -0.09083835035562515]
classifier loss 0.004689044784754515
question retrieval loss 0.9103630781173706
pos [0.8294444680213928]
neg [0.7398075461387634, 0.2879011929035187, 0.2088312953710556, 0.10604523867368698, 0.08628982305526733, 0.08424915373325348, 0.08177246898412704, 0.07550878822803497, 0.031864337623119354, 0.010232482105493546, -0.02020072564482689, -0.0320262610912323, -0.03388431295752525, -0.06028274819254875, -0.11070685088634491, -0.13219428062438965, -0.1396300345659256, -0.1755061000585556, -0.21344904601573944, -0.2181837409734726]

{"loss": 1.146238317856422, "mrr": 0.6456229896477148, "map": 0.46210381246741916, "p@1": 0.4945054945054945, "p@5": 0.4087912087912087, "mode": "dev", "roc": 0.6390386287463726, "roc@5": 0.4067400903415723}
{"loss": 1.1589315277238132, "mrr": 0.6417354210477338, "map": 0.46341712106658917, "p@1": 0.49162011173184356, "p@5": 0.36983240223463704, "mode": "test", "roc": 0.6196777817412343, "roc@5": 0.387794185770617}
{"loss": 1.3386236254304777, "mrr": 0.8002911208151383, "map": 0.9662802492819783, "p@1": 0.6017467248908297, "p@5": 0.865152838427936, "mode": "android.dev", "roc": 0.11073218607190692, "roc@5": 0.010634211955671706}
{"loss": 1.3276409063916588, "mrr": 0.7971835075493613, "map": 0.9668041513921038, "p@1": 0.5949477351916377, "p@5": 0.8703832752613131, "mode": "android.test", "roc": 0.12474404030693087, "roc@5": 0.010373893072691343}
question retrieval loss 1.293227195739746
pos [0.2157888263463974]
neg [0.5090160965919495, 0.34847164154052734, 0.3359701335430145, 0.23680606484413147, 0.22643040120601654, 0.19720497727394104, 0.19271023571491241, 0.16301663219928741, 0.15399329364299774, 0.1403207629919052, 0.12716375291347504, 0.1245495155453682, 0.1140354573726654, 0.10376881062984467, 0.10140202939510345, 0.07846540212631226, 0.05758330225944519, 0.04511405527591705, -0.02094772458076477, -0.14849230647087097]
classifier loss 0.0069006034173071384
classifier loss 0.00811058934777975
question retrieval loss 0.7581713199615479
pos [0.5564138889312744, 0.754557192325592]
neg [0.4136568307876587, 0.3652542531490326, 0.3383557200431824, 0.26792898774147034, 0.24181780219078064, 0.24105733633041382, 0.2200300395488739, 0.2162245661020279, 0.2161043882369995, 0.21274033188819885, 0.14806807041168213, 0.13837073743343353, 0.13421238958835602, 0.08130604028701782, 0.057110343128442764, -0.03362847492098808, -0.09213048219680786, -0.09819164127111435, -0.13237665593624115, -0.166449636220932]
question retrieval loss 1.0214160680770874
pos [0.6198492050170898, 0.6264253258705139, 0.731304943561554, 0.6481366753578186, 0.6528674960136414]
neg [0.6771328449249268, 0.5542176961898804, 0.47235384583473206, 0.45755696296691895, 0.3998167812824249, 0.3619455397129059, 0.3459691107273102, 0.3264586925506592, 0.32579267024993896, 0.30902427434921265, 0.29148244857788086, 0.26566869020462036, 0.18753254413604736, 0.18685878813266754, 0.15524545311927795, 0.15285809338092804, 0.11229117214679718, 0.10789355635643005, 0.02079649269580841, -0.07434656471014023]
classifier loss 0.005638009402900934
classifier loss 0.004578988533467054
question retrieval loss 0.5486984848976135
pos [0.8286494016647339]
neg [0.3773478865623474, 0.29313939809799194, 0.2638607621192932, 0.25255462527275085, 0.24154068529605865, 0.20525196194648743, 0.17209598422050476, 0.15777912735939026, 0.09489035606384277, 0.08985978364944458, 0.06415609270334244, -0.015633994713425636, -0.0339561328291893, -0.04678661748766899, -0.06491631269454956, -0.06746312230825424, -0.0967574268579483, -0.1450556516647339, -0.28804779052734375, -0.37652137875556946]
question retrieval loss 1.3311355113983154
pos [0.14307080209255219]
neg [0.4742063283920288, 0.2597804665565491, 0.21816043555736542, 0.19774337112903595, 0.19376635551452637, 0.1345858871936798, 0.13004982471466064, 0.10636522620916367, 0.07422685623168945, 0.05838560312986374, 0.008845662698149681, 0.008268317207694054, -0.02046763151884079, -0.030028538778424263, -0.06730852276086807, -0.06918187439441681, -0.07466443628072739, -0.1289949268102646, -0.18926727771759033, -0.19200217723846436]
question retrieval loss 0.8481630086898804
pos [0.7415716052055359]
neg [0.5897346138954163, 0.24424387514591217, 0.21156258881092072, 0.19354382157325745, 0.17947261035442352, 0.1521005779504776, 0.11888212710618973, 0.11746138334274292, 0.032102786004543304, 0.020704170688986778, 0.013003376312553883, -0.015157760120928288, -0.049590978771448135, -0.06531091779470444, -0.07686275243759155, -0.10165057331323624, -0.1298440545797348, -0.19823724031448364, -0.21442408859729767, -0.2544402778148651]

{"loss": 1.1429820944974711, "mrr": 0.6608923074340014, "map": 0.4793693086675248, "p@1": 0.510989010989011, "p@5": 0.40000000000000013, "mode": "dev", "roc": 0.6355321783966353, "roc@5": 0.400168042882054}
{"loss": 1.147676140236455, "mrr": 0.651098425407452, "map": 0.4711994838373908, "p@1": 0.4972067039106145, "p@5": 0.3843575418994414, "mode": "test", "roc": 0.6187182127644464, "roc@5": 0.3879773835483553}
{"loss": 1.369532393784502, "mrr": 0.7975254730713246, "map": 0.965758113968387, "p@1": 0.5956331877729257, "p@5": 0.8628820960698572, "mode": "android.dev", "roc": 0.10145419864694626, "roc@5": 0.00914221283154509}
{"loss": 1.358939719792027, "mrr": 0.7864401858304298, "map": 0.9661246813701259, "p@1": 0.5749128919860628, "p@5": 0.8663763066201973, "mode": "android.test", "roc": 0.10994989406968254, "roc@5": 0.008354145525111718}
classifier loss 0.03058493696153164
question retrieval loss 0.6177657842636108
pos [0.7180081605911255]
neg [0.33577394485473633, 0.3166564404964447, 0.25873681902885437, 0.23094964027404785, 0.22914792597293854, 0.20726224780082703, 0.10783819109201431, 0.08915884792804718, 0.06966926902532578, 0.05435449630022049, 0.02255418710410595, -0.011218116618692875, -0.012966690585017204, -0.02933976612985134, -0.06817669421434402, -0.11999620497226715, -0.12906226515769958, -0.14031793177127838, -0.20900192856788635, -0.4396091401576996]
question retrieval loss 0.6535793542861938
pos [0.7481659054756165]
neg [0.4017452895641327, 0.3390418589115143, 0.3249191641807556, 0.2962130308151245, 0.19771096110343933, 0.18851986527442932, 0.13115611672401428, 0.07702095806598663, 0.07477498799562454, 0.07196412235498428, 0.007550717797130346, -0.0199351217597723, -0.044060684740543365, -0.07562645524740219, -0.10389647632837296, -0.11596156656742096, -0.11606723070144653, -0.12854836881160736, -0.21427543461322784, -0.25082260370254517]
question retrieval loss 0.6959482431411743
pos [0.7568701505661011]
neg [0.452818363904953, 0.3164266049861908, 0.2795737385749817, 0.230382040143013, 0.19606782495975494, 0.13412873446941376, 0.13391457498073578, 0.07336898148059845, 0.05200595781207085, 0.04582039266824722, 0.016734525561332703, 0.009456206113100052, 0.00664883479475975, -0.03363412246108055, -0.03417600691318512, -0.06626490503549576, -0.14345932006835938, -0.1668846756219864, -0.18361559510231018, -0.2433190643787384]
classifier loss 0.004998038988560438
classifier loss 0.012595740146934986
classifier loss 0.003054361091926694
classifier loss 0.0037302838172763586
classifier loss 0.009444965049624443
classifier loss 0.0021302709355950356
classifier loss 0.005784719251096249
classifier loss 0.0021809644531458616
classifier loss 0.022121306508779526

{"loss": 1.141036637536772, "mrr": 0.6848969330425376, "map": 0.49836089834931724, "p@1": 0.5604395604395604, "p@5": 0.412087912087912, "mode": "dev", "roc": 0.6573262584415059, "roc@5": 0.43083660978671956}
{"loss": 1.1468092066615654, "mrr": 0.6944577140328388, "map": 0.4993915137395501, "p@1": 0.5642458100558659, "p@5": 0.3944134078212291, "mode": "test", "roc": 0.6306914384495819, "roc@5": 0.39831393481387267}
{"loss": 1.3643560953535887, "mrr": 0.7841339155749636, "map": 0.9645406636595913, "p@1": 0.5694323144104804, "p@5": 0.8543231441047916, "mode": "android.dev", "roc": 0.09398928334788381, "roc@5": 0.009206723181354137}
{"loss": 1.352409592125474, "mrr": 0.7743902439024392, "map": 0.9652965851742246, "p@1": 0.5496515679442509, "p@5": 0.8611498257839602, "mode": "android.test", "roc": 0.10464644198757321, "roc@5": 0.008511613167405509}
Epoch 1
classifier loss 0.004792094696313143
question retrieval loss 0.6915324330329895
pos [0.7319818735122681, 0.58568274974823]
neg [0.3503647446632385, 0.2613500952720642, 0.18802015483379364, 0.18585772812366486, 0.15140549838542938, 0.14514167606830597, 0.14256753027439117, 0.1353650689125061, 0.06403019279241562, 0.05873740091919899, 0.027385978028178215, 0.005707617849111557, -0.0019675572402775288, -0.0077140964567661285, -0.03408929333090782, -0.0419669970870018, -0.055742908269166946, -0.06561096012592316, -0.0784103199839592, -0.12909260392189026]
classifier loss 0.016531692817807198
question retrieval loss 0.8513444066047668
pos [0.45477256178855896]
neg [0.3061169683933258, 0.269151896238327, 0.2677575945854187, 0.16636250913143158, 0.15464144945144653, 0.13013598322868347, 0.12029815465211868, 0.11960115283727646, 0.1119055449962616, 0.048483237624168396, 0.016334405168890953, 0.013512974604964256, 0.00317451823502779, -0.0364481583237648, -0.08646644651889801, -0.130482017993927, -0.14960771799087524, -0.19756831228733063, -0.23938459157943726, -0.26362618803977966]
question retrieval loss 0.9444389343261719
pos [0.7085915207862854, 0.6485155820846558]
neg [0.6229925155639648, 0.4909934997558594, 0.35258254408836365, 0.32502037286758423, 0.31549879908561707, 0.27803900837898254, 0.27471724152565, 0.2490406036376953, 0.186160609126091, 0.1702343374490738, 0.15331439673900604, 0.1331622153520584, 0.12714821100234985, 0.1063707247376442, 0.06574464589357376, -0.029524797573685646, -0.03606271743774414, -0.06397486478090286, -0.09976714849472046, -0.1644744873046875]
question retrieval loss 1.1506998538970947
pos [0.4964630603790283]
neg [0.6471629738807678, 0.48760199546813965, 0.3191564381122589, 0.2517610490322113, 0.21638907492160797, 0.2125053107738495, 0.2051188349723816, 0.19134855270385742, 0.1877606213092804, 0.16213728487491608, 0.1360749900341034, 0.10591007769107819, 0.03161337599158287, -0.03216395154595375, -0.04188413918018341, -0.06284508854150772, -0.13157783448696136, -0.17429512739181519, -0.18815019726753235, -0.2790875732898712]
classifier loss 0.005616424605250359

{"loss": 1.1488493484455151, "mrr": 0.6756257526934218, "map": 0.4859559968116668, "p@1": 0.532967032967033, "p@5": 0.4120879120879122, "mode": "dev", "roc": 0.6449345777496553, "roc@5": 0.4184830869803442}
{"loss": 1.1488482729016736, "mrr": 0.674517200345244, "map": 0.49321675333258763, "p@1": 0.5307262569832403, "p@5": 0.3977653631284917, "mode": "test", "roc": 0.6367954754184092, "roc@5": 0.4105655888396237}
{"loss": 1.3724372278134376, "mrr": 0.7804949053857351, "map": 0.9644502637802991, "p@1": 0.5615720524017467, "p@5": 0.8543231441047917, "mode": "android.dev", "roc": 0.09043590341505307, "roc@5": 0.009091366675292692}
{"loss": 1.3602182126315214, "mrr": 0.7719221835075495, "map": 0.9650940862678125, "p@1": 0.5452961672473867, "p@5": 0.8606271777003365, "mode": "android.test", "roc": 0.10116140931830725, "roc@5": 0.0083270558493119}
classifier loss 0.0037053439300507307
classifier loss 0.005040560849010944
question retrieval loss 0.5291166305541992
pos [0.759676992893219]
neg [0.2887936532497406, 0.2647840678691864, 0.2316795140504837, 0.2268037348985672, 0.20840604603290558, 0.143405020236969, 0.11602815985679626, 0.09088107198476791, 0.0785251036286354, 0.0018825037404894829, -0.014926888979971409, -0.029806243255734444, -0.06633652001619339, -0.08295854181051254, -0.09685687720775604, -0.12722083926200867, -0.13083000481128693, -0.1405428946018219, -0.15531498193740845, -0.16383740305900574]
classifier loss 0.0027517457492649555
classifier loss 0.0020738032180815935
classifier loss 0.003834945149719715
classifier loss 0.01350411120802164
question retrieval loss 1.182801365852356
pos [0.37653017044067383]
neg [0.5593315362930298, 0.353179931640625, 0.33319222927093506, 0.265912801027298, 0.12183702737092972, 0.09350304305553436, 0.0659060850739479, 0.04545951634645462, 0.023644497618079185, -0.004050065763294697, -0.020163411274552345, -0.044047482311725616, -0.050843775272369385, -0.06595310568809509, -0.08707039803266525, -0.12336689233779907, -0.1242021918296814, -0.14827562868595123, -0.1614554524421692, -0.2016892284154892]
classifier loss 0.001062713097780943
classifier loss 0.0012883556773886085

{"loss": 1.1448489542190845, "mrr": 0.6735295633404879, "map": 0.4843854021346785, "p@1": 0.532967032967033, "p@5": 0.40219780219780227, "mode": "dev", "roc": 0.6572603156879664, "roc@5": 0.43119447888739015}
{"loss": 1.1488375410687324, "mrr": 0.6849206033390616, "map": 0.49233483087025454, "p@1": 0.547486033519553, "p@5": 0.40223463687150857, "mode": "test", "roc": 0.6426267333173001, "roc@5": 0.4179467645012743}
{"loss": 1.3789540043564343, "mrr": 0.7806404657933043, "map": 0.9647678742760808, "p@1": 0.5624454148471616, "p@5": 0.8572925764192022, "mode": "android.dev", "roc": 0.09790622182915351, "roc@5": 0.010568194421141536}
{"loss": 1.3684775767529882, "mrr": 0.777439024390244, "map": 0.965407338100652, "p@1": 0.5557491289198606, "p@5": 0.8613240418118346, "mode": "android.test", "roc": 0.10352332425359186, "roc@5": 0.009143805301856897}
classifier loss 0.0012654101010411978
classifier loss 0.00805649347603321
question retrieval loss 0.9445957541465759
pos [0.6204097867012024, 0.5916462540626526, 0.5783305764198303, 0.5000444650650024, 0.3485475778579712, 0.5200109481811523, 0.5255999565124512, 0.5566890239715576, 0.5006763935089111]
neg [0.4714796841144562, 0.3180799186229706, 0.2722565233707428, 0.2542230188846588, 0.23372767865657806, 0.2307930290699005, 0.2038877159357071, 0.18938671052455902, 0.18541888892650604, 0.11677487194538116, 0.11256817728281021, 0.10716526210308075, 0.06843794882297516, 0.05875515937805176, -0.017780674621462822, -0.05349050462245941, -0.06688803434371948, -0.09460920095443726, -0.10032565146684647, -0.12425462901592255]
classifier loss 0.0011092770146206021
classifier loss 0.0009344859281554818
classifier loss 0.002198048634454608
question retrieval loss 0.8669836521148682
pos [0.48650655150413513]
neg [0.3534902036190033, 0.216575026512146, 0.19921083748340607, 0.170014426112175, 0.16257457435131073, 0.15446561574935913, 0.14949995279312134, 0.09710415452718735, 0.059841088950634, 0.0548422746360302, 0.00975207518786192, -0.005999554879963398, -0.015016133897006512, -0.02108958177268505, -0.03734438866376877, -0.06074369698762894, -0.09825104475021362, -0.1349656879901886, -0.17823363840579987, -0.22655367851257324]
classifier loss 0.004155878443270922

{"loss": 1.144549929178678, "mrr": 0.6677576620571128, "map": 0.49343991029774376, "p@1": 0.521978021978022, "p@5": 0.43076923076923074, "mode": "dev", "roc": 0.6618607489096291, "roc@5": 0.4388275378420642}
{"loss": 1.1518901976127198, "mrr": 0.6876154204513509, "map": 0.4951621549258078, "p@1": 0.553072625698324, "p@5": 0.39329608938547495, "mode": "test", "roc": 0.6442597760629102, "roc@5": 0.4139866257551864}
{"loss": 1.3870819634745735, "mrr": 0.7729257641921398, "map": 0.9641181067221536, "p@1": 0.5467248908296943, "p@5": 0.8539737991266256, "mode": "android.dev", "roc": 0.08679664949992748, "roc@5": 0.008837164331478263}
{"loss": 1.3750091831131679, "mrr": 0.7639372822299652, "map": 0.9647977810936289, "p@1": 0.5287456445993032, "p@5": 0.8590592334494653, "mode": "android.test", "roc": 0.09725589560077623, "roc@5": 0.0072355356157310985}
