Epoch 0

{"loss": 0.166007439713352, "mrr": 0.646090035440391, "map": 0.43287800818973865, "p@1": 0.5054945054945055, "p@5": 0.3901098901098905, "mode": "dev", "roc": 0.612629296883538, "roc@5": 0.06571306529703319}
{"loss": 0.16884222666228282, "mrr": 0.6140321391618587, "map": 0.4265661746604606, "p@1": 0.4581005586592179, "p@5": 0.3664804469273744, "mode": "test", "roc": 0.6028155158026242, "roc@5": 0.055217585695401014}
{"loss": 0.3740803594208896, "mrr": 0.8981077147016011, "map": 0.9742808466786627, "p@1": 0.7965065502183406, "p@5": 0.923318777292568, "mode": "android.dev", "roc": 0.23390832904401837, "roc@5": 0.004700283521352259}
{"loss": 0.3793028907822802, "mrr": 0.899390243902439, "map": 0.9736880191705475, "p@1": 0.7987804878048781, "p@5": 0.9188153310104455, "mode": "android.test", "roc": 0.22594926738948531, "roc@5": 0.00329363171856362}
question retrieval loss 0.21540848910808563
question retrieval loss 0.015230092220008373

{"loss": 0.165443075751722, "mrr": 0.6459378533554357, "map": 0.43400091396795654, "p@1": 0.5, "p@5": 0.39560439560439586, "mode": "dev", "roc": 0.6291587001275509, "roc@5": 0.07699742638028739}
{"loss": 0.17001614451158645, "mrr": 0.6374146794758381, "map": 0.43596063313705785, "p@1": 0.4860335195530726, "p@5": 0.3608938547486036, "mode": "test", "roc": 0.6122324465054418, "roc@5": 0.060487548200384475}
{"loss": 0.4121988328881399, "mrr": 0.8919941775836971, "map": 0.9727476496428427, "p@1": 0.7842794759825328, "p@5": 0.9147598253275022, "mode": "android.dev", "roc": 0.20307159980548786, "roc@5": 0.0025998936439460938}
{"loss": 0.4145188516554283, "mrr": 0.886904761904762, "map": 0.9724255307283478, "p@1": 0.774390243902439, "p@5": 0.912195121951211, "mode": "android.test", "roc": 0.20284998486709752, "roc@5": 0.0019461268671331158}
question retrieval loss 0.0005225964123383164

{"loss": 0.16634377372799095, "mrr": 0.6506862871560677, "map": 0.44467788182797535, "p@1": 0.510989010989011, "p@5": 0.3956043956043957, "mode": "dev", "roc": 0.6410076497298753, "roc@5": 0.07740493777856645}
{"loss": 0.16471538444793674, "mrr": 0.6425578505260953, "map": 0.4412809077363412, "p@1": 0.49162011173184356, "p@5": 0.38100558659217887, "mode": "test", "roc": 0.6444086746972394, "roc@5": 0.05462037708074745}
{"loss": 0.4343300742418485, "mrr": 0.8820960698689956, "map": 0.9721040567065256, "p@1": 0.7641921397379913, "p@5": 0.9109170305676763, "mode": "android.dev", "roc": 0.19512642578252748, "roc@5": 0.0031622441696123123}
{"loss": 0.4439672815961478, "mrr": 0.8770325203252033, "map": 0.9714263386752516, "p@1": 0.7543554006968641, "p@5": 0.9102787456445908, "mode": "android.test", "roc": 0.18389172675319132, "roc@5": 0.002297210204917303}
question retrieval loss 0.11973617970943451

{"loss": 0.16542056517593645, "mrr": 0.6627608731317524, "map": 0.4640155219616537, "p@1": 0.5274725274725275, "p@5": 0.3934065934065934, "mode": "dev", "roc": 0.6330056077273052, "roc@5": 0.06434234513918552}
{"loss": 0.1698716703032315, "mrr": 0.6214964033925152, "map": 0.42712319036242613, "p@1": 0.4581005586592179, "p@5": 0.3787709497206706, "mode": "test", "roc": 0.6091596467753155, "roc@5": 0.06307007193942692}
{"loss": 0.42751083156362374, "mrr": 0.8954876273653566, "map": 0.9730366069355936, "p@1": 0.7912663755458516, "p@5": 0.913886462882087, "mode": "android.dev", "roc": 0.20421560988371926, "roc@5": 0.0023331503857539765}
{"loss": 0.43075628871120875, "mrr": 0.8944541231126598, "map": 0.9728553821353496, "p@1": 0.789198606271777, "p@5": 0.9142857142857065, "mode": "android.test", "roc": 0.1994595168153252, "roc@5": 0.0017633926187042672}
question retrieval loss 0.01327715814113617
question retrieval loss 0.036442484706640244
question retrieval loss 0.09213557094335556

{"loss": 0.1618594866409734, "mrr": 0.6520297691144067, "map": 0.45272205171744895, "p@1": 0.5164835164835165, "p@5": 0.39450549450549455, "mode": "dev", "roc": 0.6455669613468029, "roc@5": 0.06606130231010801}
{"loss": 0.16801228945263189, "mrr": 0.6228377219126048, "map": 0.425521249941963, "p@1": 0.4581005586592179, "p@5": 0.37988826815642485, "mode": "test", "roc": 0.6335285828885205, "roc@5": 0.0599791138392605}
{"loss": 0.4565662811107641, "mrr": 0.8847161572052402, "map": 0.9726711236196147, "p@1": 0.7703056768558952, "p@5": 0.9128384279475897, "mode": "android.dev", "roc": 0.2041123748396839, "roc@5": 0.0027119371873658106}
{"loss": 0.46798608009541204, "mrr": 0.8870499419279907, "map": 0.9720944661102205, "p@1": 0.774390243902439, "p@5": 0.9101045296167166, "mode": "android.test", "roc": 0.1920803218857377, "roc@5": 0.0020093645961295377}
question retrieval loss 0.016462601721286774
question retrieval loss 0.0247788242995739
question retrieval loss 0.09517811983823776

{"loss": 0.15816965780366765, "mrr": 0.6418168494477056, "map": 0.44867382436448844, "p@1": 0.489010989010989, "p@5": 0.4065934065934066, "mode": "dev", "roc": 0.6475619148738326, "roc@5": 0.07096625768575758}
{"loss": 0.16146703816263536, "mrr": 0.6510323214307338, "map": 0.4437002683660946, "p@1": 0.5083798882681564, "p@5": 0.3754189944134078, "mode": "test", "roc": 0.6353076996331202, "roc@5": 0.0648778385567566}
{"loss": 0.43838803459560766, "mrr": 0.8813682678311499, "map": 0.9719211915163222, "p@1": 0.7633187772925765, "p@5": 0.9137117903930048, "mode": "android.dev", "roc": 0.1879957500234609, "roc@5": 0.0030658412223552463}
{"loss": 0.4427950186184397, "mrr": 0.8845818815331011, "map": 0.9717150128860961, "p@1": 0.7700348432055749, "p@5": 0.9113240418118386, "mode": "android.test", "roc": 0.18405005608075636, "roc@5": 0.002345208210934857}
Epoch 1
question retrieval loss 0.02100870944559574
question retrieval loss 0.016998330131173134
question retrieval loss 0.004930775612592697
question retrieval loss 0.04947339743375778
question retrieval loss 0.02442261017858982

{"loss": 0.15887750401724499, "mrr": 0.6304032505955585, "map": 0.4336613177179526, "p@1": 0.4835164835164835, "p@5": 0.4032967032967033, "mode": "dev", "roc": 0.6517448341447132, "roc@5": 0.06666886475845131}
{"loss": 0.1627004538121628, "mrr": 0.6619599229383116, "map": 0.4555844816375354, "p@1": 0.5195530726256983, "p@5": 0.38659217877094987, "mode": "test", "roc": 0.638680314228576, "roc@5": 0.05835696611567447}
{"loss": 0.4324823413597314, "mrr": 0.8857350800582241, "map": 0.972483670674098, "p@1": 0.7720524017467248, "p@5": 0.9119650655021745, "mode": "android.dev", "roc": 0.19764837238268848, "roc@5": 0.0032246643670250734}
{"loss": 0.4400264472840192, "mrr": 0.8781939605110337, "map": 0.9717598094379462, "p@1": 0.7569686411149826, "p@5": 0.9120209059233368, "mode": "android.test", "roc": 0.1866606491124998, "roc@5": 0.0024958963129128164}
question retrieval loss 0.00018186643137596548
question retrieval loss 0.010679295286536217
question retrieval loss 0.14970403909683228
question retrieval loss 0.062321633100509644

{"loss": 0.1612974497205629, "mrr": 0.6220557726124529, "map": 0.4204304802237588, "p@1": 0.46153846153846156, "p@5": 0.3934065934065937, "mode": "dev", "roc": 0.6485125278265453, "roc@5": 0.0781014118047161}
{"loss": 0.16742153621835415, "mrr": 0.6677701537411916, "map": 0.45236133214736113, "p@1": 0.5363128491620112, "p@5": 0.38212290502793306, "mode": "test", "roc": 0.6307334044603413, "roc@5": 0.06111703836177607}
{"loss": 0.449216151257009, "mrr": 0.8820960698689956, "map": 0.9718305788940742, "p@1": 0.7641921397379913, "p@5": 0.9070742358078508, "mode": "android.dev", "roc": 0.1889077389669813, "roc@5": 0.0021926693947658038}
{"loss": 0.4523365260921224, "mrr": 0.8744192799070848, "map": 0.9714286293272426, "p@1": 0.7491289198606271, "p@5": 0.9087108013937202, "mode": "android.test", "roc": 0.1829032811693283, "roc@5": 0.00176552902846766}

{"loss": 0.16032924975593482, "mrr": 0.6477705063556713, "map": 0.4419239997298549, "p@1": 0.5, "p@5": 0.39670329670329685, "mode": "dev", "roc": 0.6493616333945958, "roc@5": 0.08076875913890617}
{"loss": 0.16243714385525473, "mrr": 0.6456532110935227, "map": 0.4369154819767423, "p@1": 0.49162011173184356, "p@5": 0.38100558659217887, "mode": "test", "roc": 0.6492573630172916, "roc@5": 0.059712791078671744}
{"loss": 0.4484814965015676, "mrr": 0.8775836972343523, "map": 0.9715996413140627, "p@1": 0.7554585152838428, "p@5": 0.9072489082969336, "mode": "android.dev", "roc": 0.18282738611513186, "roc@5": 0.002477612619401733}
{"loss": 0.45689862140434884, "mrr": 0.8670150987224158, "map": 0.970753565156496, "p@1": 0.7343205574912892, "p@5": 0.9073170731707233, "mode": "android.test", "roc": 0.17161939147928573, "roc@5": 0.0018311880218625932}
question retrieval loss 0.22386550903320312
question retrieval loss 0.05796846002340317

{"loss": 0.1644313652592885, "mrr": 0.6479464217101581, "map": 0.4512087563549904, "p@1": 0.5164835164835165, "p@5": 0.4043956043956043, "mode": "dev", "roc": 0.6388211658456546, "roc@5": 0.06429048005213181}
{"loss": 0.16708696473327428, "mrr": 0.6501124645504758, "map": 0.4391479550399918, "p@1": 0.5083798882681564, "p@5": 0.3709497206703911, "mode": "test", "roc": 0.6257426773346418, "roc@5": 0.06829968251098784}
{"loss": 0.44574187449199926, "mrr": 0.883551673944687, "map": 0.9723254118547036, "p@1": 0.7676855895196506, "p@5": 0.9117903930130913, "mode": "android.dev", "roc": 0.19979606795412475, "roc@5": 0.002095555511319526}
{"loss": 0.45034694657758373, "mrr": 0.8855981416957027, "map": 0.9722387705710351, "p@1": 0.7717770034843205, "p@5": 0.9125435540069606, "mode": "android.test", "roc": 0.189718471042746, "roc@5": 0.0015610034004522066}
question retrieval loss 0.03328080475330353
question retrieval loss 0.019883345812559128

{"loss": 0.16041548999927038, "mrr": 0.6465709122989343, "map": 0.44238424052246805, "p@1": 0.5164835164835165, "p@5": 0.39670329670329685, "mode": "dev", "roc": 0.6485743954661022, "roc@5": 0.06381628497049802}
{"loss": 0.16650723394100142, "mrr": 0.6324824869664624, "map": 0.4221176310895888, "p@1": 0.45251396648044695, "p@5": 0.3877094972067041, "mode": "test", "roc": 0.6346899115324212, "roc@5": 0.0595675241183506}
{"loss": 0.46760804951028273, "mrr": 0.8759825327510917, "map": 0.9719485173098288, "p@1": 0.7528384279475983, "p@5": 0.906724890829685, "mode": "android.dev", "roc": 0.19333522916317128, "roc@5": 0.0020860289663840936}
{"loss": 0.4763099197063024, "mrr": 0.8755807200929153, "map": 0.9714212981540653, "p@1": 0.7517421602787456, "p@5": 0.9081881533100962, "mode": "android.test", "roc": 0.18077981092773593, "roc@5": 0.0016903274047962399}
question retrieval loss 0.03907313197851181
question retrieval loss 0.03077354095876217

{"loss": 0.15859769575379706, "mrr": 0.6406474500325504, "map": 0.44802449643228404, "p@1": 0.4945054945054945, "p@5": 0.3934065934065936, "mode": "dev", "roc": 0.6526354317824068, "roc@5": 0.06838041263122328}
{"loss": 0.1645982460894065, "mrr": 0.6644019127332859, "map": 0.44532118577325613, "p@1": 0.5195530726256983, "p@5": 0.38659217877094965, "mode": "test", "roc": 0.633909101620695, "roc@5": 0.06361885823397341}
{"loss": 0.4480843694473914, "mrr": 0.883406113537118, "map": 0.9717616464498556, "p@1": 0.7676855895196506, "p@5": 0.9095196506550126, "mode": "android.dev", "roc": 0.1852875239230028, "roc@5": 0.002457564218865971}
{"loss": 0.4525354034608094, "mrr": 0.8732578397212545, "map": 0.9713809518172557, "p@1": 0.7473867595818815, "p@5": 0.9102787456445912, "mode": "android.test", "roc": 0.18033098684327659, "roc@5": 0.0020522352187149493}
Epoch 2

{"loss": 0.1561717697237567, "mrr": 0.6452456502593866, "map": 0.4519579926386134, "p@1": 0.5, "p@5": 0.39999999999999997, "mode": "dev", "roc": 0.6553735379139343, "roc@5": 0.06752093404576204}
{"loss": 0.16195025072464272, "mrr": 0.6529848691933373, "map": 0.44737930197431747, "p@1": 0.5027932960893855, "p@5": 0.3854748603351958, "mode": "test", "roc": 0.6366514190160907, "roc@5": 0.05788888368797302}
{"loss": 0.44231439520112814, "mrr": 0.8823871906841338, "map": 0.9721836423472362, "p@1": 0.7650655021834061, "p@5": 0.9135371179039214, "mode": "android.dev", "roc": 0.19071234384286606, "roc@5": 0.0026928840974949453}
{"loss": 0.4485815325727563, "mrr": 0.8751451800232288, "map": 0.9715821445745104, "p@1": 0.7508710801393729, "p@5": 0.9114982578397134, "mode": "android.test", "roc": 0.1815597856468871, "roc@5": 0.002158485997614342}
question retrieval loss 0.2724594473838806
question retrieval loss 0.002865338232368231

{"loss": 0.16051305199533208, "mrr": 0.6426514648355309, "map": 0.4409594506540819, "p@1": 0.5, "p@5": 0.3923076923076926, "mode": "dev", "roc": 0.6474459593577768, "roc@5": 0.07144045276739137}
{"loss": 0.16847800571658758, "mrr": 0.6663160235612973, "map": 0.4490889334144491, "p@1": 0.5363128491620112, "p@5": 0.3731843575418995, "mode": "test", "roc": 0.6293339994092477, "roc@5": 0.06822704903082727}
{"loss": 0.4417078275607663, "mrr": 0.8778748180494905, "map": 0.9718349266882074, "p@1": 0.7563318777292577, "p@5": 0.9102183406113444, "mode": "android.dev", "roc": 0.18846916243185677, "roc@5": 0.002045363416361201}
{"loss": 0.44242323966184144, "mrr": 0.8709349593495935, "map": 0.9713456496688989, "p@1": 0.7421602787456446, "p@5": 0.9095818815330929, "mode": "android.test", "roc": 0.18585739464829354, "roc@5": 0.0016896152682084424}
question retrieval loss 0.003079009708017111
question retrieval loss 0.015590041875839233

{"loss": 0.1600481147652717, "mrr": 0.6417284889569957, "map": 0.4408424520831919, "p@1": 0.4945054945054945, "p@5": 0.3945054945054947, "mode": "dev", "roc": 0.6534749052628614, "roc@5": 0.07687887760987897}
{"loss": 0.16191638941881792, "mrr": 0.662474316741444, "map": 0.4525573588050356, "p@1": 0.5251396648044693, "p@5": 0.3843575418994415, "mode": "test", "roc": 0.6540342248958516, "roc@5": 0.05833275495562095}
{"loss": 0.4599865994883872, "mrr": 0.8743813682678312, "map": 0.971783625938897, "p@1": 0.7493449781659388, "p@5": 0.910218340611345, "mode": "android.dev", "roc": 0.18472965229532862, "roc@5": 0.0023139551086452685}
{"loss": 0.47010136637934047, "mrr": 0.8670150987224158, "map": 0.9708843831006273, "p@1": 0.7343205574912892, "p@5": 0.906271777003476, "mode": "android.test", "roc": 0.17125964143922812, "roc@5": 0.0017703715572646832}
question retrieval loss 0.01183493435382843

{"loss": 0.16271907233909427, "mrr": 0.6401061850237673, "map": 0.4474605666124618, "p@1": 0.4945054945054945, "p@5": 0.4010989010989012, "mode": "dev", "roc": 0.638924896019762, "roc@5": 0.05977821747846024}
{"loss": 0.16715895469877973, "mrr": 0.6515551691602851, "map": 0.45033705007119773, "p@1": 0.5027932960893855, "p@5": 0.37653631284916206, "mode": "test", "roc": 0.6204061341395111, "roc@5": 0.07118081055735703}
{"loss": 0.44847414601415264, "mrr": 0.881513828238719, "map": 0.9718137130201319, "p@1": 0.7633187772925765, "p@5": 0.9068995633187676, "mode": "android.dev", "roc": 0.19017927677883345, "roc@5": 0.0018401872321547907}
{"loss": 0.4519862854495914, "mrr": 0.8812427409988386, "map": 0.9717608465163574, "p@1": 0.7630662020905923, "p@5": 0.9101045296167166, "mode": "android.test", "roc": 0.1827974861578451, "roc@5": 0.0013876693549822853}
question retrieval loss 0.006009367760270834

{"loss": 0.15825962792099504, "mrr": 0.6320426009744045, "map": 0.4431029688497329, "p@1": 0.489010989010989, "p@5": 0.3912087912087915, "mode": "dev", "roc": 0.652211990393104, "roc@5": 0.0628086204220262}
{"loss": 0.1640721701954455, "mrr": 0.6477677322024571, "map": 0.44355115007411644, "p@1": 0.48044692737430167, "p@5": 0.3910614525139666, "mode": "test", "roc": 0.6344740286886106, "roc@5": 0.06988954868783583}
{"loss": 0.46746036573658867, "mrr": 0.8737991266375545, "map": 0.9713439036917851, "p@1": 0.748471615720524, "p@5": 0.907248908296934, "mode": "android.dev", "roc": 0.18177218618565674, "roc@5": 0.0015754345952924652}
{"loss": 0.47514797777962914, "mrr": 0.8744192799070848, "map": 0.9708390297788385, "p@1": 0.7491289198606271, "p@5": 0.9048780487804796, "mode": "android.test", "roc": 0.1700771884847514, "roc@5": 0.0013658779753956804}
question retrieval loss 0.00645562494173646
question retrieval loss 0.009709361009299755

{"loss": 0.1557869529965651, "mrr": 0.6537217742574888, "map": 0.45721401262902706, "p@1": 0.5164835164835165, "p@5": 0.4000000000000003, "mode": "dev", "roc": 0.6574029446773639, "roc@5": 0.07217397328429365}
{"loss": 0.16298230331750097, "mrr": 0.6677017886342134, "map": 0.4549792508275378, "p@1": 0.5251396648044693, "p@5": 0.3910614525139664, "mode": "test", "roc": 0.6378882057754915, "roc@5": 0.06629822661322994}
{"loss": 0.4407742156508871, "mrr": 0.8818049490538573, "map": 0.9717091446754043, "p@1": 0.7641921397379913, "p@5": 0.9091703056768468, "mode": "android.dev", "roc": 0.18225259420615444, "roc@5": 0.0022809676694658595}
{"loss": 0.4441716036709019, "mrr": 0.872822299651568, "map": 0.9713235980455547, "p@1": 0.7465156794425087, "p@5": 0.9094076655052181, "mode": "android.test", "roc": 0.1770147946376115, "roc@5": 0.001863376595631042}
question retrieval loss 0.009436107240617275
question retrieval loss 0.008070500567555428
Epoch 3
question retrieval loss 0.0019295027013868093
question retrieval loss 0.0207905825227499

{"loss": 0.15827373483865573, "mrr": 0.6352359560463958, "map": 0.44129796454886766, "p@1": 0.5, "p@5": 0.386813186813187, "mode": "dev", "roc": 0.6461337726553182, "roc@5": 0.06953626314270567}
{"loss": 0.1634842632683098, "mrr": 0.652850521852286, "map": 0.4382718039163636, "p@1": 0.5083798882681564, "p@5": 0.37765363128491625, "mode": "test", "roc": 0.6377187276551168, "roc@5": 0.06118967184193663}
{"loss": 0.4420378666907939, "mrr": 0.8788937409024744, "map": 0.9720237890269058, "p@1": 0.7580786026200873, "p@5": 0.9107423580785936, "mode": "android.dev", "roc": 0.19120793035100342, "roc@5": 0.002468370448941985}
{"loss": 0.4493822844995945, "mrr": 0.8752903600464577, "map": 0.9713809348394966, "p@1": 0.7508710801393729, "p@5": 0.9099303135888424, "mode": "android.test", "roc": 0.18035895244707936, "roc@5": 0.0019560967793622814}
question retrieval loss 0.015658538788557053
question retrieval loss 0.010485105216503143

{"loss": 0.15941573282867505, "mrr": 0.6592644916133927, "map": 0.45139116306494315, "p@1": 0.5274725274725275, "p@5": 0.3901098901098905, "mode": "dev", "roc": 0.65089165346268, "roc@5": 0.07485613921478479}
{"loss": 0.1665319226234735, "mrr": 0.6515604866237034, "map": 0.4445528261481187, "p@1": 0.49162011173184356, "p@5": 0.38212290502793306, "mode": "test", "roc": 0.6323955005980156, "roc@5": 0.06426448916873402}
{"loss": 0.4373368743628133, "mrr": 0.877292576419214, "map": 0.9718241392915191, "p@1": 0.754585152838428, "p@5": 0.9098689956331784, "mode": "android.dev", "roc": 0.19039572130163884, "roc@5": 0.002132666380396361}
{"loss": 0.43951087209918516, "mrr": 0.868321718931475, "map": 0.9712935465062936, "p@1": 0.7369337979094077, "p@5": 0.9090592334494692, "mode": "android.test", "roc": 0.18416770816642636, "roc@5": 0.0017139703395111182}
question retrieval loss 0.04961477220058441
question retrieval loss 0.009007850661873817

{"loss": 0.15731765629191483, "mrr": 0.6513422932378978, "map": 0.4526696909348087, "p@1": 0.5164835164835165, "p@5": 0.39670329670329685, "mode": "dev", "roc": 0.658716242774545, "roc@5": 0.0760712641114714}
{"loss": 0.1602468577658435, "mrr": 0.6467727696851485, "map": 0.4409493310622949, "p@1": 0.4972067039106145, "p@5": 0.3865921787709498, "mode": "test", "roc": 0.6534664731925965, "roc@5": 0.06291673459242125}
{"loss": 0.454289632678585, "mrr": 0.8739446870451238, "map": 0.9714891391523809, "p@1": 0.748471615720524, "p@5": 0.9072489082969343, "mode": "android.dev", "roc": 0.17994943821822332, "roc@5": 0.0021950865778091223}
{"loss": 0.4621473752239635, "mrr": 0.8674506387921023, "map": 0.9707405722155457, "p@1": 0.735191637630662, "p@5": 0.9066202090592251, "mode": "android.test", "roc": 0.168240153821503, "roc@5": 0.0017089853833965351}
question retrieval loss 0.007554925046861172
question retrieval loss 0.005053595639765263
question retrieval loss 0.01206464134156704

{"loss": 0.1615825392367257, "mrr": 0.6352200020226846, "map": 0.4452503002941682, "p@1": 0.47802197802197804, "p@5": 0.4010989010989012, "mode": "dev", "roc": 0.6425180351578605, "roc@5": 0.06384592216310013}
{"loss": 0.16633945431914077, "mrr": 0.6542540221384677, "map": 0.4467824742525954, "p@1": 0.5083798882681564, "p@5": 0.39217877094972076, "mode": "test", "roc": 0.6276331654154876, "roc@5": 0.06990568946120485}
{"loss": 0.44939183844131414, "mrr": 0.8797671033478893, "map": 0.9718467829851394, "p@1": 0.759825327510917, "p@5": 0.9082969432314315, "mode": "android.dev", "roc": 0.1898879848940279, "roc@5": 0.0019055933615622395}
{"loss": 0.4537724038632262, "mrr": 0.880226480836237, "map": 0.9717594817704831, "p@1": 0.7613240418118467, "p@5": 0.9102787456445912, "mode": "android.test", "roc": 0.18092386191671567, "roc@5": 0.0013217255069522332}
question retrieval loss 0.0006179740885272622

{"loss": 0.15704018635429687, "mrr": 0.651297237560974, "map": 0.4478166346253765, "p@1": 0.5164835164835165, "p@5": 0.4021978021978024, "mode": "dev", "roc": 0.6553987295276462, "roc@5": 0.06394965233720752}
{"loss": 0.16450042316433844, "mrr": 0.6552830288238988, "map": 0.4481569822577545, "p@1": 0.5083798882681564, "p@5": 0.39329608938547506, "mode": "test", "roc": 0.6399703655400946, "roc@5": 0.06551539910483271}
{"loss": 0.4740562482448254, "mrr": 0.8756914119359533, "map": 0.9717035655868155, "p@1": 0.7519650655021834, "p@5": 0.907423580786017, "mode": "android.dev", "roc": 0.1907844043350045, "roc@5": 0.0019074417956541896}
{"loss": 0.4818218483237504, "mrr": 0.8677409988385599, "map": 0.9710155180457112, "p@1": 0.7360627177700348, "p@5": 0.907839721254347, "mode": "android.test", "roc": 0.17795730741156157, "roc@5": 0.001510156848083462}
question retrieval loss 0.00031627938733436167
question retrieval loss 0.027036184445023537

{"loss": 0.15803140629553697, "mrr": 0.6484797733868517, "map": 0.4574346473078734, "p@1": 0.5, "p@5": 0.3989010989010991, "mode": "dev", "roc": 0.6574022037475489, "roc@5": 0.06910652384997504}
{"loss": 0.16316487279059833, "mrr": 0.6540081214809237, "map": 0.439985312382629, "p@1": 0.5027932960893855, "p@5": 0.3821229050279329, "mode": "test", "roc": 0.6370682544883456, "roc@5": 0.06418378530188895}
{"loss": 0.45284190657406265, "mrr": 0.8767103347889375, "map": 0.9712087903495111, "p@1": 0.7537117903930131, "p@5": 0.906724890829685, "mode": "android.dev", "roc": 0.1750693162784481, "roc@5": 0.00207835085554061}
{"loss": 0.4565128480686193, "mrr": 0.8703542392566783, "map": 0.9709553134520335, "p@1": 0.7412891986062717, "p@5": 0.9092334494773437, "mode": "android.test", "roc": 0.17015613594687465, "roc@5": 0.0016467446456230302}
question retrieval loss 0.0045218802988529205
question retrieval loss 0.043509189039468765
Epoch 4
question retrieval loss 0.00984616857022047

{"loss": 0.1576991140289785, "mrr": 0.6379688351044203, "map": 0.4483974434351068, "p@1": 0.489010989010989, "p@5": 0.3934065934065935, "mode": "dev", "roc": 0.6484984501600592, "roc@5": 0.06979558857797415}
{"loss": 0.16085117393532278, "mrr": 0.671602246539765, "map": 0.4577353158822817, "p@1": 0.5251396648044693, "p@5": 0.38100558659217887, "mode": "test", "roc": 0.6412353986528911, "roc@5": 0.06754106616264413}
{"loss": 0.4277540038929496, "mrr": 0.881513828238719, "map": 0.9722851728452715, "p@1": 0.7633187772925765, "p@5": 0.9121397379912577, "mode": "android.dev", "roc": 0.19405433400919667, "roc@5": 0.002972139832617184}
{"loss": 0.43555253718489656, "mrr": 0.8700638792102207, "map": 0.9713702038787142, "p@1": 0.740418118466899, "p@5": 0.909930313588842, "mode": "android.test", "roc": 0.18131027435062047, "roc@5": 0.0021935231177339807}
question retrieval loss 0.020554136484861374
question retrieval loss 0.004318583756685257

{"loss": 0.16052149937764465, "mrr": 0.6351063847629782, "map": 0.44034338044350513, "p@1": 0.489010989010989, "p@5": 0.3912087912087915, "mode": "dev", "roc": 0.6506415896500997, "roc@5": 0.07138117838218713}
{"loss": 0.16556851034099496, "mrr": 0.6560168359198056, "map": 0.4478024347846319, "p@1": 0.5027932960893855, "p@5": 0.3810055865921789, "mode": "test", "roc": 0.6334696690657236, "roc@5": 0.06782352969660188}
{"loss": 0.44145025803695337, "mrr": 0.8790393013100437, "map": 0.971753001150243, "p@1": 0.7580786026200873, "p@5": 0.9084716157205149, "mode": "android.dev", "roc": 0.18676709588254198, "roc@5": 0.002171199121851619}
{"loss": 0.4445468343034604, "mrr": 0.868321718931475, "map": 0.971303652953932, "p@1": 0.7369337979094077, "p@5": 0.9106271777003404, "mode": "android.test", "roc": 0.18000225747298335, "roc@5": 0.0016779362281685625}
question retrieval loss 0.002188005018979311
question retrieval loss 0.01113155484199524
question retrieval loss 0.0018250115681439638
question retrieval loss 0.016124695539474487
question retrieval loss 0.0007791556417942047
question retrieval loss 0.030455539003014565

{"loss": 0.15734327062810924, "mrr": 0.6564858720967319, "map": 0.4559116951571357, "p@1": 0.521978021978022, "p@5": 0.4032967032967034, "mode": "dev", "roc": 0.6559959189585787, "roc@5": 0.07656768708755676}
{"loss": 0.15915197926942862, "mrr": 0.65510960665327, "map": 0.44490187500621997, "p@1": 0.5027932960893855, "p@5": 0.37877094972067044, "mode": "test", "roc": 0.6556438635200766, "roc@5": 0.06532978021108903}
{"loss": 0.44371857662079245, "mrr": 0.8724890829694323, "map": 0.9712739415408885, "p@1": 0.7449781659388647, "p@5": 0.9067248908296854, "mode": "android.dev", "roc": 0.17962646701682647, "roc@5": 0.0020583024550048486}
{"loss": 0.4504343251874573, "mrr": 0.8613530778164925, "map": 0.9705452239053044, "p@1": 0.7229965156794426, "p@5": 0.9069686411149741, "mode": "android.test", "roc": 0.16852077836529047, "roc@5": 0.001604871014260535}
question retrieval loss 0.0022033073473721743
question retrieval loss 0.005154864396899939
question retrieval loss 0.004432172514498234
question retrieval loss 0.004715297371149063

{"loss": 0.160525471325145, "mrr": 0.6409172374346906, "map": 0.45125467246683465, "p@1": 0.5, "p@5": 0.40219780219780216, "mode": "dev", "roc": 0.6460004052886087, "roc@5": 0.06426825215768023}
{"loss": 0.1636490916739629, "mrr": 0.6471539421407104, "map": 0.4419499903484607, "p@1": 0.4972067039106145, "p@5": 0.3798882681564247, "mode": "test", "roc": 0.626743808802855, "roc@5": 0.07164082259837397}
{"loss": 0.4467874802437542, "mrr": 0.8719068413391557, "map": 0.9713226952085513, "p@1": 0.7441048034934498, "p@5": 0.906724890829685, "mode": "android.dev", "roc": 0.1840512485461355, "roc@5": 0.0018339309936897302}
{"loss": 0.4507484415709122, "mrr": 0.8738385598141697, "map": 0.9711141538778012, "p@1": 0.7482578397212544, "p@5": 0.90871080139372, "mode": "android.test", "roc": 0.17451859922733184, "roc@5": 0.0014255550214531145}
question retrieval loss 0.0041562230326235294

{"loss": 0.1562618852214335, "mrr": 0.634199949927972, "map": 0.4526434708228833, "p@1": 0.4835164835164835, "p@5": 0.4065934065934066, "mode": "dev", "roc": 0.6548352524032984, "roc@5": 0.06163054201609225}
{"loss": 0.16303502874807896, "mrr": 0.6364076227278225, "map": 0.43001796024892724, "p@1": 0.4692737430167598, "p@5": 0.387709497206704, "mode": "test", "roc": 0.6396927442381475, "roc@5": 0.06917935465959917}
{"loss": 0.4699208898852095, "mrr": 0.8714701601164484, "map": 0.9711663256016559, "p@1": 0.743231441048035, "p@5": 0.9039301310043573, "mode": "android.dev", "roc": 0.17761579728649873, "roc@5": 0.0017231671354105943}
{"loss": 0.47822228020855356, "mrr": 0.8655632984901278, "map": 0.9704170681691888, "p@1": 0.7317073170731707, "p@5": 0.9034843205574826, "mode": "android.test", "roc": 0.1650057077747512, "roc@5": 0.0014007726681977601}
question retrieval loss 0.04361680895090103

{"loss": 0.15599017150720562, "mrr": 0.6339285180631337, "map": 0.44652931368335136, "p@1": 0.47802197802197804, "p@5": 0.3967032967032968, "mode": "dev", "roc": 0.6564786347330857, "roc@5": 0.06666886475845131}
{"loss": 0.1628966524224083, "mrr": 0.6434337747260418, "map": 0.4346510765677791, "p@1": 0.4860335195530726, "p@5": 0.3843575418994413, "mode": "test", "roc": 0.633808625306473, "roc@5": 0.061270375708781716}
{"loss": 0.4451905887907444, "mrr": 0.8754002911208152, "map": 0.9711910841097037, "p@1": 0.7510917030567685, "p@5": 0.9063755458515192, "mode": "android.dev", "roc": 0.17614551726295252, "roc@5": 0.00210266487321164}
{"loss": 0.4488156072978735, "mrr": 0.8686120789779327, "map": 0.9707999936372469, "p@1": 0.7378048780487805, "p@5": 0.9087108013937202, "mode": "android.test", "roc": 0.17139729744164933, "roc@5": 0.0017286403532197475}
Epoch 5

{"loss": 0.15747161917286095, "mrr": 0.633425675603235, "map": 0.44435578620114236, "p@1": 0.4835164835164835, "p@5": 0.3934065934065936, "mode": "dev", "roc": 0.6441866091013595, "roc@5": 0.06971408629831834}
{"loss": 0.16267553288177405, "mrr": 0.6511979118271386, "map": 0.44200310979136315, "p@1": 0.5027932960893855, "p@5": 0.38324022346368714, "mode": "test", "roc": 0.633701289163569, "roc@5": 0.06564452529178484}
{"loss": 0.42557744923247, "mrr": 0.8759825327510917, "map": 0.9719638296570544, "p@1": 0.7519650655021834, "p@5": 0.9100436681222616, "mode": "android.dev", "roc": 0.19603133380160329, "roc@5": 0.0025910780351998727}
{"loss": 0.4332706281024547, "mrr": 0.866144018583043, "map": 0.9711878813816647, "p@1": 0.7325783972125436, "p@5": 0.9090592334494694, "mode": "android.test", "roc": 0.18287584254660044, "roc@5": 0.0020082251775890613}

{"loss": 0.1583306134530026, "mrr": 0.6361350591877419, "map": 0.43819102361063883, "p@1": 0.4945054945054945, "p@5": 0.39010989010989033, "mode": "dev", "roc": 0.6492223385893658, "roc@5": 0.0739299769459688}
{"loss": 0.16567454411382865, "mrr": 0.662578236964447, "map": 0.45159646525403796, "p@1": 0.5195530726256983, "p@5": 0.3754189944134079, "mode": "test", "roc": 0.6337024997215717, "roc@5": 0.06660490130724124}
{"loss": 0.4446229541926405, "mrr": 0.874235807860262, "map": 0.9714618520199477, "p@1": 0.748471615720524, "p@5": 0.9086462882095979, "mode": "android.dev", "roc": 0.18161411663334745, "roc@5": 0.0022678864435843695}
{"loss": 0.4476670634550309, "mrr": 0.8665795586527294, "map": 0.9708747568223985, "p@1": 0.7334494773519163, "p@5": 0.90871080139372, "mode": "android.test", "roc": 0.17456203955918748, "roc@5": 0.0017747868041090278}
question retrieval loss 0.0009890437358990312
question retrieval loss 0.0008220516028814018

{"loss": 0.15731457309736, "mrr": 0.6333746839241345, "map": 0.44213732928278215, "p@1": 0.4835164835164835, "p@5": 0.40000000000000024, "mode": "dev", "roc": 0.6552446161261151, "roc@5": 0.0784496488177909}
{"loss": 0.15934569813316302, "mrr": 0.6510827675705652, "map": 0.4469799009891531, "p@1": 0.4972067039106145, "p@5": 0.3810055865921789, "mode": "test", "roc": 0.656306845786209, "roc@5": 0.065297498664351}
{"loss": 0.4545451053918449, "mrr": 0.8775836972343523, "map": 0.9713315303369464, "p@1": 0.7554585152838428, "p@5": 0.9072489082969343, "mode": "android.dev", "roc": 0.17637097645663716, "roc@5": 0.001839760670441264}
{"loss": 0.46263071517695314, "mrr": 0.8583042973286876, "map": 0.9702407788237863, "p@1": 0.7168989547038328, "p@5": 0.9055749128919777, "mode": "android.test", "roc": 0.16533113995264295, "roc@5": 0.0014754045825989422}
question retrieval loss 0.06344320625066757
question retrieval loss 0.004585195332765579
question retrieval loss 0.057658642530441284

{"loss": 0.16016249104843036, "mrr": 0.6257204912626698, "map": 0.4374998305819696, "p@1": 0.4725274725274725, "p@5": 0.38901098901098924, "mode": "dev", "roc": 0.6443781394585506, "roc@5": 0.06161572341979118}
{"loss": 0.1624543853000056, "mrr": 0.6451392542248173, "map": 0.4400264367988594, "p@1": 0.48044692737430167, "p@5": 0.38659217877094965, "mode": "test", "roc": 0.6297992572016096, "roc@5": 0.07419106479067838}
{"loss": 0.4418453139948402, "mrr": 0.880349344978166, "map": 0.9718477075395344, "p@1": 0.7606986899563318, "p@5": 0.9100436681222616, "mode": "android.dev", "roc": 0.18948238157935898, "roc@5": 0.0018414669172953713}
{"loss": 0.44802891155270835, "mrr": 0.8726771196283392, "map": 0.9711409194047762, "p@1": 0.7456445993031359, "p@5": 0.9073170731707233, "mode": "android.test", "roc": 0.176384126475458, "roc@5": 0.0013637415656322883}
