Epoch 0

{"loss": 0.19925442352829562, "mrr": 0.5855852345137634, "map": 0.38535301237628, "p@1": 0.42857142857142855, "p@5": 0.35604395604395606, "mode": "dev", "roc": 0.5454299263775089, "roc@5": 0.029674239092864804}
{"loss": 0.18294311658213924, "mrr": 0.6130524009787464, "map": 0.4156595477707972, "p@1": 0.4581005586592179, "p@5": 0.3374301675977655, "mode": "test", "roc": 0.5536071400325075, "roc@5": 0.04964901888309077}
{"loss": 0.2285630811355585, "mrr": 0.9278020378457059, "map": 0.9802140510078907, "p@1": 0.8558951965065502, "p@5": 0.9460262008733568, "mode": "android.dev", "roc": 0.3929952310400428, "roc@5": 0.016460732150525098}
{"loss": 0.23254460159596704, "mrr": 0.9102787456445993, "map": 0.978297488843223, "p@1": 0.8205574912891986, "p@5": 0.9405923344947675, "mode": "android.test", "roc": 0.3675390909576457, "roc@5": 0.01182816144136445}
question retrieval loss 0.12018443644046783
question retrieval loss 0.006273315753787756
question retrieval loss 0.09345544874668121
question retrieval loss 0.32444876432418823

{"loss": 0.18821118944733925, "mrr": 0.6083238210443241, "map": 0.4060841984577045, "p@1": 0.45604395604395603, "p@5": 0.3692307692307696, "mode": "dev", "roc": 0.5670839706873347, "roc@5": 0.04125497210214013}
{"loss": 0.17835007082441998, "mrr": 0.6304520033922719, "map": 0.4239628536681023, "p@1": 0.4860335195530726, "p@5": 0.35307262569832415, "mode": "test", "roc": 0.5724365627254664, "roc@5": 0.05384561995903471}
{"loss": 0.2577437130303232, "mrr": 0.9205240174672489, "map": 0.9787750006753536, "p@1": 0.8410480349344979, "p@5": 0.9413100436681163, "mode": "android.dev", "roc": 0.35894738787825364, "roc@5": 0.014361479771021674}
{"loss": 0.2630666032845628, "mrr": 0.9037456445993032, "map": 0.9769655226773488, "p@1": 0.8074912891986062, "p@5": 0.9348432055749064, "mode": "android.test", "roc": 0.33703276896508755, "roc@5": 0.010765938507005642}

{"loss": 0.1791112243586762, "mrr": 0.6346821447782987, "map": 0.43817582783563325, "p@1": 0.5, "p@5": 0.38351648351648365, "mode": "dev", "roc": 0.5908567038033039, "roc@5": 0.05402860211365047}
{"loss": 0.17469352933801918, "mrr": 0.6442041917049268, "map": 0.4354052058340312, "p@1": 0.5027932960893855, "p@5": 0.3631284916201119, "mode": "test", "roc": 0.5963483114329939, "roc@5": 0.05550811961604328}
{"loss": 0.31045064083808893, "mrr": 0.9135371179039301, "map": 0.9776380508978386, "p@1": 0.8270742358078602, "p@5": 0.9379912663755399, "mode": "android.dev", "roc": 0.32942056567770706, "roc@5": 0.013193838173860868}
{"loss": 0.31943467903463657, "mrr": 0.9020034843205574, "map": 0.9761030408308903, "p@1": 0.804006968641115, "p@5": 0.9303135888501677, "mode": "android.test", "roc": 0.307692677455536, "roc@5": 0.010182983496234574}
question retrieval loss 0.05163496732711792
question retrieval loss 0.04205216094851494

{"loss": 0.17050779775964547, "mrr": 0.6536194089151002, "map": 0.4514446500731128, "p@1": 0.532967032967033, "p@5": 0.3890109890109891, "mode": "dev", "roc": 0.6134343171275929, "roc@5": 0.06462389846890557}
{"loss": 0.17488005391566613, "mrr": 0.6322915207518784, "map": 0.4435463999349774, "p@1": 0.4748603351955307, "p@5": 0.3720670391061452, "mode": "test", "roc": 0.5955166580851555, "roc@5": 0.06191600664354231}
{"loss": 0.35048885413295056, "mrr": 0.8995633187772926, "map": 0.9755151319516899, "p@1": 0.7991266375545851, "p@5": 0.92751091703056, "mode": "android.dev", "roc": 0.2766598653771232, "roc@5": 0.009500951232621164}
{"loss": 0.36086391884904967, "mrr": 0.8928571428571429, "map": 0.9740551399864591, "p@1": 0.7857142857142857, "p@5": 0.9196864111498184, "mode": "android.test", "roc": 0.25385159073510305, "roc@5": 0.008071071231462192}

{"loss": 0.16480670808776088, "mrr": 0.6567791047460951, "map": 0.45054944356440607, "p@1": 0.521978021978022, "p@5": 0.4010989010989012, "mode": "dev", "roc": 0.6285485444248551, "roc@5": 0.066987464578924}
{"loss": 0.17131888908047915, "mrr": 0.6410435459538665, "map": 0.442914220116081, "p@1": 0.49162011173184356, "p@5": 0.37877094972067044, "mode": "test", "roc": 0.6084078902556537, "roc@5": 0.0594383979313985}
{"loss": 0.38539569244829847, "mrr": 0.8937409024745269, "map": 0.974089031450263, "p@1": 0.7877729257641921, "p@5": 0.9224454148471537, "mode": "android.dev", "roc": 0.23898017625530008, "roc@5": 0.007047794818128303}
{"loss": 0.3953522115853333, "mrr": 0.8797909407665505, "map": 0.972658800637439, "p@1": 0.759581881533101, "p@5": 0.9149825783972045, "mode": "android.test", "roc": 0.22108486887785084, "roc@5": 0.00590688814114547}

{"loss": 0.16413611309586226, "mrr": 0.6537024401552096, "map": 0.45607519461018264, "p@1": 0.5164835164835165, "p@5": 0.4032967032967033, "mode": "dev", "roc": 0.6323458097270007, "roc@5": 0.07097366698390811}
{"loss": 0.1698165239048237, "mrr": 0.6401171342412674, "map": 0.44661714935533103, "p@1": 0.4860335195530726, "p@5": 0.3854748603351957, "mode": "test", "roc": 0.6118152075138528, "roc@5": 0.05837310688904347}
