Epoch 0
classifier loss 1.4264090061187744
classifier loss 1.4122408628463745
classifier loss 1.4171855449676514
question retrieval loss 0.0013829476665705442

{"loss": 0.16848903484284306, "mrr": 0.6429463083139129, "map": 0.4432675072279964, "p@1": 0.510989010989011, "p@5": 0.3945054945054945, "mode": "dev", "roc": 0.6169863346609561, "roc@5": 0.06416452198357284}
{"loss": 0.17091055256028415, "mrr": 0.6156915394172602, "map": 0.41825974823478895, "p@1": 0.4581005586592179, "p@5": 0.3586592178770951, "mode": "test", "roc": 0.6050506093948985, "roc@5": 0.051287307380045805}
{"loss": 0.38452303007114924, "mrr": 0.8972343522561862, "map": 0.9732716974174349, "p@1": 0.7947598253275109, "p@5": 0.9179039301309956, "mode": "android.dev", "roc": 0.21645789551513017, "roc@5": 0.004814175498863924}
{"loss": 0.38868137336727915, "mrr": 0.8945993031358885, "map": 0.9729208559112519, "p@1": 0.789198606271777, "p@5": 0.9158536585365775, "mode": "android.test", "roc": 0.20984861400416605, "roc@5": 0.003274831312645765}
classifier loss 1.3438372611999512
classifier loss 1.3122289180755615
question retrieval loss 0.023671433329582214

{"loss": 0.1667818119723841, "mrr": 0.6476966485895056, "map": 0.44931013199581704, "p@1": 0.510989010989011, "p@5": 0.38351648351648365, "mode": "dev", "roc": 0.6285789225472722, "roc@5": 0.07101812277281128}
{"loss": 0.17281231974048655, "mrr": 0.6207017552834961, "map": 0.42233149483107324, "p@1": 0.46368715083798884, "p@5": 0.3687150837988826, "mode": "test", "roc": 0.6113459145281487, "roc@5": 0.05134380008683736}
{"loss": 0.4218476803525957, "mrr": 0.8906841339155749, "map": 0.9721697245702793, "p@1": 0.7816593886462883, "p@5": 0.913711790393004, "mode": "android.dev", "roc": 0.19331195311233643, "roc@5": 0.002165085070624401}
{"loss": 0.4223897537798215, "mrr": 0.8899535423925669, "map": 0.9721947905437974, "p@1": 0.7804878048780488, "p@5": 0.9134146341463331, "mode": "android.test", "roc": 0.19519010130142964, "roc@5": 0.0016597055315209453}
classifier loss 1.4247174263000488
classifier loss 1.230980634689331

{"loss": 0.17300224596388883, "mrr": 0.6467091637623313, "map": 0.4352301812212644, "p@1": 0.510989010989011, "p@5": 0.38461538461538475, "mode": "dev", "roc": 0.624029613482848, "roc@5": 0.0727444892418843}
{"loss": 0.16895000690427822, "mrr": 0.6237055969630301, "map": 0.4221163579568381, "p@1": 0.4692737430167598, "p@5": 0.36983240223463704, "mode": "test", "roc": 0.6374786336512528, "roc@5": 0.04745387370490469}
{"loss": 0.40759570418478813, "mrr": 0.9002911208151384, "map": 0.9734136589667051, "p@1": 0.8008733624454148, "p@5": 0.9194759825327431, "mode": "android.dev", "roc": 0.21384433056826554, "roc@5": 0.0027322699623772567}
{"loss": 0.4152450896937478, "mrr": 0.8909698025551684, "map": 0.9726271178184882, "p@1": 0.7822299651567944, "p@5": 0.9162020905923264, "mode": "android.test", "roc": 0.20547959194573523, "roc@5": 0.0022593245384464737}
classifier loss 1.051978588104248

{"loss": 0.1753905363544658, "mrr": 0.627445262548646, "map": 0.4365389124857921, "p@1": 0.46703296703296704, "p@5": 0.37472527472527484, "mode": "dev", "roc": 0.610944422484108, "roc@5": 0.05710346084611963}
{"loss": 0.17398427741071365, "mrr": 0.6121132586043425, "map": 0.41459898305484316, "p@1": 0.441340782122905, "p@5": 0.3731843575418995, "mode": "test", "roc": 0.5955670980019336, "roc@5": 0.0540393092394629}
{"loss": 0.4006162735092653, "mrr": 0.8963609898107714, "map": 0.97336810717992, "p@1": 0.7930131004366813, "p@5": 0.9194759825327429, "mode": "android.dev", "roc": 0.2273407858404261, "roc@5": 0.002407940872859016}
{"loss": 0.3991655256235745, "mrr": 0.9021486643437864, "map": 0.9736646470522593, "p@1": 0.8048780487804879, "p@5": 0.918641114982571, "mode": "android.test", "roc": 0.23153125033381403, "roc@5": 0.002061777848991436}
question retrieval loss 0.03195862099528313
classifier loss 0.5353412628173828
question retrieval loss 0.004089078865945339
question retrieval loss 0.0330473855137825
question retrieval loss 0.1393476277589798

{"loss": 0.17284237480834946, "mrr": 0.6228967048537187, "map": 0.4212045560522501, "p@1": 0.47802197802197804, "p@5": 0.3956043956043956, "mode": "dev", "roc": 0.6276686902694799, "roc@5": 0.0517094917925352}
{"loss": 0.17134871912402147, "mrr": 0.617153112649247, "map": 0.40755232884585807, "p@1": 0.4301675977653631, "p@5": 0.3731843575418995, "mode": "test", "roc": 0.6156978705477694, "roc@5": 0.05217504991534165}
{"loss": 0.45706895208108245, "mrr": 0.9011644832605533, "map": 0.9734670370596853, "p@1": 0.8026200873362446, "p@5": 0.9198253275109085, "mode": "android.dev", "roc": 0.218332804870766, "roc@5": 0.0022693083159627922}
{"loss": 0.46073824144556685, "mrr": 0.8966318234610919, "map": 0.9730740500655419, "p@1": 0.7935540069686411, "p@5": 0.9170731707316996, "mode": "android.test", "roc": 0.2159174348840108, "roc@5": 0.0019919884633872774}
classifier loss 0.6064919233322144
classifier loss 0.8820410966873169
question retrieval loss 0.007383945398032665
question retrieval loss 0.009274480864405632
question retrieval loss 0.022635208442807198

{"loss": 0.1737926674413157, "mrr": 0.6589017330977578, "map": 0.44378986448854635, "p@1": 0.532967032967033, "p@5": 0.3813186813186815, "mode": "dev", "roc": 0.6254940612622999, "roc@5": 0.06397928952980964}
{"loss": 0.16999854699984276, "mrr": 0.6047931678797168, "map": 0.40689531495381076, "p@1": 0.4245810055865922, "p@5": 0.369832402234637, "mode": "test", "roc": 0.6156950459124299, "roc@5": 0.05588742779021515}
{"loss": 0.4128044456656306, "mrr": 0.8966521106259098, "map": 0.9730582580130334, "p@1": 0.7938864628820961, "p@5": 0.9182532751091619, "mode": "android.dev", "roc": 0.2200255226091927, "roc@5": 0.0028707603320356372}
{"loss": 0.4126328405176163, "mrr": 0.8986643437862951, "map": 0.9729338886905672, "p@1": 0.7979094076655052, "p@5": 0.9191637630661944, "mode": "android.test", "roc": 0.22400829639124786, "roc@5": 0.002663818120315476}
classifier loss 0.36662882566452026
classifier loss 0.730754017829895
Epoch 1
question retrieval loss 0.026587318629026413
question retrieval loss 0.0007404748466797173
classifier loss 0.48857688903808594
question retrieval loss 0.011344820261001587
question retrieval loss 0.01639459654688835

{"loss": 0.17210306445198073, "mrr": 0.6369722714260532, "map": 0.4339265469738632, "p@1": 0.5, "p@5": 0.38681318681318694, "mode": "dev", "roc": 0.6246579219660129, "roc@5": 0.05835563223355886}
{"loss": 0.16984152874009237, "mrr": 0.6171696492506117, "map": 0.4119194682962642, "p@1": 0.44692737430167595, "p@5": 0.3899441340782126, "mode": "test", "roc": 0.6153661776550361, "roc@5": 0.054039309239462895}
{"loss": 0.4228780889997511, "mrr": 0.8982532751091703, "map": 0.973042730686402, "p@1": 0.7965065502183406, "p@5": 0.9175545851528296, "mode": "android.dev", "roc": 0.22144472186754408, "roc@5": 0.0036597573148224507}
{"loss": 0.4219502553036307, "mrr": 0.8931475029036006, "map": 0.9729152810892226, "p@1": 0.7865853658536586, "p@5": 0.9163763066202011, "mode": "android.test", "roc": 0.2263376310776407, "roc@5": 0.0031956417240826787}
question retrieval loss 0.022131923586130142
question retrieval loss 0.01707625761628151

{"loss": 0.17271238269673272, "mrr": 0.6581742247166414, "map": 0.44941940944176156, "p@1": 0.532967032967033, "p@5": 0.3813186813186815, "mode": "dev", "roc": 0.624913542752206, "roc@5": 0.060037542913728724}
{"loss": 0.16921533578642586, "mrr": 0.6114507871071686, "map": 0.40622784898386843, "p@1": 0.43575418994413406, "p@5": 0.369832402234637, "mode": "test", "roc": 0.6121606200639498, "roc@5": 0.05266734350309662}
{"loss": 0.43220851160199525, "mrr": 0.8953420669577875, "map": 0.9727870354134701, "p@1": 0.7912663755458516, "p@5": 0.9166812227074146, "mode": "android.dev", "roc": 0.21250246694857655, "roc@5": 0.0035428794053160967}
{"loss": 0.4310164785508281, "mrr": 0.8940185830429734, "map": 0.9727129940122596, "p@1": 0.7883275261324042, "p@5": 0.9153310104529537, "mode": "android.test", "roc": 0.21630052876141648, "roc@5": 0.002883583471309797}
classifier loss 0.3138774633407593

{"loss": 0.17361182723562796, "mrr": 0.6514421870595111, "map": 0.4387644611234376, "p@1": 0.5054945054945055, "p@5": 0.3813186813186816, "mode": "dev", "roc": 0.6307698520103834, "roc@5": 0.06913616104257715}
{"loss": 0.16783614727985843, "mrr": 0.6118697815205765, "map": 0.41292566529496133, "p@1": 0.43575418994413406, "p@5": 0.3675977653631287, "mode": "test", "roc": 0.6297213779701041, "roc@5": 0.05254628770282899}
{"loss": 0.4218489883805109, "mrr": 0.9002911208151384, "map": 0.9728977715082869, "p@1": 0.8008733624454148, "p@5": 0.916331877729249, "mode": "android.dev", "roc": 0.2113228318579038, "roc@5": 0.003394578116246598}
{"loss": 0.421135399013576, "mrr": 0.8927119628339142, "map": 0.9724864094105755, "p@1": 0.7857142857142857, "p@5": 0.9135888501742077, "mode": "android.test", "roc": 0.21554103509053038, "roc@5": 0.002746853246452669}
question retrieval loss 0.031787507236003876
question retrieval loss 0.06238863989710808
classifier loss 0.08759152144193649
classifier loss 0.4751552939414978
question retrieval loss 0.035158101469278336
classifier loss 0.12775076925754547
classifier loss 0.6566643714904785

{"loss": 0.17290162779186125, "mrr": 0.659284605002123, "map": 0.4537962237008721, "p@1": 0.5274725274725275, "p@5": 0.3758241758241761, "mode": "dev", "roc": 0.6248353746567179, "roc@5": 0.060148682385986633}
{"loss": 0.17288763637461976, "mrr": 0.590744321009641, "map": 0.38917894859662616, "p@1": 0.4134078212290503, "p@5": 0.36089385474860347, "mode": "test", "roc": 0.6062131485968018, "roc@5": 0.05776782788770541}
{"loss": 0.43623794705757474, "mrr": 0.8906841339155749, "map": 0.9722647755899618, "p@1": 0.7816593886462883, "p@5": 0.914235807860253, "mode": "android.dev", "roc": 0.20753917969338745, "roc@5": 0.0033458078936666963}
{"loss": 0.4319538330247152, "mrr": 0.8966318234610919, "map": 0.9725938880253427, "p@1": 0.7935540069686411, "p@5": 0.9139372822299571, "mode": "android.test", "roc": 0.21665498762662683, "roc@5": 0.0029371361427121714}
classifier loss 0.29421553015708923
question retrieval loss 0.19362586736679077
question retrieval loss 0.008431059308350086

{"loss": 0.16981373511889314, "mrr": 0.6581394055739564, "map": 0.45311172197229294, "p@1": 0.521978021978022, "p@5": 0.38241758241758256, "mode": "dev", "roc": 0.6365105762174125, "roc@5": 0.06517218653204464}
{"loss": 0.1716585638386577, "mrr": 0.6358894335923154, "map": 0.4177562945485194, "p@1": 0.48044692737430167, "p@5": 0.3731843575418996, "mode": "test", "roc": 0.6162728855990406, "roc@5": 0.058090643355085715}
{"loss": 0.4425971340969628, "mrr": 0.8919941775836973, "map": 0.9720718665351141, "p@1": 0.7842794759825328, "p@5": 0.9144104803493365, "mode": "android.dev", "roc": 0.20056450466231954, "roc@5": 0.0032489783846961036}
{"loss": 0.43911125080883895, "mrr": 0.8956155632984902, "map": 0.9722565951954021, "p@1": 0.7918118466898955, "p@5": 0.9132404181184589, "mode": "android.test", "roc": 0.20905313607149859, "roc@5": 0.0028019726183481984}
question retrieval loss 0.002709959400817752
question retrieval loss 0.1888316571712494
classifier loss 0.31153032183647156
question retrieval loss 0.017076432704925537
classifier loss 1.6988377571105957

{"loss": 0.17052709655119822, "mrr": 0.6502742526094176, "map": 0.4433945957837092, "p@1": 0.521978021978022, "p@5": 0.37912087912087944, "mode": "dev", "roc": 0.6334131191255843, "roc@5": 0.06261597867011248}
{"loss": 0.16877430010139527, "mrr": 0.6117720311754937, "map": 0.4063659862111556, "p@1": 0.44692737430167595, "p@5": 0.375418994413408, "mode": "test", "roc": 0.6174939351044066, "roc@5": 0.0559600612703757}
{"loss": 0.44243795705031946, "mrr": 0.8940320232896652, "map": 0.972207687165052, "p@1": 0.788646288209607, "p@5": 0.913537117903921, "mode": "android.dev", "roc": 0.2015487531601114, "roc@5": 0.0033994124823332355}
{"loss": 0.44035961215249636, "mrr": 0.8956155632984902, "map": 0.972379622560941, "p@1": 0.7918118466898955, "p@5": 0.91480836236933, "mode": "android.test", "roc": 0.20814333173102606, "roc@5": 0.0031063397959728667}
classifier loss 0.5870283246040344
question retrieval loss 0.09623042494058609
Epoch 2
question retrieval loss 0.006031197961419821
question retrieval loss 0.09053294360637665
classifier loss 0.36139190196990967
classifier loss 0.11318577080965042
classifier loss 0.2073632776737213
classifier loss 0.04877074062824249

{"loss": 0.16856935824482486, "mrr": 0.6520256551607555, "map": 0.442733532477666, "p@1": 0.510989010989011, "p@5": 0.3769230769230772, "mode": "dev", "roc": 0.6387292905485881, "roc@5": 0.06723197141789145}
{"loss": 0.1683839961688695, "mrr": 0.6237325776578937, "map": 0.40938866627058135, "p@1": 0.45251396648044695, "p@5": 0.38212290502793317, "mode": "test", "roc": 0.6185059615946439, "roc@5": 0.05683166303230253}
{"loss": 0.4403057565585218, "mrr": 0.8893740902474527, "map": 0.9719850629506169, "p@1": 0.7790393013100436, "p@5": 0.9121397379912571, "mode": "android.dev", "roc": 0.19896529636085986, "roc@5": 0.0035805590233443005}
{"loss": 0.436948415077736, "mrr": 0.8925667828106854, "map": 0.972238368716124, "p@1": 0.7857142857142857, "p@5": 0.9137630662020823, "mode": "android.test", "roc": 0.20611665509444718, "roc@5": 0.003193505314319286}
question retrieval loss 0.013942217454314232
question retrieval loss 0.003905122634023428
question retrieval loss 0.008292744867503643

{"loss": 0.16864284409394303, "mrr": 0.6531506926496806, "map": 0.44036906030361506, "p@1": 0.521978021978022, "p@5": 0.3813186813186817, "mode": "dev", "roc": 0.6339302881364911, "roc@5": 0.0635199130444769}
{"loss": 0.1678958489096531, "mrr": 0.621258063210041, "map": 0.41834626512564543, "p@1": 0.45251396648044695, "p@5": 0.3821229050279332, "mode": "test", "roc": 0.6149868694808642, "roc@5": 0.056557269885029265}
{"loss": 0.43757300143400574, "mrr": 0.8919941775836973, "map": 0.9719969012110395, "p@1": 0.7842794759825328, "p@5": 0.9110917030567597, "mode": "android.dev", "roc": 0.1963092103205185, "roc@5": 0.0036517948295032836}
{"loss": 0.4338149574223438, "mrr": 0.8945993031358885, "map": 0.9722207913474316, "p@1": 0.789198606271777, "p@5": 0.9134146341463335, "mode": "android.test", "roc": 0.2036954832736919, "roc@5": 0.0030522174153002546}
question retrieval loss 0.031752388924360275
classifier loss 0.1720062643289566

{"loss": 0.16915457890174546, "mrr": 0.6525088966911852, "map": 0.44268822228511323, "p@1": 0.5164835164835165, "p@5": 0.3813186813186816, "mode": "dev", "roc": 0.639758071596789, "roc@5": 0.07060320207638171}
{"loss": 0.1674129213375565, "mrr": 0.614807039884223, "map": 0.4099328814651246, "p@1": 0.441340782122905, "p@5": 0.36759776536312855, "mode": "test", "roc": 0.6302818663253431, "roc@5": 0.054935122161443244}
{"loss": 0.44130486881321773, "mrr": 0.8914119359534207, "map": 0.9719921271035905, "p@1": 0.7834061135371179, "p@5": 0.9123144104803403, "mode": "android.dev", "roc": 0.19619735872986985, "roc@5": 0.0036129777135723404}
{"loss": 0.4394378014856411, "mrr": 0.8873403019744484, "map": 0.9719531875635748, "p@1": 0.7752613240418118, "p@5": 0.9144599303135809, "mode": "android.test", "roc": 0.20167532980825728, "roc@5": 0.0030193167049440083}
classifier loss 0.08012590557336807
classifier loss 0.23805953562259674

{"loss": 0.1684925533360341, "mrr": 0.6473122519583413, "map": 0.4407851993995362, "p@1": 0.5054945054945055, "p@5": 0.3758241758241761, "mode": "dev", "roc": 0.632946333342101, "roc@5": 0.06190468604766179}
{"loss": 0.16953109306746356, "mrr": 0.6228112376435965, "map": 0.40912140597593033, "p@1": 0.4581005586592179, "p@5": 0.36759776536312855, "mode": "test", "roc": 0.6125887540775627, "roc@5": 0.0582843326355139}
{"loss": 0.451413505987008, "mrr": 0.8882096069868995, "map": 0.9717935925767651, "p@1": 0.7764192139737991, "p@5": 0.9112663755458424, "mode": "android.dev", "roc": 0.19460994485978914, "roc@5": 0.0037484821512360337}
{"loss": 0.44627488766008344, "mrr": 0.8918408826945413, "map": 0.9721968378379837, "p@1": 0.7839721254355401, "p@5": 0.9141114982578314, "mode": "android.test", "roc": 0.20389129234987274, "roc@5": 0.0031268493297014364}
classifier loss 0.29086580872535706
classifier loss 0.22941207885742188
question retrieval loss 0.06059711053967476
classifier loss 0.03687199950218201

{"loss": 0.16772726305842317, "mrr": 0.6438162265085342, "map": 0.44686967597982263, "p@1": 0.5054945054945055, "p@5": 0.38461538461538486, "mode": "dev", "roc": 0.6426673325155938, "roc@5": 0.06691337159741874}
{"loss": 0.16976434462209486, "mrr": 0.6286219332907592, "map": 0.421343988651741, "p@1": 0.46368715083798884, "p@5": 0.3765363128491622, "mode": "test", "roc": 0.6216711672523076, "roc@5": 0.05716254888636734}
{"loss": 0.45239361117199456, "mrr": 0.8857350800582242, "map": 0.971569904649208, "p@1": 0.7720524017467248, "p@5": 0.9130131004366722, "mode": "android.dev", "roc": 0.19028244072924988, "roc@5": 0.0036684307363308295}
{"loss": 0.44802624997536844, "mrr": 0.8886469221835076, "map": 0.9718959165831913, "p@1": 0.7778745644599303, "p@5": 0.9113240418118386, "mode": "android.test", "roc": 0.1999213017856825, "roc@5": 0.0029704641350210962}
question retrieval loss 0.00923885591328144
question retrieval loss 0.01094419788569212

{"loss": 0.1674930650515707, "mrr": 0.629436223117542, "map": 0.43719861354015743, "p@1": 0.46703296703296704, "p@5": 0.3879120879120882, "mode": "dev", "roc": 0.6419427031564722, "roc@5": 0.06512032144499096}
{"loss": 0.1684167421990017, "mrr": 0.6253966382112083, "map": 0.4183234951253651, "p@1": 0.4581005586592179, "p@5": 0.37988826815642474, "mode": "test", "roc": 0.6217930300912438, "roc@5": 0.05738851971353355}
{"loss": 0.4565321506368094, "mrr": 0.8870451237263465, "map": 0.9715854111518613, "p@1": 0.7746724890829695, "p@5": 0.9110917030567595, "mode": "android.dev", "roc": 0.19036610369999632, "roc@5": 0.0034615483052703117}
{"loss": 0.451946904280025, "mrr": 0.8860336817653891, "map": 0.9718130218273016, "p@1": 0.7726480836236934, "p@5": 0.912717770034835, "mode": "android.test", "roc": 0.20024280296960964, "roc@5": 0.0030233046698356744}
Epoch 3
question retrieval loss 0.0038431882858276367
classifier loss 0.023592298850417137
classifier loss 0.5271206498146057
question retrieval loss 0.005992231424897909
classifier loss 0.08161457628011703
question retrieval loss 0.0047051855362951756

{"loss": 0.1648099680589819, "mrr": 0.6400441613798111, "map": 0.44529034144616975, "p@1": 0.4835164835164835, "p@5": 0.3868131868131872, "mode": "dev", "roc": 0.6455617748380975, "roc@5": 0.0682248173700622}
{"loss": 0.1668885820883446, "mrr": 0.6175243693547133, "map": 0.4125432782902834, "p@1": 0.44692737430167595, "p@5": 0.3776536312849164, "mode": "test", "roc": 0.6240039125234647, "roc@5": 0.05730781584668849}
{"loss": 0.44631965895199655, "mrr": 0.8858806404657933, "map": 0.9715589579919407, "p@1": 0.7720524017467248, "p@5": 0.9082969432314315, "mode": "android.dev", "roc": 0.18895149708942727, "roc@5": 0.0034754826545788553}
{"loss": 0.44141205231568253, "mrr": 0.8861788617886179, "map": 0.9717942693706169, "p@1": 0.7726480836236934, "p@5": 0.9132404181184589, "mode": "android.test", "roc": 0.19807106411009634, "roc@5": 0.0030168954405454963}
classifier loss 0.02719086781144142

{"loss": 0.16596803300921897, "mrr": 0.6285188913008463, "map": 0.4388266507469431, "p@1": 0.46153846153846156, "p@5": 0.38791208791208837, "mode": "dev", "roc": 0.6406445941204996, "roc@5": 0.06445348461144342}
{"loss": 0.16829308903874965, "mrr": 0.61078306824519, "map": 0.41059700207222705, "p@1": 0.4301675977653631, "p@5": 0.36983240223463704, "mode": "test", "roc": 0.6198516985742855, "roc@5": 0.05746115319369413}
{"loss": 0.4575153781270901, "mrr": 0.886608442503639, "map": 0.9714965706404926, "p@1": 0.7737991266375546, "p@5": 0.9093449781659295, "mode": "android.dev", "roc": 0.1883096852258929, "roc@5": 0.0035721699763116067}
{"loss": 0.45319472417034184, "mrr": 0.8931475029036006, "map": 0.9718900885304209, "p@1": 0.7865853658536586, "p@5": 0.9114982578397132, "mode": "android.test", "roc": 0.19649818939272556, "roc@5": 0.0029606366501094905}
question retrieval loss 0.0090830372646451
classifier loss 0.08742916584014893
question retrieval loss 0.17612925171852112
question retrieval loss 0.008405284956097603

{"loss": 0.16619354339091333, "mrr": 0.6425050323159568, "map": 0.44478911306178726, "p@1": 0.5, "p@5": 0.38901098901098946, "mode": "dev", "roc": 0.6462174977244193, "roc@5": 0.06894351929066342}
{"loss": 0.16664468073520247, "mrr": 0.6186432486785326, "map": 0.4158091346583012, "p@1": 0.44692737430167595, "p@5": 0.3687150837988827, "mode": "test", "roc": 0.6317288866578753, "roc@5": 0.05652498833829124}
{"loss": 0.44391947202506477, "mrr": 0.8864628820960698, "map": 0.9716002501682083, "p@1": 0.7737991266375546, "p@5": 0.9116157205240083, "mode": "android.dev", "roc": 0.19006810057756457, "roc@5": 0.003634447986486525}
{"loss": 0.4411398363218542, "mrr": 0.8909698025551684, "map": 0.9717458401871133, "p@1": 0.7822299651567944, "p@5": 0.9116724738675877, "mode": "android.test", "roc": 0.19647758015987468, "roc@5": 0.002974452099912763}
classifier loss 0.35128331184387207
question retrieval loss 0.0008963604923337698
classifier loss 0.030010832473635674

{"loss": 0.16563258617527907, "mrr": 0.6326667990129531, "map": 0.4419397422341706, "p@1": 0.47802197802197804, "p@5": 0.38791208791208825, "mode": "dev", "roc": 0.6419490010599, "roc@5": 0.06696523668447243}
{"loss": 0.16904663377800466, "mrr": 0.6198908727818909, "map": 0.4131429159965656, "p@1": 0.4581005586592179, "p@5": 0.3720670391061453, "mode": "test", "roc": 0.6186629306156575, "roc@5": 0.05725939352658143}
{"loss": 0.45109554953429865, "mrr": 0.8799126637554585, "map": 0.971226868110245, "p@1": 0.7606986899563318, "p@5": 0.9077729257641827, "mode": "android.dev", "roc": 0.1871208150741222, "roc@5": 0.0037004228648453434}
{"loss": 0.4461637560175959, "mrr": 0.8887921022067364, "map": 0.9716828363001051, "p@1": 0.7778745644599303, "p@5": 0.9109756097560894, "mode": "android.test", "roc": 0.1961580017447347, "roc@5": 0.0029663337428118704}
question retrieval loss 6.671920709777623e-05

{"loss": 0.16628612797569156, "mrr": 0.652604919500524, "map": 0.45528228255728964, "p@1": 0.521978021978022, "p@5": 0.3835164835164837, "mode": "dev", "roc": 0.6473303743066285, "roc@5": 0.0660020279249038}
{"loss": 0.17138386898096547, "mrr": 0.621273968515913, "map": 0.41455282361530293, "p@1": 0.45251396648044695, "p@5": 0.3765363128491621, "mode": "test", "roc": 0.6229620256024947, "roc@5": 0.05704149308609973}
{"loss": 0.46283336072615205, "mrr": 0.884425036390102, "map": 0.9714297114925172, "p@1": 0.7694323144104803, "p@5": 0.9102183406113442, "mode": "android.dev", "roc": 0.18412538497194644, "roc@5": 0.0034248639979070038}
{"loss": 0.45767820546182864, "mrr": 0.8909698025551684, "map": 0.9717825823504813, "p@1": 0.7822299651567944, "p@5": 0.9128919860627096, "mode": "android.test", "roc": 0.19408668126546674, "roc@5": 0.0027994089266321276}
question retrieval loss 0.007731112185865641
classifier loss 0.08234348893165588
question retrieval loss 0.005038668401539326
classifier loss 0.08521203696727753

{"loss": 0.16486596571061515, "mrr": 0.6307964852607711, "map": 0.4417265128393342, "p@1": 0.4725274725274725, "p@5": 0.40219780219780243, "mode": "dev", "roc": 0.6473137033857899, "roc@5": 0.06503140986718461}
{"loss": 0.16716100978430923, "mrr": 0.6326309751489628, "map": 0.4295018678600776, "p@1": 0.4692737430167598, "p@5": 0.3776536312849164, "mode": "test", "roc": 0.6256426045397538, "roc@5": 0.05675902955214197}
{"loss": 0.45424424300954463, "mrr": 0.8851528384279476, "map": 0.9716760919131046, "p@1": 0.77117903930131, "p@5": 0.9102183406113442, "mode": "android.dev", "roc": 0.18878920457615408, "roc@5": 0.003502071668055362}
{"loss": 0.45004364170818767, "mrr": 0.8908246225319397, "map": 0.9719525909750693, "p@1": 0.7822299651567944, "p@5": 0.9116724738675878, "mode": "android.test", "roc": 0.1970039060691841, "roc@5": 0.002954654702771991}
classifier loss 0.11699560284614563
Epoch 4
classifier loss 0.17032289505004883
classifier loss 0.12396271526813507
question retrieval loss 0.006151992827653885
classifier loss 0.03412085399031639
classifier loss 0.03379577025771141
classifier loss 0.07499229907989502

{"loss": 0.16310252485141813, "mrr": 0.6437087355114182, "map": 0.44878764281704103, "p@1": 0.5, "p@5": 0.3857142857142862, "mode": "dev", "roc": 0.6461937879703377, "roc@5": 0.06662440896954815}
{"loss": 0.1665005776406833, "mrr": 0.626134233704023, "map": 0.4249192325836388, "p@1": 0.46368715083798884, "p@5": 0.3754189944134081, "mode": "test", "roc": 0.6267474404768629, "roc@5": 0.05897031550369704}
{"loss": 0.44925958152685525, "mrr": 0.8844250363901018, "map": 0.9712039359379597, "p@1": 0.7694323144104803, "p@5": 0.9074235807860167, "mode": "android.dev", "roc": 0.1828060153732842, "roc@5": 0.0033203563780929276}
{"loss": 0.4434834090645591, "mrr": 0.8887921022067364, "map": 0.9716552662386395, "p@1": 0.7778745644599303, "p@5": 0.9102787456445908, "mode": "android.test", "roc": 0.19196665064359344, "roc@5": 0.0027744841460592136}
question retrieval loss 0.00099853053689003

{"loss": 0.16466558155358083, "mrr": 0.6487160275621815, "map": 0.4452217955044989, "p@1": 0.510989010989011, "p@5": 0.39230769230769263, "mode": "dev", "roc": 0.6434375290583412, "roc@5": 0.06820999877376115}
{"loss": 0.16843860308696937, "mrr": 0.6189284196546335, "map": 0.41855991908786866, "p@1": 0.44692737430167595, "p@5": 0.3687150837988829, "mode": "test", "roc": 0.6221860579227793, "roc@5": 0.057856602141234996}
{"loss": 0.4554820368316545, "mrr": 0.8822416302765649, "map": 0.9712399926574811, "p@1": 0.7650655021834061, "p@5": 0.9068995633187676, "mode": "android.dev", "roc": 0.18533152376375306, "roc@5": 0.003594919934366371}
{"loss": 0.45069596007343005, "mrr": 0.8896631823461092, "map": 0.9715987000222169, "p@1": 0.7796167247386759, "p@5": 0.9097560975609674, "mode": "android.test", "roc": 0.19318923249479253, "roc@5": 0.0028945503747618787}
classifier loss 0.013919154182076454
classifier loss 0.20703250169754028
classifier loss 0.026380928233265877
classifier loss 0.12445222586393356
classifier loss 0.06123252958059311
classifier loss 0.020653393119573593

{"loss": 0.16384151128663138, "mrr": 0.6426566717775509, "map": 0.44919861071921396, "p@1": 0.5, "p@5": 0.3824175824175828, "mode": "dev", "roc": 0.6474578142348177, "roc@5": 0.06851377999793279}
{"loss": 0.16582914711335184, "mrr": 0.6339766964667514, "map": 0.4273869708283707, "p@1": 0.4748603351955307, "p@5": 0.3754189944134079, "mode": "test", "roc": 0.6364670106803498, "roc@5": 0.05633936944454757}
{"loss": 0.45469541619552145, "mrr": 0.8787481804949054, "map": 0.9711993634735554, "p@1": 0.7580786026200873, "p@5": 0.9098689956331784, "mode": "android.dev", "roc": 0.18287806164669887, "roc@5": 0.003470221726778691}
{"loss": 0.45058064892943234, "mrr": 0.8883565621370499, "map": 0.9715732341916858, "p@1": 0.7770034843205574, "p@5": 0.9111498257839642, "mode": "android.test", "roc": 0.19005333903042607, "roc@5": 0.002795136107105342}
classifier loss 0.024871759116649628
question retrieval loss 0.02067042514681816

{"loss": 0.16372225199350166, "mrr": 0.6365996335776559, "map": 0.44455285482583934, "p@1": 0.489010989010989, "p@5": 0.3934065934065937, "mode": "dev", "roc": 0.6419115841042399, "roc@5": 0.06518700512834572}
{"loss": 0.16757525140991925, "mrr": 0.6176652097568522, "map": 0.4154117297462468, "p@1": 0.44692737430167595, "p@5": 0.36983240223463687, "mode": "test", "roc": 0.6218874536154525, "roc@5": 0.05840538843578152}
{"loss": 0.45405443867253686, "mrr": 0.8786026200873363, "map": 0.9712341876777532, "p@1": 0.7580786026200873, "p@5": 0.9077729257641827, "mode": "android.dev", "roc": 0.18319747816714965, "roc@5": 0.0036020292962584853}
{"loss": 0.44882800648530835, "mrr": 0.8879210220673636, "map": 0.9716647328095319, "p@1": 0.7761324041811847, "p@5": 0.911149825783964, "mode": "android.test", "roc": 0.19102611760935753, "roc@5": 0.00279584824369314}
classifier loss 1.467668056488037
classifier loss 0.03417571261525154

{"loss": 0.1640727697861391, "mrr": 0.643783940418556, "map": 0.44954128165771096, "p@1": 0.5054945054945055, "p@5": 0.3868131868131871, "mode": "dev", "roc": 0.6522790445413662, "roc@5": 0.06642435791948388}
{"loss": 0.1688656643730219, "mrr": 0.6393049575911018, "map": 0.42421045888772235, "p@1": 0.4860335195530726, "p@5": 0.3787709497206706, "mode": "test", "roc": 0.6250256234777233, "roc@5": 0.058332754955620944}
{"loss": 0.45718916478855576, "mrr": 0.8806404657933042, "map": 0.9713868183928953, "p@1": 0.7615720524017467, "p@5": 0.9095196506550127, "mode": "android.dev", "roc": 0.18304815312996772, "roc@5": 0.003535485668948298}
{"loss": 0.452040064161585, "mrr": 0.8883565621370499, "map": 0.9717379333207689, "p@1": 0.7770034843205574, "p@5": 0.9120209059233368, "mode": "android.test", "roc": 0.1919894176503054, "roc@5": 0.002765083943100286}
classifier loss 0.02764475718140602
question retrieval loss 0.0007944412645883858
question retrieval loss 0.005579123739153147

{"loss": 0.16312157140231107, "mrr": 0.6426289773574843, "map": 0.45187275864166726, "p@1": 0.4945054945054945, "p@5": 0.39230769230769275, "mode": "dev", "roc": 0.65166444325978, "roc@5": 0.06821740807191168}
{"loss": 0.16713803811987352, "mrr": 0.6348676273856151, "map": 0.43729596312826546, "p@1": 0.4748603351955307, "p@5": 0.38212290502793306, "mode": "test", "roc": 0.6286064540496393, "roc@5": 0.056315158284494043}
{"loss": 0.46173796299966985, "mrr": 0.8786026200873363, "map": 0.9710801452675136, "p@1": 0.7580786026200873, "p@5": 0.9074235807860165, "mode": "android.dev", "roc": 0.18042087422401315, "roc@5": 0.0033950046779601247}
{"loss": 0.45695719542874197, "mrr": 0.8903890824622532, "map": 0.971556703672198, "p@1": 0.7813588850174216, "p@5": 0.909407665505218, "mode": "android.test", "roc": 0.18891035268564516, "roc@5": 0.002762377824066655}
Epoch 5
question retrieval loss 0.007611666806042194
question retrieval loss 0.009473959915339947
classifier loss 0.007054165005683899
classifier loss 0.02830030396580696

{"loss": 0.16148347231293364, "mrr": 0.6499943356399404, "map": 0.4585265708874792, "p@1": 0.5164835164835165, "p@5": 0.3934065934065938, "mode": "dev", "roc": 0.6527643535702258, "roc@5": 0.06858787297943807}
{"loss": 0.16570451772412775, "mrr": 0.6344434268842315, "map": 0.42783966988633654, "p@1": 0.4748603351955307, "p@5": 0.3776536312849164, "mode": "test", "roc": 0.6311897848273502, "roc@5": 0.058639429649632244}
{"loss": 0.45334340682655866, "mrr": 0.8816593886462882, "map": 0.9710272671535267, "p@1": 0.7641921397379913, "p@5": 0.9068995633187676, "mode": "android.dev", "roc": 0.1792211267485476, "roc@5": 0.0033003079775571664}
{"loss": 0.4475075788641809, "mrr": 0.8879210220673636, "map": 0.9714823890895739, "p@1": 0.7761324041811847, "p@5": 0.9101045296167164, "mode": "android.test", "roc": 0.1878709181220959, "roc@5": 0.0026451601417151805}
classifier loss 0.028383655473589897
question retrieval loss 0.0033063411246985197
question retrieval loss 0.04914097487926483
question retrieval loss 0.011319581419229507

{"loss": 0.16300455232503935, "mrr": 0.645872299968939, "map": 0.45099105651434035, "p@1": 0.5054945054945055, "p@5": 0.3967032967032971, "mode": "dev", "roc": 0.6484113909067906, "roc@5": 0.06914357034072768}
{"loss": 0.1678450055909473, "mrr": 0.6272523847318026, "map": 0.4222115194935631, "p@1": 0.44692737430167595, "p@5": 0.36983240223463715, "mode": "test", "roc": 0.6271586266784386, "roc@5": 0.05944646831808301}
{"loss": 0.4633322166636846, "mrr": 0.8784570596797672, "map": 0.9709731537694728, "p@1": 0.7572052401746725, "p@5": 0.9067248908296844, "mode": "android.dev", "roc": 0.17943405213721636, "roc@5": 0.003486857633606238}
{"loss": 0.4579095920054599, "mrr": 0.8879210220673636, "map": 0.9714244603305926, "p@1": 0.7761324041811847, "p@5": 0.9094076655052183, "mode": "android.test", "roc": 0.1876554327119942, "roc@5": 0.0027659385070056435}
classifier loss 0.2881825268268585
question retrieval loss 0.01111323107033968
question retrieval loss 0.034047774970531464
classifier loss 0.22589115798473358

{"loss": 0.16355775774502615, "mrr": 0.6372729856690752, "map": 0.44334507789159533, "p@1": 0.4945054945054945, "p@5": 0.38791208791208825, "mode": "dev", "roc": 0.6507675477186585, "roc@5": 0.0700993698021458}
{"loss": 0.16538082182865235, "mrr": 0.6293342126968051, "map": 0.41842228864972575, "p@1": 0.4581005586592179, "p@5": 0.3765363128491621, "mode": "test", "roc": 0.636721631380246, "roc@5": 0.059002597050435084}
{"loss": 0.4542481377350744, "mrr": 0.8796215429403202, "map": 0.9712679585168534, "p@1": 0.759825327510917, "p@5": 0.9107423580785935, "mode": "android.dev", "roc": 0.1819787842422416, "roc@5": 0.003503635727671627}
{"loss": 0.4518789683098707, "mrr": 0.8835656213704994, "map": 0.9713061148723703, "p@1": 0.7674216027874564, "p@5": 0.910278745644591, "mode": "android.test", "roc": 0.18642063059694852, "roc@5": 0.0027475653830404665}
question retrieval loss 0.011998703703284264
question retrieval loss 0.015349437482655048
classifier loss 0.042573001235723495
question retrieval loss 0.00754479318857193
question retrieval loss 0.04830630123615265

{"loss": 0.16369256009008726, "mrr": 0.641018070757082, "map": 0.44964306913781454, "p@1": 0.489010989010989, "p@5": 0.39780219780219817, "mode": "dev", "roc": 0.6469465726624313, "roc@5": 0.0674320224679557}
{"loss": 0.16798761949026386, "mrr": 0.6249719160859051, "map": 0.4211598823843174, "p@1": 0.45251396648044695, "p@5": 0.3743016759776536, "mode": "test", "roc": 0.6254000894198845, "roc@5": 0.06029385891995629}
{"loss": 0.4609851133643637, "mrr": 0.8796215429403202, "map": 0.9711052958889569, "p@1": 0.759825327510917, "p@5": 0.9074235807860167, "mode": "android.dev", "roc": 0.17961869648427833, "roc@5": 0.003558804375954432}
{"loss": 0.4562767848197228, "mrr": 0.8866144018583043, "map": 0.971416763648035, "p@1": 0.7735191637630662, "p@5": 0.9104529616724658, "mode": "android.test", "roc": 0.1872784774519753, "roc@5": 0.00278117822998451}
classifier loss 0.017969170585274696
question retrieval loss 0.0009529456729069352
classifier loss 0.19106093049049377
classifier loss 0.3647336959838867
classifier loss 0.07934348285198212

{"loss": 0.16403543059253595, "mrr": 0.6374538236488788, "map": 0.44596158312740736, "p@1": 0.5, "p@5": 0.3879120879120882, "mode": "dev", "roc": 0.653867227599932, "roc@5": 0.07109962505246707}
{"loss": 0.16883765211505763, "mrr": 0.6419520495464854, "map": 0.4273849646387022, "p@1": 0.48044692737430167, "p@5": 0.375418994413408, "mode": "test", "roc": 0.6298480830410509, "roc@5": 0.05719483043310537}
{"loss": 0.45771038989377855, "mrr": 0.87627365356623, "map": 0.9708455834864622, "p@1": 0.7528384279475983, "p@5": 0.9082969432314317, "mode": "android.dev", "roc": 0.1770175800300868, "roc@5": 0.0033711172220026223}
{"loss": 0.451944043910543, "mrr": 0.8874854819976772, "map": 0.9713073510234039, "p@1": 0.7752613240418118, "p@5": 0.9090592334494692, "mode": "android.test", "roc": 0.18765635136819248, "roc@5": 0.002673218323274404}
question retrieval loss 0.004679487086832523
classifier loss 0.21812373399734497

{"loss": 0.1621201239896626, "mrr": 0.6380716909320658, "map": 0.4529462433523581, "p@1": 0.4945054945054945, "p@5": 0.39890109890109926, "mode": "dev", "roc": 0.6539550277830157, "roc@5": 0.07002527682064053}
{"loss": 0.1662070383239725, "mrr": 0.6336138793368069, "map": 0.4319978906531821, "p@1": 0.4692737430167598, "p@5": 0.387709497206704, "mode": "test", "roc": 0.6330613074994875, "roc@5": 0.05639586215133913}
{"loss": 0.46514755748639364, "mrr": 0.8780203784570597, "map": 0.9709682140293581, "p@1": 0.7563318777292577, "p@5": 0.9072489082969338, "mode": "android.dev", "roc": 0.17629349152137505, "roc@5": 0.0032870845644378346}
{"loss": 0.4612218266927381, "mrr": 0.8900987224157956, "map": 0.971390822165335, "p@1": 0.7804878048780488, "p@5": 0.9087108013937197, "mode": "android.test", "roc": 0.18447023091028866, "roc@5": 0.0026222293435880996}
Epoch 6
classifier loss 0.5996884703636169
classifier loss 0.07399717718362808

{"loss": 0.1616609030195952, "mrr": 0.6412644917210205, "map": 0.4508914390302079, "p@1": 0.5, "p@5": 0.396703296703297, "mode": "dev", "roc": 0.6527669468245786, "roc@5": 0.07071434154863962}
{"loss": 0.1647713637739087, "mrr": 0.6426478598339815, "map": 0.43125656239472165, "p@1": 0.4748603351955307, "p@5": 0.38212290502793317, "mode": "test", "roc": 0.6368527751638692, "roc@5": 0.060261577373218266}
