Epoch 0
question retrieval loss 0.18350812792778015
question retrieval loss 0.19500194489955902

{"loss": 0.19978720523867305, "mrr": 0.606838088802332, "map": 0.3933229164603128, "p@1": 0.46153846153846156, "p@5": 0.35054945054945047, "mode": "dev", "roc": 0.5436253918129478, "roc@5": 0.03087454539325035}
{"loss": 0.18192284200444567, "mrr": 0.6071719863446345, "map": 0.41655834482940124, "p@1": 0.44692737430167595, "p@5": 0.3497206703910617, "mode": "test", "roc": 0.5554613113732731, "roc@5": 0.05034307213795842}
{"loss": 0.22926147438455616, "mrr": 0.9334788937409024, "map": 0.9803567185968766, "p@1": 0.8672489082969432, "p@5": 0.9475982532751036, "mode": "android.dev", "roc": 0.3949772287138596, "roc@5": 0.016867387650754018}
{"loss": 0.23348419235748294, "mrr": 0.9124564459930313, "map": 0.9784187592527559, "p@1": 0.8249128919860628, "p@5": 0.9397212543553946, "mode": "android.test", "roc": 0.36954342786946537, "roc@5": 0.011749968844024282}
question retrieval loss 0.6159409880638123

{"loss": 0.18804104474710895, "mrr": 0.6206723922357746, "map": 0.41452338458793037, "p@1": 0.47802197802197804, "p@5": 0.3769230769230773, "mode": "dev", "roc": 0.5651834857117242, "roc@5": 0.03999539141655036}
{"loss": 0.17571614681633824, "mrr": 0.6388652847105811, "map": 0.4346052310284789, "p@1": 0.4860335195530726, "p@5": 0.35754189944134085, "mode": "test", "roc": 0.573726614036985, "roc@5": 0.05625059519101798}
{"loss": 0.2579443719498325, "mrr": 0.9256186317321687, "map": 0.9789565170833705, "p@1": 0.851528384279476, "p@5": 0.9428820960698632, "mode": "android.dev", "roc": 0.3587045747321903, "roc@5": 0.014736569704449608}
{"loss": 0.26324828670811207, "mrr": 0.9050522648083623, "map": 0.9769945735545169, "p@1": 0.8101045296167247, "p@5": 0.9341463414634081, "mode": "android.test", "roc": 0.33706890989691823, "roc@5": 0.010449892289341093}
question retrieval loss 0.058211490511894226
question retrieval loss 0.030731171369552612
question retrieval loss 0.09774860739707947

{"loss": 0.18014670187699516, "mrr": 0.6388608387307059, "map": 0.4394105263313298, "p@1": 0.5, "p@5": 0.37912087912087933, "mode": "dev", "roc": 0.5869794180811325, "roc@5": 0.05306539335408183}
{"loss": 0.17222925760996574, "mrr": 0.6474248072160451, "map": 0.43738789274035755, "p@1": 0.4972067039106145, "p@5": 0.36424581005586604, "mode": "test", "roc": 0.5946321437045334, "roc@5": 0.06001946577268304}
{"loss": 0.31120866152039, "mrr": 0.9147016011644832, "map": 0.9775848074194278, "p@1": 0.8296943231441049, "p@5": 0.9388646288209543, "mode": "android.dev", "roc": 0.3273782308495119, "roc@5": 0.013256827120224999}
{"loss": 0.3198168593562672, "mrr": 0.9002613240418118, "map": 0.975888937071342, "p@1": 0.8005226480836237, "p@5": 0.9313588850174149, "mode": "android.test", "roc": 0.3060552617992131, "roc@5": 0.00953038152717691}
question retrieval loss 0.02144462987780571
question retrieval loss 0.03879283741116524
question retrieval loss 0.04633381962776184

{"loss": 0.17014775843843102, "mrr": 0.6671056631980579, "map": 0.4688647976177102, "p@1": 0.554945054945055, "p@5": 0.3989010989010989, "mode": "dev", "roc": 0.612896031616957, "roc@5": 0.06821740807191168}
{"loss": 0.17013451721852219, "mrr": 0.6349478782513184, "map": 0.4418647746611296, "p@1": 0.48044692737430167, "p@5": 0.3731843575418996, "mode": "test", "roc": 0.6023599424742837, "roc@5": 0.06499889435702422}
{"loss": 0.3512910076868456, "mrr": 0.9037845705967976, "map": 0.9754607051730658, "p@1": 0.8078602620087336, "p@5": 0.9271615720523939, "mode": "android.dev", "roc": 0.27528305213437265, "roc@5": 0.009730299247260763}
{"loss": 0.3620234972818427, "mrr": 0.8854529616724739, "map": 0.9738523679591751, "p@1": 0.7709059233449478, "p@5": 0.9182926829268214, "mode": "android.test", "roc": 0.25221673164913033, "roc@5": 0.007819402161334543}
question retrieval loss 0.004426545463502407

{"loss": 0.1654997717844678, "mrr": 0.6645240971307127, "map": 0.4676095817063618, "p@1": 0.5494505494505495, "p@5": 0.39890109890109887, "mode": "dev", "roc": 0.6283836875410058, "roc@5": 0.06937325858339405}
{"loss": 0.1677709021241347, "mrr": 0.6417067816483213, "map": 0.44760489363290706, "p@1": 0.4972067039106145, "p@5": 0.3865921787709498, "mode": "test", "roc": 0.6139127010131563, "roc@5": 0.06248900409814236}
{"loss": 0.39141898023119137, "mrr": 0.8946142649199417, "map": 0.9742048425980796, "p@1": 0.7895196506550218, "p@5": 0.9229694323144025, "mode": "android.dev", "roc": 0.23950233755819017, "roc@5": 0.007207328898987343}
{"loss": 0.40263868725894325, "mrr": 0.8793554006968641, "map": 0.9727843460271636, "p@1": 0.7587108013937283, "p@5": 0.9160278745644521, "mode": "android.test", "roc": 0.2201481101675302, "roc@5": 0.005668749666185974}
question retrieval loss 0.007402441464364529

{"loss": 0.1643066548711651, "mrr": 0.6670928752247008, "map": 0.4694619311339773, "p@1": 0.5494505494505495, "p@5": 0.40439560439560435, "mode": "dev", "roc": 0.6318438297773024, "roc@5": 0.07421893957383939}
{"loss": 0.16631850216787455, "mrr": 0.6411166135475161, "map": 0.45119914557518553, "p@1": 0.4860335195530726, "p@5": 0.3832402234636873, "mode": "test", "roc": 0.6180164926422285, "roc@5": 0.06417571491520443}
