Epoch 0
classifier loss 1.4089404344558716

{"loss": 0.19306143505273612, "mrr": 0.541505196965681, "map": 0.3554752357511688, "p@1": 0.3516483516483517, "p@5": 0.3527472527472528, "mode": "dev", "auroc": 0.5605804592357087, "auroc@5": 0.0016922836975806048}
{"loss": 0.18679721483846284, "mrr": 0.5847483869557826, "map": 0.376300910156617, "p@1": 0.4301675977653631, "p@5": 0.33743016759776545, "mode": "test", "auroc": 0.5844630529627197, "auroc@5": 0.002343236773846782}
{"loss": 0.34561897944089626, "mrr": 0.9187772925764193, "map": 0.9734574267035085, "p@1": 0.8375545851528384, "p@5": 0.9193013100436607, "mode": "android.dev", "auroc": 0.21192794164067008, "auroc@5": 1.9849338402782324e-05}
{"loss": 0.34025095522286897, "mrr": 0.9175377468060396, "map": 0.9740806483613506, "p@1": 0.8353658536585366, "p@5": 0.9261324041811774, "mode": "android.test", "auroc": 0.22176497712261212, "auroc@5": 3.2095996012035106e-05}
classifier loss 1.3716661930084229
question retrieval loss 0.004077405668795109
classifier loss 1.3326106071472168
classifier loss 0.9850997924804688
classifier loss 1.2648494243621826
classifier loss 1.2557388544082642
question retrieval loss 0.006822439841926098

{"loss": 0.19170936626883653, "mrr": 0.5643417502378396, "map": 0.37306699893011663, "p@1": 0.4010989010989011, "p@5": 0.3461538461538461, "mode": "dev", "auroc": 0.5704546456484636, "auroc@5": 0.001996805851567307}
{"loss": 0.1879203996501405, "mrr": 0.5658014640268996, "map": 0.3541174056915956, "p@1": 0.39664804469273746, "p@5": 0.334078212290503, "mode": "test", "auroc": 0.5782044680888839, "auroc@5": 0.0021644777087849384}
{"loss": 0.279937741198215, "mrr": 0.9288209606986899, "map": 0.9749809952749362, "p@1": 0.8576419213973799, "p@5": 0.9306550218340547, "mode": "android.dev", "auroc": 0.2362937687864888, "auroc@5": 3.0900841464073556e-05}
{"loss": 0.27617143956905404, "mrr": 0.9294425087108014, "map": 0.9756735437280577, "p@1": 0.8588850174216028, "p@5": 0.9320557491289128, "mode": "android.test", "auroc": 0.2574836368815539, "auroc@5": 4.910181772864034e-05}
question retrieval loss 0.09121648967266083
classifier loss 0.8692771196365356
question retrieval loss 0.02258150279521942
question retrieval loss 0.01020993571728468
classifier loss 1.3798757791519165

{"loss": 0.2085639069491363, "mrr": 0.5332846914092877, "map": 0.3448494704373227, "p@1": 0.3516483516483517, "p@5": 0.33296703296703317, "mode": "dev", "auroc": 0.5542247632821857, "auroc@5": 0.0013892434032240076}
{"loss": 0.2007220978198271, "mrr": 0.5530318449838227, "map": 0.33575291010798297, "p@1": 0.39106145251396646, "p@5": 0.31061452513966514, "mode": "test", "auroc": 0.5569801581472974, "auroc@5": 0.0018105912526692803}
{"loss": 0.26800726014794374, "mrr": 0.9393013100436681, "map": 0.977451557731448, "p@1": 0.8786026200873363, "p@5": 0.9414847161571995, "mode": "android.dev", "auroc": 0.2903597657038695, "auroc@5": 4.667296082172849e-05}
{"loss": 0.26664986231166365, "mrr": 0.9420731707317073, "map": 0.9778908959881653, "p@1": 0.8841463414634146, "p@5": 0.9400696864111435, "mode": "android.test", "auroc": 0.3044888710854742, "auroc@5": 7.774751197279639e-05}
classifier loss 0.5093480348587036
classifier loss 0.7310168147087097
question retrieval loss 0.07556158304214478
question retrieval loss 0.016619030386209488

{"loss": 0.2094321321532294, "mrr": 0.5463409139879729, "map": 0.34454659405069776, "p@1": 0.36813186813186816, "p@5": 0.3318681318681321, "mode": "dev", "auroc": 0.5499399661617353, "auroc@5": 0.001229202563172602}
{"loss": 0.199892478552777, "mrr": 0.5421484032271086, "map": 0.34255171952372604, "p@1": 0.3743016759776536, "p@5": 0.3184357541899444, "mode": "test", "auroc": 0.5615080485966405, "auroc@5": 0.0017415894465167405}
{"loss": 0.28741179665420447, "mrr": 0.9489082969432314, "map": 0.9786387865354238, "p@1": 0.8978165938864628, "p@5": 0.9453275109170253, "mode": "android.dev", "auroc": 0.30280272018404714, "auroc@5": 5.869133710034722e-05}
{"loss": 0.287385332163055, "mrr": 0.947590011614402, "map": 0.9787571081006935, "p@1": 0.8954703832752613, "p@5": 0.9435540069686352, "mode": "android.test", "auroc": 0.31254132350584846, "auroc@5": 7.923943812423224e-05}
classifier loss 0.21393589675426483
classifier loss 0.5915873050689697
classifier loss 0.24159611761569977

{"loss": 0.20656550323570166, "mrr": 0.5519865910936916, "map": 0.3422208598079692, "p@1": 0.38461538461538464, "p@5": 0.3285714285714287, "mode": "dev", "auroc": 0.5477871945840994, "auroc@5": 0.001361829000067054}
{"loss": 0.19824990355435695, "mrr": 0.5480297015213218, "map": 0.3443997280964149, "p@1": 0.39106145251396646, "p@5": 0.3117318435754192, "mode": "test", "auroc": 0.5594097480586685, "auroc@5": 0.0020067016491028154}
{"loss": 0.27689161928264855, "mrr": 0.9537117903930131, "map": 0.9790311401771286, "p@1": 0.9074235807860263, "p@5": 0.9462008733624402, "mode": "android.dev", "auroc": 0.30209858765416653, "auroc@5": 7.878239380746142e-05}
{"loss": 0.27682787269854414, "mrr": 0.945993031358885, "map": 0.9790776691011348, "p@1": 0.89198606271777, "p@5": 0.9480836236933745, "mode": "android.test", "auroc": 0.31084924068436326, "auroc@5": 7.551496377005108e-05}
question retrieval loss 0.21133823692798615

{"loss": 0.20466164282553798, "mrr": 0.5352497008920308, "map": 0.33493166907325467, "p@1": 0.35714285714285715, "p@5": 0.31978021978021987, "mode": "dev", "auroc": 0.548117649281613, "auroc@5": 0.0012669899837402952}
{"loss": 0.1972109004855156, "mrr": 0.5450839818158255, "map": 0.34215704684153325, "p@1": 0.3743016759776536, "p@5": 0.3173184357541901, "mode": "test", "auroc": 0.5609366652193774, "auroc@5": 0.0019845080857204193}
{"loss": 0.27911837241413096, "mrr": 0.9524017467248909, "map": 0.9788011459133805, "p@1": 0.9048034934497816, "p@5": 0.9456768558951913, "mode": "android.dev", "auroc": 0.2954961765851744, "auroc@5": 6.783397649360585e-05}
{"loss": 0.2799121449516522, "mrr": 0.9486062717770035, "map": 0.9788242925064691, "p@1": 0.8972125435540069, "p@5": 0.9458188153310051, "mode": "android.test", "auroc": 0.3036035215154267, "auroc@5": 7.91005714896117e-05}
Epoch 1
classifier loss 0.17207005620002747
question retrieval loss 0.030514732003211975
question retrieval loss 0.07160624861717224
classifier loss 0.07783199846744537

{"loss": 0.20594216752183306, "mrr": 0.5463221912397738, "map": 0.3532552404822526, "p@1": 0.37362637362637363, "p@5": 0.3241758241758244, "mode": "dev", "auroc": 0.5505152981631238, "auroc@5": 0.0012836609045789836}
{"loss": 0.19581278088871992, "mrr": 0.5522913378187346, "map": 0.3468726603810186, "p@1": 0.3854748603351955, "p@5": 0.31061452513966503, "mode": "test", "auroc": 0.5641301172304369, "auroc@5": 0.0018243109100329435}
{"loss": 0.3048167760325311, "mrr": 0.9519650655021834, "map": 0.9779838844656874, "p@1": 0.9039301310043668, "p@5": 0.9421834061135319, "mode": "android.dev", "auroc": 0.28337083995688883, "auroc@5": 7.495400242855802e-05}
{"loss": 0.3041603998662352, "mrr": 0.9494773519163763, "map": 0.9783159475641618, "p@1": 0.8989547038327527, "p@5": 0.9459930313588797, "mode": "android.test", "auroc": 0.2958831668714059, "auroc@5": 7.655112250529652e-05}
question retrieval loss 0.05292566865682602
question retrieval loss 0.08888401091098785
question retrieval loss 0.1163567304611206

{"loss": 0.20046625595416998, "mrr": 0.5357051700902706, "map": 0.34680866347395506, "p@1": 0.35714285714285715, "p@5": 0.32747252747252764, "mode": "dev", "auroc": 0.5522061000010743, "auroc@5": 0.0012340186069704454}
{"loss": 0.19250572889044298, "mrr": 0.5510841679589626, "map": 0.34261102983456376, "p@1": 0.37988826815642457, "p@5": 0.3139664804469276, "mode": "test", "auroc": 0.5673560525479018, "auroc@5": 0.0018077666173297031}
{"loss": 0.31101578483317355, "mrr": 0.9497816593886463, "map": 0.9777592578439044, "p@1": 0.8995633187772926, "p@5": 0.9413100436681172, "mode": "android.dev", "auroc": 0.2746086722840105, "auroc@5": 7.176189893899883e-05}
{"loss": 0.3104675373659576, "mrr": 0.9490418118466899, "map": 0.9781922675491915, "p@1": 0.8980836236933798, "p@5": 0.9456445993031306, "mode": "android.test", "auroc": 0.2865004895939041, "auroc@5": 8.664209795438764e-05}
question retrieval loss 0.16592106223106384
classifier loss 0.27732938528060913
question retrieval loss 0.17676928639411926

{"loss": 0.2005851878528739, "mrr": 0.5305120268476767, "map": 0.3376827314705831, "p@1": 0.35714285714285715, "p@5": 0.3274725274725277, "mode": "dev", "auroc": 0.5537957649192702, "auroc@5": 0.001344046684505787}
{"loss": 0.19251303557910066, "mrr": 0.5346219937075569, "map": 0.3402238133334466, "p@1": 0.3463687150837989, "p@5": 0.310614525139665, "mode": "test", "auroc": 0.5674589499781293, "auroc@5": 0.001923173146918161}
{"loss": 0.2993557969071622, "mrr": 0.9497816593886463, "map": 0.9774524351307683, "p@1": 0.8995633187772926, "p@5": 0.940087336244536, "mode": "android.dev", "auroc": 0.269456944282509, "auroc@5": 7.750626334782696e-05}
{"loss": 0.2976053060204414, "mrr": 0.9516550522648084, "map": 0.9781244261311514, "p@1": 0.9033101045296167, "p@5": 0.9447735191637576, "mode": "android.test", "auroc": 0.28539267567519455, "auroc@5": 9.7530666381812e-05}
question retrieval loss 0.015592927113175392
classifier loss 0.039321500808000565

{"loss": 0.20048918603704527, "mrr": 0.5338486062346761, "map": 0.34316171884209046, "p@1": 0.35714285714285715, "p@5": 0.3296703296703299, "mode": "dev", "auroc": 0.5555237984804271, "auroc@5": 0.0011654825990780608}
{"loss": 0.19103866669885272, "mrr": 0.5507818083515976, "map": 0.34643968121002544, "p@1": 0.3687150837988827, "p@5": 0.31731843575419016, "mode": "test", "auroc": 0.5716432437143792, "auroc@5": 0.0019219625889154849}
{"loss": 0.33867337782480894, "mrr": 0.9462882096069869, "map": 0.9767456113223383, "p@1": 0.8925764192139738, "p@5": 0.9381659388646233, "mode": "android.dev", "auroc": 0.25742550810609444, "auroc@5": 7.002365995637696e-05}
{"loss": 0.33508573605870434, "mrr": 0.9512195121951219, "map": 0.9774781658017829, "p@1": 0.9024390243902439, "p@5": 0.9416376306620148, "mode": "android.test", "auroc": 0.2762718545817088, "auroc@5": 9.706777759974361e-05}
classifier loss 0.721843421459198
question retrieval loss 0.08268160372972488
classifier loss 0.027938341721892357
question retrieval loss 0.08969204872846603

{"loss": 0.1994887981154434, "mrr": 0.521038433634545, "map": 0.33150330762628816, "p@1": 0.32967032967032966, "p@5": 0.3296703296703299, "mode": "dev", "auroc": 0.556094870135379, "auroc@5": 0.001254023711976871}
{"loss": 0.19100122748972984, "mrr": 0.5546942987166019, "map": 0.3561098578607744, "p@1": 0.37988826815642457, "p@5": 0.30726256983240235, "mode": "test", "auroc": 0.5725025381366122, "auroc@5": 0.00198531512438887}
{"loss": 0.3258478140352725, "mrr": 0.9449781659388646, "map": 0.9763623465853667, "p@1": 0.8899563318777293, "p@5": 0.9362445414847101, "mode": "android.dev", "auroc": 0.25174722877073447, "auroc@5": 7.163393042494078e-05}
{"loss": 0.32133463119685596, "mrr": 0.9499128919860628, "map": 0.9772970638906374, "p@1": 0.8998257839721254, "p@5": 0.9418118466898896, "mode": "android.test", "auroc": 0.2732544891310153, "auroc@5": 9.75983193576528e-05}
classifier loss 0.7176511287689209
question retrieval loss 0.6031147241592407

{"loss": 0.19758221898023243, "mrr": 0.518438734081064, "map": 0.3339480888757321, "p@1": 0.32967032967032966, "p@5": 0.33186813186813197, "mode": "dev", "auroc": 0.5567568909251287, "auroc@5": 0.0012836609045789832}
{"loss": 0.19027359850246814, "mrr": 0.5599612255937384, "map": 0.35879653817027757, "p@1": 0.3854748603351955, "p@5": 0.3173184357541901, "mode": "test", "auroc": 0.5739426986404627, "auroc@5": 0.002003069975094787}
{"loss": 0.31929355764672096, "mrr": 0.9419213973799127, "map": 0.9760840245836614, "p@1": 0.8838427947598253, "p@5": 0.9350218340611292, "mode": "android.dev", "auroc": 0.2446754896217535, "auroc@5": 6.238820528424651e-05}
{"loss": 0.31585305256165486, "mrr": 0.9468641114982579, "map": 0.9769142043279538, "p@1": 0.8937282229965157, "p@5": 0.9397212543553947, "mode": "android.test", "auroc": 0.26676031262796207, "auroc@5": 9.765529028467659e-05}
Epoch 2
classifier loss 0.08593590557575226
classifier loss 0.04686339199542999
classifier loss 0.12097872048616409
question retrieval loss 0.03906414657831192

{"loss": 0.1970541421528701, "mrr": 0.5154430750858899, "map": 0.33171120430903056, "p@1": 0.3241758241758242, "p@5": 0.33406593406593427, "mode": "dev", "auroc": 0.5570917912015325, "auroc@5": 0.0012406869753059206}
{"loss": 0.18917016143905385, "mrr": 0.5607271208880598, "map": 0.3563825446009446, "p@1": 0.39106145251396646, "p@5": 0.310614525139665, "mode": "test", "auroc": 0.5747590182536007, "auroc@5": 0.0019986312624183074}
{"loss": 0.34725148800158606, "mrr": 0.9406113537117904, "map": 0.975565301278351, "p@1": 0.8812227074235808, "p@5": 0.9329257641921332, "mode": "android.dev", "auroc": 0.23645591200316227, "auroc@5": 5.251685629704621e-05}
{"loss": 0.34197259890175186, "mrr": 0.9442508710801394, "map": 0.9764834336962381, "p@1": 0.8885017421602788, "p@5": 0.9376306620208998, "mode": "android.test", "auroc": 0.2600287311506347, "auroc@5": 0.00010379034698855239}
classifier loss 0.044414062052965164
question retrieval loss 0.0514490082859993
question retrieval loss 0.03210592642426491
classifier loss 0.022085044533014297
question retrieval loss 0.08794170618057251
classifier loss 0.010624752379953861

{"loss": 0.19436209194444037, "mrr": 0.519027718223743, "map": 0.3333460089001575, "p@1": 0.32967032967032966, "p@5": 0.3373626373626375, "mode": "dev", "auroc": 0.5588770615909023, "auroc@5": 0.0012792153256886668}
{"loss": 0.18714908160810365, "mrr": 0.5589314799090902, "map": 0.35467378117592196, "p@1": 0.3854748603351955, "p@5": 0.3117318435754191, "mode": "test", "auroc": 0.5781875202768465, "auroc@5": 0.0019445596716321067}
{"loss": 0.3584099725384965, "mrr": 0.9397379912663756, "map": 0.9754108006746872, "p@1": 0.879475982532751, "p@5": 0.9325764192139672, "mode": "android.dev", "auroc": 0.23130262349672542, "auroc@5": 4.904748769369457e-05}
{"loss": 0.3527177696247388, "mrr": 0.9451219512195121, "map": 0.9763810444179035, "p@1": 0.8902439024390244, "p@5": 0.9378048780487742, "mode": "android.test", "auroc": 0.25485185778632347, "auroc@5": 0.0001017037867863056}
question retrieval loss 0.05436795949935913
question retrieval loss 0.12795493006706238
classifier loss 0.009965513832867146
question retrieval loss 0.15978285670280457
classifier loss 0.19584913551807404
question retrieval loss 0.20763154327869415

{"loss": 0.1930681557936983, "mrr": 0.5063653297686487, "map": 0.32872504556851767, "p@1": 0.3076923076923077, "p@5": 0.34065934065934084, "mode": "dev", "auroc": 0.5603989314310207, "auroc@5": 0.001375536201645531}
{"loss": 0.186913413541943, "mrr": 0.5550502277038157, "map": 0.3530701151156401, "p@1": 0.37988826815642457, "p@5": 0.3139664804469274, "mode": "test", "auroc": 0.5785272835562643, "auroc@5": 0.001823907390698718}
{"loss": 0.3404509763444843, "mrr": 0.9401746724890829, "map": 0.9754411260623337, "p@1": 0.880349344978166, "p@5": 0.9325764192139672, "mode": "android.dev", "auroc": 0.23078232484665107, "auroc@5": 4.985795494939557e-05}
{"loss": 0.33540021203854203, "mrr": 0.9446864111498258, "map": 0.976522019340413, "p@1": 0.8893728222996515, "p@5": 0.9393728222996455, "mode": "android.test", "auroc": 0.2543896882622087, "auroc@5": 0.00010141893215118657}
question retrieval loss 0.05122869089245796
classifier loss 0.0699872300028801

{"loss": 0.19388922862708569, "mrr": 0.5239582733473712, "map": 0.3377679140323775, "p@1": 0.34065934065934067, "p@5": 0.3472527472527474, "mode": "dev", "auroc": 0.5616977813968083, "auroc@5": 0.001314039026996148}
{"loss": 0.18638479538969488, "mrr": 0.5663170877835251, "map": 0.3622332521457492, "p@1": 0.39664804469273746, "p@5": 0.31173184357541917, "mode": "test", "auroc": 0.5801040353547501, "auroc@5": 0.0018713209124702}
{"loss": 0.37505596362818927, "mrr": 0.9365356622998545, "map": 0.97485778104546, "p@1": 0.8733624454148472, "p@5": 0.9311790393013035, "mode": "android.dev", "auroc": 0.22306064783349305, "auroc@5": 4.5983352718193435e-05}
{"loss": 0.36746022364644165, "mrr": 0.9429442508710801, "map": 0.9760233653555489, "p@1": 0.8858885017421603, "p@5": 0.9362369337979034, "mode": "android.test", "auroc": 0.24973393864943297, "auroc@5": 0.00010058573234346346}
question retrieval loss 0.018149152398109436
question retrieval loss 0.07161042094230652

{"loss": 0.19404576839572127, "mrr": 0.52069269196689, "map": 0.33474732355773706, "p@1": 0.33516483516483514, "p@5": 0.3384615384615386, "mode": "dev", "auroc": 0.561926358244752, "auroc@5": 0.0013288576232972043}
{"loss": 0.187578320107813, "mrr": 0.5722115092053865, "map": 0.36334179141092277, "p@1": 0.41899441340782123, "p@5": 0.31731843575419005, "mode": "test", "auroc": 0.5804680097942213, "auroc@5": 0.0019195414729101332}
{"loss": 0.3539420453799018, "mrr": 0.930858806404658, "map": 0.9744733804369524, "p@1": 0.8620087336244542, "p@5": 0.9306550218340547, "mode": "android.dev", "auroc": 0.22031974355109785, "auroc@5": 4.8990612798557656e-05}
{"loss": 0.3465930864548324, "mrr": 0.9394599303135889, "map": 0.9758457425503692, "p@1": 0.8789198606271778, "p@5": 0.9365853658536525, "mode": "android.test", "auroc": 0.24893464366465484, "auroc@5": 9.534796774021256e-05}
question retrieval loss 0.07308302819728851
question retrieval loss 0.1284511685371399
classifier loss 0.03421448916196823

{"loss": 0.19327093409067328, "mrr": 0.5122260698254559, "map": 0.3337429917839283, "p@1": 0.3241758241758242, "p@5": 0.3351648351648352, "mode": "dev", "auroc": 0.5625309569738352, "auroc@5": 0.0013381192459853645}
{"loss": 0.18732060146564877, "mrr": 0.5566987806487004, "map": 0.3508862090840247, "p@1": 0.39106145251396646, "p@5": 0.3206703910614526, "mode": "test", "auroc": 0.5808678974544386, "auroc@5": 0.0018949267935223846}
{"loss": 0.3407918247105513, "mrr": 0.9330422125181952, "map": 0.9744366246824857, "p@1": 0.8663755458515284, "p@5": 0.9296069868995565, "mode": "android.dev", "auroc": 0.21803795830501438, "auroc@5": 5.069685965266502e-05}
{"loss": 0.33535863337462335, "mrr": 0.9393147502903602, "map": 0.9756549294836948, "p@1": 0.8789198606271778, "p@5": 0.9331010452961608, "mode": "android.test", "auroc": 0.2466317933379622, "auroc@5": 8.580533746372553e-05}
Epoch 3
classifier loss 0.04721188545227051
question retrieval loss 0.0825168639421463

{"loss": 0.19215260957787325, "mrr": 0.5228367656009868, "map": 0.34112953359654985, "p@1": 0.34065934065934067, "p@5": 0.33736263736263744, "mode": "dev", "auroc": 0.5620013773885262, "auroc@5": 0.0012543941768843976}
{"loss": 0.18532915629821117, "mrr": 0.5674259982253306, "map": 0.3622060238107083, "p@1": 0.4022346368715084, "p@5": 0.3217877094972068, "mode": "test", "auroc": 0.5820330595320145, "auroc@5": 0.0017682217225756156}
{"loss": 0.377869305265132, "mrr": 0.9312954876273655, "map": 0.9742533543751161, "p@1": 0.862882096069869, "p@5": 0.9287336244541416, "mode": "android.dev", "auroc": 0.21206673060352796, "auroc@5": 4.272726497160522e-05}
{"loss": 0.37009249487110957, "mrr": 0.9380081300813009, "map": 0.9754704941247673, "p@1": 0.8763066202090593, "p@5": 0.9334494773519102, "mode": "android.test", "auroc": 0.23977601880040594, "auroc@5": 9.097900977407467e-05}
classifier loss 0.045812442898750305
classifier loss 0.02106660231947899
question retrieval loss 0.04554644227027893
question retrieval loss 0.013910484500229359
classifier loss 0.0072623565793037415
question retrieval loss 0.06631436198949814

{"loss": 0.19101328292227054, "mrr": 0.5180267348438768, "map": 0.33930545985986255, "p@1": 0.32967032967032966, "p@5": 0.34395604395604407, "mode": "dev", "auroc": 0.5638353639132355, "auroc@5": 0.0013918366575766926}
{"loss": 0.18421252007341252, "mrr": 0.5578973162599086, "map": 0.3576205563804018, "p@1": 0.39106145251396646, "p@5": 0.329608938547486, "mode": "test", "auroc": 0.5841458867660185, "auroc@5": 0.0018352059320570287}
{"loss": 0.3790550710747271, "mrr": 0.9326055312954877, "map": 0.9741473151646128, "p@1": 0.8655021834061135, "p@5": 0.9276855895196435, "mode": "android.dev", "auroc": 0.2090940149125975, "auroc@5": 4.327113115635193e-05}
{"loss": 0.3715335939130024, "mrr": 0.9375725900116145, "map": 0.9753535210757746, "p@1": 0.8754355400696864, "p@5": 0.9327526132404119, "mode": "android.test", "auroc": 0.23737643183962684, "auroc@5": 8.30030799907422e-05}
question retrieval loss 0.026719341054558754
question retrieval loss 0.12180852890014648

{"loss": 0.18910510170754496, "mrr": 0.5188740512059417, "map": 0.3388096893592536, "p@1": 0.32967032967032966, "p@5": 0.3461538461538462, "mode": "dev", "auroc": 0.5637214459541713, "auroc@5": 0.0013899843330390609}
{"loss": 0.18371048523893568, "mrr": 0.5614237369856392, "map": 0.3579190600355163, "p@1": 0.39106145251396646, "p@5": 0.3217877094972068, "mode": "test", "auroc": 0.5841933002877899, "auroc@5": 0.0018840317714982997}
{"loss": 0.3682643702091023, "mrr": 0.9326055312954877, "map": 0.9744085830826417, "p@1": 0.8655021834061135, "p@5": 0.9289082969432242, "mode": "android.dev", "auroc": 0.20998454424724655, "auroc@5": 4.293343646647652e-05}
{"loss": 0.3613003291780265, "mrr": 0.9406213704994194, "map": 0.9756520132851738, "p@1": 0.8815331010452961, "p@5": 0.9332752613240356, "mode": "android.test", "auroc": 0.23607030924531328, "auroc@5": 8.456265911801884e-05}
question retrieval loss 0.051688969135284424
classifier loss 0.14421163499355316
question retrieval loss 0.021980980411171913

{"loss": 0.1901305399548549, "mrr": 0.5166334244832954, "map": 0.3410265026010539, "p@1": 0.3241758241758242, "p@5": 0.34615384615384626, "mode": "dev", "auroc": 0.5656384166181667, "auroc@5": 0.001358865280806843}
{"loss": 0.18388793627892794, "mrr": 0.5452010552601642, "map": 0.3485976365050732, "p@1": 0.36312849162011174, "p@5": 0.3273743016759777, "mode": "test", "auroc": 0.5849856105005415, "auroc@5": 0.0017290803471557536}
{"loss": 0.3950714787826202, "mrr": 0.9273653566229987, "map": 0.9738103342624459, "p@1": 0.8550218340611354, "p@5": 0.9278602620087264, "mode": "android.dev", "auroc": 0.20486251560504937, "auroc@5": 4.238601560078373e-05}
{"loss": 0.3858876744323152, "mrr": 0.9343786295005808, "map": 0.9751951976464494, "p@1": 0.8693379790940766, "p@5": 0.9324041811846627, "mode": "android.test", "auroc": 0.2342071712154391, "auroc@5": 8.03112036888675e-05}
classifier loss 0.3037625551223755
classifier loss 0.07803566753864288
classifier loss 0.05655597150325775
classifier loss 0.3049897253513336

{"loss": 0.19044105843692036, "mrr": 0.517048330897717, "map": 0.33885352662891394, "p@1": 0.3241758241758242, "p@5": 0.34505494505494505, "mode": "dev", "auroc": 0.5664601077830601, "auroc@5": 0.0013999868855422734}
{"loss": 0.18505167178601525, "mrr": 0.5411598063166807, "map": 0.34145378174919866, "p@1": 0.36312849162011174, "p@5": 0.316201117318436, "mode": "test", "auroc": 0.5854080952434755, "auroc@5": 0.0019397174396214019}
{"loss": 0.3772403346765054, "mrr": 0.9282387190684135, "map": 0.9736352372613974, "p@1": 0.856768558951965, "p@5": 0.9259388646288137, "mode": "android.dev", "auroc": 0.20324194722578479, "auroc@5": 4.44477305494968e-05}
{"loss": 0.3680000845537576, "mrr": 0.9375725900116145, "map": 0.9752268473874686, "p@1": 0.8754355400696864, "p@5": 0.9325783972125373, "mode": "android.test", "auroc": 0.23448986095533123, "auroc@5": 7.485979810927735e-05}
question retrieval loss 0.0008305109804496169
question retrieval loss 0.012161942198872566
classifier loss 0.0267958864569664
question retrieval loss 0.04197751730680466
question retrieval loss 0.15383359789848328

{"loss": 0.18976777331432798, "mrr": 0.5116442007755417, "map": 0.3375344689123725, "p@1": 0.31868131868131866, "p@5": 0.34065934065934067, "mode": "dev", "auroc": 0.5662661694039701, "auroc@5": 0.0013647927193272654}
{"loss": 0.1845485099783823, "mrr": 0.5410727035454626, "map": 0.34080150350625915, "p@1": 0.36312849162011174, "p@5": 0.3262569832402235, "mode": "test", "auroc": 0.5852135989243789, "auroc@5": 0.0019142957215652029}
{"loss": 0.3589382292377441, "mrr": 0.9289665211062592, "map": 0.9736460568567232, "p@1": 0.8585152838427947, "p@5": 0.9254148471615646, "mode": "android.dev", "auroc": 0.20314288893186103, "auroc@5": 4.281968667620269e-05}
{"loss": 0.3524557920710268, "mrr": 0.9380081300813009, "map": 0.9750688685857548, "p@1": 0.8763066202090593, "p@5": 0.9318815331010389, "mode": "android.test", "auroc": 0.2334555466538482, "auroc@5": 7.087183321761114e-05}
Epoch 4
question retrieval loss 0.2788030505180359
question retrieval loss 0.0491497702896595
question retrieval loss 0.019649799913167953

{"loss": 0.18876980116161016, "mrr": 0.517671913428131, "map": 0.3409897689495569, "p@1": 0.3241758241758242, "p@5": 0.353846153846154, "mode": "dev", "auroc": 0.565735107959031, "auroc@5": 0.0013351555267251533}
{"loss": 0.18272274457875576, "mrr": 0.5466062014598778, "map": 0.3499602094040237, "p@1": 0.3575418994413408, "p@5": 0.3307262569832403, "mode": "test", "auroc": 0.5865809241884016, "auroc@5": 0.0018985584675304135}
{"loss": 0.4016450282348946, "mrr": 0.9250363901018923, "map": 0.9735845532206895, "p@1": 0.8506550218340612, "p@5": 0.9264628820960625, "mode": "android.dev", "auroc": 0.19803839553077074, "auroc@5": 3.715352524818783e-05}
{"loss": 0.392432888141486, "mrr": 0.9362659698025553, "map": 0.9749383986822807, "p@1": 0.872822299651568, "p@5": 0.9327526132404119, "mode": "android.test", "auroc": 0.22651784080186577, "auroc@5": 7.418682903380867e-05}
classifier loss 0.5054254531860352
classifier loss 0.01203654333949089
question retrieval loss 0.03406139463186264

{"loss": 0.18854955303390603, "mrr": 0.5198133617234254, "map": 0.33318598244075953, "p@1": 0.3241758241758242, "p@5": 0.343956043956044, "mode": "dev", "auroc": 0.5675107462608051, "auroc@5": 0.0014681524285271314}
{"loss": 0.18230664511549408, "mrr": 0.5460342482474816, "map": 0.34872489226135406, "p@1": 0.36312849162011174, "p@5": 0.3307262569832403, "mode": "test", "auroc": 0.5879397755464055, "auroc@5": 0.0018832247328298486}
{"loss": 0.3955175446029183, "mrr": 0.9250363901018923, "map": 0.9734098851927179, "p@1": 0.8506550218340612, "p@5": 0.9245414847161498, "mode": "android.dev", "auroc": 0.19592023224863428, "auroc@5": 3.87602410358056e-05}
{"loss": 0.38665800124531746, "mrr": 0.9362659698025553, "map": 0.9748269997739423, "p@1": 0.872822299651568, "p@5": 0.9313588850174153, "mode": "android.test", "auroc": 0.22596668981110576, "auroc@5": 6.913065926044613e-05}
classifier loss 0.011016559787094593
classifier loss 0.06764383614063263
question retrieval loss 0.06472885608673096
classifier loss 0.01491297222673893
question retrieval loss 0.00798412598669529

{"loss": 0.18656039948237466, "mrr": 0.5238382163591823, "map": 0.339331074155733, "p@1": 0.33516483516483514, "p@5": 0.3472527472527474, "mode": "dev", "auroc": 0.5666397832632105, "auroc@5": 0.0013803522454433744}
{"loss": 0.18228189051983743, "mrr": 0.5456026578019245, "map": 0.34571833758272846, "p@1": 0.3575418994413408, "p@5": 0.32067039106145256, "mode": "test", "auroc": 0.5867171119637026, "auroc@5": 0.0019134886828967525}
{"loss": 0.3812900566223472, "mrr": 0.92372634643377, "map": 0.9736704467694226, "p@1": 0.8480349344978166, "p@5": 0.9266375545851453, "mode": "android.dev", "auroc": 0.1972353966597374, "auroc@5": 3.89664125306769e-05}
{"loss": 0.37353401310477835, "mrr": 0.9353948896631825, "map": 0.9750573076481502, "p@1": 0.8710801393728222, "p@5": 0.9336236933797848, "mode": "android.test", "auroc": 0.224231804020011, "auroc@5": 6.836867311150278e-05}
question retrieval loss 0.005000479519367218
question retrieval loss 0.02979912981390953
classifier loss 0.02846873365342617
question retrieval loss 0.03646998107433319
question retrieval loss 0.033678553998470306
classifier loss 0.011305899359285831

{"loss": 0.1870991363302692, "mrr": 0.5290661358113644, "map": 0.34235959284977674, "p@1": 0.34615384615384615, "p@5": 0.3527472527472528, "mode": "dev", "auroc": 0.5688770208397624, "auroc@5": 0.001377388526183163}
{"loss": 0.18216828589832318, "mrr": 0.5376162905524945, "map": 0.3413212255976547, "p@1": 0.3463687150837989, "p@5": 0.3273743016759777, "mode": "test", "auroc": 0.5879928383388563, "auroc@5": 0.0019021901415384418}
{"loss": 0.4080595298958983, "mrr": 0.9219796215429404, "map": 0.9732822914042685, "p@1": 0.8445414847161572, "p@5": 0.9245414847161496, "mode": "android.dev", "auroc": 0.19379045582384707, "auroc@5": 3.7256610995623484e-05}
{"loss": 0.39811011662245127, "mrr": 0.9356852497096401, "map": 0.9748448096015125, "p@1": 0.8719512195121951, "p@5": 0.9325783972125373, "mode": "android.test", "auroc": 0.22325079670280762, "auroc@5": 6.83615517456248e-05}
question retrieval loss 0.013246772810816765
question retrieval loss 0.09222449362277985
question retrieval loss 0.025622468441724777
classifier loss 0.00899476371705532
question retrieval loss 0.014451919123530388
question retrieval loss 0.025893008336424828
question retrieval loss 0.02258569933474064

{"loss": 0.18754853772838692, "mrr": 0.5181068674272842, "map": 0.3436790201164868, "p@1": 0.3241758241758242, "p@5": 0.35054945054945047, "mode": "dev", "auroc": 0.5694175291398436, "auroc@5": 0.0013951708417444305}
{"loss": 0.18296106232527914, "mrr": 0.5353514462180601, "map": 0.33734029538015375, "p@1": 0.3463687150837989, "p@5": 0.32960893854748613, "mode": "test", "auroc": 0.5887524634855354, "auroc@5": 0.0019941925497418277}
{"loss": 0.3922973895583741, "mrr": 0.9180494905385735, "map": 0.9730043982190071, "p@1": 0.8366812227074236, "p@5": 0.9241921397379838, "mode": "android.dev", "auroc": 0.19300256079215353, "auroc@5": 4.083617470830289e-05}
{"loss": 0.3828521457254134, "mrr": 0.9348141695702672, "map": 0.9746772182125043, "p@1": 0.8702090592334495, "p@5": 0.9322299651567881, "mode": "android.test", "auroc": 0.22449453969271307, "auroc@5": 6.049956381633996e-05}
question retrieval loss 0.0015766241122037172

{"loss": 0.1875850072458059, "mrr": 0.5211076260671405, "map": 0.3388648644468823, "p@1": 0.3241758241758242, "p@5": 0.34285714285714275, "mode": "dev", "auroc": 0.5685823160058252, "auroc@5": 0.0014122122274906447}
{"loss": 0.1834050926208163, "mrr": 0.5297160201915724, "map": 0.3364996339893769, "p@1": 0.3407821229050279, "p@5": 0.32849162011173205, "mode": "test", "auroc": 0.5879430037010793, "auroc@5": 0.001993789030407603}
{"loss": 0.3648765025082894, "mrr": 0.9176128093158662, "map": 0.9729168354729919, "p@1": 0.8358078602620087, "p@5": 0.9238427947598179, "mode": "android.dev", "auroc": 0.19378628973777828, "auroc@5": 4.1817266649414615e-05}
{"loss": 0.3579030551378557, "mrr": 0.9365563298490128, "map": 0.9746133693466368, "p@1": 0.8736933797909407, "p@5": 0.9303135888501677, "mode": "android.test", "auroc": 0.2250665847709591, "auroc@5": 6.14751909416226e-05}
Epoch 5
question retrieval loss 0.012874580919742584
classifier loss 0.16903989017009735

{"loss": 0.1865999314442768, "mrr": 0.5295243467091358, "map": 0.34638175960604756, "p@1": 0.34065934065934067, "p@5": 0.3527472527472528, "mode": "dev", "auroc": 0.5689161048875064, "auroc@5": 0.0013788703858132686}
{"loss": 0.1813988162610451, "mrr": 0.5448754414396008, "map": 0.3502932917845431, "p@1": 0.3575418994413408, "p@5": 0.32849162011173194, "mode": "test", "auroc": 0.5898272372322447, "auroc@5": 0.0019804728923781653}
{"loss": 0.41085279440369016, "mrr": 0.9180494905385735, "map": 0.972979463941127, "p@1": 0.8366812227074236, "p@5": 0.9238427947598178, "mode": "android.dev", "auroc": 0.18873807404542597, "auroc@5": 3.519134136596436e-05}
{"loss": 0.40107697645731216, "mrr": 0.9336527293844369, "map": 0.9745286458735288, "p@1": 0.867595818815331, "p@5": 0.9313588850174153, "mode": "android.test", "auroc": 0.21791989175523863, "auroc@5": 5.925332478769429e-05}
question retrieval loss 0.013021000660955906
question retrieval loss 0.019108658656477928
question retrieval loss 0.060852598398923874

{"loss": 0.18625132549185675, "mrr": 0.5184789416932276, "map": 0.3365684335986862, "p@1": 0.3241758241758242, "p@5": 0.343956043956044, "mode": "dev", "auroc": 0.5702607072693735, "auroc@5": 0.0014548156918561812}
{"loss": 0.18123574051277597, "mrr": 0.5447282842188321, "map": 0.3494514599836797, "p@1": 0.36312849162011174, "p@5": 0.32290502793296105, "mode": "test", "auroc": 0.5904875966227046, "auroc@5": 0.002013561477784647}
{"loss": 0.3983515704188935, "mrr": 0.918486171761281, "map": 0.9728330280775689, "p@1": 0.8375545851528384, "p@5": 0.9220960698689883, "mode": "android.dev", "auroc": 0.18713438684597425, "auroc@5": 3.657411225398054e-05}
{"loss": 0.3896308123707635, "mrr": 0.9330720092915216, "map": 0.974386571966136, "p@1": 0.8667247386759582, "p@5": 0.9304878048780423, "mode": "android.test", "auroc": 0.21732916733429472, "auroc@5": 5.922840000712136e-05}
question retrieval loss 0.046947501599788666
classifier loss 0.00457135122269392
question retrieval loss 0.10045721381902695
question retrieval loss 0.05277786776423454

{"loss": 0.1848217856834878, "mrr": 0.5274970854398782, "map": 0.3361653333088516, "p@1": 0.33516483516483514, "p@5": 0.3461538461538462, "mode": "dev", "auroc": 0.5698042945033011, "auroc@5": 0.0014940849720539795}
{"loss": 0.1810078093542733, "mrr": 0.5402252459342071, "map": 0.34637886209651825, "p@1": 0.35195530726256985, "p@5": 0.3251396648044694, "mode": "test", "auroc": 0.5894783947678068, "auroc@5": 0.0019481913456401347}
{"loss": 0.38962742950051504, "mrr": 0.9206695778748181, "map": 0.9731214604674407, "p@1": 0.8419213973799127, "p@5": 0.9220960698689878, "mode": "android.dev", "auroc": 0.18853773578198715, "auroc@5": 3.59733711740969e-05}
{"loss": 0.3812955316222672, "mrr": 0.9340882694541233, "map": 0.9746370533198486, "p@1": 0.8684668989547039, "p@5": 0.9325783972125373, "mode": "android.test", "auroc": 0.2163209279139739, "auroc@5": 6.32128042158486e-05}
question retrieval loss 0.008774066343903542
question retrieval loss 0.06387034058570862
classifier loss 0.015415272675454617
classifier loss 0.017865067347884178
classifier loss 0.4428630471229553
classifier loss 0.0033244758378714323

{"loss": 0.18493575844299662, "mrr": 0.5317481759934046, "map": 0.3420872796333734, "p@1": 0.34615384615384615, "p@5": 0.35604395604395606, "mode": "dev", "auroc": 0.5714882427404624, "auroc@5": 0.001472227542509922}
{"loss": 0.18088013046114138, "mrr": 0.5438964600383388, "map": 0.3520362070387915, "p@1": 0.35195530726256985, "p@5": 0.3251396648044694, "mode": "test", "auroc": 0.590447244689282, "auroc@5": 0.001940524478289853}
{"loss": 0.42106561149555916, "mrr": 0.9189228529839885, "map": 0.9729561686499892, "p@1": 0.8384279475982532, "p@5": 0.9213973799126558, "mode": "android.dev", "auroc": 0.1856844786989299, "auroc@5": 3.286658002724307e-05}
{"loss": 0.41045120074973485, "mrr": 0.9339430894308943, "map": 0.9744923217887054, "p@1": 0.8684668989547039, "p@5": 0.9310104529616663, "mode": "android.test", "auroc": 0.21425729850985417, "auroc@5": 6.227278391995583e-05}
question retrieval loss 0.010846534743905067
classifier loss 0.054843589663505554
classifier loss 0.014947913587093353
question retrieval loss 0.026368120685219765

{"loss": 0.18590330520829002, "mrr": 0.5313413893156522, "map": 0.34674879997185576, "p@1": 0.34065934065934067, "p@5": 0.345054945054945, "mode": "dev", "auroc": 0.5722352852264893, "auroc@5": 0.0015122377525227737}
{"loss": 0.1821310682295088, "mrr": 0.5276744553008456, "map": 0.34031930099214464, "p@1": 0.3407821229050279, "p@5": 0.328491620111732, "mode": "test", "auroc": 0.59159828359016, "auroc@5": 0.0021947416588518425}
{"loss": 0.3979626557696204, "mrr": 0.9164483260553131, "map": 0.972536914088452, "p@1": 0.8331877729257642, "p@5": 0.9191266375545772, "mode": "android.dev", "auroc": 0.18608682237117127, "auroc@5": 4.011812915719937e-05}
{"loss": 0.3883142184266554, "mrr": 0.9314750290360048, "map": 0.9742830682467767, "p@1": 0.8632404181184669, "p@5": 0.9311846689895407, "mode": "android.test", "auroc": 0.21787628407128487, "auroc@5": 5.426124730723352e-05}
question retrieval loss 0.03803414851427078
question retrieval loss 0.024349678307771683
question retrieval loss 0.046058982610702515
classifier loss 0.05128268897533417
question retrieval loss 0.06732914596796036

{"loss": 0.18554551217827822, "mrr": 0.5335393690992816, "map": 0.3430156981543737, "p@1": 0.34615384615384615, "p@5": 0.33846153846153837, "mode": "dev", "auroc": 0.5715338099240881, "auroc@5": 0.0014859347440883991}
{"loss": 0.18201886812568377, "mrr": 0.5384897002016535, "map": 0.3453380577341185, "p@1": 0.3575418994413408, "p@5": 0.3296089385474862, "mode": "test", "auroc": 0.59051866761144, "auroc@5": 0.0020970899799693}
{"loss": 0.3798947547159796, "mrr": 0.9164483260553131, "map": 0.9724885277345183, "p@1": 0.8331877729257642, "p@5": 0.9187772925764115, "mode": "android.dev", "auroc": 0.18605880437595443, "auroc@5": 3.8930865721216335e-05}
{"loss": 0.3720835865287026, "mrr": 0.930603948896632, "map": 0.974263897334994, "p@1": 0.8614982578397212, "p@5": 0.9304878048780423, "mode": "android.test", "auroc": 0.21742568676672186, "auroc@5": 5.7056383414338856e-05}
question retrieval loss 0.028948387131094933
Epoch 6
question retrieval loss 0.0570363886654377
question retrieval loss 0.04574701935052872
classifier loss 0.010217828676104546
classifier loss 0.012592311948537827
question retrieval loss 0.015010759234428406
question retrieval loss 0.030230417847633362

{"loss": 0.18472865240259484, "mrr": 0.5312819145381322, "map": 0.346924455867762, "p@1": 0.34615384615384615, "p@5": 0.3494505494505495, "mode": "dev", "auroc": 0.5709681100102952, "auroc@5": 0.001444813139352968}
{"loss": 0.18054515645740418, "mrr": 0.5398714451514666, "map": 0.34530991066220496, "p@1": 0.3463687150837989, "p@5": 0.32960893854748613, "mode": "test", "auroc": 0.591863194033079, "auroc@5": 0.0020543169305414096}
{"loss": 0.4172811537175785, "mrr": 0.9164483260553131, "map": 0.9726479319804272, "p@1": 0.8331877729257642, "p@5": 0.9199999999999919, "mode": "android.dev", "auroc": 0.18195132788661422, "auroc@5": 3.321493875995666e-05}
{"loss": 0.4070978955007142, "mrr": 0.9301684088269455, "map": 0.9741634292389171, "p@1": 0.8606271777003485, "p@5": 0.928222996515673, "mode": "android.test", "auroc": 0.21067100001780342, "auroc@5": 5.5582260677597954e-05}
question retrieval loss 0.04031088203191757
question retrieval loss 0.0036026842426508665
classifier loss 0.0020252959802746773
question retrieval loss 0.06532253324985504
question retrieval loss 0.00976439006626606
question retrieval loss 0.015407098457217216
question retrieval loss 0.00874301977455616
question retrieval loss 0.018179623410105705
question retrieval loss 0.006869139615446329

{"loss": 0.1847062439729388, "mrr": 0.5292661494729167, "map": 0.34154703590915375, "p@1": 0.34065934065934067, "p@5": 0.3450549450549451, "mode": "dev", "auroc": 0.5725216546000071, "auroc@5": 0.0014785254459378713}
{"loss": 0.1804270567008237, "mrr": 0.5359316908173646, "map": 0.34482292746763604, "p@1": 0.3407821229050279, "p@5": 0.32960893854748624, "mode": "test", "auroc": 0.5920568833135071, "auroc@5": 0.0020906336706216946}
{"loss": 0.40930362957566324, "mrr": 0.9160116448326057, "map": 0.972525472712699, "p@1": 0.8323144104803494, "p@5": 0.9194759825327433, "mode": "android.dev", "auroc": 0.18057722686542546, "auroc@5": 3.4707904757300606e-05}
{"loss": 0.3998748221672351, "mrr": 0.930603948896632, "map": 0.9740655884949488, "p@1": 0.8614982578397212, "p@5": 0.9277003484320492, "mode": "android.test", "auroc": 0.21074827751962827, "auroc@5": 5.357403550000889e-05}
classifier loss 0.008526857011020184
classifier loss 0.46755293011665344
classifier loss 0.011963406577706337
question retrieval loss 0.019384870305657387
question retrieval loss 0.02137593924999237
classifier loss 0.0014396075857803226
question retrieval loss 0.022991511970758438
question retrieval loss 0.0276988185942173
classifier loss 0.001512463204562664
question retrieval loss 0.04800882190465927
question retrieval loss 0.05382535606622696
question retrieval loss 0.048629485070705414

{"loss": 0.183523192899404, "mrr": 0.530005698144796, "map": 0.3401090692505502, "p@1": 0.34065934065934067, "p@5": 0.3483516483516483, "mode": "dev", "auroc": 0.5711016626094585, "auroc@5": 0.0014770435863077653}
{"loss": 0.18022090115443953, "mrr": 0.5347787004185641, "map": 0.34609698176890463, "p@1": 0.33519553072625696, "p@5": 0.32737430167597786, "mode": "test", "auroc": 0.5909714163044408, "auroc@5": 0.0020458430245226767}
{"loss": 0.39658659925790074, "mrr": 0.918486171761281, "map": 0.9727827037595662, "p@1": 0.8375545851528384, "p@5": 0.9193013100436601, "mode": "android.dev", "auroc": 0.18295480720832424, "auroc@5": 3.366638324010591e-05}
{"loss": 0.3879762179875756, "mrr": 0.9310394889663184, "map": 0.974313757226027, "p@1": 0.8623693379790941, "p@5": 0.9296167247386694, "mode": "android.test", "auroc": 0.2109725364524916, "auroc@5": 5.734123804945788e-05}
question retrieval loss 0.12370562553405762

{"loss": 0.18350288574839688, "mrr": 0.5347723343747057, "map": 0.3435847983803164, "p@1": 0.3516483516483517, "p@5": 0.3483516483516484, "mode": "dev", "auroc": 0.5733879867862577, "auroc@5": 0.0015040875245571927}
{"loss": 0.18022407302060606, "mrr": 0.539660317870014, "map": 0.34439457571532983, "p@1": 0.3407821229050279, "p@5": 0.32513966480446943, "mode": "test", "auroc": 0.5922856787760129, "auroc@5": 0.0019558582129904174}
{"loss": 0.42280254957945324, "mrr": 0.9168850072780205, "map": 0.9726462122804556, "p@1": 0.834061135371179, "p@5": 0.9191266375545772, "mode": "android.dev", "auroc": 0.18022373872810674, "auroc@5": 3.214853447613956e-05}
{"loss": 0.41223084024548734, "mrr": 0.9300232288037167, "map": 0.974208384557529, "p@1": 0.8606271777003485, "p@5": 0.9290940766550458, "mode": "android.test", "auroc": 0.20875093022841779, "auroc@5": 5.3623885061154734e-05}
classifier loss 0.2673691213130951
question retrieval loss 0.014887100085616112
question retrieval loss 0.0012730248272418976
classifier loss 0.07386593520641327
classifier loss 0.002761922311037779
classifier loss 0.006811060011386871

{"loss": 0.18423435910717473, "mrr": 0.5322334812864025, "map": 0.3471065320878387, "p@1": 0.34615384615384615, "p@5": 0.34175824175824177, "mode": "dev", "auroc": 0.5745232764953724, "auroc@5": 0.0015752167868022615}
{"loss": 0.18113560783130497, "mrr": 0.5372608135225532, "map": 0.3466181029395497, "p@1": 0.33519553072625696, "p@5": 0.32513966480446943, "mode": "test", "auroc": 0.5931940007973543, "auroc@5": 0.002273024409691566}
{"loss": 0.40625177552866626, "mrr": 0.9125181950509462, "map": 0.972252296549086, "p@1": 0.8253275109170306, "p@5": 0.9166812227074156, "mode": "android.dev", "auroc": 0.18030169288125375, "auroc@5": 3.6591885658710815e-05}
{"loss": 0.3962725735679577, "mrr": 0.9297328687572591, "map": 0.9740842136342021, "p@1": 0.8597560975609756, "p@5": 0.9301393728222934, "mode": "android.test", "auroc": 0.21181390090619379, "auroc@5": 5.096049422279192e-05}
classifier loss 0.0015354454517364502
classifier loss 0.05134523659944534
question retrieval loss 0.06794079393148422
question retrieval loss 0.05291372537612915

{"loss": 0.18384233446648487, "mrr": 0.5408857315280616, "map": 0.3502818966015645, "p@1": 0.35714285714285715, "p@5": 0.3450549450549451, "mode": "dev", "auroc": 0.5744632611803531, "auroc@5": 0.0013714610876627406}
{"loss": 0.18086102756791275, "mrr": 0.5328800763205868, "map": 0.34381528893363283, "p@1": 0.33519553072625696, "p@5": 0.32737430167597786, "mode": "test", "auroc": 0.593073752035755, "auroc@5": 0.002093458305961272}
{"loss": 0.3902532140907372, "mrr": 0.9129548762736537, "map": 0.9722156830127593, "p@1": 0.8262008733624454, "p@5": 0.9166812227074158, "mode": "android.dev", "auroc": 0.1805678460624088, "auroc@5": 3.564634052705966e-05}
{"loss": 0.38175888164642263, "mrr": 0.9301684088269455, "map": 0.9740650620646494, "p@1": 0.8606271777003485, "p@5": 0.9289198606271712, "mode": "android.test", "auroc": 0.2115545265181862, "auroc@5": 5.0440634513699725e-05}
question retrieval loss 0.0024611540138721466
Epoch 7
question retrieval loss 0.05359397083520889
classifier loss 0.0032122409902513027
classifier loss 0.0034229669254273176

{"loss": 0.18339318800512905, "mrr": 0.5335982489973239, "map": 0.3429360320974599, "p@1": 0.34615384615384615, "p@5": 0.3461538461538462, "mode": "dev", "auroc": 0.5733046321820643, "auroc@5": 0.0013466399388584716}
{"loss": 0.17976011772894993, "mrr": 0.5353772638662896, "map": 0.3436780839448003, "p@1": 0.33519553072625696, "p@5": 0.3240223463687152, "mode": "test", "auroc": 0.5939130722509438, "auroc@5": 0.0021015286926457794}
{"loss": 0.4247550384251311, "mrr": 0.9168850072780205, "map": 0.9724033789179924, "p@1": 0.834061135371179, "p@5": 0.9179039301309965, "mode": "android.dev", "auroc": 0.1764018844074631, "auroc@5": 3.204900340964997e-05}
{"loss": 0.4140722877197925, "mrr": 0.9314750290360048, "map": 0.9740284460163993, "p@1": 0.8632404181184669, "p@5": 0.9283972125435477, "mode": "android.test", "auroc": 0.20481390446687675, "auroc@5": 4.895226904520286e-05}
question retrieval loss 0.03584863990545273
classifier loss 0.0023461838718503714
classifier loss 0.0036492685321718454
classifier loss 0.038363367319107056

{"loss": 0.18345911059897024, "mrr": 0.5312826464069961, "map": 0.345273333784016, "p@1": 0.34065934065934067, "p@5": 0.3483516483516484, "mode": "dev", "auroc": 0.5752906945513133, "auroc@5": 0.0015466909889227285}
{"loss": 0.17950020486998824, "mrr": 0.5403334392208772, "map": 0.34956902140732327, "p@1": 0.3407821229050279, "p@5": 0.3296089385474862, "mode": "test", "auroc": 0.5947592522948144, "auroc@5": 0.002061176759223241}
{"loss": 0.414621928321222, "mrr": 0.9138282387190686, "map": 0.9722035317278382, "p@1": 0.8279475982532751, "p@5": 0.9186026200873286, "mode": "android.dev", "auroc": 0.17593034531592583, "auroc@5": 3.3932984311060176e-05}
{"loss": 0.404923603691701, "mrr": 0.9279907084785135, "map": 0.9738880949571433, "p@1": 0.8562717770034843, "p@5": 0.9285714285714223, "mode": "android.test", "auroc": 0.20609258487777954, "auroc@5": 4.698677206288165e-05}
classifier loss 0.00361503753811121
classifier loss 0.005110793747007847
classifier loss 0.19052116572856903
classifier loss 0.005736119579523802
classifier loss 0.014894247986376286
classifier loss 0.009078319184482098

{"loss": 0.18256094483761015, "mrr": 0.5355743968453631, "map": 0.3467772973550194, "p@1": 0.34615384615384615, "p@5": 0.3472527472527473, "mode": "dev", "auroc": 0.5739660972744527, "auroc@5": 0.001501494270204508}
{"loss": 0.17964401012858866, "mrr": 0.5377146631457647, "map": 0.3430138712910257, "p@1": 0.3407821229050279, "p@5": 0.32178770949720686, "mode": "test", "auroc": 0.5932387914434533, "auroc@5": 0.0021781973661486017}
{"loss": 0.39835184261886053, "mrr": 0.9164483260553131, "map": 0.9724054292939054, "p@1": 0.8331877729257642, "p@5": 0.9168558951964988, "mode": "android.dev", "auroc": 0.17818324877932257, "auroc@5": 3.065556847879561e-05}
{"loss": 0.38941160852121165, "mrr": 0.9297328687572591, "map": 0.9740788495372081, "p@1": 0.8597560975609756, "p@5": 0.9283972125435475, "mode": "android.test", "auroc": 0.2068704694760455, "auroc@5": 4.930833733910163e-05}
question retrieval loss 0.028908010572195053

{"loss": 0.18257459200877738, "mrr": 0.538885025712672, "map": 0.34477572253920585, "p@1": 0.3516483516483517, "p@5": 0.3505494505494506, "mode": "dev", "auroc": 0.5757376604622438, "auroc@5": 0.0014092485082304335}
{"loss": 0.17970232153571516, "mrr": 0.5393042134562794, "map": 0.3491164697886088, "p@1": 0.3407821229050279, "p@5": 0.3240223463687153, "mode": "test", "auroc": 0.5940593480096006, "auroc@5": 0.002095072383298173}
{"loss": 0.423130743338942, "mrr": 0.9168850072780205, "map": 0.9723254408698706, "p@1": 0.834061135371179, "p@5": 0.9166812227074158, "mode": "android.dev", "auroc": 0.17651358670151202, "auroc@5": 3.182150382910231e-05}
{"loss": 0.4123387286903577, "mrr": 0.9271196283391406, "map": 0.9739799831532259, "p@1": 0.8545296167247387, "p@5": 0.9289198606271712, "mode": "android.test", "auroc": 0.2053583435702968, "auroc@5": 4.937955099788139e-05}
classifier loss 0.0038942540995776653
question retrieval loss 0.020276624709367752
question retrieval loss 0.005364974495023489
question retrieval loss 0.07529309391975403
question retrieval loss 0.05575067922472954
question retrieval loss 0.17477551102638245

{"loss": 0.18274424176990658, "mrr": 0.5354271130514626, "map": 0.34334283063549453, "p@1": 0.34615384615384615, "p@5": 0.3494505494505495, "mode": "dev", "auroc": 0.5766306661218362, "auroc@5": 0.0014503701129658642}
{"loss": 0.17976842106803836, "mrr": 0.5500122197170643, "map": 0.35329976818536424, "p@1": 0.3575418994413408, "p@5": 0.32513966480446943, "mode": "test", "auroc": 0.5952414578992138, "auroc@5": 0.0022806912770418483}
{"loss": 0.42174427676539233, "mrr": 0.9129548762736537, "map": 0.9720653264544241, "p@1": 0.8262008733624454, "p@5": 0.9156331877729179, "mode": "android.dev", "auroc": 0.17496306686497043, "auroc@5": 3.359884430213082e-05}
{"loss": 0.41087324570585365, "mrr": 0.9266840882694543, "map": 0.97384941620933, "p@1": 0.8536585365853658, "p@5": 0.9287456445992966, "mode": "android.test", "auroc": 0.20527892609802562, "auroc@5": 4.546992113087289e-05}
classifier loss 0.3316316604614258
classifier loss 0.004855210892856121
classifier loss 0.010257855989038944
question retrieval loss 0.017528722062706947

{"loss": 0.18303450025044954, "mrr": 0.5323025104835403, "map": 0.34238067415648943, "p@1": 0.34615384615384615, "p@5": 0.3483516483516484, "mode": "dev", "auroc": 0.5763279962923873, "auroc@5": 0.001584848874397948}
{"loss": 0.18034309548372662, "mrr": 0.5484661556011676, "map": 0.35258905983645716, "p@1": 0.36312849162011174, "p@5": 0.3318435754189946, "mode": "test", "auroc": 0.5938331754227671, "auroc@5": 0.002259304752327903}
{"loss": 0.3922028990291612, "mrr": 0.9120815138282389, "map": 0.9719837411256373, "p@1": 0.8244541484716157, "p@5": 0.9154585152838349, "mode": "android.dev", "auroc": 0.17716438124379708, "auroc@5": 3.441642091972393e-05}
{"loss": 0.3837439129962618, "mrr": 0.9266840882694543, "map": 0.97382979254387, "p@1": 0.8536585365853658, "p@5": 0.9280487804877983, "mode": "android.test", "auroc": 0.20833344371450446, "auroc@5": 4.137513575103705e-05}
question retrieval loss 0.06829498708248138
Epoch 8
classifier loss 0.002886955626308918
classifier loss 0.08223164826631546
classifier loss 0.0018021981231868267
classifier loss 0.01865566335618496
classifier loss 0.0032789031974971294
classifier loss 0.008317616768181324

{"loss": 0.1823254704352591, "mrr": 0.5367902340574406, "map": 0.343455015970001, "p@1": 0.34615384615384615, "p@5": 0.35054945054945064, "mode": "dev", "auroc": 0.5759766103275984, "auroc@5": 0.0014911212527937685}
{"loss": 0.17882239745732126, "mrr": 0.5447066842465255, "map": 0.3529233634468561, "p@1": 0.35195530726256985, "p@5": 0.33184357541899456, "mode": "test", "auroc": 0.5959351076347472, "auroc@5": 0.0021535826867608537}
{"loss": 0.436524728467631, "mrr": 0.9173216885007279, "map": 0.9722799586726506, "p@1": 0.8349344978165939, "p@5": 0.9159825327510838, "mode": "android.dev", "auroc": 0.17238574899971276, "auroc@5": 2.9155493119559564e-05}
{"loss": 0.42516134166684433, "mrr": 0.9279907084785135, "map": 0.9737964408399663, "p@1": 0.8562717770034843, "p@5": 0.9277003484320494, "mode": "android.test", "auroc": 0.19949417294237037, "auroc@5": 4.4408837615054566e-05}

{"loss": 0.18228629633661483, "mrr": 0.5328788066570023, "map": 0.3434965266486712, "p@1": 0.34065934065934067, "p@5": 0.3494505494505495, "mode": "dev", "auroc": 0.5778267120757853, "auroc@5": 0.0015615095852237852}
{"loss": 0.17871966600085104, "mrr": 0.5456372862771499, "map": 0.3526048078756376, "p@1": 0.35195530726256985, "p@5": 0.32960893854748624, "mode": "test", "auroc": 0.5967651469052487, "auroc@5": 0.002236304150277056}
{"loss": 0.4166940607699895, "mrr": 0.9129548762736537, "map": 0.9719805217004062, "p@1": 0.8262008733624454, "p@5": 0.916157205240167, "mode": "android.dev", "auroc": 0.1724348675810254, "auroc@5": 3.324337620752512e-05}
{"loss": 0.4070022398472491, "mrr": 0.9258130081300814, "map": 0.9736762373667628, "p@1": 0.8519163763066202, "p@5": 0.9280487804877984, "mode": "android.test", "auroc": 0.202037992486959, "auroc@5": 4.271395253609642e-05}
question retrieval loss 0.16791608929634094
question retrieval loss 0.009234650991857052

{"loss": 0.18148223420216159, "mrr": 0.5321946868552355, "map": 0.3463733359803244, "p@1": 0.34615384615384615, "p@5": 0.3516483516483517, "mode": "dev", "auroc": 0.5757545166155363, "auroc@5": 0.0014870461388109782}
{"loss": 0.1790204867720604, "mrr": 0.5460157612439812, "map": 0.3479745603468998, "p@1": 0.35195530726256985, "p@5": 0.3240223463687153, "mode": "test", "auroc": 0.5939986183497996, "auroc@5": 0.002172951614803672}
{"loss": 0.4004919990604361, "mrr": 0.9155749636098982, "map": 0.9721669097513284, "p@1": 0.8314410480349345, "p@5": 0.9158078602620007, "mode": "android.dev", "auroc": 0.17438231731072745, "auroc@5": 3.346376642618065e-05}
{"loss": 0.3916417518490682, "mrr": 0.9249419279907086, "map": 0.9737877444826497, "p@1": 0.8501742160278746, "p@5": 0.9273519163763002, "mode": "android.test", "auroc": 0.20254157275365414, "auroc@5": 4.7072228453417356e-05}
question retrieval loss 0.0004751540836878121
question retrieval loss 0.015480312518775463

{"loss": 0.1815204757705822, "mrr": 0.5415110474321004, "map": 0.3471645501143823, "p@1": 0.35714285714285715, "p@5": 0.35164835164835173, "mode": "dev", "auroc": 0.5774292032300095, "auroc@5": 0.0015492842432754134}
{"loss": 0.1789418038750827, "mrr": 0.5439387985451426, "map": 0.35020616021542705, "p@1": 0.35195530726256985, "p@5": 0.32513966480446943, "mode": "test", "auroc": 0.5957438394703245, "auroc@5": 0.0019223661082497108}
{"loss": 0.4265236013743815, "mrr": 0.9164483260553131, "map": 0.9721410629945081, "p@1": 0.8331877729257642, "p@5": 0.9152838427947518, "mode": "android.dev", "auroc": 0.1725693838173861, "auroc@5": 3.167931659126004e-05}
{"loss": 0.415690337598181, "mrr": 0.9258130081300814, "map": 0.9737613071422351, "p@1": 0.8519163763066202, "p@5": 0.9292682926829202, "mode": "android.test", "auroc": 0.20063825953817943, "auroc@5": 4.396019156474213e-05}
question retrieval loss 0.039401229470968246
classifier loss 0.0073130568489432335
question retrieval loss 0.06511812657117844

{"loss": 0.18167680940989936, "mrr": 0.5442911829190027, "map": 0.3504610440338761, "p@1": 0.3626373626373626, "p@5": 0.34835164835164845, "mode": "dev", "auroc": 0.5782397804476773, "auroc@5": 0.001579291900785052}
{"loss": 0.17917389751479612, "mrr": 0.55068455613624, "map": 0.3529717374543006, "p@1": 0.36312849162011174, "p@5": 0.32290502793296105, "mode": "test", "auroc": 0.5967615152312408, "auroc@5": 0.0022693927356835374}
{"loss": 0.4234345384234945, "mrr": 0.9138282387190686, "map": 0.9719292333221299, "p@1": 0.8279475982532751, "p@5": 0.91458515283842, "mode": "android.dev", "auroc": 0.17155251401255228, "auroc@5": 3.318650131238821e-05}
{"loss": 0.4125770906329995, "mrr": 0.9249419279907086, "map": 0.9736592116449305, "p@1": 0.8501742160278746, "p@5": 0.929442508710795, "mode": "android.test", "auroc": 0.201402976730937, "auroc@5": 4.3490181416795735e-05}
classifier loss 0.01655692234635353
question retrieval loss 0.028355270624160767
classifier loss 0.001510348403826356

{"loss": 0.1817147963383532, "mrr": 0.5321593284407562, "map": 0.3461064777949695, "p@1": 0.34615384615384615, "p@5": 0.34835164835164834, "mode": "dev", "auroc": 0.5782905341400083, "auroc@5": 0.0015529888923506779}
{"loss": 0.17927999028613448, "mrr": 0.5489064614810502, "map": 0.35089590436427837, "p@1": 0.36312849162011174, "p@5": 0.3318435754189946, "mode": "test", "auroc": 0.5957196283102708, "auroc@5": 0.0021765832888117004}
{"loss": 0.3982800773170057, "mrr": 0.9138282387190686, "map": 0.9719109048039124, "p@1": 0.8279475982532751, "p@5": 0.9144104803493368, "mode": "android.dev", "auroc": 0.17354464608174627, "auroc@5": 3.523399753731704e-05}
{"loss": 0.38952038955987506, "mrr": 0.925377468060395, "map": 0.9736819210508662, "p@1": 0.8510452961672473, "p@5": 0.9271777003484254, "mode": "android.test", "auroc": 0.20403568516441456, "auroc@5": 4.349730278267371e-05}
Epoch 9
classifier loss 0.0037077725864946842
classifier loss 0.0050455983728170395

{"loss": 0.1814653417811944, "mrr": 0.5401045174541418, "map": 0.35025208824461046, "p@1": 0.35714285714285715, "p@5": 0.35164835164835173, "mode": "dev", "auroc": 0.5771578376852463, "auroc@5": 0.0015355770416969365}
{"loss": 0.17819590968542925, "mrr": 0.5463807650859037, "map": 0.3537573531615253, "p@1": 0.35195530726256985, "p@5": 0.3296089385474862, "mode": "test", "auroc": 0.5974939028228599, "auroc@5": 0.002260111790996354}
{"loss": 0.4331334958349123, "mrr": 0.9142649199417759, "map": 0.9720031578146667, "p@1": 0.8288209606986899, "p@5": 0.9152838427947517, "mode": "android.dev", "auroc": 0.16942671527574368, "auroc@5": 2.930478971929396e-05}
{"loss": 0.4220495795204794, "mrr": 0.925377468060395, "map": 0.9736388525741565, "p@1": 0.8510452961672473, "p@5": 0.9271777003484256, "mode": "android.test", "auroc": 0.19607223913546618, "auroc@5": 4.07199700902633e-05}
classifier loss 0.002720839576795697
question retrieval loss 0.11786171048879623
question retrieval loss 0.03911132365465164

{"loss": 0.18142134972571672, "mrr": 0.538497790847415, "map": 0.3454483463496868, "p@1": 0.3516483516483517, "p@5": 0.35164835164835173, "mode": "dev", "auroc": 0.5790188681482052, "auroc@5": 0.0015492842432754139}
{"loss": 0.17816067283046977, "mrr": 0.5464096465787145, "map": 0.3511682857170534, "p@1": 0.35195530726256985, "p@5": 0.3307262569832404, "mode": "test", "auroc": 0.5975064119222209, "auroc@5": 0.0022209704155764917}
{"loss": 0.4233136684141695, "mrr": 0.9133915574963611, "map": 0.9718104819716525, "p@1": 0.8270742358078602, "p@5": 0.9145851528384198, "mode": "android.dev", "auroc": 0.16924521326663805, "auroc@5": 3.138072339179125e-05}
{"loss": 0.4132495548852755, "mrr": 0.9236353077816494, "map": 0.9734700469266813, "p@1": 0.8475609756097561, "p@5": 0.9268292682926764, "mode": "android.test", "auroc": 0.19815513539496876, "auroc@5": 4.098346062774839e-05}

{"loss": 0.18075824124677167, "mrr": 0.5382299649614575, "map": 0.34408237998319147, "p@1": 0.3516483516483517, "p@5": 0.35384615384615387, "mode": "dev", "auroc": 0.5776744509987919, "auroc@5": 0.001535577041696937}
{"loss": 0.17828745118149833, "mrr": 0.5421897920548836, "map": 0.34534420677895167, "p@1": 0.3463687150837989, "p@5": 0.3273743016759778, "mode": "test", "auroc": 0.595539053408205, "auroc@5": 0.001969174351019855}
{"loss": 0.4089018458345962, "mrr": 0.9129548762736537, "map": 0.9719215395157216, "p@1": 0.8262008733624454, "p@5": 0.914410480349337, "mode": "android.dev", "auroc": 0.17064199315226264, "auroc@5": 3.221251873316859e-05}
{"loss": 0.399741355167095, "mrr": 0.9240708478513358, "map": 0.9735765249468568, "p@1": 0.8484320557491289, "p@5": 0.925783972125429, "mode": "android.test", "auroc": 0.19846024675532767, "auroc@5": 4.308070287881214e-05}
classifier loss 0.001798440353013575
question retrieval loss 0.050922978669404984
classifier loss 0.002856542356312275
classifier loss 0.0017017497448250651
question retrieval loss 0.020115047693252563

{"loss": 0.1808524699165271, "mrr": 0.5444232041976406, "map": 0.346734953585286, "p@1": 0.3626373626373626, "p@5": 0.354945054945055, "mode": "dev", "auroc": 0.5788643842817668, "auroc@5": 0.0015603981905012055}
{"loss": 0.1786027612716126, "mrr": 0.5406115702179144, "map": 0.34634595880952723, "p@1": 0.3463687150837989, "p@5": 0.3262569832402236, "mode": "test", "auroc": 0.5964929731143138, "auroc@5": 0.0022467956529669164}
{"loss": 0.42729886980263687, "mrr": 0.9125181950509462, "map": 0.9719141973224497, "p@1": 0.8253275109170306, "p@5": 0.9149344978165859, "mode": "android.dev", "auroc": 0.16957477484650887, "auroc@5": 3.0236116127160896e-05}
{"loss": 0.416680843656954, "mrr": 0.9249419279907086, "map": 0.9735892070480473, "p@1": 0.8501742160278746, "p@5": 0.9266550522648016, "mode": "android.test", "auroc": 0.1972084566219801, "auroc@5": 4.272819526785237e-05}
question retrieval loss 0.035157062113285065
question retrieval loss 0.010396452620625496
classifier loss 0.007319836877286434
question retrieval loss 0.08052076399326324
question retrieval loss 0.05696796253323555
classifier loss 0.0027245308738201857
classifier loss 0.01640145294368267
classifier loss 0.0021953252144157887

{"loss": 0.1811973645894246, "mrr": 0.546509848194348, "map": 0.3496636103133116, "p@1": 0.3626373626373626, "p@5": 0.35384615384615387, "mode": "dev", "auroc": 0.5807880233140976, "auroc@5": 0.0016137451371850073}
{"loss": 0.1789917034934686, "mrr": 0.5502791582621044, "map": 0.353122250757128, "p@1": 0.3575418994413408, "p@5": 0.3251396648044695, "mode": "test", "auroc": 0.5979087206984436, "auroc@5": 0.0021438982227394445}
{"loss": 0.42150180354291433, "mrr": 0.9151382823871909, "map": 0.9717566717455657, "p@1": 0.8305676855895197, "p@5": 0.913711790393005, "mode": "android.dev", "auroc": 0.16913380601110767, "auroc@5": 3.2511111932637374e-05}
{"loss": 0.41096622922306864, "mrr": 0.9214576074332174, "map": 0.9733866580688767, "p@1": 0.8432055749128919, "p@5": 0.9259581881533033, "mode": "android.test", "auroc": 0.1991506631771974, "auroc@5": 3.848386120457902e-05}
question retrieval loss 0.018733715638518333
classifier loss 1.1850262880325317
classifier loss 0.003065160010010004
question retrieval loss 0.08798467367887497
classifier loss 0.015530284494161606

{"loss": 0.1807274005099476, "mrr": 0.5407791808106085, "map": 0.35374741098373735, "p@1": 0.35714285714285715, "p@5": 0.3538461538461538, "mode": "dev", "auroc": 0.5799761494692534, "auroc@5": 0.0015974446812538458}
{"loss": 0.17881111827725804, "mrr": 0.54773152457657, "map": 0.3503653443119529, "p@1": 0.35195530726256985, "p@5": 0.3296089385474863, "mode": "test", "auroc": 0.5968521053217744, "auroc@5": 0.002323060807135513}
{"loss": 0.40590228564126263, "mrr": 0.9133915574963611, "map": 0.9718204302086549, "p@1": 0.8270742358078602, "p@5": 0.9145851528384197, "mode": "android.dev", "auroc": 0.17045462947427692, "auroc@5": 3.285236130345885e-05}
{"loss": 0.3965962242707448, "mrr": 0.9236353077816494, "map": 0.9735224079089833, "p@1": 0.8475609756097561, "p@5": 0.9268292682926762, "mode": "android.test", "auroc": 0.20022268155032136, "auroc@5": 4.117573750645373e-05}
