Epoch 0

{"loss": 0.1985049779516655, "mrr": 0.5944160582799034, "map": 0.3916712806509343, "p@1": 0.43956043956043955, "p@5": 0.3494505494505494, "mode": "dev", "roc": 0.547382276440173, "roc@5": 0.029926155229982754}
{"loss": 0.18250757501611498, "mrr": 0.601158255306257, "map": 0.4075511188820009, "p@1": 0.441340782122905, "p@5": 0.34525139664804483, "mode": "test", "roc": 0.5560230102865148, "roc@5": 0.04901952872169917}
{"loss": 0.2273166824998456, "mrr": 0.9291120815138282, "map": 0.9802402106994744, "p@1": 0.8585152838427947, "p@5": 0.9482969432314357, "mode": "android.dev", "roc": 0.39289610520718105, "roc@5": 0.016528839837451553}
{"loss": 0.23116051964177864, "mrr": 0.9111498257839721, "map": 0.9781536746556814, "p@1": 0.8222996515679443, "p@5": 0.9378048780487742, "mode": "android.test", "roc": 0.36796512667129555, "roc@5": 0.011822179494026955}
question retrieval loss 0.06994851678609848
question retrieval loss 0.19596238434314728
question retrieval loss 0.014505019411444664
question retrieval loss 0.22925114631652832
question retrieval loss 0.007780057843774557

{"loss": 0.18828049497576532, "mrr": 0.6203258071534533, "map": 0.4168809290306973, "p@1": 0.46703296703296704, "p@5": 0.3681318681318684, "mode": "dev", "roc": 0.5695308914015466, "roc@5": 0.04100305596502218}
{"loss": 0.17751977665547553, "mrr": 0.6432547709682895, "map": 0.4363284661690034, "p@1": 0.5027932960893855, "p@5": 0.346368715083799, "mode": "test", "roc": 0.5740328852116621, "roc@5": 0.05640393253802362}
{"loss": 0.25655867897348245, "mrr": 0.9192139737991266, "map": 0.9786285558180896, "p@1": 0.8384279475982532, "p@5": 0.9420087336244483, "mode": "android.dev", "roc": 0.356613554993758, "roc@5": 0.014191423834562306}
{"loss": 0.2613007478539277, "mrr": 0.9006968641114983, "map": 0.9769145822816652, "p@1": 0.8013937282229965, "p@5": 0.9348432055749062, "mode": "android.test", "roc": 0.3361782762733893, "roc@5": 0.010739304598622015}
question retrieval loss 0.046227939426898956

{"loss": 0.18001614748704975, "mrr": 0.643922366989509, "map": 0.4438834702825557, "p@1": 0.510989010989011, "p@5": 0.38681318681318694, "mode": "dev", "roc": 0.5918021302473112, "roc@5": 0.05254674248354486}
{"loss": 0.17372586513354377, "mrr": 0.6511690145915375, "map": 0.43686005514233067, "p@1": 0.5083798882681564, "p@5": 0.36759776536312866, "mode": "test", "roc": 0.5932363703274478, "roc@5": 0.05975314301209428}
{"loss": 0.3100567761027787, "mrr": 0.9152838427947598, "map": 0.9775785334666421, "p@1": 0.8305676855895197, "p@5": 0.9372925764192073, "mode": "android.dev", "roc": 0.325673341883526, "roc@5": 0.012661062593665843}
{"loss": 0.31810786629108656, "mrr": 0.8985191637630662, "map": 0.9757989647073062, "p@1": 0.7970383275261324, "p@5": 0.9306620209059165, "mode": "android.test", "roc": 0.3053784329434385, "roc@5": 0.009883743702042052}
question retrieval loss 0.042689576745033264
question retrieval loss 0.007202930748462677
question retrieval loss 0.006791223771870136

{"loss": 0.17105052223304992, "mrr": 0.6631160249364415, "map": 0.46745254016297794, "p@1": 0.5494505494505495, "p@5": 0.39670329670329674, "mode": "dev", "roc": 0.6147802161366364, "roc@5": 0.06783953386623474}
{"loss": 0.17197245857340163, "mrr": 0.6658925792658086, "map": 0.4576735617251865, "p@1": 0.5418994413407822, "p@5": 0.37653631284916206, "mode": "test", "roc": 0.5979107382951147, "roc@5": 0.06526521711761296}
{"loss": 0.3482139612503317, "mrr": 0.9011644832605531, "map": 0.975503785636008, "p@1": 0.8026200873362446, "p@5": 0.9280349344978089, "mode": "android.dev", "roc": 0.27537910672289695, "roc@5": 0.009600766673586444}
{"loss": 0.35863493046097017, "mrr": 0.8880662020905923, "map": 0.9738625676810744, "p@1": 0.7761324041811847, "p@5": 0.9195121951219436, "mode": "android.test", "roc": 0.2525704570136553, "roc@5": 0.007952998985205361}
question retrieval loss 0.016819071024656296

{"loss": 0.16659460337901333, "mrr": 0.6649896925211201, "map": 0.4579583719571198, "p@1": 0.5439560439560439, "p@5": 0.3934065934065934, "mode": "dev", "roc": 0.6290720113391899, "roc@5": 0.06901020297401818}
{"loss": 0.17030967983245518, "mrr": 0.6465231842547338, "map": 0.4527131655911757, "p@1": 0.5027932960893855, "p@5": 0.3821229050279329, "mode": "test", "roc": 0.6103250106125584, "roc@5": 0.06270690453862407}
{"loss": 0.3905441441504065, "mrr": 0.8906841339155749, "map": 0.9741404296042795, "p@1": 0.7816593886462883, "p@5": 0.9217467248908217, "mode": "android.dev", "roc": 0.23822561702151868, "roc@5": 0.007101825968508372}
{"loss": 0.4020713818379603, "mrr": 0.882404181184669, "map": 0.9727805402606888, "p@1": 0.764808362369338, "p@5": 0.9146341463414555, "mode": "android.test", "roc": 0.2185586355462978, "roc@5": 0.005758194021613343}

{"loss": 0.16485790447152865, "mrr": 0.6579036621821045, "map": 0.4590755106996008, "p@1": 0.521978021978022, "p@5": 0.3945054945054945, "mode": "dev", "roc": 0.6344033718234023, "roc@5": 0.07218138258244418}
{"loss": 0.16796452771643353, "mrr": 0.6451797418498387, "map": 0.45291993231768696, "p@1": 0.4972067039106145, "p@5": 0.3843575418994414, "mode": "test", "roc": 0.6138041543122497, "roc@5": 0.06225496288429164}
{"loss": 0.3971712107530197, "mrr": 0.8850072780203784, "map": 0.9730654091298462, "p@1": 0.7703056768558952, "p@5": 0.9159825327510829, "mode": "android.dev", "roc": 0.21635126219611034, "roc@5": 0.005698580118242908}
{"loss": 0.4080438823439181, "mrr": 0.8783391405342625, "map": 0.971847945614587, "p@1": 0.7569686411149826, "p@5": 0.910975609756089, "mode": "android.test", "roc": 0.19956806067403726, "roc@5": 0.004529188698392351}
question retrieval loss 0.0020739666651934385
Epoch 1
question retrieval loss 0.16870133578777313
question retrieval loss 0.0019681223202496767
question retrieval loss 0.00689371582120657
question retrieval loss 0.014152263291180134

{"loss": 0.16321981578237302, "mrr": 0.664824303398964, "map": 0.4632618703049777, "p@1": 0.5439560439560439, "p@5": 0.4010989010989012, "mode": "dev", "roc": 0.6345133999009376, "roc@5": 0.06831372894786854}
{"loss": 0.16724487870681884, "mrr": 0.6495784778128206, "map": 0.4554022873948028, "p@1": 0.5027932960893855, "p@5": 0.3854748603351956, "mode": "test", "roc": 0.6184252577277988, "roc@5": 0.06073773018760422}
{"loss": 0.40800728031218575, "mrr": 0.8822416302765648, "map": 0.9722802066695853, "p@1": 0.7650655021834061, "p@5": 0.9114410480349254, "mode": "android.dev", "roc": 0.20017255132248354, "roc@5": 0.004626772719387798}
{"loss": 0.4206252127418535, "mrr": 0.8718060394889664, "map": 0.9710111527293879, "p@1": 0.7439024390243902, "p@5": 0.9083623693379708, "mode": "android.test", "roc": 0.18237137923053642, "roc@5": 0.003406006872118072}
question retrieval loss 0.026402335613965988
question retrieval loss 0.03997588902711868
question retrieval loss 0.02991955541074276

{"loss": 0.16157770768616472, "mrr": 0.6672400859214047, "map": 0.46957943714180045, "p@1": 0.5439560439560439, "p@5": 0.4087912087912087, "mode": "dev", "roc": 0.6394405831710388, "roc@5": 0.07238884293065895}
{"loss": 0.16565115708732905, "mrr": 0.6498358683315096, "map": 0.45442632814024014, "p@1": 0.5083798882681564, "p@5": 0.38324022346368714, "mode": "test", "roc": 0.6225145226608387, "roc@5": 0.061141249521829595}
{"loss": 0.4072933616222383, "mrr": 0.8818049490538573, "map": 0.9721644558241234, "p@1": 0.7641921397379913, "p@5": 0.9128384279475894, "mode": "android.dev", "roc": 0.1982643346063831, "roc@5": 0.004369413818893272}
{"loss": 0.41820071889363386, "mrr": 0.8703542392566783, "map": 0.9709193822510689, "p@1": 0.7412891986062717, "p@5": 0.9069686411149745, "mode": "android.test", "roc": 0.18384802293079816, "roc@5": 0.003159037903469885}
question retrieval loss 0.11179593950510025
question retrieval loss 0.0017174072563648224

{"loss": 0.16075596093653255, "mrr": 0.6646621083434269, "map": 0.4726735912678901, "p@1": 0.5384615384615384, "p@5": 0.4054945054945055, "mode": "dev", "roc": 0.6435742306092184, "roc@5": 0.069891909453931}
{"loss": 0.16369595668960216, "mrr": 0.6434273304532051, "map": 0.45242800906055014, "p@1": 0.49162011173184356, "p@5": 0.38882681564245813, "mode": "test", "roc": 0.62942398422078, "roc@5": 0.0593576940645534}
{"loss": 0.4189850653509516, "mrr": 0.8740902474526928, "map": 0.971557307035181, "p@1": 0.748471615720524, "p@5": 0.908995633187764, "mode": "android.dev", "roc": 0.18788678483374052, "roc@5": 0.0037718008582421684}
{"loss": 0.43084348642951986, "mrr": 0.8659988385598142, "map": 0.9703436571306052, "p@1": 0.7325783972125436, "p@5": 0.9026132404181098, "mode": "android.test", "roc": 0.1729094910003739, "roc@5": 0.0027032704872794596}
question retrieval loss 0.031077399849891663
question retrieval loss 0.0063202218152582645

{"loss": 0.16019232899134794, "mrr": 0.6721649229890987, "map": 0.4751624233044866, "p@1": 0.5494505494505495, "p@5": 0.40659340659340665, "mode": "dev", "roc": 0.6417282039750143, "roc@5": 0.07282599152154012}
{"loss": 0.16449402776083716, "mrr": 0.646115956713186, "map": 0.4434890499841569, "p@1": 0.4860335195530726, "p@5": 0.387709497206704, "mode": "test", "roc": 0.6241528111577938, "roc@5": 0.06031807008000982}
{"loss": 0.41661040625295004, "mrr": 0.8710334788937408, "map": 0.9709557392772296, "p@1": 0.74235807860262, "p@5": 0.9049781659388549, "mode": "android.dev", "roc": 0.17964239198746476, "roc@5": 0.0032940517390921058}
{"loss": 0.4272156941156043, "mrr": 0.8612078977932637, "map": 0.9698434441844519, "p@1": 0.7229965156794426, "p@5": 0.9013937282229878, "mode": "android.test", "roc": 0.16598993751001445, "roc@5": 0.0022435151061973684}
question retrieval loss 0.00873588677495718
question retrieval loss 0.027913063764572144

{"loss": 0.16108730782314643, "mrr": 0.6669422686593016, "map": 0.47466147928784064, "p@1": 0.5439560439560439, "p@5": 0.4021978021978022, "mode": "dev", "roc": 0.6452420636229023, "roc@5": 0.06912875174442662}
{"loss": 0.16452845243227215, "mrr": 0.6503296505743882, "map": 0.45833445896264097, "p@1": 0.4972067039106145, "p@5": 0.394413407821229, "mode": "test", "roc": 0.6275108990572174, "roc@5": 0.05853451462273363}
{"loss": 0.4295846295506413, "mrr": 0.867103347889374, "map": 0.971077898030592, "p@1": 0.7344978165938865, "p@5": 0.907248908296934, "mode": "android.dev", "roc": 0.181996678506124, "roc@5": 0.003209450332575949}
{"loss": 0.44061540178175795, "mrr": 0.856562137049942, "map": 0.9700522216006994, "p@1": 0.7134146341463414, "p@5": 0.9043554006968556, "mode": "android.test", "roc": 0.1693884740693265, "roc@5": 0.002149513076608093}
question retrieval loss 0.0037559736520051956

{"loss": 0.16032476787158584, "mrr": 0.6636398727502477, "map": 0.47621009736276576, "p@1": 0.5384615384615384, "p@5": 0.401098901098901, "mode": "dev", "roc": 0.6457799786686306, "roc@5": 0.0730334518697549}
{"loss": 0.16333834234333738, "mrr": 0.6643283203239617, "map": 0.45739648682396156, "p@1": 0.5195530726256983, "p@5": 0.39329608938547483, "mode": "test", "roc": 0.6296899034620345, "roc@5": 0.060810363667764766}
{"loss": 0.4265447788623743, "mrr": 0.8697234352256186, "map": 0.9705953644627402, "p@1": 0.7397379912663755, "p@5": 0.9035807860261911, "mode": "android.dev", "roc": 0.17272564403709384, "roc@5": 0.0030635662265497696}
{"loss": 0.43613508045803173, "mrr": 0.8577235772357724, "map": 0.9696185090714726, "p@1": 0.7160278745644599, "p@5": 0.901742160278737, "mode": "android.test", "roc": 0.16195955776317897, "roc@5": 0.002138118891203332}
Epoch 2
question retrieval loss 0.25122541189193726
question retrieval loss 0.003369810525327921
question retrieval loss 0.011788410134613514

{"loss": 0.16036194559585834, "mrr": 0.6709480842722602, "map": 0.47930202477745837, "p@1": 0.554945054945055, "p@5": 0.397802197802198, "mode": "dev", "roc": 0.6427425368918216, "roc@5": 0.07004750471509211}
{"loss": 0.1631054363080805, "mrr": 0.6580411872211861, "map": 0.462542244711052, "p@1": 0.5027932960893855, "p@5": 0.3932960893854749, "mode": "test", "roc": 0.6302399003145837, "roc@5": 0.06106054565498451}
{"loss": 0.4253503044945184, "mrr": 0.8704512372634643, "map": 0.9706449861110673, "p@1": 0.7414847161572052, "p@5": 0.9041048034934401, "mode": "android.dev", "roc": 0.17441639248227636, "roc@5": 0.0028918040432362956}
{"loss": 0.4369198991673697, "mrr": 0.8568524970963997, "map": 0.9695434388343445, "p@1": 0.7142857142857143, "p@5": 0.9001742160278657, "mode": "android.test", "roc": 0.16135968950844776, "roc@5": 0.002018764799088465}
question retrieval loss 0.036666564643383026
question retrieval loss 0.0029638060368597507

{"loss": 0.15979477842747755, "mrr": 0.6679713601416898, "map": 0.47227995745719675, "p@1": 0.5494505494505495, "p@5": 0.4032967032967034, "mode": "dev", "roc": 0.6453432005426569, "roc@5": 0.0711292622450692}
{"loss": 0.16336402070302744, "mrr": 0.6531305694860532, "map": 0.45094649899487455, "p@1": 0.5083798882681564, "p@5": 0.38994413407821227, "mode": "test", "roc": 0.6297863445829144, "roc@5": 0.06386904022119316}
{"loss": 0.4220534196985666, "mrr": 0.86608442503639, "map": 0.970718390155195, "p@1": 0.7327510917030567, "p@5": 0.9041048034934399, "mode": "android.dev", "roc": 0.1791767287835313, "roc@5": 0.003126839547389585}
{"loss": 0.4313595293167628, "mrr": 0.8546747967479675, "map": 0.9696496041228154, "p@1": 0.7099303135888502, "p@5": 0.9008710801393643, "mode": "android.test", "roc": 0.1688981822713597, "roc@5": 0.0021537858961348786}

{"loss": 0.1579106413262927, "mrr": 0.6603795243218319, "map": 0.46682126995334716, "p@1": 0.532967032967033, "p@5": 0.40769230769230763, "mode": "dev", "roc": 0.6505749059667447, "roc@5": 0.0697066770001678}
{"loss": 0.160790557832608, "mrr": 0.655949701006302, "map": 0.456327405491773, "p@1": 0.5027932960893855, "p@5": 0.38994413407821227, "mode": "test", "roc": 0.6385249592848992, "roc@5": 0.06003560654605205}
{"loss": 0.42916975063820856, "mrr": 0.867103347889374, "map": 0.970303850180233, "p@1": 0.7344978165938865, "p@5": 0.9027074235807763, "mode": "android.dev", "roc": 0.171074779112126, "roc@5": 0.002851280680451246}
{"loss": 0.4383730458352027, "mrr": 0.852061556329849, "map": 0.9693570844696134, "p@1": 0.7047038327526133, "p@5": 0.8998257839721168, "mode": "android.test", "roc": 0.1613437305275152, "roc@5": 0.002004237212697395}

{"loss": 0.15814978497072155, "mrr": 0.671635034684485, "map": 0.4751304493029449, "p@1": 0.554945054945055, "p@5": 0.40769230769230785, "mode": "dev", "roc": 0.6488092702174739, "roc@5": 0.0717368246934125}
{"loss": 0.16184544987981753, "mrr": 0.6609636555692647, "map": 0.4574409723916628, "p@1": 0.5139664804469274, "p@5": 0.3921787709497207, "mode": "test", "roc": 0.633298576868012, "roc@5": 0.06205320321717894}
{"loss": 0.4263849229141094, "mrr": 0.8622998544395923, "map": 0.9701067321116895, "p@1": 0.7248908296943232, "p@5": 0.9006113537117804, "mode": "android.dev", "roc": 0.16977404315098293, "roc@5": 0.0027607074099457126}
{"loss": 0.4353098222638646, "mrr": 0.8549651567944252, "map": 0.9692855227040794, "p@1": 0.710801393728223, "p@5": 0.8998257839721165, "mode": "android.test", "roc": 0.15983973366091617, "roc@5": 0.0019140807206822266}

{"loss": 0.15830457527804506, "mrr": 0.6623661464765214, "map": 0.47376210887410447, "p@1": 0.532967032967033, "p@5": 0.4043956043956045, "mode": "dev", "roc": 0.6514558715168426, "roc@5": 0.06771357579767577}
{"loss": 0.16121218434155155, "mrr": 0.6544671774320925, "map": 0.4506828031220503, "p@1": 0.4972067039106145, "p@5": 0.38882681564245813, "mode": "test", "roc": 0.6362099688644481, "roc@5": 0.05838117727572799}
{"loss": 0.43426875792378683, "mrr": 0.8631732168850073, "map": 0.9703674445883852, "p@1": 0.7266375545851529, "p@5": 0.9018340611353611, "mode": "android.dev", "roc": 0.17184776581193184, "roc@5": 0.0026094201888815266}
{"loss": 0.4438773417100635, "mrr": 0.8493031358885018, "map": 0.9693710617440189, "p@1": 0.6994773519163763, "p@5": 0.9003484320557406, "mode": "android.test", "roc": 0.1619866260748812, "roc@5": 0.0018613826131852087}
question retrieval loss 0.021824363619089127

{"loss": 0.15874488204129164, "mrr": 0.6596639471639472, "map": 0.4695007042125135, "p@1": 0.5384615384615384, "p@5": 0.40659340659340654, "mode": "dev", "roc": 0.6501644308492056, "roc@5": 0.07301863327345384}
{"loss": 0.16160376370473448, "mrr": 0.6692869844553173, "map": 0.4660341805205888, "p@1": 0.5307262569832403, "p@5": 0.3932960893854749, "mode": "test", "roc": 0.6340801938184065, "roc@5": 0.058986456277066064}
{"loss": 0.4322591311660266, "mrr": 0.8644832605531295, "map": 0.9700729347013672, "p@1": 0.7292576419213974, "p@5": 0.9013100436681122, "mode": "android.dev", "roc": 0.16682478835429654, "roc@5": 0.0026877653569326227}
{"loss": 0.44082440650950505, "mrr": 0.8527874564459931, "map": 0.9692932693325158, "p@1": 0.7064459930313589, "p@5": 0.9005226480836149, "mode": "android.test", "roc": 0.15782690808097, "roc@5": 0.0019135110114119884}
Epoch 3

{"loss": 0.15883849319940493, "mrr": 0.6633561874633302, "map": 0.4657087571667001, "p@1": 0.5439560439560439, "p@5": 0.4021978021978024, "mode": "dev", "roc": 0.6456314222407126, "roc@5": 0.06960294682606041}
{"loss": 0.16144996185334368, "mrr": 0.6620327186568516, "map": 0.4581767777671967, "p@1": 0.5195530726256983, "p@5": 0.3932960893854749, "mode": "test", "roc": 0.6318459072648007, "roc@5": 0.060406844333539406}
{"loss": 0.4314113661614308, "mrr": 0.866957787481805, "map": 0.970249678976364, "p@1": 0.7344978165938865, "p@5": 0.9013100436681122, "mode": "android.dev", "roc": 0.16878761207909027, "roc@5": 0.0026372888874986134}
{"loss": 0.4412280864630686, "mrr": 0.852061556329849, "map": 0.969203700452373, "p@1": 0.7047038327526133, "p@5": 0.899651567944242, "mode": "android.test", "roc": 0.15860357848635373, "roc@5": 0.0018692161156509816}

{"loss": 0.15772111487452065, "mrr": 0.662093622189776, "map": 0.4663873270167605, "p@1": 0.5384615384615384, "p@5": 0.40000000000000013, "mode": "dev", "roc": 0.6503037256544355, "roc@5": 0.07083289031904808}
{"loss": 0.16181811741709334, "mrr": 0.6536227394368166, "map": 0.45128113369080475, "p@1": 0.5083798882681564, "p@5": 0.38770949720670395, "mode": "test", "roc": 0.6330790623501934, "roc@5": 0.0627472564720466}
{"loss": 0.43064379517444484, "mrr": 0.8649199417758369, "map": 0.9702873819826751, "p@1": 0.7301310043668122, "p@5": 0.9034061135371081, "mode": "android.dev", "roc": 0.1709033297407358, "roc@5": 0.002629610776655131}
{"loss": 0.4381756377828272, "mrr": 0.8524970963995355, "map": 0.9692763790010804, "p@1": 0.705574912891986, "p@5": 0.8999999999999915, "mode": "android.test", "roc": 0.16394732325660064, "roc@5": 0.00187249194395485}
question retrieval loss 0.005685429088771343
question retrieval loss 0.009202701039612293
question retrieval loss 0.02092188037931919

{"loss": 0.15725596340956513, "mrr": 0.6569080568393756, "map": 0.46262497871763175, "p@1": 0.521978021978022, "p@5": 0.40879120879120884, "mode": "dev", "roc": 0.6555747003587211, "roc@5": 0.07092921119500495}
{"loss": 0.1601629640215061, "mrr": 0.6549484466284456, "map": 0.45521739891124474, "p@1": 0.5027932960893855, "p@5": 0.3910614525139664, "mode": "test", "roc": 0.6418293791128709, "roc@5": 0.05994683229252246}
{"loss": 0.436592353973131, "mrr": 0.8636098981077146, "map": 0.9700741797965208, "p@1": 0.7275109170305677, "p@5": 0.9009606986899463, "mode": "android.dev", "roc": 0.16633253613688648, "roc@5": 0.0024591282784822365}
{"loss": 0.44535252835864414, "mrr": 0.8503193960511034, "map": 0.969072004208594, "p@1": 0.7012195121951219, "p@5": 0.8987804878048693, "mode": "android.test", "roc": 0.1570211041677794, "roc@5": 0.001776495931919742}
question retrieval loss 0.012745549902319908
question retrieval loss 0.28128913044929504
question retrieval loss 0.021449994295835495

{"loss": 0.1571307031867596, "mrr": 0.6721209574918365, "map": 0.4712067306839245, "p@1": 0.5494505494505495, "p@5": 0.40989010989011015, "mode": "dev", "roc": 0.6513558459918105, "roc@5": 0.0704994719022743}
{"loss": 0.16058978644412988, "mrr": 0.6668634797199926, "map": 0.450528929757507, "p@1": 0.5251396648044693, "p@5": 0.3854748603351955, "mode": "test", "roc": 0.6358867498777336, "roc@5": 0.06339288740680721}
{"loss": 0.4307920834187857, "mrr": 0.8605531295487626, "map": 0.9699993156108886, "p@1": 0.7213973799126637, "p@5": 0.8997379912663652, "mode": "android.dev", "roc": 0.16713361903488996, "roc@5": 0.0024727782533150956}
{"loss": 0.439529500367081, "mrr": 0.8514808362369339, "map": 0.9691270259235717, "p@1": 0.7038327526132404, "p@5": 0.8994773519163671, "mode": "android.test", "roc": 0.15803359148284643, "roc@5": 0.0017273585073617115}
question retrieval loss 0.013463130220770836
question retrieval loss 0.014356297440826893
question retrieval loss 0.001084259944036603

{"loss": 0.1567571478496705, "mrr": 0.6508972026142358, "map": 0.46251563890084096, "p@1": 0.510989010989011, "p@5": 0.41098901098901114, "mode": "dev", "roc": 0.6565223495921737, "roc@5": 0.06893610999251289}
{"loss": 0.15961039813453926, "mrr": 0.6604299038935477, "map": 0.4547754912847548, "p@1": 0.5083798882681564, "p@5": 0.3854748603351955, "mode": "test", "roc": 0.6406797525296627, "roc@5": 0.06064895593407463}
{"loss": 0.43623441357214376, "mrr": 0.8640465793304221, "map": 0.9702894836827171, "p@1": 0.7283842794759825, "p@5": 0.9011353711790295, "mode": "android.dev", "roc": 0.16992261459580435, "roc@5": 0.002350781603246419}
{"loss": 0.4455526041147666, "mrr": 0.8501742160278747, "map": 0.9693203370645743, "p@1": 0.7012195121951219, "p@5": 0.9010452961672389, "mode": "android.test", "roc": 0.16066263597357974, "roc@5": 0.0016869091491748113}
question retrieval loss 0.08685015887022018

{"loss": 0.15800705640563986, "mrr": 0.6582779323850753, "map": 0.4621962152586494, "p@1": 0.532967032967033, "p@5": 0.4076923076923078, "mode": "dev", "roc": 0.651378073886262, "roc@5": 0.07198874083053045}
{"loss": 0.1607136286550602, "mrr": 0.6712699642315931, "map": 0.4593755921158221, "p@1": 0.5307262569832403, "p@5": 0.3854748603351955, "mode": "test", "roc": 0.634535767146747, "roc@5": 0.058671711196370255}
{"loss": 0.4385551998107064, "mrr": 0.8622998544395923, "map": 0.9699550699538314, "p@1": 0.7248908296943232, "p@5": 0.9006113537117804, "mode": "android.dev", "roc": 0.1637723340603841, "roc@5": 0.0024143392985619184}
{"loss": 0.44581099378532413, "mrr": 0.8497386759581883, "map": 0.9692298641313885, "p@1": 0.7003484320557491, "p@5": 0.8998257839721169, "mode": "android.test", "roc": 0.1575088607594937, "roc@5": 0.0017460164859620072}
Epoch 4
question retrieval loss 0.062508225440979

{"loss": 0.15830642961804847, "mrr": 0.6488621291263501, "map": 0.4594567769872078, "p@1": 0.5164835164835165, "p@5": 0.4043956043956046, "mode": "dev", "roc": 0.6500080946582294, "roc@5": 0.07009196050399526}
{"loss": 0.1609952445480161, "mrr": 0.6549757088936742, "map": 0.453347571727186, "p@1": 0.5027932960893855, "p@5": 0.38994413407821227, "mode": "test", "roc": 0.6364658001223471, "roc@5": 0.061052475268300016}
{"loss": 0.436123704933053, "mrr": 0.8652110625909752, "map": 0.9702156308805475, "p@1": 0.731004366812227, "p@5": 0.9021834061135274, "mode": "android.dev", "roc": 0.16682959428293556, "roc@5": 0.002355758156570899}
{"loss": 0.44591240843478913, "mrr": 0.8485772357723578, "map": 0.9690402455698021, "p@1": 0.6977351916376306, "p@5": 0.8984320557491199, "mode": "android.test", "roc": 0.15616374868699817, "roc@5": 0.0017185280136730221}
question retrieval loss 0.016808439046144485

{"loss": 0.15710101118643902, "mrr": 0.6527273550625199, "map": 0.46130012845579993, "p@1": 0.5164835164835165, "p@5": 0.40000000000000024, "mode": "dev", "roc": 0.6547630117463308, "roc@5": 0.07196651293607886}
{"loss": 0.16093328136263946, "mrr": 0.6531941384175588, "map": 0.4484020697755922, "p@1": 0.5027932960893855, "p@5": 0.3921787709497206, "mode": "test", "roc": 0.6383163397891047, "roc@5": 0.06339288740680721}
{"loss": 0.4356256953550413, "mrr": 0.8653566229985443, "map": 0.9701920205666196, "p@1": 0.731004366812227, "p@5": 0.902183406113527, "mode": "android.dev", "roc": 0.1682029950319779, "roc@5": 0.0024265674010163544}
{"loss": 0.4431873842869408, "mrr": 0.849883855981417, "map": 0.9692117764062224, "p@1": 0.7003484320557491, "p@5": 0.9008710801393643, "mode": "android.test", "roc": 0.16095349392013392, "roc@5": 0.001742598230340579}
question retrieval loss 0.0024085738696157932
question retrieval loss 0.00038651787326671183

{"loss": 0.15580437092397076, "mrr": 0.6564313662527947, "map": 0.4633332959842729, "p@1": 0.521978021978022, "p@5": 0.4054945054945056, "mode": "dev", "roc": 0.6583209567182143, "roc@5": 0.0729000845030454}
{"loss": 0.15889781758751118, "mrr": 0.6725467086574114, "map": 0.4609387299563778, "p@1": 0.5363128491620112, "p@5": 0.394413407821229, "mode": "test", "roc": 0.6455034226509929, "roc@5": 0.06516030209071437}
{"loss": 0.43997734142670725, "mrr": 0.8640465793304221, "map": 0.9700970768975719, "p@1": 0.7283842794759825, "p@5": 0.9016593886462781, "mode": "android.dev", "roc": 0.16431896578690686, "roc@5": 0.0023775128039607678}
{"loss": 0.44852510018952396, "mrr": 0.8455284552845529, "map": 0.9689727259000094, "p@1": 0.6916376306620209, "p@5": 0.8998257839721168, "mode": "android.test", "roc": 0.15554593459025445, "roc@5": 0.0017272160800441522}
question retrieval loss 0.013608007691800594

{"loss": 0.1557810923895686, "mrr": 0.659058028357479, "map": 0.4666839463135953, "p@1": 0.5274725274725275, "p@5": 0.4153846153846155, "mode": "dev", "roc": 0.6534282266845132, "roc@5": 0.07244070801771266}
{"loss": 0.16041351458078573, "mrr": 0.6669441950940039, "map": 0.4508190161616521, "p@1": 0.5307262569832403, "p@5": 0.3944134078212291, "mode": "test", "roc": 0.636261619339229, "roc@5": 0.0645388823160073}
{"loss": 0.4340768942601296, "mrr": 0.8596797671033478, "map": 0.9697529863385246, "p@1": 0.719650655021834, "p@5": 0.8985152838427846, "mode": "android.dev", "roc": 0.16345763104686778, "roc@5": 0.0023179363513048524}
{"loss": 0.44167089353085137, "mrr": 0.8463995354239258, "map": 0.9689023419472678, "p@1": 0.6933797909407665, "p@5": 0.8993031358884929, "mode": "android.test", "roc": 0.1556575263935623, "roc@5": 0.0016444658085420782}
question retrieval loss 0.07005012780427933

{"loss": 0.15542010994177763, "mrr": 0.6582989278731037, "map": 0.4663569316033643, "p@1": 0.521978021978022, "p@5": 0.40769230769230796, "mode": "dev", "roc": 0.6579482690212427, "roc@5": 0.07006973260954369}
{"loss": 0.15909746367557173, "mrr": 0.6601632145453599, "map": 0.4550977984089437, "p@1": 0.5139664804469274, "p@5": 0.3877094972067038, "mode": "test", "roc": 0.6409759357209841, "roc@5": 0.06190793625685781}
{"loss": 0.43607798467134024, "mrr": 0.8631732168850073, "map": 0.9703471334807413, "p@1": 0.7266375545851529, "p@5": 0.9025327510916934, "mode": "android.dev", "roc": 0.16959790871010588, "roc@5": 0.002311537925601949}
{"loss": 0.44508799099775503, "mrr": 0.8493031358885018, "map": 0.9693913988687872, "p@1": 0.6994773519163763, "p@5": 0.9017421602787372, "mode": "android.test", "roc": 0.15984944720397376, "roc@5": 0.0017094126653492139}
question retrieval loss 0.009565607644617558
question retrieval loss 0.007200499530881643
question retrieval loss 0.006219164468348026
question retrieval loss 0.0011508263414725661

{"loss": 0.1556983977053468, "mrr": 0.6505680239641132, "map": 0.4597493377050425, "p@1": 0.5164835164835165, "p@5": 0.4087912087912089, "mode": "dev", "roc": 0.655026412295582, "roc@5": 0.07287785660859382}
{"loss": 0.1600285619185124, "mrr": 0.6684678676824152, "map": 0.45644003017972007, "p@1": 0.5251396648044693, "p@5": 0.3899441340782122, "mode": "test", "roc": 0.6374160881544478, "roc@5": 0.059817706105570335}
{"loss": 0.44283418417237214, "mrr": 0.8592430858806404, "map": 0.9697803314417118, "p@1": 0.7187772925764192, "p@5": 0.9004366812226973, "mode": "android.dev", "roc": 0.160347541156096, "roc@5": 0.0022431458641998126}
{"loss": 0.4500379673228031, "mrr": 0.8493031358885018, "map": 0.9691233550714938, "p@1": 0.6994773519163763, "p@5": 0.9006968641114895, "mode": "android.test", "roc": 0.15362911214370917, "roc@5": 0.001625950257259342}
Epoch 5
question retrieval loss 0.01562747359275818
question retrieval loss 0.09057380259037018
question retrieval loss 0.014359451830387115
question retrieval loss 0.02585490606725216

{"loss": 0.15677299219053137, "mrr": 0.6482030865959438, "map": 0.45587354495860666, "p@1": 0.510989010989011, "p@5": 0.40989010989011015, "mode": "dev", "roc": 0.6512139579322278, "roc@5": 0.07320386572721704}
{"loss": 0.16075664244373666, "mrr": 0.6697130432539135, "map": 0.45717518553446723, "p@1": 0.5251396648044693, "p@5": 0.3966480446927375, "mode": "test", "roc": 0.6367829663190482, "roc@5": 0.06294901613915929}
{"loss": 0.4370524108442417, "mrr": 0.8627365356622998, "map": 0.969907200828615, "p@1": 0.725764192139738, "p@5": 0.9002620087336145, "mode": "android.dev", "roc": 0.16195252225941212, "roc@5": 0.002204470935506713}
{"loss": 0.4451889202188545, "mrr": 0.8485772357723578, "map": 0.9689129804948836, "p@1": 0.6977351916376306, "p@5": 0.8982578397212455, "mode": "android.test", "roc": 0.15325573180936106, "roc@5": 0.0016256654026242231}
question retrieval loss 0.04363108426332474
question retrieval loss 0.000735966139473021

{"loss": 0.1569732481851703, "mrr": 0.6428773836054056, "map": 0.4526821595102754, "p@1": 0.5, "p@5": 0.4021978021978024, "mode": "dev", "roc": 0.6534041464655239, "roc@5": 0.07300381467715279}
{"loss": 0.16087451714543657, "mrr": 0.6635853433166506, "map": 0.451477167814747, "p@1": 0.5195530726256983, "p@5": 0.3877094972067039, "mode": "test", "roc": 0.6347052452671217, "roc@5": 0.06470029004969745}
{"loss": 0.437685908995341, "mrr": 0.8614264919941775, "map": 0.9700061101416224, "p@1": 0.7231441048034934, "p@5": 0.9011353711790295, "mode": "android.dev", "roc": 0.16503231915916156, "roc@5": 0.002313812921407426}
{"loss": 0.4438280792377941, "mrr": 0.8495934959349594, "map": 0.9692168813272456, "p@1": 0.6994773519163763, "p@5": 0.9008710801393641, "mode": "android.test", "roc": 0.15953655575139314, "roc@5": 0.001697448770674215}
question retrieval loss 0.01607212983071804

{"loss": 0.15569207002152943, "mrr": 0.6521664461911715, "map": 0.4599565650669146, "p@1": 0.5164835164835165, "p@5": 0.4032967032967034, "mode": "dev", "roc": 0.6586525228104505, "roc@5": 0.07362619572179716}
{"loss": 0.15900202894156706, "mrr": 0.6648340457771509, "map": 0.45711940099939297, "p@1": 0.5251396648044693, "p@5": 0.38994413407821227, "mode": "test", "roc": 0.6429858655247608, "roc@5": 0.06587049611895104}
{"loss": 0.4423470421885364, "mrr": 0.8561863173216885, "map": 0.9696429471542903, "p@1": 0.7126637554585152, "p@5": 0.8997379912663654, "mode": "android.dev", "roc": 0.16086129208386774, "roc@5": 0.00219309595647933}
{"loss": 0.45011179305642246, "mrr": 0.8437862950058073, "map": 0.9687995131297152, "p@1": 0.6881533101045296, "p@5": 0.8991289198606185, "mode": "android.test", "roc": 0.15269875554131285, "roc@5": 0.0016162651996652958}

{"loss": 0.15586589102551424, "mrr": 0.6551967492214744, "map": 0.4664607507261486, "p@1": 0.5164835164835165, "p@5": 0.4131868131868133, "mode": "dev", "roc": 0.654801169631806, "roc@5": 0.07231474994915367}
{"loss": 0.15967365278857215, "mrr": 0.6620745458109468, "map": 0.4493542229172447, "p@1": 0.5251396648044693, "p@5": 0.39329608938547483, "mode": "test", "roc": 0.6362575841458866, "roc@5": 0.06607225578606372}
{"loss": 0.43285081272041953, "mrr": 0.8579330422125181, "map": 0.9697087113616855, "p@1": 0.7161572052401747, "p@5": 0.8997379912663654, "mode": "android.dev", "roc": 0.16290472886315618, "roc@5": 0.0022488333537135042}
{"loss": 0.43957424333370987, "mrr": 0.8458188153310106, "map": 0.9689782379011928, "p@1": 0.6925087108013938, "p@5": 0.9010452961672386, "mode": "android.test", "roc": 0.15566530292510103, "roc@5": 0.0015849311898022036}
question retrieval loss 0.004496825858950615

{"loss": 0.15605205133209352, "mrr": 0.6570978624550053, "map": 0.4620934927600838, "p@1": 0.521978021978022, "p@5": 0.4098901098901101, "mode": "dev", "roc": 0.658526194276984, "roc@5": 0.07069952295233856}
{"loss": 0.1595579143483504, "mrr": 0.6613837794078898, "map": 0.4587974494634067, "p@1": 0.5139664804469274, "p@5": 0.39217877094972053, "mode": "test", "roc": 0.6414476498226935, "roc@5": 0.06349780243370581}
{"loss": 0.4436823651259643, "mrr": 0.858806404657933, "map": 0.9700248580953338, "p@1": 0.7179039301310044, "p@5": 0.9018340611353614, "mode": "android.dev", "roc": 0.16458875896135067, "roc@5": 0.0021729053687057263}
{"loss": 0.452043467901407, "mrr": 0.848432055749129, "map": 0.9691586095580896, "p@1": 0.6977351916376306, "p@5": 0.8994773519163675, "mode": "android.test", "roc": 0.15583538250636475, "roc@5": 0.0015990314942405952}
question retrieval loss 0.007698077708482742

{"loss": 0.1563158470671624, "mrr": 0.6451945719116049, "map": 0.453672924718259, "p@1": 0.5054945054945055, "p@5": 0.4065934065934066, "mode": "dev", "roc": 0.6554861592458223, "roc@5": 0.07468572535732265}
{"loss": 0.16025286193614482, "mrr": 0.6715446070966505, "map": 0.4599123169494388, "p@1": 0.5363128491620112, "p@5": 0.38659217877094976, "mode": "test", "roc": 0.639170993738994, "roc@5": 0.06068930786749716}
{"loss": 0.4415020664169669, "mrr": 0.8601164483260553, "map": 0.9696764981165803, "p@1": 0.7205240174672489, "p@5": 0.9002620087336145, "mode": "android.dev", "roc": 0.15925259278428208, "roc@5": 0.0022211068423342597}
{"loss": 0.44798306983292024, "mrr": 0.8493031358885018, "map": 0.9690100033229815, "p@1": 0.6994773519163763, "p@5": 0.8994773519163675, "mode": "android.test", "roc": 0.15253350424611442, "roc@5": 0.0016337837597251153}
Epoch 6
question retrieval loss 0.00830109603703022

{"loss": 0.15615587304397435, "mrr": 0.6463686519075984, "map": 0.4568684203067041, "p@1": 0.5054945054945055, "p@5": 0.408791208791209, "mode": "dev", "roc": 0.6530933264081094, "roc@5": 0.07232956854545475}
{"loss": 0.15993314385206006, "mrr": 0.6745091704662419, "map": 0.4634854063512814, "p@1": 0.5363128491620112, "p@5": 0.39217877094972076, "mode": "test", "roc": 0.6383094799604228, "roc@5": 0.06155283924273948}
{"loss": 0.44115084522285836, "mrr": 0.8602620087336245, "map": 0.969879310846958, "p@1": 0.7205240174672489, "p@5": 0.9006113537117805, "mode": "android.dev", "roc": 0.16216325085525626, "roc@5": 0.002150724159602331}
{"loss": 0.45026055342624877, "mrr": 0.8503193960511034, "map": 0.9688843232183422, "p@1": 0.7012195121951219, "p@5": 0.898083623693371, "mode": "android.test", "roc": 0.15152828784560882, "roc@5": 0.0015933344015382149}
question retrieval loss 0.051561951637268066

{"loss": 0.1562647539610555, "mrr": 0.6462125072087478, "map": 0.45377173500387247, "p@1": 0.5054945054945055, "p@5": 0.40000000000000013, "mode": "dev", "roc": 0.6550308578744723, "roc@5": 0.07355210274029186}
{"loss": 0.16123485017318132, "mrr": 0.6669507344235364, "map": 0.4584140834717854, "p@1": 0.5307262569832403, "p@5": 0.3888268156424581, "mode": "test", "roc": 0.6345252756440571, "roc@5": 0.06505538706381578}
{"loss": 0.44142319765673976, "mrr": 0.8592430858806404, "map": 0.9698171469917576, "p@1": 0.7187772925764192, "p@5": 0.9009606986899465, "mode": "android.dev", "roc": 0.16182421960534513, "roc@5": 0.0022064615568365043}
{"loss": 0.44700853559853776, "mrr": 0.8474157955865274, "map": 0.968984400842129, "p@1": 0.6951219512195121, "p@5": 0.8991289198606185, "mode": "android.test", "roc": 0.15599786359023665, "roc@5": 0.0016517296017376129}
question retrieval loss 0.011352624744176865

{"loss": 0.15549932612530928, "mrr": 0.648520864774097, "map": 0.46064930322284, "p@1": 0.5054945054945055, "p@5": 0.4043956043956045, "mode": "dev", "roc": 0.6598643135229694, "roc@5": 0.07466349746287108}
{"loss": 0.15850678705948526, "mrr": 0.6647601206333932, "map": 0.4686652824918111, "p@1": 0.5251396648044693, "p@5": 0.38882681564245813, "mode": "test", "roc": 0.6467385953330568, "roc@5": 0.0659431295991116}
{"loss": 0.4449326115916585, "mrr": 0.8572052401746725, "map": 0.9697759833787978, "p@1": 0.714410480349345, "p@5": 0.8990393013100336, "mode": "android.dev", "roc": 0.16216942178137858, "roc@5": 0.002213713105966461}
{"loss": 0.4535572181832214, "mrr": 0.8443670150987225, "map": 0.9688521946313139, "p@1": 0.6890243902439024, "p@5": 0.8989547038327439, "mode": "android.test", "roc": 0.15283925296871945, "roc@5": 0.0016280866670227347}

{"loss": 0.1563596200750588, "mrr": 0.6476808905380335, "map": 0.46253119554128386, "p@1": 0.5054945054945055, "p@5": 0.4120879120879122, "mode": "dev", "roc": 0.6538057304252826, "roc@5": 0.07387811185891509}
{"loss": 0.15951739371020618, "mrr": 0.6689170360333253, "map": 0.46530877482833694, "p@1": 0.5363128491620112, "p@5": 0.3888268156424581, "mode": "test", "roc": 0.6367805452030428, "roc@5": 0.06740386958900749}
{"loss": 0.43541527662312357, "mrr": 0.8566229985443958, "map": 0.969788894130013, "p@1": 0.7135371179039302, "p@5": 0.9002620087336143, "mode": "android.dev", "roc": 0.16423612039277805, "roc@5": 0.002194517828857753}
{"loss": 0.442935217524804, "mrr": 0.8494483159117306, "map": 0.9690231359665326, "p@1": 0.6994773519163763, "p@5": 0.8998257839721163, "mode": "android.test", "roc": 0.15576586373266393, "roc@5": 0.0015842190532144064}
question retrieval loss 0.0098468828946352
question retrieval loss 0.026934443041682243

{"loss": 0.1553313217258879, "mrr": 0.6495023619094402, "map": 0.4589391164889641, "p@1": 0.5054945054945055, "p@5": 0.4142857142857145, "mode": "dev", "roc": 0.6589581563591598, "roc@5": 0.07167014101005774}
{"loss": 0.15867606942495072, "mrr": 0.6712921050983386, "map": 0.4668317210256149, "p@1": 0.5251396648044693, "p@5": 0.39106145251396635, "mode": "test", "roc": 0.6412777681829847, "roc@5": 0.06427255955541854}
{"loss": 0.4430546153873596, "mrr": 0.861863173216885, "map": 0.9702199073131027, "p@1": 0.7240174672489083, "p@5": 0.9021834061135274, "mode": "android.dev", "roc": 0.1660758526257717, "roc@5": 0.0021181632821364485}
{"loss": 0.45140187101493806, "mrr": 0.8493031358885018, "map": 0.9692579265189981, "p@1": 0.6994773519163763, "p@5": 0.8991289198606183, "mode": "android.test", "roc": 0.15649294806743938, "roc@5": 0.0015756734141608355}

{"loss": 0.15658284361336053, "mrr": 0.6562301251861691, "map": 0.46512134840103553, "p@1": 0.5164835164835165, "p@5": 0.4010989010989011, "mode": "dev", "roc": 0.6549389825774058, "roc@5": 0.07352246554768975}
{"loss": 0.15975780033782208, "mrr": 0.6718950170839321, "map": 0.46165607831816874, "p@1": 0.5418994413407822, "p@5": 0.3888268156424581, "mode": "test", "roc": 0.637343051154953, "roc@5": 0.060794222894395754}
{"loss": 0.44525475425718913, "mrr": 0.8609898107714701, "map": 0.9695929454242626, "p@1": 0.7222707423580786, "p@5": 0.8986899563318678, "mode": "android.dev", "roc": 0.15861198240290747, "roc@5": 0.0021417663636182672}
{"loss": 0.4514872604090305, "mrr": 0.8497386759581883, "map": 0.9688592115023951, "p@1": 0.7003484320557491, "p@5": 0.8973867595818724, "mode": "android.test", "roc": 0.15194129858106784, "roc@5": 0.0015644216560736345}
Epoch 7

{"loss": 0.15633118772434051, "mrr": 0.6458961085779121, "map": 0.4606502170962416, "p@1": 0.5054945054945055, "p@5": 0.40439560439560446, "mode": "dev", "roc": 0.6523583240315769, "roc@5": 0.07289267520489487}
{"loss": 0.15971251002996745, "mrr": 0.6608811085839902, "map": 0.45666964838857016, "p@1": 0.5083798882681564, "p@5": 0.3910614525139664, "mode": "test", "roc": 0.6391419403469298, "roc@5": 0.06505538706381578}
{"loss": 0.4384993995722855, "mrr": 0.8614264919941775, "map": 0.9698947401422605, "p@1": 0.7231441048034934, "p@5": 0.9006113537117805, "mode": "android.dev", "roc": 0.16256162394888088, "roc@5": 0.0021788772326951024}
{"loss": 0.4471793950564562, "mrr": 0.8503193960511034, "map": 0.9689701186224965, "p@1": 0.7012195121951219, "p@5": 0.898083623693371, "mode": "android.test", "roc": 0.1523152699887839, "roc@5": 0.0016058680054834517}
question retrieval loss 0.002748459577560425
question retrieval loss 0.05235106870532036
question retrieval loss 0.010246341116726398
question retrieval loss 0.0019371546804904938
question retrieval loss 0.011285323649644852

{"loss": 0.1567324984199521, "mrr": 0.649774729239015, "map": 0.46120695866858147, "p@1": 0.510989010989011, "p@5": 0.397802197802198, "mode": "dev", "roc": 0.6559822117570002, "roc@5": 0.07442639992205416}
{"loss": 0.16131555772641434, "mrr": 0.6600849899879596, "map": 0.4634927002410491, "p@1": 0.5195530726256983, "p@5": 0.3888268156424581, "mode": "test", "roc": 0.6372264340673619, "roc@5": 0.06664525324066377}
{"loss": 0.4443393532333155, "mrr": 0.8548762736535661, "map": 0.9695223837256346, "p@1": 0.7100436681222707, "p@5": 0.9000873362445316, "mode": "android.dev", "roc": 0.15911460006995612, "roc@5": 0.0020557430847236878}
{"loss": 0.4500055591290239, "mrr": 0.849157955865273, "map": 0.9688939126963361, "p@1": 0.6986062717770035, "p@5": 0.8982578397212457, "mode": "android.test", "roc": 0.15325261977247237, "roc@5": 0.001546048532108458}

{"loss": 0.15499230061790772, "mrr": 0.6497175672313035, "map": 0.4569407465623695, "p@1": 0.5164835164835165, "p@5": 0.408791208791209, "mode": "dev", "roc": 0.660609318452005, "roc@5": 0.07520437622785962}
{"loss": 0.15899872710647364, "mrr": 0.667905250112689, "map": 0.4768936499899509, "p@1": 0.5363128491620112, "p@5": 0.394413407821229, "mode": "test", "roc": 0.6443933409625389, "roc@5": 0.06846916063136249}
{"loss": 0.4465448527422014, "mrr": 0.8522561863173216, "map": 0.9694664956054331, "p@1": 0.7048034934497817, "p@5": 0.8988646288209506, "mode": "android.dev", "roc": 0.15886053280401768, "roc@5": 0.0020777821065892407}
{"loss": 0.45376668506357104, "mrr": 0.8450929152148665, "map": 0.9687220292256035, "p@1": 0.6907665505226481, "p@5": 0.8973867595818724, "mode": "android.test", "roc": 0.14995366839359792, "roc@5": 0.0015641368014385156}

{"loss": 0.1560102051717567, "mrr": 0.6522794894360828, "map": 0.4668240466944559, "p@1": 0.510989010989011, "p@5": 0.4098901098901101, "mode": "dev", "roc": 0.6542762208578411, "roc@5": 0.07235179643990633}
{"loss": 0.15937130848809494, "mrr": 0.6573372750122235, "map": 0.4551538421676303, "p@1": 0.5139664804469274, "p@5": 0.38882681564245797, "mode": "test", "roc": 0.6387428597253809, "roc@5": 0.06978463366093722}
{"loss": 0.4381743773329987, "mrr": 0.855749636098981, "map": 0.969623917559627, "p@1": 0.7117903930131004, "p@5": 0.8981659388646188, "mode": "android.dev", "roc": 0.161680965963219, "roc@5": 0.002070672744697127}
{"loss": 0.44554594371269884, "mrr": 0.8459639953542393, "map": 0.9688472049563636, "p@1": 0.6925087108013938, "p@5": 0.8977351916376217, "mode": "android.test", "roc": 0.1526965479178907, "roc@5": 0.001502323345617689}
question retrieval loss 0.003923327662050724

{"loss": 0.1552932599973916, "mrr": 0.6535541632826702, "map": 0.4617054158306728, "p@1": 0.510989010989011, "p@5": 0.410989010989011, "mode": "dev", "roc": 0.66015327615084, "roc@5": 0.07098107628205863}
{"loss": 0.15885680529689572, "mrr": 0.6743082899654496, "map": 0.47838628892872276, "p@1": 0.5418994413407822, "p@5": 0.3910614525139664, "mode": "test", "roc": 0.6421739846242993, "roc@5": 0.06566066606515385}
{"loss": 0.4464224012397783, "mrr": 0.858806404657933, "map": 0.9699237185838108, "p@1": 0.7179039301310044, "p@5": 0.8990393013100336, "mode": "android.dev", "roc": 0.16255280834013464, "roc@5": 0.001949813592531189}
{"loss": 0.45452448573589765, "mrr": 0.8475609756097562, "map": 0.9690147050221021, "p@1": 0.695993031358885, "p@5": 0.8980836236933709, "mode": "android.test", "roc": 0.15274041553169904, "roc@5": 0.0014541829122825757}
question retrieval loss 0.007889523170888424

{"loss": 0.15670278187646725, "mrr": 0.6512323833065592, "map": 0.462777461124906, "p@1": 0.510989010989011, "p@5": 0.4076923076923077, "mode": "dev", "roc": 0.6565064196011501, "roc@5": 0.07258148468257268}
{"loss": 0.1601591522014549, "mrr": 0.6715159501545857, "map": 0.4624245868966617, "p@1": 0.5307262569832403, "p@5": 0.3865921787709496, "mode": "test", "roc": 0.6384531328434071, "roc@5": 0.06364306939402695}
{"loss": 0.4411485584086726, "mrr": 0.8596797671033478, "map": 0.9698839419447135, "p@1": 0.719650655021834, "p@5": 0.8999126637554486, "mode": "android.dev", "roc": 0.16338147556227947, "roc@5": 0.0021882615903926926}
{"loss": 0.4480921437295368, "mrr": 0.8510452961672474, "map": 0.969198522956732, "p@1": 0.7029616724738676, "p@5": 0.8989547038327439, "mode": "android.test", "roc": 0.15508417810536065, "roc@5": 0.0016423293987786855}
Epoch 8

{"loss": 0.15739393399281243, "mrr": 0.6401096331485795, "map": 0.4577344029970791, "p@1": 0.4945054945054945, "p@5": 0.4087912087912089, "mode": "dev", "roc": 0.6511402354156302, "roc@5": 0.07420412097753831}
{"loss": 0.16044827649244967, "mrr": 0.6774300779262554, "map": 0.4786731634635546, "p@1": 0.5418994413407822, "p@5": 0.3910614525139664, "mode": "test", "roc": 0.639666919000757, "roc@5": 0.06290059381905225}
{"loss": 0.440358876518287, "mrr": 0.8585152838427947, "map": 0.9698874767423131, "p@1": 0.7170305676855895, "p@5": 0.9009606986899465, "mode": "android.dev", "roc": 0.16475850208588677, "roc@5": 0.002117878907660764}
{"loss": 0.44918514317784214, "mrr": 0.8481416957026714, "map": 0.969045511906117, "p@1": 0.6968641114982579, "p@5": 0.8986062717769949, "mode": "android.test", "roc": 0.15384811550855457, "roc@5": 0.0015772401146539904}
question retrieval loss 0.031260378658771515

{"loss": 0.1566078334939308, "mrr": 0.6408658420334246, "map": 0.4576367753903612, "p@1": 0.5, "p@5": 0.39780219780219783, "mode": "dev", "roc": 0.6533756206676444, "roc@5": 0.0743300790460973}
{"loss": 0.16111151093627488, "mrr": 0.6669843910214388, "map": 0.46644791786430856, "p@1": 0.5307262569832403, "p@5": 0.394413407821229, "mode": "test", "roc": 0.6369173382573452, "roc@5": 0.06905022847264702}
{"loss": 0.44161849260557945, "mrr": 0.8570596797671033, "map": 0.9698989348831805, "p@1": 0.714410480349345, "p@5": 0.9027074235807763, "mode": "android.dev", "roc": 0.16384588751851992, "roc@5": 0.0021628100748189243}
{"loss": 0.4476888264579705, "mrr": 0.8509001161440186, "map": 0.9692096094618129, "p@1": 0.7020905923344948, "p@5": 0.8994773519163675, "mode": "android.test", "roc": 0.15734697787035554, "roc@5": 0.0016229592835905924}
question retrieval loss 0.008666726760566235

{"loss": 0.1548352125970708, "mrr": 0.6402791271609953, "map": 0.4592481339124238, "p@1": 0.489010989010989, "p@5": 0.3989010989010988, "mode": "dev", "roc": 0.659130052076252, "roc@5": 0.07530810640196701}
{"loss": 0.1584114003250136, "mrr": 0.6686072405493163, "map": 0.47296068046808093, "p@1": 0.5307262569832403, "p@5": 0.394413407821229, "mode": "test", "roc": 0.6456555494399958, "roc@5": 0.06970392979409215}
{"loss": 0.44192744059951805, "mrr": 0.8554585152838428, "map": 0.9696501572382277, "p@1": 0.7109170305676856, "p@5": 0.8988646288209509, "mode": "android.dev", "roc": 0.16079363228674046, "roc@5": 0.0021508663468401733}
{"loss": 0.4489259445400526, "mrr": 0.8443670150987225, "map": 0.9688634473053684, "p@1": 0.6890243902439024, "p@5": 0.8982578397212457, "mode": "android.test", "roc": 0.1513650376542221, "roc@5": 0.0016168349089355333}

{"loss": 0.15609477893807566, "mrr": 0.6392579871288663, "map": 0.4603658553173485, "p@1": 0.4945054945054945, "p@5": 0.40879120879120884, "mode": "dev", "roc": 0.6527813949559721, "roc@5": 0.07239625222880948}
{"loss": 0.15929292685185772, "mrr": 0.664539988499853, "map": 0.4599136071839916, "p@1": 0.5251396648044693, "p@5": 0.38994413407821227, "mode": "test", "roc": 0.6379495407142938, "roc@5": 0.06796879665692301}
{"loss": 0.44028790768675147, "mrr": 0.856768558951965, "map": 0.9697389395797968, "p@1": 0.7135371179039302, "p@5": 0.8999126637554484, "mode": "android.dev", "roc": 0.16201782174839116, "roc@5": 0.002123139835460928}
{"loss": 0.4468719347174043, "mrr": 0.8488675958188154, "map": 0.9690126878569199, "p@1": 0.6986062717770035, "p@5": 0.8989547038327435, "mode": "android.test", "roc": 0.1531056846303121, "roc@5": 0.0015699763214584554}

{"loss": 0.1548856071728681, "mrr": 0.6400507024577806, "map": 0.45247944880936575, "p@1": 0.4945054945054945, "p@5": 0.4087912087912087, "mode": "dev", "roc": 0.6602766409650462, "roc@5": 0.07291490309934645}
{"loss": 0.15841757907537357, "mrr": 0.6801835599468645, "map": 0.4836328989897061, "p@1": 0.547486033519553, "p@5": 0.3921787709497207, "mode": "test", "roc": 0.645003865715222, "roc@5": 0.06594312959911162}
{"loss": 0.4438706788726509, "mrr": 0.8620087336244542, "map": 0.9701225600060412, "p@1": 0.7240174672489083, "p@5": 0.9000873362445315, "mode": "android.dev", "roc": 0.16451676245346927, "roc@5": 0.002189399088295431}
{"loss": 0.4518278298643174, "mrr": 0.8485772357723578, "map": 0.9690966368807128, "p@1": 0.6977351916376306, "p@5": 0.8998257839721168, "mode": "android.test", "roc": 0.1540520714272998, "roc@5": 0.0016380565792519003}
question retrieval loss 0.03268400952219963

{"loss": 0.1555144132120064, "mrr": 0.6441053223333444, "map": 0.45845761684826036, "p@1": 0.5, "p@5": 0.408791208791209, "mode": "dev", "roc": 0.6563737931642556, "roc@5": 0.07298899608085173}
{"loss": 0.15925652220814004, "mrr": 0.6644752720245221, "map": 0.464627117641429, "p@1": 0.5251396648044693, "p@5": 0.38435754189944127, "mode": "test", "roc": 0.6386669980905465, "roc@5": 0.0636027174606044}
{"loss": 0.44199200413275236, "mrr": 0.861863173216885, "map": 0.9698971888051611, "p@1": 0.7240174672489083, "p@5": 0.8990393013100336, "mode": "android.dev", "roc": 0.16110547733677621, "roc@5": 0.0022023381269390785}
{"loss": 0.4477880410452532, "mrr": 0.848432055749129, "map": 0.9692072070070968, "p@1": 0.6977351916376306, "p@5": 0.8998257839721165, "mode": "android.test", "roc": 0.15427541170396486, "roc@5": 0.0016326443411846389}
Epoch 9
question retrieval loss 0.022067975252866745

{"loss": 0.15618442740434638, "mrr": 0.6382672730200203, "map": 0.45714916967043173, "p@1": 0.489010989010989, "p@5": 0.40659340659340676, "mode": "dev", "roc": 0.6538168443725083, "roc@5": 0.07496727868704273}
{"loss": 0.15899946056722597, "mrr": 0.6736992339719478, "map": 0.47790459524520623, "p@1": 0.5307262569832403, "p@5": 0.3888268156424581, "mode": "test", "roc": 0.6419762601505289, "roc@5": 0.06321533889974804}
{"loss": 0.4403474308127399, "mrr": 0.861863173216885, "map": 0.970026194579367, "p@1": 0.7240174672489083, "p@5": 0.9028820960698595, "mode": "android.dev", "roc": 0.1641946230474138, "roc@5": 0.0021736163048949376}
{"loss": 0.4484663747992522, "mrr": 0.847706155632985, "map": 0.9691525829962496, "p@1": 0.695993031358885, "p@5": 0.8982578397212455, "mode": "android.test", "roc": 0.15355336217486515, "roc@5": 0.0016410475529206499}
question retrieval loss 0.014118755236268044
question retrieval loss 0.022457372397184372

{"loss": 0.15604381972749892, "mrr": 0.6372445244011179, "map": 0.4543526141694627, "p@1": 0.4945054945054945, "p@5": 0.4021978021978022, "mode": "dev", "roc": 0.6549989978924251, "roc@5": 0.07553038534648285}
{"loss": 0.16034605835861002, "mrr": 0.6775058062914575, "map": 0.47414562552393363, "p@1": 0.547486033519553, "p@5": 0.38659217877094965, "mode": "test", "roc": 0.6409662512569627, "roc@5": 0.06925198813975973}
{"loss": 0.44345657121406373, "mrr": 0.8583697234352256, "map": 0.9700286125141604, "p@1": 0.7170305676855895, "p@5": 0.9027074235807764, "mode": "android.dev", "roc": 0.16575522751379926, "roc@5": 0.002225799021183055}
{"loss": 0.44950034047269266, "mrr": 0.8487224157955866, "map": 0.9692322138336954, "p@1": 0.6977351916376306, "p@5": 0.8994773519163675, "mode": "android.test", "roc": 0.15818636614502665, "roc@5": 0.0016802150652495144}
question retrieval loss 0.004239547997713089
question retrieval loss 0.001669777208007872
question retrieval loss 0.06537545472383499

{"loss": 0.154335990031301, "mrr": 0.6449260065331494, "map": 0.45531793507396345, "p@1": 0.5054945054945055, "p@5": 0.4010989010989011, "mode": "dev", "roc": 0.6581257217119478, "roc@5": 0.07624908726708407}
{"loss": 0.15802472406561233, "mrr": 0.6722514858136733, "map": 0.4754610805815129, "p@1": 0.5418994413407822, "p@5": 0.394413407821229, "mode": "test", "roc": 0.6489139680638658, "roc@5": 0.06952638128703299}
{"loss": 0.44543974240794454, "mrr": 0.8583697234352256, "map": 0.9697071010814579, "p@1": 0.7170305676855895, "p@5": 0.8985152838427848, "mode": "android.dev", "roc": 0.15981902408367435, "roc@5": 0.0021154617246174454}
{"loss": 0.4525692010746996, "mrr": 0.8434959349593496, "map": 0.9688329527544403, "p@1": 0.6872822299651568, "p@5": 0.8982578397212457, "mode": "android.test", "roc": 0.15013049190834807, "roc@5": 0.0015836493439441684}
question retrieval loss 0.0037679090164601803

{"loss": 0.1561629625733246, "mrr": 0.634959111401419, "map": 0.45752394901129034, "p@1": 0.489010989010989, "p@5": 0.40769230769230763, "mode": "dev", "roc": 0.6534852782802723, "roc@5": 0.07252961959551898}
{"loss": 0.15993051413529913, "mrr": 0.6672332992238901, "map": 0.47400418395894944, "p@1": 0.5307262569832403, "p@5": 0.3888268156424581, "mode": "test", "roc": 0.6401543703565012, "roc@5": 0.06733930649553142}
{"loss": 0.4444315258836512, "mrr": 0.8572052401746725, "map": 0.9696364803058799, "p@1": 0.714410480349345, "p@5": 0.8976419213973698, "mode": "android.dev", "roc": 0.1613028118948156, "roc@5": 0.0019327511239901152}
{"loss": 0.450852984561705, "mrr": 0.8440766550522649, "map": 0.9689520768171656, "p@1": 0.6890243902439024, "p@5": 0.8987804878048691, "mode": "android.test", "roc": 0.1524538446474034, "roc@5": 0.0014305399775676971}

{"loss": 0.155444170732133, "mrr": 0.6417817705350026, "map": 0.4550510404981684, "p@1": 0.4945054945054945, "p@5": 0.40659340659340665, "mode": "dev", "roc": 0.6576882026561592, "roc@5": 0.07230734065100315}
{"loss": 0.1589353183081488, "mrr": 0.6750355732346324, "map": 0.4816468381298926, "p@1": 0.547486033519553, "p@5": 0.39106145251396646, "mode": "test", "roc": 0.6425173795777251, "roc@5": 0.06612874849285529}
{"loss": 0.4471216589423897, "mrr": 0.8602620087336245, "map": 0.9700279632571582, "p@1": 0.7205240174672489, "p@5": 0.8992139737991166, "mode": "android.dev", "roc": 0.1638219929532005, "roc@5": 0.0019191011491572563}
{"loss": 0.45367818625273915, "mrr": 0.8490127758420442, "map": 0.9691803137576835, "p@1": 0.6986062717770035, "p@5": 0.8991289198606183, "mode": "android.test", "roc": 0.15438411935409213, "roc@5": 0.001443928145418291}
question retrieval loss 0.03332815319299698
question retrieval loss 0.001253242022357881

{"loss": 0.15651663260247844, "mrr": 0.6477870366364225, "map": 0.45826896567522024, "p@1": 0.5054945054945055, "p@5": 0.4010989010989011, "mode": "dev", "roc": 0.6546200122920256, "roc@5": 0.07404852571637724}
{"loss": 0.1600964470927775, "mrr": 0.6610950395940104, "map": 0.46218671716805, "p@1": 0.5195530726256983, "p@5": 0.37988826815642457, "mode": "test", "roc": 0.6391568705622961, "roc@5": 0.06594312959911161}
{"loss": 0.44520122770008563, "mrr": 0.8589519650655022, "map": 0.9697207750826511, "p@1": 0.7179039301310044, "p@5": 0.8995633187772828, "mode": "android.dev", "roc": 0.15944638688009918, "roc@5": 0.0020567383953885836}
{"loss": 0.4506425382204367, "mrr": 0.8471254355400698, "map": 0.9691006383374181, "p@1": 0.6951219512195121, "p@5": 0.899651567944242, "mode": "android.test", "roc": 0.15293421638270224, "roc@5": 0.0015617155370400042}
question retrieval loss 0.001811606460250914
question retrieval loss 0.005460607819259167
