Epoch 0
question retrieval loss 0.16674873232841492
question retrieval loss 0.1023334413766861
question retrieval loss 0.02762497402727604
question retrieval loss 0.16626307368278503
question retrieval loss 0.06562834233045578
question retrieval loss 0.036366790533065796

{"loss": 0.1953232887912296, "mrr": 0.6340571279661794, "map": 0.42423914400988577, "p@1": 0.510989010989011, "p@5": 0.3593406593406594, "mode": "dev", "roc": 0.5632892986395417, "roc@5": 0.039054410551433306}
{"loss": 0.18211195094500507, "mrr": 0.6306829958193313, "map": 0.42667185742202074, "p@1": 0.48044692737430167, "p@5": 0.34413407821229064, "mode": "test", "roc": 0.5668094856096935, "roc@5": 0.05614568016411938}
{"loss": 0.26160461411742275, "mrr": 0.9270742358078603, "map": 0.9794024917038521, "p@1": 0.8541484716157205, "p@5": 0.9468995633187716, "mode": "android.dev", "roc": 0.36980794058848454, "roc@5": 0.015907908169794312}
{"loss": 0.2691328650561911, "mrr": 0.9111498257839721, "map": 0.9773818137384304, "p@1": 0.8222996515679443, "p@5": 0.9341463414634081, "mode": "android.test", "roc": 0.3463929213623173, "roc@5": 0.010555288504335129}

{"loss": 0.17544861537261078, "mrr": 0.6593099002197257, "map": 0.45171330678250105, "p@1": 0.5384615384615384, "p@5": 0.38571428571428595, "mode": "dev", "roc": 0.6116471944136855, "roc@5": 0.06974372349092045}
{"loss": 0.173860111606812, "mrr": 0.6523870005162274, "map": 0.4429427657355407, "p@1": 0.5139664804469274, "p@5": 0.36759776536312855, "mode": "test", "roc": 0.5970669793672494, "roc@5": 0.06336867624675369}
{"loss": 0.33892649664466296, "mrr": 0.9104803493449781, "map": 0.9762290151586565, "p@1": 0.8209606986899564, "p@5": 0.933100436681216, "mode": "android.dev", "roc": 0.28746786568424765, "roc@5": 0.010598067959812201}
{"loss": 0.3491793196175397, "mrr": 0.8966318234610919, "map": 0.9747307819577388, "p@1": 0.7935540069686411, "p@5": 0.9238675958188077, "mode": "android.test", "roc": 0.26568997845786824, "roc@5": 0.008211646993893427}
question retrieval loss 0.00020045116252731532
question retrieval loss 0.1261378824710846
question retrieval loss 0.10552331060171127
question retrieval loss 0.02218954637646675

{"loss": 0.16946084991194676, "mrr": 0.6576122160357778, "map": 0.46340708899110095, "p@1": 0.5274725274725275, "p@5": 0.3989010989010989, "mode": "dev", "roc": 0.6280395256419138, "roc@5": 0.07108480645616604}
{"loss": 0.16845880911878033, "mrr": 0.6466722333941319, "map": 0.45017752562999, "p@1": 0.49162011173184356, "p@5": 0.3687150837988827, "mode": "test", "roc": 0.6155957801562104, "roc@5": 0.06311849425953395}
{"loss": 0.38933110143582633, "mrr": 0.8981077147016011, "map": 0.9742405437724674, "p@1": 0.7965065502183406, "p@5": 0.9238427947598173, "mode": "android.dev", "roc": 0.23362922971485767, "roc@5": 0.006643272126467018}
{"loss": 0.40210360014415264, "mrr": 0.8879210220673636, "map": 0.9726518498125161, "p@1": 0.7761324041811847, "p@5": 0.9132404181184585, "mode": "android.test", "roc": 0.21252852641136574, "roc@5": 0.00539799533550535}
question retrieval loss 0.014762659557163715

{"loss": 0.16677953284950212, "mrr": 0.6582414075545943, "map": 0.45402235164509647, "p@1": 0.532967032967033, "p@5": 0.3923076923076924, "mode": "dev", "roc": 0.6302056339562208, "roc@5": 0.06767652930692314}
{"loss": 0.17037033254811385, "mrr": 0.6450527014673373, "map": 0.4496622887368281, "p@1": 0.4860335195530726, "p@5": 0.37653631284916206, "mode": "test", "roc": 0.6046656519500475, "roc@5": 0.06494240165023267}
{"loss": 0.40712528087719296, "mrr": 0.8831149927219796, "map": 0.972505054730566, "p@1": 0.7668122270742358, "p@5": 0.9140611353711704, "mode": "android.dev", "roc": 0.20269584870140397, "roc@5": 0.004176181362665613}
{"loss": 0.41780929421220714, "mrr": 0.8748548199767713, "map": 0.9712905985672685, "p@1": 0.75, "p@5": 0.9092334494773435, "mode": "android.test", "roc": 0.18721556730580927, "roc@5": 0.0031134611618508427}
question retrieval loss 0.02434009313583374

{"loss": 0.16541977238503622, "mrr": 0.6588026312371821, "map": 0.46558828275215397, "p@1": 0.5274725274725275, "p@5": 0.3989010989010989, "mode": "dev", "roc": 0.6396613802559246, "roc@5": 0.06887683560730867}
{"loss": 0.1688183663964438, "mrr": 0.6485659270229552, "map": 0.457272241417838, "p@1": 0.4972067039106145, "p@5": 0.37765363128491625, "mode": "test", "roc": 0.6163079917811182, "roc@5": 0.056339369444547566}
{"loss": 0.42566320351507986, "mrr": 0.8739446870451237, "map": 0.9717176814361085, "p@1": 0.748471615720524, "p@5": 0.90934497816593, "mode": "android.dev", "roc": 0.1898343092117424, "roc@5": 0.003451026449669984}
{"loss": 0.4357348648913996, "mrr": 0.8691927990708479, "map": 0.9708796485288614, "p@1": 0.7386759581881533, "p@5": 0.9076655052264723, "mode": "android.test", "roc": 0.17755454432160087, "roc@5": 0.002368566291014616}
question retrieval loss 0.14977113902568817

{"loss": 0.16375362551208217, "mrr": 0.6422872299075818, "map": 0.45014676334207093, "p@1": 0.4945054945054945, "p@5": 0.40659340659340665, "mode": "dev", "roc": 0.6408238991357424, "roc@5": 0.07281117292523907}
{"loss": 0.16409476368308235, "mrr": 0.6610306380704792, "map": 0.4716001261012751, "p@1": 0.5139664804469274, "p@5": 0.38324022346368714, "mode": "test", "roc": 0.6220779147412069, "roc@5": 0.057743616727651895}
{"loss": 0.41976520469875833, "mrr": 0.866957787481805, "map": 0.9709655463533725, "p@1": 0.7344978165938865, "p@5": 0.9068995633187682, "mode": "android.dev", "roc": 0.17919834124368336, "roc@5": 0.003172623837974799}
{"loss": 0.4284000269134078, "mrr": 0.8655632984901278, "map": 0.9702183010434803, "p@1": 0.7317073170731707, "p@5": 0.9036585365853572, "mode": "android.test", "roc": 0.1686188823016255, "roc@5": 0.002210044686570884}
question retrieval loss 0.004104533698409796
Epoch 1
question retrieval loss 0.12084876000881195

{"loss": 0.16256028345714396, "mrr": 0.660935672906423, "map": 0.46761017493845175, "p@1": 0.532967032967033, "p@5": 0.4098901098901099, "mode": "dev", "roc": 0.6398132708680104, "roc@5": 0.06936584928524352}
{"loss": 0.1634366270648992, "mrr": 0.6707022746275908, "map": 0.4764670756064524, "p@1": 0.5363128491620112, "p@5": 0.38324022346368714, "mode": "test", "roc": 0.6251531355873385, "roc@5": 0.061076686428353524}
{"loss": 0.41679618983614913, "mrr": 0.8743813682678311, "map": 0.9714222193787232, "p@1": 0.7493449781659388, "p@5": 0.9089956331877638, "mode": "android.dev", "roc": 0.18499145454700572, "roc@5": 0.0034252905596205306}
{"loss": 0.42825607159450807, "mrr": 0.8626596980255518, "map": 0.9702260372416585, "p@1": 0.725609756097561, "p@5": 0.9057491289198525, "mode": "android.test", "roc": 0.17147902223646497, "roc@5": 0.00235574783243426}
question retrieval loss 0.001366016804240644

{"loss": 0.16286694333161955, "mrr": 0.6407884208910392, "map": 0.445991077904482, "p@1": 0.489010989010989, "p@5": 0.4131868131868131, "mode": "dev", "roc": 0.6410091315895056, "roc@5": 0.07250739170106742}
{"loss": 0.1630408651086205, "mrr": 0.6584341707772099, "map": 0.46520869143770166, "p@1": 0.5083798882681564, "p@5": 0.37541899441340776, "mode": "test", "roc": 0.6235753749905173, "roc@5": 0.06294094575247479}
{"loss": 0.4145582067166093, "mrr": 0.8713245997088791, "map": 0.971159915822041, "p@1": 0.743231441048035, "p@5": 0.9077729257641824, "mode": "android.dev", "roc": 0.18429898847999002, "roc@5": 0.0032451393292743614}
{"loss": 0.423470756670181, "mrr": 0.8635307781649245, "map": 0.9702851106857987, "p@1": 0.7273519163763066, "p@5": 0.9043554006968556, "mode": "android.test", "roc": 0.17338957788103762, "roc@5": 0.002232975484697965}
question retrieval loss 0.020783115178346634
question retrieval loss 0.02148250862956047
question retrieval loss 0.0028491239063441753

{"loss": 0.16058234638626595, "mrr": 0.6534721482281275, "map": 0.45529970240429696, "p@1": 0.510989010989011, "p@5": 0.40659340659340654, "mode": "dev", "roc": 0.6488652104185105, "roc@5": 0.07066247646158592}
{"loss": 0.16079978818885524, "mrr": 0.6684224421728097, "map": 0.46669154411296226, "p@1": 0.5251396648044693, "p@5": 0.3821229050279329, "mode": "test", "roc": 0.637645690655622, "roc@5": 0.059188215944178744}
{"loss": 0.4312755846219162, "mrr": 0.8687045123726346, "map": 0.970746584527635, "p@1": 0.7379912663755459, "p@5": 0.9039301310043573, "mode": "android.dev", "roc": 0.17514781074309899, "roc@5": 0.002958063296070798}
{"loss": 0.44242395820154545, "mrr": 0.8526422764227642, "map": 0.9695537986823471, "p@1": 0.705574912891986, "p@5": 0.9006968641114895, "mode": "android.test", "roc": 0.16180181950898184, "roc@5": 0.0019918460360697173}
question retrieval loss 0.011718983761966228
question retrieval loss 0.05472888424992561

{"loss": 0.16085390391974494, "mrr": 0.6588563679909833, "map": 0.46880348818142475, "p@1": 0.521978021978022, "p@5": 0.41428571428571426, "mode": "dev", "roc": 0.644804915032021, "roc@5": 0.06863232876834124}
{"loss": 0.16422699916816458, "mrr": 0.6594000577766165, "map": 0.46740889845710965, "p@1": 0.5139664804469274, "p@5": 0.3888268156424581, "mode": "test", "roc": 0.6236520436640202, "roc@5": 0.061334938802257766}
{"loss": 0.43031448260697996, "mrr": 0.8708879184861718, "map": 0.9707491398330828, "p@1": 0.74235807860262, "p@5": 0.9044541484716059, "mode": "android.dev", "roc": 0.17572935654587388, "roc@5": 0.002736962141226052}
{"loss": 0.4402127142911225, "mrr": 0.8574332171893148, "map": 0.9697989338678363, "p@1": 0.7151567944250871, "p@5": 0.9015679442508624, "mode": "android.test", "roc": 0.16546981431038477, "roc@5": 0.001813527034485214}
question retrieval loss 0.005767076276242733

{"loss": 0.16034113977022552, "mrr": 0.6524687842682348, "map": 0.4620054179364975, "p@1": 0.5164835164835165, "p@5": 0.41428571428571426, "mode": "dev", "roc": 0.6508079283935789, "roc@5": 0.06874346824059917}
{"loss": 0.16277480359038327, "mrr": 0.6434287308416023, "map": 0.45061444177191146, "p@1": 0.48044692737430167, "p@5": 0.38659217877094976, "mode": "test", "roc": 0.6328337225949844, "roc@5": 0.05533864149566863}
{"loss": 0.43822615984745944, "mrr": 0.866957787481805, "map": 0.9705679834609083, "p@1": 0.7344978165938865, "p@5": 0.9044541484716061, "mode": "android.dev", "roc": 0.17289676637783696, "roc@5": 0.002577996809318383}
{"loss": 0.44839981709889265, "mrr": 0.8535133565621371, "map": 0.9695732201907394, "p@1": 0.7073170731707317, "p@5": 0.9010452961672387, "mode": "android.test", "roc": 0.1621195606117254, "roc@5": 0.0017941569192971207}
question retrieval loss 0.024529118090867996

{"loss": 0.16124665125140122, "mrr": 0.6600319345956064, "map": 0.46138910574012487, "p@1": 0.521978021978022, "p@5": 0.4054945054945055, "mode": "dev", "roc": 0.6474781898047316, "roc@5": 0.07175164328971355}
{"loss": 0.16141166398041576, "mrr": 0.6610107763566088, "map": 0.4614816702756213, "p@1": 0.5139664804469274, "p@5": 0.3877094972067038, "mode": "test", "roc": 0.6302221454638777, "roc@5": 0.059737002238725266}
{"loss": 0.427569028899464, "mrr": 0.8662299854439591, "map": 0.9703622416967776, "p@1": 0.7327510917030567, "p@5": 0.904628820960689, "mode": "android.dev", "roc": 0.1691232948195502, "roc@5": 0.0024845797940560048}
{"loss": 0.43577653484237266, "mrr": 0.8578687572590012, "map": 0.9695889463309305, "p@1": 0.7168989547038328, "p@5": 0.9022648083623606, "mode": "android.test", "roc": 0.16135005430041485, "roc@5": 0.0017193825775783794}
Epoch 2
question retrieval loss 0.09746040403842926
question retrieval loss 0.01809883303940296

{"loss": 0.16014811911256882, "mrr": 0.6678595824200221, "map": 0.4669909008951566, "p@1": 0.532967032967033, "p@5": 0.4087912087912087, "mode": "dev", "roc": 0.6453131928851473, "roc@5": 0.06931398419818982}
{"loss": 0.16203096767304745, "mrr": 0.6729853916379938, "map": 0.4783639105445517, "p@1": 0.5307262569832403, "p@5": 0.3798882681564244, "mode": "test", "roc": 0.6306454372454802, "roc@5": 0.06214197747070852}
{"loss": 0.42493397693381557, "mrr": 0.8656477438136826, "map": 0.9704447195372714, "p@1": 0.7318777292576419, "p@5": 0.9049781659388552, "mode": "android.dev", "roc": 0.17138012620539228, "roc@5": 0.00274492462654522}
{"loss": 0.4340259022540202, "mrr": 0.8522067363530779, "map": 0.9694406111811945, "p@1": 0.7047038327526133, "p@5": 0.9005226480836149, "mode": "android.test", "roc": 0.16223654328900283, "roc@5": 0.0018662251419822317}
question retrieval loss 0.16595694422721863

{"loss": 0.15962945906046247, "mrr": 0.6431466373531662, "map": 0.44826906441344966, "p@1": 0.489010989010989, "p@5": 0.4076923076923078, "mode": "dev", "roc": 0.6466194521490854, "roc@5": 0.07395220484042038}
{"loss": 0.16140548882787453, "mrr": 0.6623590346634606, "map": 0.45754803546921724, "p@1": 0.5139664804469274, "p@5": 0.38435754189944127, "mode": "test", "roc": 0.6306583498641753, "roc@5": 0.06407079988830584}
{"loss": 0.4206497371733579, "mrr": 0.8673944687045123, "map": 0.9703428981542068, "p@1": 0.7353711790393013, "p@5": 0.9035807860261911, "mode": "android.dev", "roc": 0.1710897727563565, "roc@5": 0.002635298266168822}
{"loss": 0.42735093854406675, "mrr": 0.8529326364692219, "map": 0.9694708383685046, "p@1": 0.7064459930313589, "p@5": 0.9008710801393643, "mode": "android.test", "roc": 0.16421218109633431, "roc@5": 0.0018508429916858052}

{"loss": 0.15858213841060564, "mrr": 0.6559627338473493, "map": 0.45194438920558766, "p@1": 0.5164835164835165, "p@5": 0.40879120879120867, "mode": "dev", "roc": 0.6545329530387569, "roc@5": 0.07172200609711143}
{"loss": 0.15835738094788898, "mrr": 0.6726073447022735, "map": 0.4748389833600093, "p@1": 0.5307262569832403, "p@5": 0.38882681564245797, "mode": "test", "roc": 0.6437682895138238, "roc@5": 0.0627553268587311}
{"loss": 0.4342095146777198, "mrr": 0.8630276564774381, "map": 0.9703506017014099, "p@1": 0.7266375545851529, "p@5": 0.9041048034934402, "mode": "android.dev", "roc": 0.16998074073863426, "roc@5": 0.0026906091016894685}
{"loss": 0.44469229404843746, "mrr": 0.8495934959349594, "map": 0.9692655472188222, "p@1": 0.6994773519163763, "p@5": 0.8991289198606183, "mode": "android.test", "roc": 0.1587509337891008, "roc@5": 0.00185810678488134}
question retrieval loss 0.03327358141541481

{"loss": 0.15892579516774596, "mrr": 0.6527999244345399, "map": 0.4585104388505656, "p@1": 0.510989010989011, "p@5": 0.4164835164835164, "mode": "dev", "roc": 0.6489863524432716, "roc@5": 0.06903243086846975}
{"loss": 0.16289516311014, "mrr": 0.6705022160156462, "map": 0.4610932841711256, "p@1": 0.5307262569832403, "p@5": 0.3810055865921787, "mode": "test", "roc": 0.6304388353463567, "roc@5": 0.06386096983450866}
{"loss": 0.4362996348029401, "mrr": 0.8662299854439591, "map": 0.9702921356773141, "p@1": 0.7327510917030567, "p@5": 0.9021834061135272, "mode": "android.dev", "roc": 0.16837443729400628, "roc@5": 0.002475053249120572}
{"loss": 0.44466241890279, "mrr": 0.8533681765389083, "map": 0.9695092841540266, "p@1": 0.7073170731707317, "p@5": 0.8999999999999914, "mode": "android.test", "roc": 0.16093120404493583, "roc@5": 0.0017079883921736186}
question retrieval loss 0.02938074991106987

{"loss": 0.15820661018433685, "mrr": 0.6545575859893896, "map": 0.4595000525351488, "p@1": 0.521978021978022, "p@5": 0.4054945054945056, "mode": "dev", "roc": 0.6547281880450233, "roc@5": 0.06936584928524352}
{"loss": 0.16104394720877682, "mrr": 0.6600244566552054, "map": 0.45840528358416843, "p@1": 0.5027932960893855, "p@5": 0.38547486033519546, "mode": "test", "roc": 0.6387142098526508, "roc@5": 0.05675902955214196}
{"loss": 0.44173885266495844, "mrr": 0.8634643377001455, "map": 0.9702780999599283, "p@1": 0.7275109170305677, "p@5": 0.9014847161571952, "mode": "android.dev", "roc": 0.16888730666090332, "roc@5": 0.002434529886335522}
{"loss": 0.4506488793403014, "mrr": 0.8511904761904763, "map": 0.9694354922755497, "p@1": 0.7029616724738676, "p@5": 0.8998257839721168, "mode": "android.test", "roc": 0.15920778365290467, "roc@5": 0.0017360465737328416}
question retrieval loss 0.0180366188287735
question retrieval loss 0.0013439103495329618

{"loss": 0.1584299824918252, "mrr": 0.6509862009175197, "map": 0.4545513901171538, "p@1": 0.5, "p@5": 0.40769230769230763, "mode": "dev", "roc": 0.6492504939223379, "roc@5": 0.07061802067268276}
{"loss": 0.1603325851958807, "mrr": 0.6734311074221914, "map": 0.4705379060248569, "p@1": 0.5251396648044693, "p@5": 0.38435754189944116, "mode": "test", "roc": 0.6340571932163557, "roc@5": 0.0612461645487282}
{"loss": 0.4349639070574113, "mrr": 0.8662299854439591, "map": 0.9702016147834093, "p@1": 0.7327510917030567, "p@5": 0.9035807860261911, "mode": "android.dev", "roc": 0.16591962439819252, "roc@5": 0.002479034491780156}
{"loss": 0.4425632050942357, "mrr": 0.8556910569105692, "map": 0.9695015812819497, "p@1": 0.7125435540069687, "p@5": 0.8991289198606183, "mode": "android.test", "roc": 0.1593106589043779, "roc@5": 0.0017579803806370058}
Epoch 3
question retrieval loss 0.013499434106051922
question retrieval loss 1.4963001376600005e-05

{"loss": 0.15783585716937004, "mrr": 0.6528003256784345, "map": 0.4574832655010204, "p@1": 0.5164835164835165, "p@5": 0.40659340659340654, "mode": "dev", "roc": 0.6482294926371952, "roc@5": 0.07157382013410088}
{"loss": 0.16039600035217305, "mrr": 0.6714312783725759, "map": 0.474255081536064, "p@1": 0.5251396648044693, "p@5": 0.39441340782122886, "mode": "test", "roc": 0.6374709667839025, "roc@5": 0.06319919812637903}
{"loss": 0.43156358070964373, "mrr": 0.860844250363901, "map": 0.9700984401620533, "p@1": 0.7222707423580786, "p@5": 0.9034061135371082, "mode": "android.dev", "roc": 0.16734025263828423, "roc@5": 0.002487707913288535}
{"loss": 0.43974766566317514, "mrr": 0.8471254355400698, "map": 0.9691980276103107, "p@1": 0.6951219512195121, "p@5": 0.8986062717769947, "mode": "android.test", "roc": 0.15889432249105384, "roc@5": 0.0017856112802435505}

{"loss": 0.1580841654289903, "mrr": 0.6346712429816825, "map": 0.44591713255787546, "p@1": 0.4725274725274725, "p@5": 0.4131868131868132, "mode": "dev", "roc": 0.6515840523748468, "roc@5": 0.07341873537358236}
{"loss": 0.16017773279181405, "mrr": 0.6630048793981979, "map": 0.45920376892094344, "p@1": 0.5083798882681564, "p@5": 0.3899441340782122, "mode": "test", "roc": 0.6342234431820566, "roc@5": 0.0658301441855285}
{"loss": 0.4337582680921367, "mrr": 0.8625909752547307, "map": 0.9701864710577607, "p@1": 0.725764192139738, "p@5": 0.9016593886462784, "mode": "android.dev", "roc": 0.16823992105764557, "roc@5": 0.002423723656259509}
{"loss": 0.4391307077136942, "mrr": 0.8539488966318235, "map": 0.9695637063441437, "p@1": 0.7081881533101045, "p@5": 0.8991289198606185, "mode": "android.test", "roc": 0.16253146753547335, "roc@5": 0.0018046965407965247}
question retrieval loss 0.030319150537252426
question retrieval loss 0.021061325445771217

{"loss": 0.1565456027177848, "mrr": 0.6396964271349757, "map": 0.4476178613098375, "p@1": 0.489010989010989, "p@5": 0.4109890109890109, "mode": "dev", "roc": 0.6582942832448725, "roc@5": 0.07268521485668009}
{"loss": 0.15808648201142692, "mrr": 0.6581766071118251, "map": 0.46284240138529587, "p@1": 0.4972067039106145, "p@5": 0.3910614525139664, "mode": "test", "roc": 0.6494817197671209, "roc@5": 0.06426448916873402}
{"loss": 0.44256442392562156, "mrr": 0.8605531295487626, "map": 0.9699866721169886, "p@1": 0.7213973799126637, "p@5": 0.8981659388646188, "mode": "android.dev", "roc": 0.16511002448464238, "roc@5": 0.0024407861248005825}
{"loss": 0.45159435850805, "mrr": 0.8490127758420442, "map": 0.9691911899988624, "p@1": 0.6986062717770035, "p@5": 0.8979094076654964, "mode": "android.test", "roc": 0.15444943652192494, "roc@5": 0.0017457316313268883}

{"loss": 0.15738021058624016, "mrr": 0.6551262354219267, "map": 0.45656688725398786, "p@1": 0.521978021978022, "p@5": 0.41098901098901097, "mode": "dev", "roc": 0.6519926751678483, "roc@5": 0.06954367244085619}
{"loss": 0.16044693209709568, "mrr": 0.6580683820036001, "map": 0.45665870850578016, "p@1": 0.5083798882681564, "p@5": 0.3877094972067038, "mode": "test", "roc": 0.6354335976653985, "roc@5": 0.06511187977060733}
{"loss": 0.43769414912925536, "mrr": 0.8634643377001455, "map": 0.9702170846062683, "p@1": 0.7275109170305677, "p@5": 0.9020087336244446, "mode": "android.dev", "roc": 0.16928329811829412, "roc@5": 0.002325330087672651}
{"loss": 0.4455648637879705, "mrr": 0.8507549361207899, "map": 0.9695020102900357, "p@1": 0.7020905923344948, "p@5": 0.9003484320557403, "mode": "android.test", "roc": 0.16031684381064293, "roc@5": 0.0016757998184051698}

{"loss": 0.1570423636099344, "mrr": 0.6538097504273551, "map": 0.4521179897950067, "p@1": 0.521978021978022, "p@5": 0.40659340659340676, "mode": "dev", "roc": 0.6577722981901677, "roc@5": 0.06869160315354547}
{"loss": 0.1604436948926672, "mrr": 0.6584186734399905, "map": 0.4518576809442122, "p@1": 0.5027932960893855, "p@5": 0.3877094972067039, "mode": "test", "roc": 0.6404311846197799, "roc@5": 0.06203706244380993}
{"loss": 0.44474112068559146, "mrr": 0.8621542940320233, "map": 0.970221840977504, "p@1": 0.7248908296943232, "p@5": 0.8990393013100336, "mode": "android.dev", "roc": 0.16976487918350402, "roc@5": 0.0021741850538463067}
{"loss": 0.45258131743171853, "mrr": 0.8485772357723578, "map": 0.9694110474135015, "p@1": 0.6977351916376306, "p@5": 0.8989547038327439, "mode": "android.test", "roc": 0.15903438551514185, "roc@5": 0.0016527265929605296}
question retrieval loss 0.01898743025958538
question retrieval loss 0.025565549731254578

{"loss": 0.15802258988560924, "mrr": 0.6508687712743527, "map": 0.4565526736879136, "p@1": 0.5, "p@5": 0.4076923076923076, "mode": "dev", "roc": 0.6517555776270315, "roc@5": 0.07242588942141161}
{"loss": 0.1596847591094423, "mrr": 0.6696631629666032, "map": 0.4672426344411673, "p@1": 0.5195530726256983, "p@5": 0.3877094972067038, "mode": "test", "roc": 0.6357644835194634, "roc@5": 0.06313463503290297}
{"loss": 0.43717482608283453, "mrr": 0.8649199417758369, "map": 0.9702129170974519, "p@1": 0.7301310043668122, "p@5": 0.9021834061135274, "mode": "android.dev", "roc": 0.16543703380359392, "roc@5": 0.0021861287818250585}
{"loss": 0.44411338317023025, "mrr": 0.8548199767711964, "map": 0.9695875398806582, "p@1": 0.710801393728223, "p@5": 0.9003484320557406, "mode": "android.test", "roc": 0.1588017589773719, "roc@5": 0.0016571418398048743}
Epoch 4

{"loss": 0.1575283312499728, "mrr": 0.6418735034806463, "map": 0.44971483928897515, "p@1": 0.4945054945054945, "p@5": 0.40439560439560424, "mode": "dev", "roc": 0.6485117868967303, "roc@5": 0.07141822487293978}
{"loss": 0.15988893199753662, "mrr": 0.6726677668995672, "map": 0.4666900970479178, "p@1": 0.5251396648044693, "p@5": 0.3932960893854749, "mode": "test", "roc": 0.6396673225200912, "roc@5": 0.0647648531431735}
{"loss": 0.4297458465052484, "mrr": 0.860844250363901, "map": 0.9701942909307758, "p@1": 0.7222707423580786, "p@5": 0.9023580786026104, "mode": "android.dev", "roc": 0.16870682129054826, "roc@5": 0.002354478471430318}
{"loss": 0.4380493485855542, "mrr": 0.8482868757259001, "map": 0.9693465603157128, "p@1": 0.6968641114982579, "p@5": 0.8993031358884931, "mode": "android.test", "roc": 0.1585873560148837, "roc@5": 0.0017679502928661718}
question retrieval loss 0.009697566740214825
question retrieval loss 0.004318833351135254

{"loss": 0.1577169419711476, "mrr": 0.6358026964312901, "map": 0.4445645303546881, "p@1": 0.489010989010989, "p@5": 0.4076923076923077, "mode": "dev", "roc": 0.6537746113730504, "roc@5": 0.07445603711465629}
{"loss": 0.1600492216657077, "mrr": 0.6635330394555623, "map": 0.46562410385221903, "p@1": 0.5139664804469274, "p@5": 0.3932960893854749, "mode": "test", "roc": 0.6373365948456053, "roc@5": 0.06647577512028911}
{"loss": 0.43352088826712565, "mrr": 0.8647743813682678, "map": 0.9703586695715783, "p@1": 0.7301310043668122, "p@5": 0.9021834061135272, "mode": "android.dev", "roc": 0.17136081717849336, "roc@5": 0.002408509621810385}
{"loss": 0.43983734988052564, "mrr": 0.8472706155632985, "map": 0.9694906443788146, "p@1": 0.6951219512195121, "p@5": 0.9010452961672389, "mode": "android.test", "roc": 0.16335246844344747, "roc@5": 0.0018313304491801524}
question retrieval loss 0.00537495082244277
question retrieval loss 0.029626047238707542

{"loss": 0.1562036793374528, "mrr": 0.6513333910756343, "map": 0.45052940724171214, "p@1": 0.5164835164835165, "p@5": 0.40439560439560446, "mode": "dev", "roc": 0.6596131383156665, "roc@5": 0.07162568522115458}
{"loss": 0.15776470616491065, "mrr": 0.6533609750862029, "map": 0.4679079052494972, "p@1": 0.4972067039106145, "p@5": 0.3921787709497207, "mode": "test", "roc": 0.6509331788123296, "roc@5": 0.06795265588355401}
{"loss": 0.44128605773810736, "mrr": 0.8582241630276565, "map": 0.9699974045005869, "p@1": 0.7170305676855895, "p@5": 0.8986899563318677, "mode": "android.dev", "roc": 0.166760178473421, "roc@5": 0.002218831846528783}
{"loss": 0.4502737910019474, "mrr": 0.8456736353077817, "map": 0.9691800261853423, "p@1": 0.6916376306620209, "p@5": 0.8996515679442423, "mode": "android.test", "roc": 0.15495958980932548, "roc@5": 0.0016423293987786853}

{"loss": 0.15707173498326932, "mrr": 0.6408222142183034, "map": 0.45656918128447105, "p@1": 0.489010989010989, "p@5": 0.4131868131868131, "mode": "dev", "roc": 0.6532681858444618, "roc@5": 0.06981040717427521}
{"loss": 0.16090835253942196, "mrr": 0.6664159236611974, "map": 0.46172885278884285, "p@1": 0.5195530726256983, "p@5": 0.38659217877094976, "mode": "test", "roc": 0.6380314551391415, "roc@5": 0.06502310551707774}
{"loss": 0.4439666544766405, "mrr": 0.8622998544395923, "map": 0.970098788813634, "p@1": 0.7248908296943232, "p@5": 0.8999126637554484, "mode": "android.dev", "roc": 0.16630468165699322, "roc@5": 0.0020160728453656913}
{"loss": 0.45245638473660327, "mrr": 0.8468350754936121, "map": 0.9692603049622842, "p@1": 0.6942508710801394, "p@5": 0.9006968641114895, "mode": "android.test", "roc": 0.1556825295091599, "roc@5": 0.0014959141163275113}
question retrieval loss 0.01975729689002037
question retrieval loss 0.007852059789001942
question retrieval loss 0.018592052161693573

{"loss": 0.15631175985570056, "mrr": 0.647540364092562, "map": 0.45369253695546485, "p@1": 0.510989010989011, "p@5": 0.4021978021978022, "mode": "dev", "roc": 0.6596913064111545, "roc@5": 0.07103294136911233}
{"loss": 0.1591885532096403, "mrr": 0.6633002647814467, "map": 0.45687952707131924, "p@1": 0.5139664804469274, "p@5": 0.3888268156424581, "mode": "test", "roc": 0.6433643666602641, "roc@5": 0.06204513283049444}
{"loss": 0.4469317310062689, "mrr": 0.8630276564774381, "map": 0.9702880182191347, "p@1": 0.7266375545851529, "p@5": 0.8993886462881996, "mode": "android.dev", "roc": 0.16821537243103213, "roc@5": 0.0019358792432226453}
{"loss": 0.4562686435888012, "mrr": 0.8452380952380952, "map": 0.9692064031526179, "p@1": 0.6907665505226481, "p@5": 0.8980836236933709, "mode": "android.test", "roc": 0.15574937064929056, "roc@5": 0.0015320906549876263}
question retrieval loss 0.02398814633488655
question retrieval loss 0.0850827768445015

{"loss": 0.15766416902520827, "mrr": 0.6331464803063057, "map": 0.4509096853642361, "p@1": 0.4725274725274725, "p@5": 0.40439560439560435, "mode": "dev", "roc": 0.6486214445093581, "roc@5": 0.07229993135285262}
{"loss": 0.160876395110582, "mrr": 0.6681523677407241, "map": 0.45833562289683116, "p@1": 0.5195530726256983, "p@5": 0.3932960893854747, "mode": "test", "roc": 0.633454335331023, "roc@5": 0.0636027174606044}
{"loss": 0.4381208091844117, "mrr": 0.8622998544395923, "map": 0.9701015347553508, "p@1": 0.7248908296943232, "p@5": 0.9007860262008637, "mode": "android.dev", "roc": 0.16525272359654095, "roc@5": 0.002056169646437214}
{"loss": 0.44448266562256145, "mrr": 0.8533681765389083, "map": 0.9694957241543822, "p@1": 0.7073170731707317, "p@5": 0.9006968641114895, "mode": "android.test", "roc": 0.158279955135395, "roc@5": 0.0016107105342804747}
question retrieval loss 0.013242838904261589
Epoch 5
question retrieval loss 0.015730371698737144

{"loss": 0.157244464177843, "mrr": 0.6336117865650832, "map": 0.448960787500172, "p@1": 0.4835164835164835, "p@5": 0.4021978021978022, "mode": "dev", "roc": 0.6497250594688793, "roc@5": 0.07209988030278837}
{"loss": 0.15947524053382808, "mrr": 0.6729995557336563, "map": 0.46538972416194757, "p@1": 0.5307262569832403, "p@5": 0.39106145251396646, "mode": "test", "roc": 0.6402883387754641, "roc@5": 0.06496661281028619}
{"loss": 0.4394802318942859, "mrr": 0.8599708879184862, "map": 0.9702607612687488, "p@1": 0.7205240174672489, "p@5": 0.9037554585152745, "mode": "android.dev", "roc": 0.16835624443692432, "roc@5": 0.002113613290525496}
{"loss": 0.4482652457943673, "mrr": 0.8490127758420442, "map": 0.9693181520533485, "p@1": 0.6986062717770035, "p@5": 0.8999999999999915, "mode": "android.test", "roc": 0.15621405401556024, "roc@5": 0.0016343534689953533}
question retrieval loss 0.0004001833440270275

{"loss": 0.15696424363528963, "mrr": 0.631968666971899, "map": 0.44365350349353455, "p@1": 0.47802197802197804, "p@5": 0.3989010989010989, "mode": "dev", "roc": 0.6532874500196532, "roc@5": 0.07408557220712989}
{"loss": 0.16004564180741263, "mrr": 0.6618689679590885, "map": 0.462664927427502, "p@1": 0.5083798882681564, "p@5": 0.38882681564245825, "mode": "test", "roc": 0.6372692071167898, "roc@5": 0.0707046577429711}
{"loss": 0.4363149919071312, "mrr": 0.8630276564774381, "map": 0.9700416263274619, "p@1": 0.7266375545851529, "p@5": 0.9002620087336147, "mode": "android.dev", "roc": 0.16680830174406863, "roc@5": 0.0019963088193056143}
{"loss": 0.44134436629733675, "mrr": 0.8456736353077817, "map": 0.9693223402248158, "p@1": 0.6916376306620209, "p@5": 0.8991289198606183, "mode": "android.test", "roc": 0.1591021097046414, "roc@5": 0.001603019459132261}
question retrieval loss 0.0010979376966133714

{"loss": 0.15477245386208888, "mrr": 0.6351361931719075, "map": 0.4459119138412752, "p@1": 0.4835164835164835, "p@5": 0.40549450549450555, "mode": "dev", "roc": 0.6610612856391872, "roc@5": 0.07725675181555589}
{"loss": 0.1573533560461547, "mrr": 0.6579646630771299, "map": 0.46401757978162905, "p@1": 0.5027932960893855, "p@5": 0.39217877094972076, "mode": "test", "roc": 0.6515315979849858, "roc@5": 0.06843687908462447}
{"loss": 0.4429218979837072, "mrr": 0.8569141193595342, "map": 0.9697587473193926, "p@1": 0.714410480349345, "p@5": 0.898864628820951, "mode": "android.dev", "roc": 0.16287073189458806, "roc@5": 0.0021347991889639952}
{"loss": 0.4503651378840169, "mrr": 0.8413182346109176, "map": 0.9689493054811371, "p@1": 0.6829268292682927, "p@5": 0.8973867595818724, "mode": "android.test", "roc": 0.15208668126546676, "roc@5": 0.0015986042122879164}
question retrieval loss 0.07664583623409271
question retrieval loss 0.011929625645279884
question retrieval loss 0.0008760727941989899

{"loss": 0.15628609791459455, "mrr": 0.6302929998429352, "map": 0.45188937869192997, "p@1": 0.4725274725274725, "p@5": 0.41098901098901097, "mode": "dev", "roc": 0.653440081561554, "roc@5": 0.07092180189685442}
{"loss": 0.15977466994292994, "mrr": 0.668779022277993, "map": 0.46734462003210425, "p@1": 0.5195530726256983, "p@5": 0.39106145251396646, "mode": "test", "roc": 0.6386444010078298, "roc@5": 0.0662417339064384}
{"loss": 0.4442181952785717, "mrr": 0.8564774381368268, "map": 0.9700577456920522, "p@1": 0.7135371179039302, "p@5": 0.9011353711790295, "mode": "android.dev", "roc": 0.16857362028613757, "roc@5": 0.0020109541048033692}
{"loss": 0.4520696692423447, "mrr": 0.8452380952380952, "map": 0.9693212142843021, "p@1": 0.6907665505226481, "p@5": 0.8987804878048691, "mode": "android.test", "roc": 0.1579526856451068, "roc@5": 0.0014896473143548928}
question retrieval loss 0.013370255939662457

{"loss": 0.15569745700110446, "mrr": 0.637975996835887, "map": 0.4508998528851515, "p@1": 0.489010989010989, "p@5": 0.41098901098901114, "mode": "dev", "roc": 0.6576200371131744, "roc@5": 0.06961776542236148}
{"loss": 0.15903910365496768, "mrr": 0.6657177960397599, "map": 0.461958156069296, "p@1": 0.5195530726256983, "p@5": 0.38770949720670395, "mode": "test", "roc": 0.6425032564010271, "roc@5": 0.06630629699991446}
{"loss": 0.4461459971427527, "mrr": 0.8604075691411935, "map": 0.9703367720109826, "p@1": 0.7213973799126637, "p@5": 0.9030567685589422, "mode": "android.dev", "roc": 0.1687359981117535, "roc@5": 0.0020693930595565464}
{"loss": 0.45444623983987587, "mrr": 0.8445121951219513, "map": 0.9693457067685325, "p@1": 0.6898954703832753, "p@5": 0.9003484320557403, "mode": "android.test", "roc": 0.15774663604479344, "roc@5": 0.0016513023197849348}
question retrieval loss 0.021053606644272804

{"loss": 0.15627427832581675, "mrr": 0.6386596332095686, "map": 0.4570407377710391, "p@1": 0.4835164835164835, "p@5": 0.4054945054945055, "mode": "dev", "roc": 0.6547367087378965, "roc@5": 0.07198874083053045}
{"loss": 0.15907359617507325, "mrr": 0.6588330557677807, "map": 0.45742633216037065, "p@1": 0.5027932960893855, "p@5": 0.3877094972067039, "mode": "test", "roc": 0.6383272348111287, "roc@5": 0.06417571491520445}
{"loss": 0.4432271153840956, "mrr": 0.8636098981077146, "map": 0.969955519616047, "p@1": 0.7275109170305677, "p@5": 0.8999126637554486, "mode": "android.dev", "roc": 0.16195831638935415, "roc@5": 0.0019323245622765884}
{"loss": 0.4494738464100929, "mrr": 0.847706155632985, "map": 0.9692362930815157, "p@1": 0.695993031358885, "p@5": 0.8987804878048693, "mode": "android.test", "roc": 0.15547998362085852, "roc@5": 0.0015115811212590572}
Epoch 6
question retrieval loss 0.006820507347583771
question retrieval loss 0.00022636578069068491

{"loss": 0.1565709139327877, "mrr": 0.6256437472783628, "map": 0.4436497640861114, "p@1": 0.46703296703296704, "p@5": 0.40879120879120867, "mode": "dev", "roc": 0.6527276775443808, "roc@5": 0.07440417202760258}
{"loss": 0.15864937939270082, "mrr": 0.6703640449524011, "map": 0.462091626614128, "p@1": 0.5307262569832403, "p@5": 0.394413407821229, "mode": "test", "roc": 0.6416909719812315, "roc@5": 0.06495047203691717}
{"loss": 0.43059031945779336, "mrr": 0.8630276564774381, "map": 0.9703644919217972, "p@1": 0.7266375545851529, "p@5": 0.9037554585152745, "mode": "android.dev", "roc": 0.16984146122980592, "roc@5": 0.0022002053183714444}
{"loss": 0.43934938492568193, "mrr": 0.8442218350754936, "map": 0.969364925335876, "p@1": 0.6890243902439024, "p@5": 0.9017421602787372, "mode": "android.test", "roc": 0.1577391443678898, "roc@5": 0.0017497195962185544}
question retrieval loss 0.02713988721370697

{"loss": 0.15741572059322517, "mrr": 0.6288171786555756, "map": 0.44139748962270753, "p@1": 0.4725274725274725, "p@5": 0.4021978021978022, "mode": "dev", "roc": 0.653799062056947, "roc@5": 0.0743300790460973}
{"loss": 0.16094164052385027, "mrr": 0.6703448108623057, "map": 0.4690023824316313, "p@1": 0.5307262569832403, "p@5": 0.38770949720670395, "mode": "test", "roc": 0.6345026785613406, "roc@5": 0.06775089621644133}
{"loss": 0.43909077258479645, "mrr": 0.8604075691411935, "map": 0.9701430224277189, "p@1": 0.7213973799126637, "p@5": 0.9027074235807766, "mode": "android.dev", "roc": 0.16788815694058568, "roc@5": 0.002168213189856931}
{"loss": 0.4443079240572272, "mrr": 0.8474157955865274, "map": 0.9694816345198436, "p@1": 0.6951219512195121, "p@5": 0.9008710801393643, "mode": "android.test", "roc": 0.15977108369385254, "roc@5": 0.0017455892040093288}

{"loss": 0.1548196205992129, "mrr": 0.6304530405491946, "map": 0.44634489980762604, "p@1": 0.47802197802197804, "p@5": 0.4065934065934066, "mode": "dev", "roc": 0.6601580921946377, "roc@5": 0.07617499428557879}
{"loss": 0.15698010280894834, "mrr": 0.6608489014987102, "map": 0.4643987318460302, "p@1": 0.5083798882681564, "p@5": 0.394413407821229, "mode": "test", "roc": 0.6522543011125834, "roc@5": 0.06856600527157658}
{"loss": 0.4426518522690998, "mrr": 0.8561863173216885, "map": 0.969871840084934, "p@1": 0.7126637554585152, "p@5": 0.8995633187772827, "mode": "android.dev", "roc": 0.16428110132546947, "roc@5": 0.00222551464670737}
{"loss": 0.4512230850024415, "mrr": 0.8426248548199768, "map": 0.969121967556978, "p@1": 0.6855400696864111, "p@5": 0.8996515679442422, "mode": "android.test", "roc": 0.1522452242340081, "roc@5": 0.0017161067492745105}
question retrieval loss 0.0015518836444243789
question retrieval loss 0.0009205408277921379
question retrieval loss 0.029345694929361343

{"loss": 0.15662440444230213, "mrr": 0.6325652140899393, "map": 0.451450852721813, "p@1": 0.47802197802197804, "p@5": 0.40989010989010993, "mode": "dev", "roc": 0.6513262087992084, "roc@5": 0.06902502157031923}
{"loss": 0.16003518974065115, "mrr": 0.6709242389483495, "map": 0.4706477535527817, "p@1": 0.5251396648044693, "p@5": 0.3888268156424581, "mode": "test", "roc": 0.6367196137835749, "roc@5": 0.06730702494879338}
{"loss": 0.4417353286916252, "mrr": 0.8558951965065502, "map": 0.9700462003618848, "p@1": 0.7117903930131004, "p@5": 0.9028820960698596, "mode": "android.dev", "roc": 0.1684592306532935, "roc@5": 0.0020959820730330524}
{"loss": 0.448907343971702, "mrr": 0.8453832752613242, "map": 0.9693759956712715, "p@1": 0.6916376306620209, "p@5": 0.8999999999999911, "mode": "android.test", "roc": 0.15787537609713545, "roc@5": 0.001615553063077498}
question retrieval loss 0.041688669472932816

{"loss": 0.15563140184986968, "mrr": 0.6463362263499626, "map": 0.4522781564886909, "p@1": 0.5, "p@5": 0.4054945054945055, "mode": "dev", "roc": 0.6588284936415255, "roc@5": 0.06853600789238437}
{"loss": 0.15986750312877934, "mrr": 0.6628991944707908, "map": 0.46058633179330094, "p@1": 0.5195530726256983, "p@5": 0.3899441340782124, "mode": "test", "roc": 0.6429874796020977, "roc@5": 0.06681473136103844}
{"loss": 0.4525335987728886, "mrr": 0.8579330422125181, "map": 0.9699508300928227, "p@1": 0.7161572052401747, "p@5": 0.8999126637554489, "mode": "android.dev", "roc": 0.162846752016926, "roc@5": 0.001875734041615361}
{"loss": 0.46027279443688407, "mrr": 0.843205574912892, "map": 0.9690615346621437, "p@1": 0.6872822299651568, "p@5": 0.8989547038327437, "mode": "android.test", "roc": 0.15234009507023452, "roc@5": 0.0014940625611992377}
question retrieval loss 0.04032571613788605

{"loss": 0.15699524169143003, "mrr": 0.6333578585639027, "map": 0.452509052305325, "p@1": 0.4725274725274725, "p@5": 0.4054945054945054, "mode": "dev", "roc": 0.6539153880379104, "roc@5": 0.07113667154321972}
{"loss": 0.1603876087806765, "mrr": 0.6609653741012164, "map": 0.4577155365495482, "p@1": 0.5083798882681564, "p@5": 0.38547486033519546, "mode": "test", "roc": 0.6388332480562474, "roc@5": 0.06328797237990862}
{"loss": 0.4441597860534248, "mrr": 0.8583697234352256, "map": 0.970001506469714, "p@1": 0.7170305676855895, "p@5": 0.9000873362445316, "mode": "android.dev", "roc": 0.1631541323876934, "roc@5": 0.0019765447932455376}
{"loss": 0.4499967936053223, "mrr": 0.8466898954703834, "map": 0.9694053670258611, "p@1": 0.6942508710801394, "p@5": 0.9006968641114897, "mode": "android.test", "roc": 0.1572206804465097, "roc@5": 0.0015907707098221438}
Epoch 7
question retrieval loss 0.005416063126176596
question retrieval loss 0.001722512417472899

{"loss": 0.15662615742805608, "mrr": 0.6313085723800009, "map": 0.4468492338829809, "p@1": 0.47802197802197804, "p@5": 0.40000000000000013, "mode": "dev", "roc": 0.6527113770884496, "roc@5": 0.07318904713091598}
{"loss": 0.15878152757799824, "mrr": 0.677528052822084, "map": 0.4728156820573865, "p@1": 0.5307262569832403, "p@5": 0.3921787709497207, "mode": "test", "roc": 0.6439224338994979, "roc@5": 0.06574136993199893}
{"loss": 0.4354392864558374, "mrr": 0.8590975254730713, "map": 0.9703552158110186, "p@1": 0.7187772925764192, "p@5": 0.9030567685589427, "mode": "android.dev", "roc": 0.17036163902072804, "roc@5": 0.0022575067752218826}
{"loss": 0.4437055944494306, "mrr": 0.8407375145180024, "map": 0.969379415899415, "p@1": 0.6820557491289199, "p@5": 0.9013937282229881, "mode": "android.test", "roc": 0.15813466502875254, "roc@5": 0.001767523010913493}
question retrieval loss 0.007954465225338936

{"loss": 0.15660251455975102, "mrr": 0.6308067336671086, "map": 0.4421648442800954, "p@1": 0.4725274725274725, "p@5": 0.39890109890109887, "mode": "dev", "roc": 0.6548663714555306, "roc@5": 0.07482650202218268}
{"loss": 0.16056863713863842, "mrr": 0.6674635208301777, "map": 0.465110475405445, "p@1": 0.5195530726256983, "p@5": 0.3832402234636872, "mode": "test", "roc": 0.6357802207734982, "roc@5": 0.0682674009642498}
{"loss": 0.4372062089987197, "mrr": 0.860844250363901, "map": 0.9700576158898541, "p@1": 0.7222707423580786, "p@5": 0.9007860262008637, "mode": "android.dev", "roc": 0.16652925218044132, "roc@5": 0.002001569747105779}
{"loss": 0.4424648536896521, "mrr": 0.841753774680604, "map": 0.9693054808913, "p@1": 0.6837979094076655, "p@5": 0.8999999999999915, "mode": "android.test", "roc": 0.15896602752407918, "roc@5": 0.0016181167547935692}
question retrieval loss 0.028650259599089622

{"loss": 0.15523740271832998, "mrr": 0.6279092168515245, "map": 0.4415647550210799, "p@1": 0.4725274725274725, "p@5": 0.40549450549450555, "mode": "dev", "roc": 0.6600262066875584, "roc@5": 0.0786867463586078}
{"loss": 0.15794546075956115, "mrr": 0.6647811424421245, "map": 0.4650453707532263, "p@1": 0.5195530726256983, "p@5": 0.3888268156424581, "mode": "test", "roc": 0.6502601085628417, "roc@5": 0.06829161212430333}
{"loss": 0.44272955320938184, "mrr": 0.855604075691412, "map": 0.9699854761328418, "p@1": 0.7117903930131004, "p@5": 0.9002620087336147, "mode": "android.dev", "roc": 0.16546696421715978, "roc@5": 0.002007968172808681}
{"loss": 0.45097866575379664, "mrr": 0.8408826945412312, "map": 0.9692212044203292, "p@1": 0.6820557491289199, "p@5": 0.9013937282229876, "mode": "android.test", "roc": 0.1536717904894159, "roc@5": 0.0015474728052840532}
question retrieval loss 0.004600033164024353
question retrieval loss 0.028313467279076576
question retrieval loss 0.011491553857922554
question retrieval loss 0.017949333414435387
question retrieval loss 0.0025175288319587708
question retrieval loss 0.039322711527347565

{"loss": 0.15554062668029423, "mrr": 0.6365588776303064, "map": 0.4528770835227097, "p@1": 0.4835164835164835, "p@5": 0.40989010989011, "mode": "dev", "roc": 0.6543629096462023, "roc@5": 0.0708921647042523}
{"loss": 0.1597075437783529, "mrr": 0.6691323051805262, "map": 0.4748811621371437, "p@1": 0.5195530726256983, "p@5": 0.387709497206704, "mode": "test", "roc": 0.6367656149876766, "roc@5": 0.06715368760178776}
{"loss": 0.44367660740187076, "mrr": 0.8544395924308588, "map": 0.9699148876405308, "p@1": 0.7091703056768559, "p@5": 0.9007860262008636, "mode": "android.dev", "roc": 0.16527585035077597, "roc@5": 0.0018406137938683177}
{"loss": 0.4500095159008463, "mrr": 0.8442218350754936, "map": 0.969262198023148, "p@1": 0.6890243902439024, "p@5": 0.899651567944242, "mode": "android.test", "roc": 0.1563124143210668, "roc@5": 0.0014010575228328792}
question retrieval loss 0.023449542000889778

{"loss": 0.15471958091666738, "mrr": 0.6402151648717583, "map": 0.4506866059791494, "p@1": 0.489010989010989, "p@5": 0.40989010989010977, "mode": "dev", "roc": 0.6593152845300153, "roc@5": 0.07212951749539048}
{"loss": 0.15975929155175747, "mrr": 0.6678255530284344, "map": 0.46665171165875047, "p@1": 0.5251396648044693, "p@5": 0.39106145251396646, "mode": "test", "roc": 0.6410154806157382, "roc@5": 0.06657261976050322}
{"loss": 0.4438193279078564, "mrr": 0.8601164483260553, "map": 0.9701903418106779, "p@1": 0.7205240174672489, "p@5": 0.9011353711790293, "mode": "android.dev", "roc": 0.16633970948303564, "roc@5": 0.001983938529613336}
{"loss": 0.452207020202405, "mrr": 0.8423344947735193, "map": 0.9692199640391029, "p@1": 0.6855400696864111, "p@5": 0.8994773519163675, "mode": "android.test", "roc": 0.15379395752105257, "roc@5": 0.0015862130356602395}
question retrieval loss 0.0054908739402890205
question retrieval loss 0.032341424375772476

{"loss": 0.15545690936742576, "mrr": 0.6281923891127191, "map": 0.4472418096191717, "p@1": 0.46703296703296704, "p@5": 0.4054945054945054, "mode": "dev", "roc": 0.6541243302457552, "roc@5": 0.07228511275655156}
{"loss": 0.15976306674455673, "mrr": 0.6697095057577267, "map": 0.46743330041089404, "p@1": 0.5195530726256983, "p@5": 0.3854748603351956, "mode": "test", "roc": 0.6383494283745111, "roc@5": 0.06440168574237067}
{"loss": 0.440332904236806, "mrr": 0.858806404657933, "map": 0.9698756965337273, "p@1": 0.7179039301310044, "p@5": 0.898689956331868, "mode": "android.dev", "roc": 0.16280910083634534, "roc@5": 0.0020274478243930737}
{"loss": 0.4449457097165806, "mrr": 0.8455284552845529, "map": 0.9693175262524515, "p@1": 0.6916376306620209, "p@5": 0.8993031358884931, "mode": "android.test", "roc": 0.15646248998557927, "roc@5": 0.0016290836582456513}
Epoch 8
question retrieval loss 0.01865747570991516

{"loss": 0.1554805134643115, "mrr": 0.6358486370162194, "map": 0.4529332791661385, "p@1": 0.47802197802197804, "p@5": 0.40439560439560435, "mode": "dev", "roc": 0.6504400567404052, "roc@5": 0.07450049290355944}
{"loss": 0.15939524221135168, "mrr": 0.6627818276009985, "map": 0.46132177192050555, "p@1": 0.5027932960893855, "p@5": 0.3877094972067039, "mode": "test", "roc": 0.6425920306545567, "roc@5": 0.06323147967311706}
{"loss": 0.4379380991560403, "mrr": 0.8606986899563319, "map": 0.9703900115728991, "p@1": 0.7213973799126637, "p@5": 0.9020087336244443, "mode": "android.dev", "roc": 0.17017289968121624, "roc@5": 0.0022046131227445548}
{"loss": 0.4459377490941318, "mrr": 0.8469802555168409, "map": 0.9695169459190047, "p@1": 0.6942508710801394, "p@5": 0.9026132404181102, "mode": "android.test", "roc": 0.15769977745731634, "roc@5": 0.001723797824422724}

{"loss": 0.15661375224078586, "mrr": 0.6298482675300711, "map": 0.4404693028380362, "p@1": 0.4725274725274725, "p@5": 0.39780219780219783, "mode": "dev", "roc": 0.6546170485727654, "roc@5": 0.07714561234329796}
{"loss": 0.15977778392401654, "mrr": 0.6782901864054467, "map": 0.4768717725434992, "p@1": 0.547486033519553, "p@5": 0.38882681564245825, "mode": "test", "roc": 0.6396725682714361, "roc@5": 0.06968778902072315}
{"loss": 0.43778976454810287, "mrr": 0.8615720524017467, "map": 0.9701519770483092, "p@1": 0.7231441048034934, "p@5": 0.9007860262008637, "mode": "android.dev", "roc": 0.16761272604216138, "roc@5": 0.0020701039957457578}
{"loss": 0.4423457883202669, "mrr": 0.8427700348432056, "map": 0.9694896204663612, "p@1": 0.6855400696864111, "p@5": 0.9010452961672392, "mode": "android.test", "roc": 0.1598965692819883, "roc@5": 0.0016644056330004096}
question retrieval loss 0.024350320920348167

{"loss": 0.1546663052381968, "mrr": 0.6345149302324479, "map": 0.4495279058436243, "p@1": 0.489010989010989, "p@5": 0.4021978021978022, "mode": "dev", "roc": 0.6617955470859044, "roc@5": 0.0778717235620497}
{"loss": 0.15779850222222383, "mrr": 0.6608402586828049, "map": 0.46703743277747567, "p@1": 0.5139664804469274, "p@5": 0.3843575418994413, "mode": "test", "roc": 0.6524673593210545, "roc@5": 0.07014780106174008}
{"loss": 0.44650528632820174, "mrr": 0.8574963609898107, "map": 0.9699657465668758, "p@1": 0.7152838427947599, "p@5": 0.9002620087336145, "mode": "android.dev", "roc": 0.16524069455621943, "roc@5": 0.0020759336724972912}
{"loss": 0.45384101107479674, "mrr": 0.8421893147502904, "map": 0.9692635759403664, "p@1": 0.6846689895470384, "p@5": 0.9003484320557403, "mode": "android.test", "roc": 0.15396682867774042, "roc@5": 0.0016397657070626147}
question retrieval loss 0.0053160302340984344

{"loss": 0.1556466816781232, "mrr": 0.6345288487458817, "map": 0.4494652898728471, "p@1": 0.4835164835164835, "p@5": 0.40439560439560435, "mode": "dev", "roc": 0.6517248290397067, "roc@5": 0.06967703980756569}
{"loss": 0.1595747517655973, "mrr": 0.6700273908521481, "map": 0.46940148272577364, "p@1": 0.5307262569832403, "p@5": 0.38435754189944127, "mode": "test", "roc": 0.6369524444394229, "roc@5": 0.06938918471339636}
{"loss": 0.4445840084006172, "mrr": 0.8541484716157205, "map": 0.9699467766580676, "p@1": 0.7082969432314411, "p@5": 0.9004366812226975, "mode": "android.dev", "roc": 0.16510501949387033, "roc@5": 0.0018012279289860063}
{"loss": 0.4502704732249027, "mrr": 0.8436411149825785, "map": 0.9692956326742564, "p@1": 0.6881533101045296, "p@5": 0.8987804878048691, "mode": "android.test", "roc": 0.1569789741672453, "roc@5": 0.0014014848047855574}

{"loss": 0.15532098646828352, "mrr": 0.6346504098322134, "map": 0.44860978272844904, "p@1": 0.4835164835164835, "p@5": 0.4032967032967033, "mode": "dev", "roc": 0.6603629592884999, "roc@5": 0.07307049836050754}
{"loss": 0.15945996971561588, "mrr": 0.6723774673495342, "map": 0.47768183969447686, "p@1": 0.5363128491620112, "p@5": 0.3843575418994413, "mode": "test", "roc": 0.6449643208204678, "roc@5": 0.06649998628034264}
{"loss": 0.44574724645984226, "mrr": 0.8550218340611354, "map": 0.9700051121257137, "p@1": 0.7100436681222707, "p@5": 0.8995633187772827, "mode": "android.dev", "roc": 0.16550659890970829, "roc@5": 0.001969719805829108}
{"loss": 0.4529349378347462, "mrr": 0.8407375145180024, "map": 0.969244258067667, "p@1": 0.6820557491289199, "p@5": 0.8999999999999914, "mode": "android.test", "roc": 0.1533306770638609, "roc@5": 0.001575958268795955}

{"loss": 0.15665228792803956, "mrr": 0.6218114836933518, "map": 0.44271589614877627, "p@1": 0.46153846153846156, "p@5": 0.40659340659340676, "mode": "dev", "roc": 0.6542273194900476, "roc@5": 0.07040315102631745}
{"loss": 0.1603684107806825, "mrr": 0.6663459233438652, "map": 0.46480346454021987, "p@1": 0.5251396648044693, "p@5": 0.3854748603351955, "mode": "test", "roc": 0.6385088185115302, "roc@5": 0.06575751070536794}
{"loss": 0.4484861493370939, "mrr": 0.8593886462882097, "map": 0.9699594828836479, "p@1": 0.7187772925764192, "p@5": 0.898515283842785, "mode": "android.dev", "roc": 0.16047488404630758, "roc@5": 0.0018359216150195222}
{"loss": 0.45355218915164935, "mrr": 0.8433507549361209, "map": 0.9692661705616739, "p@1": 0.6872822299651568, "p@5": 0.899651567944242, "mode": "android.test", "roc": 0.15431078352828076, "roc@5": 0.0014764015738218588}
Epoch 9
question retrieval loss 1.358017289021518e-05

{"loss": 0.15642968219561645, "mrr": 0.6280004336323016, "map": 0.44380110468013995, "p@1": 0.4725274725274725, "p@5": 0.39560439560439575, "mode": "dev", "roc": 0.6526621052557486, "roc@5": 0.07270744275113167}
{"loss": 0.15930411491709548, "mrr": 0.6682061828856888, "map": 0.4648197357513098, "p@1": 0.5139664804469274, "p@5": 0.38659217877094976, "mode": "test", "roc": 0.642554906875808, "roc@5": 0.0658301441855285}
{"loss": 0.4408133874391104, "mrr": 0.8601164483260554, "map": 0.9705063730019892, "p@1": 0.7205240174672489, "p@5": 0.9021834061135274, "mode": "android.dev", "roc": 0.1720828155348089, "roc@5": 0.002009247857949262}
{"loss": 0.4500961466246197, "mrr": 0.8456736353077817, "map": 0.969508780059164, "p@1": 0.6916376306620209, "p@5": 0.9006968641114897, "mode": "android.test", "roc": 0.1574068471932917, "roc@5": 0.0016179743274760097}
question retrieval loss 0.004625981207937002

{"loss": 0.15635674513344253, "mrr": 0.6325837265155301, "map": 0.4433583303219617, "p@1": 0.47802197802197804, "p@5": 0.4043956043956045, "mode": "dev", "roc": 0.6567338850543711, "roc@5": 0.07805695601581292}
{"loss": 0.15923807627453818, "mrr": 0.6779978964483521, "map": 0.4756399837387864, "p@1": 0.5418994413407822, "p@5": 0.375418994413408, "mode": "test", "roc": 0.6426848401014286, "roc@5": 0.07078536160981617}
{"loss": 0.44021922023600885, "mrr": 0.8624454148471615, "map": 0.9701693688171453, "p@1": 0.7248908296943232, "p@5": 0.9011353711790298, "mode": "android.dev", "roc": 0.16750329163455607, "roc@5": 0.0020742274256431836}
{"loss": 0.445049384419842, "mrr": 0.8427700348432056, "map": 0.969421453617978, "p@1": 0.6855400696864111, "p@5": 0.9013937282229881, "mode": "android.test", "roc": 0.15865926044615358, "roc@5": 0.0016802150652495144}

{"loss": 0.1546388944600719, "mrr": 0.6294136822740571, "map": 0.4422245531305247, "p@1": 0.47802197802197804, "p@5": 0.39670329670329696, "mode": "dev", "roc": 0.6597976298396147, "roc@5": 0.07768649110828652}
{"loss": 0.15663393526259997, "mrr": 0.667503358153167, "map": 0.468785691413532, "p@1": 0.5251396648044693, "p@5": 0.3832402234636872, "mode": "test", "roc": 0.6485221507903329, "roc@5": 0.07210083463939092}
{"loss": 0.43846024752932083, "mrr": 0.8606986899563319, "map": 0.970225552778361, "p@1": 0.7213973799126637, "p@5": 0.9023580786026106, "mode": "android.dev", "roc": 0.1672726497160521, "roc@5": 0.002212006859112353}
{"loss": 0.44591327360993455, "mrr": 0.8426248548199768, "map": 0.9692971551711127, "p@1": 0.6855400696864111, "p@5": 0.901219512195113, "mode": "android.test", "roc": 0.15516851644145355, "roc@5": 0.0017693745660417666}
question retrieval loss 0.004836995154619217

{"loss": 0.1558797080120952, "mrr": 0.6315754475539543, "map": 0.45127590383933563, "p@1": 0.4725274725274725, "p@5": 0.40549450549450555, "mode": "dev", "roc": 0.6526402478262046, "roc@5": 0.07042537892076903}
{"loss": 0.16023845642846724, "mrr": 0.6616393791121811, "map": 0.4677796697799289, "p@1": 0.5139664804469274, "p@5": 0.3821229050279329, "mode": "test", "roc": 0.6378793283501385, "roc@5": 0.06959094438050904}
{"loss": 0.4497984973477875, "mrr": 0.8537117903930131, "map": 0.969937406119147, "p@1": 0.7074235807860262, "p@5": 0.8995633187772827, "mode": "android.dev", "roc": 0.16406802664020087, "roc@5": 0.0017369592974812952}
{"loss": 0.4568658184717679, "mrr": 0.8436411149825785, "map": 0.9692002583743773, "p@1": 0.6881533101045296, "p@5": 0.8991289198606182, "mode": "android.test", "roc": 0.15368694475600422, "roc@5": 0.0014148729726361517}
question retrieval loss 0.005760943051427603

{"loss": 0.1555161677853583, "mrr": 0.6331537738817957, "map": 0.44661042897934755, "p@1": 0.4835164835164835, "p@5": 0.40329670329670325, "mode": "dev", "roc": 0.65959165135103, "roc@5": 0.07121817382287554}
{"loss": 0.160264743233162, "mrr": 0.6727966012882213, "map": 0.4730046504169866, "p@1": 0.5307262569832403, "p@5": 0.37988826815642457, "mode": "test", "roc": 0.6425775039585246, "roc@5": 0.06836424560446389}
{"loss": 0.45378084874846136, "mrr": 0.8576419213973799, "map": 0.9703565716917852, "p@1": 0.7152838427947599, "p@5": 0.9013100436681123, "mode": "android.dev", "roc": 0.16909243307957655, "roc@5": 0.001802791988602271}
{"loss": 0.4625884023939587, "mrr": 0.8437862950058073, "map": 0.969342223951005, "p@1": 0.6881533101045296, "p@5": 0.8993031358884928, "mode": "android.test", "roc": 0.15505155512827362, "roc@5": 0.0014530434937420997}
question retrieval loss 0.002785033779218793

{"loss": 0.1573349891005309, "mrr": 0.6241404397512996, "map": 0.44551192186433175, "p@1": 0.46153846153846156, "p@5": 0.4054945054945055, "mode": "dev", "roc": 0.6540235637909081, "roc@5": 0.07095884838760705}
{"loss": 0.16063934160843907, "mrr": 0.6702088977375658, "map": 0.46560407156067535, "p@1": 0.5251396648044693, "p@5": 0.37653631284916195, "mode": "test", "roc": 0.6365779784972617, "roc@5": 0.06566873645183835}
{"loss": 0.4446082756378765, "mrr": 0.8615720524017467, "map": 0.9701385212533502, "p@1": 0.7231441048034934, "p@5": 0.9002620087336147, "mode": "android.dev", "roc": 0.164086994417729, "roc@5": 0.0019532260862394034}
{"loss": 0.4496644476034357, "mrr": 0.8462543554006969, "map": 0.9694683603023027, "p@1": 0.6933797909407665, "p@5": 0.900174216027866, "mode": "android.test", "roc": 0.15678013138920047, "roc@5": 0.0015761006961135143}
question retrieval loss 0.006934414617717266
